00:00:49.890 logback [AsyncResolver-bootstrap-executor-0] INFO  c.n.d.s.r.aws.ConfigClusterResolver - Resolving eureka endpoints via configuration
00:05:49.950 logback [AsyncResolver-bootstrap-executor-0] INFO  c.n.d.s.r.aws.ConfigClusterResolver - Resolving eureka endpoints via configuration
00:10:49.950 logback [AsyncResolver-bootstrap-executor-0] INFO  c.n.d.s.r.aws.ConfigClusterResolver - Resolving eureka endpoints via configuration
00:15:49.952 logback [AsyncResolver-bootstrap-executor-0] INFO  c.n.d.s.r.aws.ConfigClusterResolver - Resolving eureka endpoints via configuration
00:20:49.953 logback [AsyncResolver-bootstrap-executor-0] INFO  c.n.d.s.r.aws.ConfigClusterResolver - Resolving eureka endpoints via configuration
00:25:49.954 logback [AsyncResolver-bootstrap-executor-0] INFO  c.n.d.s.r.aws.ConfigClusterResolver - Resolving eureka endpoints via configuration
00:30:49.956 logback [AsyncResolver-bootstrap-executor-0] INFO  c.n.d.s.r.aws.ConfigClusterResolver - Resolving eureka endpoints via configuration
00:35:49.958 logback [AsyncResolver-bootstrap-executor-0] INFO  c.n.d.s.r.aws.ConfigClusterResolver - Resolving eureka endpoints via configuration
00:40:49.959 logback [AsyncResolver-bootstrap-executor-0] INFO  c.n.d.s.r.aws.ConfigClusterResolver - Resolving eureka endpoints via configuration
00:45:49.960 logback [AsyncResolver-bootstrap-executor-0] INFO  c.n.d.s.r.aws.ConfigClusterResolver - Resolving eureka endpoints via configuration
00:50:49.961 logback [AsyncResolver-bootstrap-executor-0] INFO  c.n.d.s.r.aws.ConfigClusterResolver - Resolving eureka endpoints via configuration
00:55:49.963 logback [AsyncResolver-bootstrap-executor-0] INFO  c.n.d.s.r.aws.ConfigClusterResolver - Resolving eureka endpoints via configuration
01:00:49.963 logback [AsyncResolver-bootstrap-executor-0] INFO  c.n.d.s.r.aws.ConfigClusterResolver - Resolving eureka endpoints via configuration
01:05:49.965 logback [AsyncResolver-bootstrap-executor-0] INFO  c.n.d.s.r.aws.ConfigClusterResolver - Resolving eureka endpoints via configuration
01:10:49.967 logback [AsyncResolver-bootstrap-executor-0] INFO  c.n.d.s.r.aws.ConfigClusterResolver - Resolving eureka endpoints via configuration
01:15:49.968 logback [AsyncResolver-bootstrap-executor-0] INFO  c.n.d.s.r.aws.ConfigClusterResolver - Resolving eureka endpoints via configuration
01:20:49.970 logback [AsyncResolver-bootstrap-executor-0] INFO  c.n.d.s.r.aws.ConfigClusterResolver - Resolving eureka endpoints via configuration
01:25:49.972 logback [AsyncResolver-bootstrap-executor-0] INFO  c.n.d.s.r.aws.ConfigClusterResolver - Resolving eureka endpoints via configuration
01:30:49.973 logback [AsyncResolver-bootstrap-executor-0] INFO  c.n.d.s.r.aws.ConfigClusterResolver - Resolving eureka endpoints via configuration
01:35:49.973 logback [AsyncResolver-bootstrap-executor-0] INFO  c.n.d.s.r.aws.ConfigClusterResolver - Resolving eureka endpoints via configuration
01:40:49.975 logback [AsyncResolver-bootstrap-executor-0] INFO  c.n.d.s.r.aws.ConfigClusterResolver - Resolving eureka endpoints via configuration
01:45:49.976 logback [AsyncResolver-bootstrap-executor-0] INFO  c.n.d.s.r.aws.ConfigClusterResolver - Resolving eureka endpoints via configuration
01:50:49.977 logback [AsyncResolver-bootstrap-executor-0] INFO  c.n.d.s.r.aws.ConfigClusterResolver - Resolving eureka endpoints via configuration
01:55:49.978 logback [AsyncResolver-bootstrap-executor-0] INFO  c.n.d.s.r.aws.ConfigClusterResolver - Resolving eureka endpoints via configuration
02:00:49.979 logback [AsyncResolver-bootstrap-executor-0] INFO  c.n.d.s.r.aws.ConfigClusterResolver - Resolving eureka endpoints via configuration
02:05:49.981 logback [AsyncResolver-bootstrap-executor-0] INFO  c.n.d.s.r.aws.ConfigClusterResolver - Resolving eureka endpoints via configuration
02:10:49.983 logback [AsyncResolver-bootstrap-executor-0] INFO  c.n.d.s.r.aws.ConfigClusterResolver - Resolving eureka endpoints via configuration
02:15:49.985 logback [AsyncResolver-bootstrap-executor-0] INFO  c.n.d.s.r.aws.ConfigClusterResolver - Resolving eureka endpoints via configuration
02:20:49.986 logback [AsyncResolver-bootstrap-executor-0] INFO  c.n.d.s.r.aws.ConfigClusterResolver - Resolving eureka endpoints via configuration
02:25:49.987 logback [AsyncResolver-bootstrap-executor-0] INFO  c.n.d.s.r.aws.ConfigClusterResolver - Resolving eureka endpoints via configuration
02:30:49.988 logback [AsyncResolver-bootstrap-executor-0] INFO  c.n.d.s.r.aws.ConfigClusterResolver - Resolving eureka endpoints via configuration
02:35:49.989 logback [AsyncResolver-bootstrap-executor-0] INFO  c.n.d.s.r.aws.ConfigClusterResolver - Resolving eureka endpoints via configuration
02:40:49.989 logback [AsyncResolver-bootstrap-executor-0] INFO  c.n.d.s.r.aws.ConfigClusterResolver - Resolving eureka endpoints via configuration
02:45:49.990 logback [AsyncResolver-bootstrap-executor-0] INFO  c.n.d.s.r.aws.ConfigClusterResolver - Resolving eureka endpoints via configuration
02:50:49.992 logback [AsyncResolver-bootstrap-executor-0] INFO  c.n.d.s.r.aws.ConfigClusterResolver - Resolving eureka endpoints via configuration
02:55:49.994 logback [AsyncResolver-bootstrap-executor-0] INFO  c.n.d.s.r.aws.ConfigClusterResolver - Resolving eureka endpoints via configuration
03:00:49.994 logback [AsyncResolver-bootstrap-executor-0] INFO  c.n.d.s.r.aws.ConfigClusterResolver - Resolving eureka endpoints via configuration
03:05:49.996 logback [AsyncResolver-bootstrap-executor-0] INFO  c.n.d.s.r.aws.ConfigClusterResolver - Resolving eureka endpoints via configuration
03:10:49.998 logback [AsyncResolver-bootstrap-executor-0] INFO  c.n.d.s.r.aws.ConfigClusterResolver - Resolving eureka endpoints via configuration
03:15:49.999 logback [AsyncResolver-bootstrap-executor-0] INFO  c.n.d.s.r.aws.ConfigClusterResolver - Resolving eureka endpoints via configuration
03:20:50.001 logback [AsyncResolver-bootstrap-executor-0] INFO  c.n.d.s.r.aws.ConfigClusterResolver - Resolving eureka endpoints via configuration
03:25:50.002 logback [AsyncResolver-bootstrap-executor-0] INFO  c.n.d.s.r.aws.ConfigClusterResolver - Resolving eureka endpoints via configuration
03:30:50.003 logback [AsyncResolver-bootstrap-executor-0] INFO  c.n.d.s.r.aws.ConfigClusterResolver - Resolving eureka endpoints via configuration
03:35:50.005 logback [AsyncResolver-bootstrap-executor-0] INFO  c.n.d.s.r.aws.ConfigClusterResolver - Resolving eureka endpoints via configuration
03:40:50.006 logback [AsyncResolver-bootstrap-executor-0] INFO  c.n.d.s.r.aws.ConfigClusterResolver - Resolving eureka endpoints via configuration
03:45:50.007 logback [AsyncResolver-bootstrap-executor-0] INFO  c.n.d.s.r.aws.ConfigClusterResolver - Resolving eureka endpoints via configuration
03:50:50.007 logback [AsyncResolver-bootstrap-executor-0] INFO  c.n.d.s.r.aws.ConfigClusterResolver - Resolving eureka endpoints via configuration
03:55:50.008 logback [AsyncResolver-bootstrap-executor-0] INFO  c.n.d.s.r.aws.ConfigClusterResolver - Resolving eureka endpoints via configuration
04:00:50.009 logback [AsyncResolver-bootstrap-executor-0] INFO  c.n.d.s.r.aws.ConfigClusterResolver - Resolving eureka endpoints via configuration
04:05:50.010 logback [AsyncResolver-bootstrap-executor-0] INFO  c.n.d.s.r.aws.ConfigClusterResolver - Resolving eureka endpoints via configuration
04:10:50.011 logback [AsyncResolver-bootstrap-executor-0] INFO  c.n.d.s.r.aws.ConfigClusterResolver - Resolving eureka endpoints via configuration
04:15:50.013 logback [AsyncResolver-bootstrap-executor-0] INFO  c.n.d.s.r.aws.ConfigClusterResolver - Resolving eureka endpoints via configuration
04:20:50.014 logback [AsyncResolver-bootstrap-executor-0] INFO  c.n.d.s.r.aws.ConfigClusterResolver - Resolving eureka endpoints via configuration
04:25:50.017 logback [AsyncResolver-bootstrap-executor-0] INFO  c.n.d.s.r.aws.ConfigClusterResolver - Resolving eureka endpoints via configuration
04:30:50.021 logback [AsyncResolver-bootstrap-executor-0] INFO  c.n.d.s.r.aws.ConfigClusterResolver - Resolving eureka endpoints via configuration
04:35:50.021 logback [AsyncResolver-bootstrap-executor-0] INFO  c.n.d.s.r.aws.ConfigClusterResolver - Resolving eureka endpoints via configuration
04:40:50.022 logback [AsyncResolver-bootstrap-executor-0] INFO  c.n.d.s.r.aws.ConfigClusterResolver - Resolving eureka endpoints via configuration
04:45:50.025 logback [AsyncResolver-bootstrap-executor-0] INFO  c.n.d.s.r.aws.ConfigClusterResolver - Resolving eureka endpoints via configuration
04:50:50.027 logback [AsyncResolver-bootstrap-executor-0] INFO  c.n.d.s.r.aws.ConfigClusterResolver - Resolving eureka endpoints via configuration
04:55:50.028 logback [AsyncResolver-bootstrap-executor-0] INFO  c.n.d.s.r.aws.ConfigClusterResolver - Resolving eureka endpoints via configuration
05:00:50.030 logback [AsyncResolver-bootstrap-executor-0] INFO  c.n.d.s.r.aws.ConfigClusterResolver - Resolving eureka endpoints via configuration
05:05:50.031 logback [AsyncResolver-bootstrap-executor-0] INFO  c.n.d.s.r.aws.ConfigClusterResolver - Resolving eureka endpoints via configuration
05:10:50.033 logback [AsyncResolver-bootstrap-executor-0] INFO  c.n.d.s.r.aws.ConfigClusterResolver - Resolving eureka endpoints via configuration
05:15:50.034 logback [AsyncResolver-bootstrap-executor-0] INFO  c.n.d.s.r.aws.ConfigClusterResolver - Resolving eureka endpoints via configuration
05:20:50.036 logback [AsyncResolver-bootstrap-executor-0] INFO  c.n.d.s.r.aws.ConfigClusterResolver - Resolving eureka endpoints via configuration
05:25:50.036 logback [AsyncResolver-bootstrap-executor-0] INFO  c.n.d.s.r.aws.ConfigClusterResolver - Resolving eureka endpoints via configuration
05:30:50.037 logback [AsyncResolver-bootstrap-executor-0] INFO  c.n.d.s.r.aws.ConfigClusterResolver - Resolving eureka endpoints via configuration
05:35:50.039 logback [AsyncResolver-bootstrap-executor-0] INFO  c.n.d.s.r.aws.ConfigClusterResolver - Resolving eureka endpoints via configuration
05:40:50.040 logback [AsyncResolver-bootstrap-executor-0] INFO  c.n.d.s.r.aws.ConfigClusterResolver - Resolving eureka endpoints via configuration
05:45:50.041 logback [AsyncResolver-bootstrap-executor-0] INFO  c.n.d.s.r.aws.ConfigClusterResolver - Resolving eureka endpoints via configuration
05:50:50.044 logback [AsyncResolver-bootstrap-executor-0] INFO  c.n.d.s.r.aws.ConfigClusterResolver - Resolving eureka endpoints via configuration
05:55:50.045 logback [AsyncResolver-bootstrap-executor-0] INFO  c.n.d.s.r.aws.ConfigClusterResolver - Resolving eureka endpoints via configuration
06:00:50.047 logback [AsyncResolver-bootstrap-executor-0] INFO  c.n.d.s.r.aws.ConfigClusterResolver - Resolving eureka endpoints via configuration
06:05:50.049 logback [AsyncResolver-bootstrap-executor-0] INFO  c.n.d.s.r.aws.ConfigClusterResolver - Resolving eureka endpoints via configuration
06:10:50.050 logback [AsyncResolver-bootstrap-executor-0] INFO  c.n.d.s.r.aws.ConfigClusterResolver - Resolving eureka endpoints via configuration
06:15:50.051 logback [AsyncResolver-bootstrap-executor-0] INFO  c.n.d.s.r.aws.ConfigClusterResolver - Resolving eureka endpoints via configuration
06:20:50.052 logback [AsyncResolver-bootstrap-executor-0] INFO  c.n.d.s.r.aws.ConfigClusterResolver - Resolving eureka endpoints via configuration
06:25:50.053 logback [AsyncResolver-bootstrap-executor-0] INFO  c.n.d.s.r.aws.ConfigClusterResolver - Resolving eureka endpoints via configuration
06:30:50.055 logback [AsyncResolver-bootstrap-executor-0] INFO  c.n.d.s.r.aws.ConfigClusterResolver - Resolving eureka endpoints via configuration
06:35:50.056 logback [AsyncResolver-bootstrap-executor-0] INFO  c.n.d.s.r.aws.ConfigClusterResolver - Resolving eureka endpoints via configuration
06:40:50.056 logback [AsyncResolver-bootstrap-executor-0] INFO  c.n.d.s.r.aws.ConfigClusterResolver - Resolving eureka endpoints via configuration
06:45:50.057 logback [AsyncResolver-bootstrap-executor-0] INFO  c.n.d.s.r.aws.ConfigClusterResolver - Resolving eureka endpoints via configuration
06:50:50.057 logback [AsyncResolver-bootstrap-executor-0] INFO  c.n.d.s.r.aws.ConfigClusterResolver - Resolving eureka endpoints via configuration
06:55:50.059 logback [AsyncResolver-bootstrap-executor-0] INFO  c.n.d.s.r.aws.ConfigClusterResolver - Resolving eureka endpoints via configuration
07:00:50.061 logback [AsyncResolver-bootstrap-executor-0] INFO  c.n.d.s.r.aws.ConfigClusterResolver - Resolving eureka endpoints via configuration
07:05:50.062 logback [AsyncResolver-bootstrap-executor-0] INFO  c.n.d.s.r.aws.ConfigClusterResolver - Resolving eureka endpoints via configuration
07:10:50.064 logback [AsyncResolver-bootstrap-executor-0] INFO  c.n.d.s.r.aws.ConfigClusterResolver - Resolving eureka endpoints via configuration
07:15:50.066 logback [AsyncResolver-bootstrap-executor-0] INFO  c.n.d.s.r.aws.ConfigClusterResolver - Resolving eureka endpoints via configuration
07:20:50.067 logback [AsyncResolver-bootstrap-executor-0] INFO  c.n.d.s.r.aws.ConfigClusterResolver - Resolving eureka endpoints via configuration
07:25:50.068 logback [AsyncResolver-bootstrap-executor-0] INFO  c.n.d.s.r.aws.ConfigClusterResolver - Resolving eureka endpoints via configuration
07:30:50.069 logback [AsyncResolver-bootstrap-executor-0] INFO  c.n.d.s.r.aws.ConfigClusterResolver - Resolving eureka endpoints via configuration
07:35:50.069 logback [AsyncResolver-bootstrap-executor-0] INFO  c.n.d.s.r.aws.ConfigClusterResolver - Resolving eureka endpoints via configuration
07:40:50.071 logback [AsyncResolver-bootstrap-executor-0] INFO  c.n.d.s.r.aws.ConfigClusterResolver - Resolving eureka endpoints via configuration
07:45:50.071 logback [AsyncResolver-bootstrap-executor-0] INFO  c.n.d.s.r.aws.ConfigClusterResolver - Resolving eureka endpoints via configuration
07:50:50.072 logback [AsyncResolver-bootstrap-executor-0] INFO  c.n.d.s.r.aws.ConfigClusterResolver - Resolving eureka endpoints via configuration
07:55:50.073 logback [AsyncResolver-bootstrap-executor-0] INFO  c.n.d.s.r.aws.ConfigClusterResolver - Resolving eureka endpoints via configuration
08:00:50.075 logback [AsyncResolver-bootstrap-executor-0] INFO  c.n.d.s.r.aws.ConfigClusterResolver - Resolving eureka endpoints via configuration
08:05:50.077 logback [AsyncResolver-bootstrap-executor-0] INFO  c.n.d.s.r.aws.ConfigClusterResolver - Resolving eureka endpoints via configuration
08:10:50.079 logback [AsyncResolver-bootstrap-executor-0] INFO  c.n.d.s.r.aws.ConfigClusterResolver - Resolving eureka endpoints via configuration
08:15:50.080 logback [AsyncResolver-bootstrap-executor-0] INFO  c.n.d.s.r.aws.ConfigClusterResolver - Resolving eureka endpoints via configuration
08:20:50.081 logback [AsyncResolver-bootstrap-executor-0] INFO  c.n.d.s.r.aws.ConfigClusterResolver - Resolving eureka endpoints via configuration
08:25:50.083 logback [AsyncResolver-bootstrap-executor-0] INFO  c.n.d.s.r.aws.ConfigClusterResolver - Resolving eureka endpoints via configuration
08:30:50.083 logback [AsyncResolver-bootstrap-executor-0] INFO  c.n.d.s.r.aws.ConfigClusterResolver - Resolving eureka endpoints via configuration
08:35:50.084 logback [AsyncResolver-bootstrap-executor-0] INFO  c.n.d.s.r.aws.ConfigClusterResolver - Resolving eureka endpoints via configuration
08:40:50.086 logback [AsyncResolver-bootstrap-executor-0] INFO  c.n.d.s.r.aws.ConfigClusterResolver - Resolving eureka endpoints via configuration
08:45:50.086 logback [AsyncResolver-bootstrap-executor-0] INFO  c.n.d.s.r.aws.ConfigClusterResolver - Resolving eureka endpoints via configuration
08:50:50.087 logback [AsyncResolver-bootstrap-executor-0] INFO  c.n.d.s.r.aws.ConfigClusterResolver - Resolving eureka endpoints via configuration
08:55:50.089 logback [AsyncResolver-bootstrap-executor-0] INFO  c.n.d.s.r.aws.ConfigClusterResolver - Resolving eureka endpoints via configuration
09:00:50.090 logback [AsyncResolver-bootstrap-executor-0] INFO  c.n.d.s.r.aws.ConfigClusterResolver - Resolving eureka endpoints via configuration
09:05:50.091 logback [AsyncResolver-bootstrap-executor-0] INFO  c.n.d.s.r.aws.ConfigClusterResolver - Resolving eureka endpoints via configuration
09:10:50.093 logback [AsyncResolver-bootstrap-executor-0] INFO  c.n.d.s.r.aws.ConfigClusterResolver - Resolving eureka endpoints via configuration
09:15:50.094 logback [AsyncResolver-bootstrap-executor-0] INFO  c.n.d.s.r.aws.ConfigClusterResolver - Resolving eureka endpoints via configuration
09:20:50.095 logback [AsyncResolver-bootstrap-executor-0] INFO  c.n.d.s.r.aws.ConfigClusterResolver - Resolving eureka endpoints via configuration
09:25:50.097 logback [AsyncResolver-bootstrap-executor-0] INFO  c.n.d.s.r.aws.ConfigClusterResolver - Resolving eureka endpoints via configuration
09:30:50.097 logback [AsyncResolver-bootstrap-executor-0] INFO  c.n.d.s.r.aws.ConfigClusterResolver - Resolving eureka endpoints via configuration
09:35:50.098 logback [AsyncResolver-bootstrap-executor-0] INFO  c.n.d.s.r.aws.ConfigClusterResolver - Resolving eureka endpoints via configuration
09:40:50.099 logback [AsyncResolver-bootstrap-executor-0] INFO  c.n.d.s.r.aws.ConfigClusterResolver - Resolving eureka endpoints via configuration
09:45:50.100 logback [AsyncResolver-bootstrap-executor-0] INFO  c.n.d.s.r.aws.ConfigClusterResolver - Resolving eureka endpoints via configuration
09:50:50.101 logback [AsyncResolver-bootstrap-executor-0] INFO  c.n.d.s.r.aws.ConfigClusterResolver - Resolving eureka endpoints via configuration
09:55:50.103 logback [AsyncResolver-bootstrap-executor-0] INFO  c.n.d.s.r.aws.ConfigClusterResolver - Resolving eureka endpoints via configuration
10:00:50.104 logback [AsyncResolver-bootstrap-executor-0] INFO  c.n.d.s.r.aws.ConfigClusterResolver - Resolving eureka endpoints via configuration
10:05:50.105 logback [AsyncResolver-bootstrap-executor-0] INFO  c.n.d.s.r.aws.ConfigClusterResolver - Resolving eureka endpoints via configuration
10:10:50.106 logback [AsyncResolver-bootstrap-executor-0] INFO  c.n.d.s.r.aws.ConfigClusterResolver - Resolving eureka endpoints via configuration
10:15:50.106 logback [AsyncResolver-bootstrap-executor-0] INFO  c.n.d.s.r.aws.ConfigClusterResolver - Resolving eureka endpoints via configuration
10:20:50.107 logback [AsyncResolver-bootstrap-executor-0] INFO  c.n.d.s.r.aws.ConfigClusterResolver - Resolving eureka endpoints via configuration
10:25:50.116 logback [AsyncResolver-bootstrap-executor-0] INFO  c.n.d.s.r.aws.ConfigClusterResolver - Resolving eureka endpoints via configuration
10:30:50.117 logback [AsyncResolver-bootstrap-executor-0] INFO  c.n.d.s.r.aws.ConfigClusterResolver - Resolving eureka endpoints via configuration
10:35:50.118 logback [AsyncResolver-bootstrap-executor-0] INFO  c.n.d.s.r.aws.ConfigClusterResolver - Resolving eureka endpoints via configuration
10:40:50.118 logback [AsyncResolver-bootstrap-executor-0] INFO  c.n.d.s.r.aws.ConfigClusterResolver - Resolving eureka endpoints via configuration
10:45:50.120 logback [AsyncResolver-bootstrap-executor-0] INFO  c.n.d.s.r.aws.ConfigClusterResolver - Resolving eureka endpoints via configuration
10:50:50.122 logback [AsyncResolver-bootstrap-executor-0] INFO  c.n.d.s.r.aws.ConfigClusterResolver - Resolving eureka endpoints via configuration
10:55:50.125 logback [AsyncResolver-bootstrap-executor-0] INFO  c.n.d.s.r.aws.ConfigClusterResolver - Resolving eureka endpoints via configuration
11:00:50.127 logback [AsyncResolver-bootstrap-executor-0] INFO  c.n.d.s.r.aws.ConfigClusterResolver - Resolving eureka endpoints via configuration
11:05:50.129 logback [AsyncResolver-bootstrap-executor-0] INFO  c.n.d.s.r.aws.ConfigClusterResolver - Resolving eureka endpoints via configuration
11:10:50.131 logback [AsyncResolver-bootstrap-executor-0] INFO  c.n.d.s.r.aws.ConfigClusterResolver - Resolving eureka endpoints via configuration
11:15:50.132 logback [AsyncResolver-bootstrap-executor-0] INFO  c.n.d.s.r.aws.ConfigClusterResolver - Resolving eureka endpoints via configuration
11:20:50.135 logback [AsyncResolver-bootstrap-executor-0] INFO  c.n.d.s.r.aws.ConfigClusterResolver - Resolving eureka endpoints via configuration
11:25:50.137 logback [AsyncResolver-bootstrap-executor-0] INFO  c.n.d.s.r.aws.ConfigClusterResolver - Resolving eureka endpoints via configuration
11:30:50.138 logback [AsyncResolver-bootstrap-executor-0] INFO  c.n.d.s.r.aws.ConfigClusterResolver - Resolving eureka endpoints via configuration
11:35:50.139 logback [AsyncResolver-bootstrap-executor-0] INFO  c.n.d.s.r.aws.ConfigClusterResolver - Resolving eureka endpoints via configuration
11:40:50.140 logback [AsyncResolver-bootstrap-executor-0] INFO  c.n.d.s.r.aws.ConfigClusterResolver - Resolving eureka endpoints via configuration
11:45:50.141 logback [AsyncResolver-bootstrap-executor-0] INFO  c.n.d.s.r.aws.ConfigClusterResolver - Resolving eureka endpoints via configuration
11:50:50.143 logback [AsyncResolver-bootstrap-executor-0] INFO  c.n.d.s.r.aws.ConfigClusterResolver - Resolving eureka endpoints via configuration
11:55:50.143 logback [AsyncResolver-bootstrap-executor-0] INFO  c.n.d.s.r.aws.ConfigClusterResolver - Resolving eureka endpoints via configuration
12:00:50.145 logback [AsyncResolver-bootstrap-executor-0] INFO  c.n.d.s.r.aws.ConfigClusterResolver - Resolving eureka endpoints via configuration
12:05:50.147 logback [AsyncResolver-bootstrap-executor-0] INFO  c.n.d.s.r.aws.ConfigClusterResolver - Resolving eureka endpoints via configuration
12:10:50.147 logback [AsyncResolver-bootstrap-executor-0] INFO  c.n.d.s.r.aws.ConfigClusterResolver - Resolving eureka endpoints via configuration
12:15:50.148 logback [AsyncResolver-bootstrap-executor-0] INFO  c.n.d.s.r.aws.ConfigClusterResolver - Resolving eureka endpoints via configuration
12:20:50.149 logback [AsyncResolver-bootstrap-executor-0] INFO  c.n.d.s.r.aws.ConfigClusterResolver - Resolving eureka endpoints via configuration
12:25:50.151 logback [AsyncResolver-bootstrap-executor-0] INFO  c.n.d.s.r.aws.ConfigClusterResolver - Resolving eureka endpoints via configuration
12:30:50.152 logback [AsyncResolver-bootstrap-executor-0] INFO  c.n.d.s.r.aws.ConfigClusterResolver - Resolving eureka endpoints via configuration
12:35:50.152 logback [AsyncResolver-bootstrap-executor-0] INFO  c.n.d.s.r.aws.ConfigClusterResolver - Resolving eureka endpoints via configuration
12:40:50.153 logback [AsyncResolver-bootstrap-executor-0] INFO  c.n.d.s.r.aws.ConfigClusterResolver - Resolving eureka endpoints via configuration
12:45:50.154 logback [AsyncResolver-bootstrap-executor-0] INFO  c.n.d.s.r.aws.ConfigClusterResolver - Resolving eureka endpoints via configuration
12:50:50.156 logback [AsyncResolver-bootstrap-executor-0] INFO  c.n.d.s.r.aws.ConfigClusterResolver - Resolving eureka endpoints via configuration
12:55:50.156 logback [AsyncResolver-bootstrap-executor-0] INFO  c.n.d.s.r.aws.ConfigClusterResolver - Resolving eureka endpoints via configuration
13:00:50.158 logback [AsyncResolver-bootstrap-executor-0] INFO  c.n.d.s.r.aws.ConfigClusterResolver - Resolving eureka endpoints via configuration
13:05:50.158 logback [AsyncResolver-bootstrap-executor-0] INFO  c.n.d.s.r.aws.ConfigClusterResolver - Resolving eureka endpoints via configuration
13:10:50.159 logback [AsyncResolver-bootstrap-executor-0] INFO  c.n.d.s.r.aws.ConfigClusterResolver - Resolving eureka endpoints via configuration
13:15:50.160 logback [AsyncResolver-bootstrap-executor-0] INFO  c.n.d.s.r.aws.ConfigClusterResolver - Resolving eureka endpoints via configuration
13:20:50.161 logback [AsyncResolver-bootstrap-executor-0] INFO  c.n.d.s.r.aws.ConfigClusterResolver - Resolving eureka endpoints via configuration
13:25:50.162 logback [AsyncResolver-bootstrap-executor-0] INFO  c.n.d.s.r.aws.ConfigClusterResolver - Resolving eureka endpoints via configuration
13:30:50.163 logback [AsyncResolver-bootstrap-executor-0] INFO  c.n.d.s.r.aws.ConfigClusterResolver - Resolving eureka endpoints via configuration
13:35:50.164 logback [AsyncResolver-bootstrap-executor-0] INFO  c.n.d.s.r.aws.ConfigClusterResolver - Resolving eureka endpoints via configuration
13:40:50.165 logback [AsyncResolver-bootstrap-executor-0] INFO  c.n.d.s.r.aws.ConfigClusterResolver - Resolving eureka endpoints via configuration
13:45:50.167 logback [AsyncResolver-bootstrap-executor-0] INFO  c.n.d.s.r.aws.ConfigClusterResolver - Resolving eureka endpoints via configuration
13:50:50.169 logback [AsyncResolver-bootstrap-executor-0] INFO  c.n.d.s.r.aws.ConfigClusterResolver - Resolving eureka endpoints via configuration
13:55:50.171 logback [AsyncResolver-bootstrap-executor-0] INFO  c.n.d.s.r.aws.ConfigClusterResolver - Resolving eureka endpoints via configuration
14:00:50.173 logback [AsyncResolver-bootstrap-executor-0] INFO  c.n.d.s.r.aws.ConfigClusterResolver - Resolving eureka endpoints via configuration
14:05:50.174 logback [AsyncResolver-bootstrap-executor-0] INFO  c.n.d.s.r.aws.ConfigClusterResolver - Resolving eureka endpoints via configuration
14:10:50.175 logback [AsyncResolver-bootstrap-executor-0] INFO  c.n.d.s.r.aws.ConfigClusterResolver - Resolving eureka endpoints via configuration
14:15:50.176 logback [AsyncResolver-bootstrap-executor-0] INFO  c.n.d.s.r.aws.ConfigClusterResolver - Resolving eureka endpoints via configuration
14:20:50.178 logback [AsyncResolver-bootstrap-executor-0] INFO  c.n.d.s.r.aws.ConfigClusterResolver - Resolving eureka endpoints via configuration
14:25:50.178 logback [AsyncResolver-bootstrap-executor-0] INFO  c.n.d.s.r.aws.ConfigClusterResolver - Resolving eureka endpoints via configuration
14:30:50.179 logback [AsyncResolver-bootstrap-executor-0] INFO  c.n.d.s.r.aws.ConfigClusterResolver - Resolving eureka endpoints via configuration
14:35:50.181 logback [AsyncResolver-bootstrap-executor-0] INFO  c.n.d.s.r.aws.ConfigClusterResolver - Resolving eureka endpoints via configuration
14:40:50.182 logback [AsyncResolver-bootstrap-executor-0] INFO  c.n.d.s.r.aws.ConfigClusterResolver - Resolving eureka endpoints via configuration
14:45:50.183 logback [AsyncResolver-bootstrap-executor-0] INFO  c.n.d.s.r.aws.ConfigClusterResolver - Resolving eureka endpoints via configuration
14:50:50.184 logback [AsyncResolver-bootstrap-executor-0] INFO  c.n.d.s.r.aws.ConfigClusterResolver - Resolving eureka endpoints via configuration
14:55:50.186 logback [AsyncResolver-bootstrap-executor-0] INFO  c.n.d.s.r.aws.ConfigClusterResolver - Resolving eureka endpoints via configuration
15:00:50.188 logback [AsyncResolver-bootstrap-executor-0] INFO  c.n.d.s.r.aws.ConfigClusterResolver - Resolving eureka endpoints via configuration
15:05:50.190 logback [AsyncResolver-bootstrap-executor-0] INFO  c.n.d.s.r.aws.ConfigClusterResolver - Resolving eureka endpoints via configuration
15:10:50.191 logback [AsyncResolver-bootstrap-executor-0] INFO  c.n.d.s.r.aws.ConfigClusterResolver - Resolving eureka endpoints via configuration
15:15:50.193 logback [AsyncResolver-bootstrap-executor-0] INFO  c.n.d.s.r.aws.ConfigClusterResolver - Resolving eureka endpoints via configuration
15:15:58.914 logback [http-nio-1701-exec-3] INFO  s.j.w.c.f.m.p.PatientInfoController - 成功获取患者信息
15:15:58.914 logback [http-nio-1701-exec-6] INFO  s.j.w.c.f.m.p.PatientInfoController - 成功获取患者信息
15:15:58.914 logback [http-nio-1701-exec-10] INFO  s.j.w.c.f.m.h.HealthManageController - 成功获取患者未读消息数量
15:15:58.916 logback [http-nio-1701-exec-5] INFO  s.j.w.c.f.m.p.PatientInfoController - 成功获取患者未读医生群发消息个数
15:15:58.916 logback [http-nio-1701-exec-1] INFO  s.j.w.c.f.m.h.HealthManageController - 成功获取患者未读消息数量
15:15:58.918 logback [http-nio-1701-exec-7] INFO  s.j.w.c.f.m.p.PatientInfoController - 成功获取患者未读医生群发消息个数
15:15:58.919 logback [http-nio-1701-exec-2] INFO  s.j.w.c.f.m.p.PatientInfoController - 成功获取患者的留言板列表
15:15:58.919 logback [http-nio-1701-exec-4] INFO  s.j.w.c.f.m.p.PatientInfoController - 成功获取患者的留言板列表
15:15:59.661 logback [http-nio-1701-exec-9] INFO  s.j.w.c.f.m.h.HealthManageController - 成功获取患者未读自定义消息数量
15:16:00.019 logback [http-nio-1701-exec-8] INFO  s.j.w.c.f.m.h.HealthManageController - 成功获取患者未读消息数量
15:16:04.871 logback [http-nio-1701-exec-1] INFO  s.j.w.c.f.m.d.DoctorInfoController - 成功获取所有服务
15:16:04.996 logback [http-nio-1701-exec-2] INFO  s.j.w.c.f.m.p.PatientInfoController - 成功获取我的医生信息
15:16:05.294 logback [http-nio-1701-exec-8] INFO  s.j.w.c.f.m.p.PatientInfoController - 成功获取我购买的服务
15:16:16.370 logback [http-nio-1701-exec-4] INFO  s.j.w.c.f.m.p.PatientInfoController - 成功获取患者未读医生群发消息个数
15:16:16.398 logback [http-nio-1701-exec-6] INFO  s.j.w.c.f.m.h.HealthManageController - 成功获取患者未读消息数量
15:16:16.423 logback [http-nio-1701-exec-3] INFO  s.j.w.c.f.m.p.PatientInfoController - 成功获取患者信息
15:16:16.477 logback [http-nio-1701-exec-1] INFO  s.j.w.c.f.m.p.PatientInfoController - 成功获取患者的留言板列表
15:16:16.730 logback [http-nio-1701-exec-8] INFO  s.j.w.c.f.m.h.HealthManageController - 成功获取患者未读自定义消息数量
15:16:17.071 logback [http-nio-1701-exec-5] INFO  s.j.w.c.f.m.h.HealthManageController - 成功获取患者未读消息数量
15:16:19.006 logback [http-nio-1701-exec-1] INFO  s.j.w.c.f.m.d.DoctorInfoController - 成功获取所有服务
15:16:19.168 logback [http-nio-1701-exec-6] INFO  s.j.w.c.f.m.p.PatientInfoController - 成功获取我的医生信息
15:16:19.380 logback [http-nio-1701-exec-5] INFO  s.j.w.c.f.m.p.PatientInfoController - 成功获取我购买的服务
15:20:50.195 logback [AsyncResolver-bootstrap-executor-0] INFO  c.n.d.s.r.aws.ConfigClusterResolver - Resolving eureka endpoints via configuration
15:25:50.200 logback [AsyncResolver-bootstrap-executor-0] INFO  c.n.d.s.r.aws.ConfigClusterResolver - Resolving eureka endpoints via configuration
15:30:50.202 logback [AsyncResolver-bootstrap-executor-0] INFO  c.n.d.s.r.aws.ConfigClusterResolver - Resolving eureka endpoints via configuration
15:35:50.203 logback [AsyncResolver-bootstrap-executor-0] INFO  c.n.d.s.r.aws.ConfigClusterResolver - Resolving eureka endpoints via configuration
15:40:50.205 logback [AsyncResolver-bootstrap-executor-0] INFO  c.n.d.s.r.aws.ConfigClusterResolver - Resolving eureka endpoints via configuration
15:45:50.207 logback [AsyncResolver-bootstrap-executor-0] INFO  c.n.d.s.r.aws.ConfigClusterResolver - Resolving eureka endpoints via configuration
15:50:50.208 logback [AsyncResolver-bootstrap-executor-0] INFO  c.n.d.s.r.aws.ConfigClusterResolver - Resolving eureka endpoints via configuration
15:55:50.209 logback [AsyncResolver-bootstrap-executor-0] INFO  c.n.d.s.r.aws.ConfigClusterResolver - Resolving eureka endpoints via configuration
16:00:50.210 logback [AsyncResolver-bootstrap-executor-0] INFO  c.n.d.s.r.aws.ConfigClusterResolver - Resolving eureka endpoints via configuration
16:05:50.212 logback [AsyncResolver-bootstrap-executor-0] INFO  c.n.d.s.r.aws.ConfigClusterResolver - Resolving eureka endpoints via configuration
16:10:50.214 logback [AsyncResolver-bootstrap-executor-0] INFO  c.n.d.s.r.aws.ConfigClusterResolver - Resolving eureka endpoints via configuration
16:15:50.215 logback [AsyncResolver-bootstrap-executor-0] INFO  c.n.d.s.r.aws.ConfigClusterResolver - Resolving eureka endpoints via configuration
16:20:50.216 logback [AsyncResolver-bootstrap-executor-0] INFO  c.n.d.s.r.aws.ConfigClusterResolver - Resolving eureka endpoints via configuration
16:25:50.218 logback [AsyncResolver-bootstrap-executor-0] INFO  c.n.d.s.r.aws.ConfigClusterResolver - Resolving eureka endpoints via configuration
16:30:50.219 logback [AsyncResolver-bootstrap-executor-0] INFO  c.n.d.s.r.aws.ConfigClusterResolver - Resolving eureka endpoints via configuration
16:35:50.221 logback [AsyncResolver-bootstrap-executor-0] INFO  c.n.d.s.r.aws.ConfigClusterResolver - Resolving eureka endpoints via configuration
16:40:50.224 logback [AsyncResolver-bootstrap-executor-0] INFO  c.n.d.s.r.aws.ConfigClusterResolver - Resolving eureka endpoints via configuration
16:45:50.224 logback [AsyncResolver-bootstrap-executor-0] INFO  c.n.d.s.r.aws.ConfigClusterResolver - Resolving eureka endpoints via configuration
16:50:50.225 logback [AsyncResolver-bootstrap-executor-0] INFO  c.n.d.s.r.aws.ConfigClusterResolver - Resolving eureka endpoints via configuration
16:55:50.226 logback [AsyncResolver-bootstrap-executor-0] INFO  c.n.d.s.r.aws.ConfigClusterResolver - Resolving eureka endpoints via configuration
17:00:50.227 logback [AsyncResolver-bootstrap-executor-0] INFO  c.n.d.s.r.aws.ConfigClusterResolver - Resolving eureka endpoints via configuration
17:01:42.536 logback [http-nio-1701-exec-10] INFO  s.j.w.c.f.m.p.PatientInfoController - 成功获取患者的医生群发消息列表
17:01:42.934 logback [http-nio-1701-exec-9] INFO  s.j.w.c.f.m.h.HealthManageController - 成功获取患者自定义消息
17:01:43.385 logback [http-nio-1701-exec-2] INFO  s.j.w.c.f.m.h.HealthManageController - 成功获取患者未读消息
17:03:04.293 logback [http-nio-1701-exec-9] INFO  s.j.w.c.f.m.p.PatientInfoController - 成功获取患者的医生群发消息列表
17:03:04.707 logback [http-nio-1701-exec-7] INFO  s.j.w.c.f.m.h.HealthManageController - 成功获取患者自定义消息
17:03:05.403 logback [http-nio-1701-exec-1] INFO  s.j.w.c.f.m.h.HealthManageController - 成功获取患者未读消息
17:03:09.903 logback [http-nio-1701-exec-6] INFO  s.j.w.c.f.m.p.PatientInfoController - 成功获取患者未读医生群发消息个数
17:03:09.982 logback [http-nio-1701-exec-8] INFO  s.j.w.c.f.m.h.HealthManageController - 成功获取患者未读消息数量
17:03:10.002 logback [http-nio-1701-exec-5] INFO  s.j.w.c.f.m.p.PatientInfoController - 成功获取患者信息
17:03:10.144 logback [http-nio-1701-exec-4] INFO  s.j.w.c.f.m.p.PatientInfoController - 成功获取患者的留言板列表
17:03:11.428 logback [http-nio-1701-exec-7] INFO  s.j.w.c.f.m.p.PatientInfoController - 成功获取患者未读医生群发消息个数
17:03:11.447 logback [http-nio-1701-exec-1] INFO  s.j.w.c.f.m.p.PatientInfoController - 成功获取患者信息
17:03:11.519 logback [http-nio-1701-exec-3] INFO  s.j.w.c.f.m.h.HealthManageController - 成功获取患者未读消息数量
17:03:11.537 logback [http-nio-1701-exec-9] INFO  s.j.w.c.f.m.p.PatientInfoController - 成功获取患者的留言板列表
17:03:11.808 logback [http-nio-1701-exec-8] INFO  s.j.w.c.f.m.h.HealthManageController - 成功获取患者未读自定义消息数量
17:03:12.164 logback [http-nio-1701-exec-6] INFO  s.j.w.c.f.m.h.HealthManageController - 成功获取患者未读消息数量
17:03:20.491 logback [http-nio-1701-exec-9] INFO  s.j.w.c.f.m.d.DoctorInfoController - 成功获取所有服务
17:03:20.658 logback [http-nio-1701-exec-3] INFO  s.j.w.c.f.m.p.PatientInfoController - 成功获取我的医生信息
17:03:20.892 logback [http-nio-1701-exec-6] INFO  s.j.w.c.f.m.p.PatientInfoController - 成功获取我购买的服务
17:05:50.228 logback [AsyncResolver-bootstrap-executor-0] INFO  c.n.d.s.r.aws.ConfigClusterResolver - Resolving eureka endpoints via configuration
17:06:47.508 logback [http-nio-1701-exec-9] INFO  s.j.w.c.f.m.d.DoctorInfoController - 成功获取所有服务
17:06:47.609 logback [http-nio-1701-exec-1] INFO  s.j.w.c.f.m.p.PatientInfoController - 成功获取我的医生信息
17:06:47.925 logback [http-nio-1701-exec-8] INFO  s.j.w.c.f.m.p.PatientInfoController - 成功获取我购买的服务
17:06:49.921 logback [http-nio-1701-exec-2] INFO  s.j.w.c.f.m.p.PatientInfoController - 成功获取患者未读医生群发消息个数
17:06:49.944 logback [http-nio-1701-exec-10] INFO  s.j.w.c.f.m.p.PatientInfoController - 成功获取患者信息
17:06:50.073 logback [http-nio-1701-exec-9] INFO  s.j.w.c.f.m.h.HealthManageController - 成功获取患者未读消息数量
17:06:50.086 logback [http-nio-1701-exec-4] INFO  s.j.w.c.f.m.p.PatientInfoController - 成功获取患者的留言板列表
17:06:50.281 logback [http-nio-1701-exec-1] INFO  s.j.w.c.f.m.h.HealthManageController - 成功获取患者未读自定义消息数量
17:06:50.633 logback [http-nio-1701-exec-3] INFO  s.j.w.c.f.m.h.HealthManageController - 成功获取患者未读消息数量
17:06:53.279 logback [http-nio-1701-exec-5] INFO  s.j.w.c.f.m.p.PatientInfoController - 成功获取患者的医生群发消息列表
17:06:53.637 logback [http-nio-1701-exec-7] INFO  s.j.w.c.f.m.h.HealthManageController - 成功获取患者自定义消息
17:06:54.008 logback [http-nio-1701-exec-6] INFO  s.j.w.c.f.m.h.HealthManageController - 成功获取患者未读消息
17:09:42.291 logback [http-nio-1701-exec-7] INFO  s.j.w.c.f.m.p.PatientInfoController - 成功获取患者的医生群发消息列表
17:09:42.685 logback [http-nio-1701-exec-2] INFO  s.j.w.c.f.m.h.HealthManageController - 成功获取患者自定义消息
17:09:43.101 logback [http-nio-1701-exec-6] INFO  s.j.w.c.f.m.h.HealthManageController - 成功获取患者未读消息
17:10:50.248 logback [AsyncResolver-bootstrap-executor-0] INFO  c.n.d.s.r.aws.ConfigClusterResolver - Resolving eureka endpoints via configuration
17:12:30.204 logback [http-nio-1701-exec-4] INFO  s.j.w.c.f.m.p.PatientInfoController - 成功获取患者未读医生群发消息个数
17:12:30.214 logback [http-nio-1701-exec-8] INFO  s.j.w.c.f.m.p.PatientInfoController - 成功获取患者信息
17:12:30.269 logback [http-nio-1701-exec-6] INFO  s.j.w.c.f.m.h.HealthManageController - 成功获取患者未读消息数量
17:12:30.285 logback [http-nio-1701-exec-5] INFO  s.j.w.c.f.m.p.PatientInfoController - 成功获取患者的留言板列表
17:12:31.600 logback [http-nio-1701-exec-10] INFO  s.j.w.c.f.m.p.PatientInfoController - 成功获取患者未读医生群发消息个数
17:12:31.606 logback [http-nio-1701-exec-9] INFO  s.j.w.c.f.m.p.PatientInfoController - 成功获取患者信息
17:12:31.679 logback [http-nio-1701-exec-1] INFO  s.j.w.c.f.m.h.HealthManageController - 成功获取患者未读消息数量
17:12:31.733 logback [http-nio-1701-exec-3] INFO  s.j.w.c.f.m.p.PatientInfoController - 成功获取患者的留言板列表
17:12:31.966 logback [http-nio-1701-exec-6] INFO  s.j.w.c.f.m.h.HealthManageController - 成功获取患者未读自定义消息数量
17:12:32.324 logback [http-nio-1701-exec-4] INFO  s.j.w.c.f.m.h.HealthManageController - 成功获取患者未读消息数量
17:12:32.627 logback [http-nio-1701-exec-2] ERROR s.j.w.c.f.m.p.PatientInfoController - 获取患者的医生群发消息列表时发生异常connect timed out executing GET http://mrxiej.ngrok.wendal.cn/api-mysql/patient/groupreceiving/list?wechat_id=ops-G1rR2CP8C2Cb0i6VHjTM6K4s
17:12:34.453 logback [http-nio-1701-exec-10] INFO  s.j.w.c.f.m.p.PatientInfoController - 成功获取患者的医生群发消息列表
17:12:34.828 logback [http-nio-1701-exec-9] INFO  s.j.w.c.f.m.h.HealthManageController - 成功获取患者自定义消息
17:12:35.195 logback [http-nio-1701-exec-7] INFO  s.j.w.c.f.m.h.HealthManageController - 成功获取患者未读消息
17:13:00.096 logback [http-nio-1701-exec-4] INFO  s.j.w.c.f.m.p.PatientInfoController - 成功获取患者未读医生群发消息个数
17:13:00.113 logback [http-nio-1701-exec-2] INFO  s.j.w.c.f.m.p.PatientInfoController - 成功获取患者信息
17:13:00.204 logback [http-nio-1701-exec-10] INFO  s.j.w.c.f.m.h.HealthManageController - 成功获取患者未读消息数量
17:13:00.255 logback [http-nio-1701-exec-1] INFO  s.j.w.c.f.m.p.PatientInfoController - 成功获取患者的留言板列表
17:13:01.549 logback [http-nio-1701-exec-7] INFO  s.j.w.c.f.m.p.PatientInfoController - 成功获取患者未读医生群发消息个数
17:13:01.551 logback [http-nio-1701-exec-10] INFO  s.j.w.c.f.m.p.PatientInfoController - 成功获取患者信息
17:13:01.623 logback [http-nio-1701-exec-6] INFO  s.j.w.c.f.m.h.HealthManageController - 成功获取患者未读消息数量
17:13:01.721 logback [http-nio-1701-exec-4] INFO  s.j.w.c.f.m.p.PatientInfoController - 成功获取患者的留言板列表
17:13:01.906 logback [http-nio-1701-exec-2] INFO  s.j.w.c.f.m.h.HealthManageController - 成功获取患者未读自定义消息数量
17:13:02.265 logback [http-nio-1701-exec-1] INFO  s.j.w.c.f.m.h.HealthManageController - 成功获取患者未读消息数量
17:13:03.906 logback [http-nio-1701-exec-5] INFO  s.j.w.c.f.m.d.DoctorInfoController - 成功获取所有服务
17:13:04.071 logback [http-nio-1701-exec-4] INFO  s.j.w.c.f.m.p.PatientInfoController - 成功获取我的医生信息
17:13:04.267 logback [http-nio-1701-exec-1] INFO  s.j.w.c.f.m.p.PatientInfoController - 成功获取我购买的服务
17:15:50.250 logback [AsyncResolver-bootstrap-executor-0] INFO  c.n.d.s.r.aws.ConfigClusterResolver - Resolving eureka endpoints via configuration
17:20:50.252 logback [AsyncResolver-bootstrap-executor-0] INFO  c.n.d.s.r.aws.ConfigClusterResolver - Resolving eureka endpoints via configuration
17:25:50.253 logback [AsyncResolver-bootstrap-executor-0] INFO  c.n.d.s.r.aws.ConfigClusterResolver - Resolving eureka endpoints via configuration
17:30:50.254 logback [AsyncResolver-bootstrap-executor-0] INFO  c.n.d.s.r.aws.ConfigClusterResolver - Resolving eureka endpoints via configuration
17:33:34.832 logback [http-nio-1701-exec-6] INFO  s.j.w.c.f.m.d.DoctorInfoController - 成功获取医生列表信息
17:33:39.034 logback [http-nio-1701-exec-6] INFO  s.j.w.c.f.m.d.DoctorInfoController - 成功根据手机号码获取医生信息
17:35:50.256 logback [AsyncResolver-bootstrap-executor-0] INFO  c.n.d.s.r.aws.ConfigClusterResolver - Resolving eureka endpoints via configuration
17:36:12.349 logback [http-nio-1701-exec-5] INFO  s.j.w.c.f.m.d.DoctorInfoController - 成功根据手机号码获取医生信息
17:36:44.470 logback [http-nio-1701-exec-2] INFO  s.j.w.c.f.m.d.DoctorInfoController - 成功获取医生列表信息
17:37:32.768 logback [http-nio-1701-exec-5] INFO  s.j.w.c.view.DoctorViewController - request的值：org.apache.catalina.connector.RequestFacade@53bdccd

17:37:32.768 logback [http-nio-1701-exec-5] INFO  s.j.wechat.service.MyWxMpService - wx code is :null
17:37:33.130 logback [http-nio-1701-exec-5] INFO  s.j.w.c.view.DoctorViewController - 微信认证重定向页面获取用户信息：https://open.weixin.qq.com/connect/oauth2/authorize?appid=wx6ba133f0e76c9b18&redirect_uri=http%3A%2F%2Fmrxiej.ngrok.wendal.cn%2Fapi-wechat%2Fqrcode%2Fdoctor%2F13903009276&response_type=code&scope=snsapi_userinfo&state=qrcode#wechat_redirect

17:40:50.256 logback [AsyncResolver-bootstrap-executor-0] INFO  c.n.d.s.r.aws.ConfigClusterResolver - Resolving eureka endpoints via configuration
17:45:50.259 logback [AsyncResolver-bootstrap-executor-0] INFO  c.n.d.s.r.aws.ConfigClusterResolver - Resolving eureka endpoints via configuration
17:46:01.988 logback [http-nio-1701-exec-10] INFO  s.j.w.c.f.m.p.PatientInfoController - 成功获取患者未读医生群发消息个数
17:46:02.004 logback [http-nio-1701-exec-9] INFO  s.j.w.c.f.m.p.PatientInfoController - 成功获取患者信息
17:46:02.051 logback [http-nio-1701-exec-6] INFO  s.j.w.c.f.m.h.HealthManageController - 成功获取患者未读消息数量
17:46:02.059 logback [http-nio-1701-exec-8] INFO  s.j.w.c.f.m.p.PatientInfoController - 成功获取患者的留言板列表
17:46:02.643 logback [http-nio-1701-exec-5] INFO  s.j.w.c.f.m.h.HealthManageController - 成功获取患者未读自定义消息数量
17:46:02.986 logback [http-nio-1701-exec-7] INFO  s.j.w.c.f.m.h.HealthManageController - 成功获取患者未读消息数量
17:46:04.363 logback [http-nio-1701-exec-3] INFO  s.j.w.c.f.m.d.DoctorInfoController - 成功获取所有服务
17:46:04.519 logback [http-nio-1701-exec-1] INFO  s.j.w.c.f.m.p.PatientInfoController - 成功获取我的医生信息
17:46:04.725 logback [http-nio-1701-exec-7] INFO  s.j.w.c.f.m.p.PatientInfoController - 成功获取我购买的服务
17:50:50.259 logback [AsyncResolver-bootstrap-executor-0] INFO  c.n.d.s.r.aws.ConfigClusterResolver - Resolving eureka endpoints via configuration
17:55:50.260 logback [AsyncResolver-bootstrap-executor-0] INFO  c.n.d.s.r.aws.ConfigClusterResolver - Resolving eureka endpoints via configuration
18:00:50.261 logback [AsyncResolver-bootstrap-executor-0] INFO  c.n.d.s.r.aws.ConfigClusterResolver - Resolving eureka endpoints via configuration
18:05:50.262 logback [AsyncResolver-bootstrap-executor-0] INFO  c.n.d.s.r.aws.ConfigClusterResolver - Resolving eureka endpoints via configuration
18:10:50.264 logback [AsyncResolver-bootstrap-executor-0] INFO  c.n.d.s.r.aws.ConfigClusterResolver - Resolving eureka endpoints via configuration
18:15:50.265 logback [AsyncResolver-bootstrap-executor-0] INFO  c.n.d.s.r.aws.ConfigClusterResolver - Resolving eureka endpoints via configuration
18:20:50.266 logback [AsyncResolver-bootstrap-executor-0] INFO  c.n.d.s.r.aws.ConfigClusterResolver - Resolving eureka endpoints via configuration
18:25:50.266 logback [AsyncResolver-bootstrap-executor-0] INFO  c.n.d.s.r.aws.ConfigClusterResolver - Resolving eureka endpoints via configuration
18:30:50.269 logback [AsyncResolver-bootstrap-executor-0] INFO  c.n.d.s.r.aws.ConfigClusterResolver - Resolving eureka endpoints via configuration
18:35:50.271 logback [AsyncResolver-bootstrap-executor-0] INFO  c.n.d.s.r.aws.ConfigClusterResolver - Resolving eureka endpoints via configuration
18:40:50.271 logback [AsyncResolver-bootstrap-executor-0] INFO  c.n.d.s.r.aws.ConfigClusterResolver - Resolving eureka endpoints via configuration
18:45:50.273 logback [AsyncResolver-bootstrap-executor-0] INFO  c.n.d.s.r.aws.ConfigClusterResolver - Resolving eureka endpoints via configuration
18:50:50.273 logback [AsyncResolver-bootstrap-executor-0] INFO  c.n.d.s.r.aws.ConfigClusterResolver - Resolving eureka endpoints via configuration
18:55:50.274 logback [AsyncResolver-bootstrap-executor-0] INFO  c.n.d.s.r.aws.ConfigClusterResolver - Resolving eureka endpoints via configuration
19:00:50.275 logback [AsyncResolver-bootstrap-executor-0] INFO  c.n.d.s.r.aws.ConfigClusterResolver - Resolving eureka endpoints via configuration
19:05:50.276 logback [AsyncResolver-bootstrap-executor-0] INFO  c.n.d.s.r.aws.ConfigClusterResolver - Resolving eureka endpoints via configuration
19:10:50.278 logback [AsyncResolver-bootstrap-executor-0] INFO  c.n.d.s.r.aws.ConfigClusterResolver - Resolving eureka endpoints via configuration
19:15:50.279 logback [AsyncResolver-bootstrap-executor-0] INFO  c.n.d.s.r.aws.ConfigClusterResolver - Resolving eureka endpoints via configuration
19:20:50.281 logback [AsyncResolver-bootstrap-executor-0] INFO  c.n.d.s.r.aws.ConfigClusterResolver - Resolving eureka endpoints via configuration
19:25:50.283 logback [AsyncResolver-bootstrap-executor-0] INFO  c.n.d.s.r.aws.ConfigClusterResolver - Resolving eureka endpoints via configuration
19:30:50.284 logback [AsyncResolver-bootstrap-executor-0] INFO  c.n.d.s.r.aws.ConfigClusterResolver - Resolving eureka endpoints via configuration
19:35:50.284 logback [AsyncResolver-bootstrap-executor-0] INFO  c.n.d.s.r.aws.ConfigClusterResolver - Resolving eureka endpoints via configuration
19:40:50.285 logback [AsyncResolver-bootstrap-executor-0] INFO  c.n.d.s.r.aws.ConfigClusterResolver - Resolving eureka endpoints via configuration
19:45:50.287 logback [AsyncResolver-bootstrap-executor-0] INFO  c.n.d.s.r.aws.ConfigClusterResolver - Resolving eureka endpoints via configuration
19:50:50.288 logback [AsyncResolver-bootstrap-executor-0] INFO  c.n.d.s.r.aws.ConfigClusterResolver - Resolving eureka endpoints via configuration
19:55:50.289 logback [AsyncResolver-bootstrap-executor-0] INFO  c.n.d.s.r.aws.ConfigClusterResolver - Resolving eureka endpoints via configuration
20:00:50.290 logback [AsyncResolver-bootstrap-executor-0] INFO  c.n.d.s.r.aws.ConfigClusterResolver - Resolving eureka endpoints via configuration
20:04:51.490 logback [http-nio-1701-exec-8] INFO  s.j.w.c.f.m.d.DoctorInfoController - 成功获取所有服务
20:04:51.588 logback [http-nio-1701-exec-6] INFO  s.j.w.c.f.m.p.PatientInfoController - 成功获取我的医生信息
20:04:51.866 logback [http-nio-1701-exec-2] INFO  s.j.w.c.f.m.p.PatientInfoController - 成功获取我购买的服务
20:05:50.291 logback [AsyncResolver-bootstrap-executor-0] INFO  c.n.d.s.r.aws.ConfigClusterResolver - Resolving eureka endpoints via configuration
20:10:50.293 logback [AsyncResolver-bootstrap-executor-0] INFO  c.n.d.s.r.aws.ConfigClusterResolver - Resolving eureka endpoints via configuration
20:15:50.294 logback [AsyncResolver-bootstrap-executor-0] INFO  c.n.d.s.r.aws.ConfigClusterResolver - Resolving eureka endpoints via configuration
20:20:50.295 logback [AsyncResolver-bootstrap-executor-0] INFO  c.n.d.s.r.aws.ConfigClusterResolver - Resolving eureka endpoints via configuration
20:25:50.297 logback [AsyncResolver-bootstrap-executor-0] INFO  c.n.d.s.r.aws.ConfigClusterResolver - Resolving eureka endpoints via configuration
20:30:50.299 logback [AsyncResolver-bootstrap-executor-0] INFO  c.n.d.s.r.aws.ConfigClusterResolver - Resolving eureka endpoints via configuration
20:35:50.300 logback [AsyncResolver-bootstrap-executor-0] INFO  c.n.d.s.r.aws.ConfigClusterResolver - Resolving eureka endpoints via configuration
20:40:50.302 logback [AsyncResolver-bootstrap-executor-0] INFO  c.n.d.s.r.aws.ConfigClusterResolver - Resolving eureka endpoints via configuration
20:41:23.107 logback [http-nio-1701-exec-9] ERROR s.j.w.c.f.m.d.DoctorInfoController - 医生群发消息时异常Could not read document: Unrecognized token 'mysql微服务不可用': was expecting ('true', 'false' or 'null')
 at [Source: java.io.PushbackInputStream@3dacdc7e; line: 1, column: 27]; nested exception is com.fasterxml.jackson.core.JsonParseException: Unrecognized token 'mysql微服务不可用': was expecting ('true', 'false' or 'null')
 at [Source: java.io.PushbackInputStream@3dacdc7e; line: 1, column: 27]
20:41:23.107 logback [http-nio-1701-exec-9] ERROR s.j.w.c.f.m.d.DoctorInfoController - 群发消息失败Could not read document: Unrecognized token 'mysql微服务不可用': was expecting ('true', 'false' or 'null')
 at [Source: java.io.PushbackInputStream@3dacdc7e; line: 1, column: 27]; nested exception is com.fasterxml.jackson.core.JsonParseException: Unrecognized token 'mysql微服务不可用': was expecting ('true', 'false' or 'null')
 at [Source: java.io.PushbackInputStream@3dacdc7e; line: 1, column: 27]
20:42:46.574 logback [http-nio-1701-exec-1] ERROR s.j.w.c.f.m.d.DoctorInfoController - 医生群发消息时异常Could not read document: Unrecognized token 'mysql微服务不可用': was expecting ('true', 'false' or 'null')
 at [Source: java.io.PushbackInputStream@751a03ff; line: 1, column: 27]; nested exception is com.fasterxml.jackson.core.JsonParseException: Unrecognized token 'mysql微服务不可用': was expecting ('true', 'false' or 'null')
 at [Source: java.io.PushbackInputStream@751a03ff; line: 1, column: 27]
20:42:46.574 logback [http-nio-1701-exec-1] ERROR s.j.w.c.f.m.d.DoctorInfoController - 群发消息失败Could not read document: Unrecognized token 'mysql微服务不可用': was expecting ('true', 'false' or 'null')
 at [Source: java.io.PushbackInputStream@751a03ff; line: 1, column: 27]; nested exception is com.fasterxml.jackson.core.JsonParseException: Unrecognized token 'mysql微服务不可用': was expecting ('true', 'false' or 'null')
 at [Source: java.io.PushbackInputStream@751a03ff; line: 1, column: 27]
20:44:17.752 logback [http-nio-1701-exec-5] ERROR s.j.w.c.f.m.d.DoctorInfoController - 医生群发消息时异常Could not read document: Unrecognized token 'mysql微服务不可用': was expecting ('true', 'false' or 'null')
 at [Source: java.io.PushbackInputStream@658a574c; line: 1, column: 27]; nested exception is com.fasterxml.jackson.core.JsonParseException: Unrecognized token 'mysql微服务不可用': was expecting ('true', 'false' or 'null')
 at [Source: java.io.PushbackInputStream@658a574c; line: 1, column: 27]
20:44:17.752 logback [http-nio-1701-exec-5] ERROR s.j.w.c.f.m.d.DoctorInfoController - 群发消息失败Could not read document: Unrecognized token 'mysql微服务不可用': was expecting ('true', 'false' or 'null')
 at [Source: java.io.PushbackInputStream@658a574c; line: 1, column: 27]; nested exception is com.fasterxml.jackson.core.JsonParseException: Unrecognized token 'mysql微服务不可用': was expecting ('true', 'false' or 'null')
 at [Source: java.io.PushbackInputStream@658a574c; line: 1, column: 27]
20:45:50.302 logback [AsyncResolver-bootstrap-executor-0] INFO  c.n.d.s.r.aws.ConfigClusterResolver - Resolving eureka endpoints via configuration
20:47:37.275 logback [http-nio-1701-exec-7] ERROR s.j.w.c.f.m.d.DoctorInfoController - 医生群发消息时异常Could not read document: Unrecognized token 'mysql微服务不可用': was expecting ('true', 'false' or 'null')
 at [Source: java.io.PushbackInputStream@3012295f; line: 1, column: 27]; nested exception is com.fasterxml.jackson.core.JsonParseException: Unrecognized token 'mysql微服务不可用': was expecting ('true', 'false' or 'null')
 at [Source: java.io.PushbackInputStream@3012295f; line: 1, column: 27]
20:47:37.275 logback [http-nio-1701-exec-7] ERROR s.j.w.c.f.m.d.DoctorInfoController - 群发消息失败Could not read document: Unrecognized token 'mysql微服务不可用': was expecting ('true', 'false' or 'null')
 at [Source: java.io.PushbackInputStream@3012295f; line: 1, column: 27]; nested exception is com.fasterxml.jackson.core.JsonParseException: Unrecognized token 'mysql微服务不可用': was expecting ('true', 'false' or 'null')
 at [Source: java.io.PushbackInputStream@3012295f; line: 1, column: 27]
20:50:50.303 logback [AsyncResolver-bootstrap-executor-0] INFO  c.n.d.s.r.aws.ConfigClusterResolver - Resolving eureka endpoints via configuration
20:51:21.243 logback [http-nio-1701-exec-4] ERROR s.j.w.c.f.m.d.DoctorInfoController - 医生群发消息时异常Could not extract response: no suitable HttpMessageConverter found for response type [java.util.List<scut.jiayibilin.wechat.entity.PatientGroupReceivingEntity>] and content type [text/plain;charset=UTF-8]
20:51:21.243 logback [http-nio-1701-exec-4] ERROR s.j.w.c.f.m.d.DoctorInfoController - 群发消息失败Could not extract response: no suitable HttpMessageConverter found for response type [java.util.List<scut.jiayibilin.wechat.entity.PatientGroupReceivingEntity>] and content type [text/plain;charset=UTF-8]
20:53:47.605 logback [http-nio-1701-exec-6] ERROR s.j.w.c.f.m.d.DoctorInfoController - 医生群发消息时异常Could not extract response: no suitable HttpMessageConverter found for response type [java.util.List<scut.jiayibilin.wechat.entity.PatientGroupReceivingEntity>] and content type [text/plain;charset=UTF-8]
20:53:47.605 logback [http-nio-1701-exec-6] ERROR s.j.w.c.f.m.d.DoctorInfoController - 群发消息失败Could not extract response: no suitable HttpMessageConverter found for response type [java.util.List<scut.jiayibilin.wechat.entity.PatientGroupReceivingEntity>] and content type [text/plain;charset=UTF-8]
20:55:50.304 logback [AsyncResolver-bootstrap-executor-0] INFO  c.n.d.s.r.aws.ConfigClusterResolver - Resolving eureka endpoints via configuration
21:00:11.218 logback [http-nio-1701-exec-3] ERROR s.j.w.c.f.m.d.DoctorInfoController - 医生群发消息时异常Could not extract response: no suitable HttpMessageConverter found for response type [java.util.List<scut.jiayibilin.wechat.entity.PatientGroupReceivingEntity>] and content type [text/plain;charset=UTF-8]
21:00:11.218 logback [http-nio-1701-exec-3] ERROR s.j.w.c.f.m.d.DoctorInfoController - 群发消息失败Could not extract response: no suitable HttpMessageConverter found for response type [java.util.List<scut.jiayibilin.wechat.entity.PatientGroupReceivingEntity>] and content type [text/plain;charset=UTF-8]
21:00:25.328 logback [http-nio-1701-exec-8] ERROR s.j.w.c.f.m.d.DoctorInfoController - 医生群发消息时异常Could not extract response: no suitable HttpMessageConverter found for response type [java.util.List<scut.jiayibilin.wechat.entity.PatientGroupReceivingEntity>] and content type [text/plain;charset=UTF-8]
21:00:25.328 logback [http-nio-1701-exec-8] ERROR s.j.w.c.f.m.d.DoctorInfoController - 群发消息失败Could not extract response: no suitable HttpMessageConverter found for response type [java.util.List<scut.jiayibilin.wechat.entity.PatientGroupReceivingEntity>] and content type [text/plain;charset=UTF-8]
21:00:50.305 logback [AsyncResolver-bootstrap-executor-0] INFO  c.n.d.s.r.aws.ConfigClusterResolver - Resolving eureka endpoints via configuration
21:01:04.532 logback [http-nio-1701-exec-9] ERROR s.j.w.c.f.m.d.DoctorInfoController - 医生群发消息时异常Could not extract response: no suitable HttpMessageConverter found for response type [java.util.List<scut.jiayibilin.wechat.entity.PatientGroupReceivingEntity>] and content type [text/plain;charset=UTF-8]
21:01:04.532 logback [http-nio-1701-exec-9] ERROR s.j.w.c.f.m.d.DoctorInfoController - 群发消息失败Could not extract response: no suitable HttpMessageConverter found for response type [java.util.List<scut.jiayibilin.wechat.entity.PatientGroupReceivingEntity>] and content type [text/plain;charset=UTF-8]
21:01:46.759 logback [http-nio-1701-exec-1] ERROR s.j.w.c.f.m.d.DoctorInfoController - 医生群发消息时异常Could not extract response: no suitable HttpMessageConverter found for response type [java.util.List<scut.jiayibilin.wechat.entity.PatientGroupReceivingEntity>] and content type [text/plain;charset=UTF-8]
21:01:46.759 logback [http-nio-1701-exec-1] ERROR s.j.w.c.f.m.d.DoctorInfoController - 群发消息失败Could not extract response: no suitable HttpMessageConverter found for response type [java.util.List<scut.jiayibilin.wechat.entity.PatientGroupReceivingEntity>] and content type [text/plain;charset=UTF-8]
21:03:28.366 logback [http-nio-1701-exec-7] ERROR s.j.w.c.f.m.d.DoctorInfoController - 医生群发消息时异常Could not extract response: no suitable HttpMessageConverter found for response type [java.util.List<scut.jiayibilin.wechat.entity.PatientGroupReceivingEntity>] and content type [text/plain;charset=UTF-8]
21:03:28.366 logback [http-nio-1701-exec-7] ERROR s.j.w.c.f.m.d.DoctorInfoController - 群发消息失败Could not extract response: no suitable HttpMessageConverter found for response type [java.util.List<scut.jiayibilin.wechat.entity.PatientGroupReceivingEntity>] and content type [text/plain;charset=UTF-8]
21:05:50.306 logback [AsyncResolver-bootstrap-executor-0] INFO  c.n.d.s.r.aws.ConfigClusterResolver - Resolving eureka endpoints via configuration
21:10:50.308 logback [AsyncResolver-bootstrap-executor-0] INFO  c.n.d.s.r.aws.ConfigClusterResolver - Resolving eureka endpoints via configuration
21:15:50.309 logback [AsyncResolver-bootstrap-executor-0] INFO  c.n.d.s.r.aws.ConfigClusterResolver - Resolving eureka endpoints via configuration
21:20:50.311 logback [AsyncResolver-bootstrap-executor-0] INFO  c.n.d.s.r.aws.ConfigClusterResolver - Resolving eureka endpoints via configuration
21:22:00.613 logback [http-nio-1701-exec-6] INFO  s.j.w.c.f.m.p.PatientInfoController - 成功获取患者未读医生群发消息个数
21:22:00.619 logback [http-nio-1701-exec-2] INFO  s.j.w.c.f.m.p.PatientInfoController - 成功获取患者信息
21:22:00.687 logback [http-nio-1701-exec-4] INFO  s.j.w.c.f.m.h.HealthManageController - 成功获取患者未读消息数量
21:22:00.706 logback [http-nio-1701-exec-8] INFO  s.j.w.c.f.m.p.PatientInfoController - 成功获取患者的留言板列表
21:22:01.486 logback [http-nio-1701-exec-5] INFO  s.j.w.c.f.m.h.HealthManageController - 成功获取患者未读自定义消息数量
21:22:02.037 logback [http-nio-1701-exec-3] INFO  s.j.w.c.f.m.h.HealthManageController - 成功获取患者未读消息数量
21:22:03.447 logback [http-nio-1701-exec-10] INFO  s.j.w.c.f.m.d.DoctorInfoController - 成功获取所有服务
21:22:03.719 logback [http-nio-1701-exec-3] INFO  s.j.w.c.f.m.p.PatientInfoController - 成功获取我的医生信息
21:22:04.000 logback [http-nio-1701-exec-6] INFO  s.j.w.c.f.m.p.PatientInfoController - 成功获取我购买的服务
21:25:43.308 logback [http-nio-1701-exec-3] INFO  s.j.w.c.f.m.d.DoctorInfoController - 成功获取所有服务
21:25:43.518 logback [http-nio-1701-exec-10] INFO  s.j.w.c.f.m.p.PatientInfoController - 成功获取我的医生信息
21:25:43.786 logback [http-nio-1701-exec-6] INFO  s.j.w.c.f.m.p.PatientInfoController - 成功获取我购买的服务
21:25:50.312 logback [AsyncResolver-bootstrap-executor-0] INFO  c.n.d.s.r.aws.ConfigClusterResolver - Resolving eureka endpoints via configuration
21:30:50.314 logback [AsyncResolver-bootstrap-executor-0] INFO  c.n.d.s.r.aws.ConfigClusterResolver - Resolving eureka endpoints via configuration
