00:02:42.353 logback [AsyncResolver-bootstrap-executor-0] INFO  c.n.d.s.r.aws.ConfigClusterResolver - Resolving eureka endpoints via configuration
00:07:42.366 logback [AsyncResolver-bootstrap-executor-0] INFO  c.n.d.s.r.aws.ConfigClusterResolver - Resolving eureka endpoints via configuration
00:12:42.366 logback [AsyncResolver-bootstrap-executor-0] INFO  c.n.d.s.r.aws.ConfigClusterResolver - Resolving eureka endpoints via configuration
00:17:42.367 logback [AsyncResolver-bootstrap-executor-0] INFO  c.n.d.s.r.aws.ConfigClusterResolver - Resolving eureka endpoints via configuration
00:22:42.368 logback [AsyncResolver-bootstrap-executor-0] INFO  c.n.d.s.r.aws.ConfigClusterResolver - Resolving eureka endpoints via configuration
00:27:42.370 logback [AsyncResolver-bootstrap-executor-0] INFO  c.n.d.s.r.aws.ConfigClusterResolver - Resolving eureka endpoints via configuration
00:32:42.371 logback [AsyncResolver-bootstrap-executor-0] INFO  c.n.d.s.r.aws.ConfigClusterResolver - Resolving eureka endpoints via configuration
00:37:42.372 logback [AsyncResolver-bootstrap-executor-0] INFO  c.n.d.s.r.aws.ConfigClusterResolver - Resolving eureka endpoints via configuration
00:42:42.373 logback [AsyncResolver-bootstrap-executor-0] INFO  c.n.d.s.r.aws.ConfigClusterResolver - Resolving eureka endpoints via configuration
00:47:42.373 logback [AsyncResolver-bootstrap-executor-0] INFO  c.n.d.s.r.aws.ConfigClusterResolver - Resolving eureka endpoints via configuration
00:52:42.375 logback [AsyncResolver-bootstrap-executor-0] INFO  c.n.d.s.r.aws.ConfigClusterResolver - Resolving eureka endpoints via configuration
00:57:42.376 logback [AsyncResolver-bootstrap-executor-0] INFO  c.n.d.s.r.aws.ConfigClusterResolver - Resolving eureka endpoints via configuration
01:02:42.377 logback [AsyncResolver-bootstrap-executor-0] INFO  c.n.d.s.r.aws.ConfigClusterResolver - Resolving eureka endpoints via configuration
01:07:42.378 logback [AsyncResolver-bootstrap-executor-0] INFO  c.n.d.s.r.aws.ConfigClusterResolver - Resolving eureka endpoints via configuration
01:12:42.378 logback [AsyncResolver-bootstrap-executor-0] INFO  c.n.d.s.r.aws.ConfigClusterResolver - Resolving eureka endpoints via configuration
01:17:42.379 logback [AsyncResolver-bootstrap-executor-0] INFO  c.n.d.s.r.aws.ConfigClusterResolver - Resolving eureka endpoints via configuration
01:22:42.381 logback [AsyncResolver-bootstrap-executor-0] INFO  c.n.d.s.r.aws.ConfigClusterResolver - Resolving eureka endpoints via configuration
01:27:42.383 logback [AsyncResolver-bootstrap-executor-0] INFO  c.n.d.s.r.aws.ConfigClusterResolver - Resolving eureka endpoints via configuration
01:32:42.383 logback [AsyncResolver-bootstrap-executor-0] INFO  c.n.d.s.r.aws.ConfigClusterResolver - Resolving eureka endpoints via configuration
01:37:42.383 logback [AsyncResolver-bootstrap-executor-0] INFO  c.n.d.s.r.aws.ConfigClusterResolver - Resolving eureka endpoints via configuration
01:42:42.385 logback [AsyncResolver-bootstrap-executor-0] INFO  c.n.d.s.r.aws.ConfigClusterResolver - Resolving eureka endpoints via configuration
01:47:42.386 logback [AsyncResolver-bootstrap-executor-0] INFO  c.n.d.s.r.aws.ConfigClusterResolver - Resolving eureka endpoints via configuration
01:52:42.386 logback [AsyncResolver-bootstrap-executor-0] INFO  c.n.d.s.r.aws.ConfigClusterResolver - Resolving eureka endpoints via configuration
01:57:42.387 logback [AsyncResolver-bootstrap-executor-0] INFO  c.n.d.s.r.aws.ConfigClusterResolver - Resolving eureka endpoints via configuration
02:02:42.389 logback [AsyncResolver-bootstrap-executor-0] INFO  c.n.d.s.r.aws.ConfigClusterResolver - Resolving eureka endpoints via configuration
02:07:42.390 logback [AsyncResolver-bootstrap-executor-0] INFO  c.n.d.s.r.aws.ConfigClusterResolver - Resolving eureka endpoints via configuration
02:12:42.391 logback [AsyncResolver-bootstrap-executor-0] INFO  c.n.d.s.r.aws.ConfigClusterResolver - Resolving eureka endpoints via configuration
02:17:42.392 logback [AsyncResolver-bootstrap-executor-0] INFO  c.n.d.s.r.aws.ConfigClusterResolver - Resolving eureka endpoints via configuration
02:22:42.394 logback [AsyncResolver-bootstrap-executor-0] INFO  c.n.d.s.r.aws.ConfigClusterResolver - Resolving eureka endpoints via configuration
02:27:42.395 logback [AsyncResolver-bootstrap-executor-0] INFO  c.n.d.s.r.aws.ConfigClusterResolver - Resolving eureka endpoints via configuration
02:32:42.417 logback [AsyncResolver-bootstrap-executor-0] INFO  c.n.d.s.r.aws.ConfigClusterResolver - Resolving eureka endpoints via configuration
02:37:42.419 logback [AsyncResolver-bootstrap-executor-0] INFO  c.n.d.s.r.aws.ConfigClusterResolver - Resolving eureka endpoints via configuration
02:42:42.420 logback [AsyncResolver-bootstrap-executor-0] INFO  c.n.d.s.r.aws.ConfigClusterResolver - Resolving eureka endpoints via configuration
02:47:42.421 logback [AsyncResolver-bootstrap-executor-0] INFO  c.n.d.s.r.aws.ConfigClusterResolver - Resolving eureka endpoints via configuration
02:52:42.423 logback [AsyncResolver-bootstrap-executor-0] INFO  c.n.d.s.r.aws.ConfigClusterResolver - Resolving eureka endpoints via configuration
02:57:42.425 logback [AsyncResolver-bootstrap-executor-0] INFO  c.n.d.s.r.aws.ConfigClusterResolver - Resolving eureka endpoints via configuration
03:02:42.426 logback [AsyncResolver-bootstrap-executor-0] INFO  c.n.d.s.r.aws.ConfigClusterResolver - Resolving eureka endpoints via configuration
03:07:42.428 logback [AsyncResolver-bootstrap-executor-0] INFO  c.n.d.s.r.aws.ConfigClusterResolver - Resolving eureka endpoints via configuration
03:12:42.429 logback [AsyncResolver-bootstrap-executor-0] INFO  c.n.d.s.r.aws.ConfigClusterResolver - Resolving eureka endpoints via configuration
03:17:42.431 logback [AsyncResolver-bootstrap-executor-0] INFO  c.n.d.s.r.aws.ConfigClusterResolver - Resolving eureka endpoints via configuration
03:22:42.432 logback [AsyncResolver-bootstrap-executor-0] INFO  c.n.d.s.r.aws.ConfigClusterResolver - Resolving eureka endpoints via configuration
03:27:42.434 logback [AsyncResolver-bootstrap-executor-0] INFO  c.n.d.s.r.aws.ConfigClusterResolver - Resolving eureka endpoints via configuration
03:32:42.435 logback [AsyncResolver-bootstrap-executor-0] INFO  c.n.d.s.r.aws.ConfigClusterResolver - Resolving eureka endpoints via configuration
03:37:42.436 logback [AsyncResolver-bootstrap-executor-0] INFO  c.n.d.s.r.aws.ConfigClusterResolver - Resolving eureka endpoints via configuration
03:42:42.438 logback [AsyncResolver-bootstrap-executor-0] INFO  c.n.d.s.r.aws.ConfigClusterResolver - Resolving eureka endpoints via configuration
03:47:42.439 logback [AsyncResolver-bootstrap-executor-0] INFO  c.n.d.s.r.aws.ConfigClusterResolver - Resolving eureka endpoints via configuration
03:52:42.441 logback [AsyncResolver-bootstrap-executor-0] INFO  c.n.d.s.r.aws.ConfigClusterResolver - Resolving eureka endpoints via configuration
03:57:42.442 logback [AsyncResolver-bootstrap-executor-0] INFO  c.n.d.s.r.aws.ConfigClusterResolver - Resolving eureka endpoints via configuration
04:02:42.443 logback [AsyncResolver-bootstrap-executor-0] INFO  c.n.d.s.r.aws.ConfigClusterResolver - Resolving eureka endpoints via configuration
04:07:42.444 logback [AsyncResolver-bootstrap-executor-0] INFO  c.n.d.s.r.aws.ConfigClusterResolver - Resolving eureka endpoints via configuration
04:12:42.446 logback [AsyncResolver-bootstrap-executor-0] INFO  c.n.d.s.r.aws.ConfigClusterResolver - Resolving eureka endpoints via configuration
04:17:42.389 logback [AsyncResolver-bootstrap-executor-0] INFO  c.n.d.s.r.aws.ConfigClusterResolver - Resolving eureka endpoints via configuration
04:22:42.393 logback [AsyncResolver-bootstrap-executor-0] INFO  c.n.d.s.r.aws.ConfigClusterResolver - Resolving eureka endpoints via configuration
04:27:42.396 logback [AsyncResolver-bootstrap-executor-0] INFO  c.n.d.s.r.aws.ConfigClusterResolver - Resolving eureka endpoints via configuration
04:32:42.397 logback [AsyncResolver-bootstrap-executor-0] INFO  c.n.d.s.r.aws.ConfigClusterResolver - Resolving eureka endpoints via configuration
04:37:42.397 logback [AsyncResolver-bootstrap-executor-0] INFO  c.n.d.s.r.aws.ConfigClusterResolver - Resolving eureka endpoints via configuration
04:42:42.398 logback [AsyncResolver-bootstrap-executor-0] INFO  c.n.d.s.r.aws.ConfigClusterResolver - Resolving eureka endpoints via configuration
04:47:42.400 logback [AsyncResolver-bootstrap-executor-0] INFO  c.n.d.s.r.aws.ConfigClusterResolver - Resolving eureka endpoints via configuration
04:52:42.400 logback [AsyncResolver-bootstrap-executor-0] INFO  c.n.d.s.r.aws.ConfigClusterResolver - Resolving eureka endpoints via configuration
04:57:42.402 logback [AsyncResolver-bootstrap-executor-0] INFO  c.n.d.s.r.aws.ConfigClusterResolver - Resolving eureka endpoints via configuration
05:02:42.405 logback [AsyncResolver-bootstrap-executor-0] INFO  c.n.d.s.r.aws.ConfigClusterResolver - Resolving eureka endpoints via configuration
05:07:42.406 logback [AsyncResolver-bootstrap-executor-0] INFO  c.n.d.s.r.aws.ConfigClusterResolver - Resolving eureka endpoints via configuration
05:12:42.408 logback [AsyncResolver-bootstrap-executor-0] INFO  c.n.d.s.r.aws.ConfigClusterResolver - Resolving eureka endpoints via configuration
05:17:42.409 logback [AsyncResolver-bootstrap-executor-0] INFO  c.n.d.s.r.aws.ConfigClusterResolver - Resolving eureka endpoints via configuration
05:22:42.411 logback [AsyncResolver-bootstrap-executor-0] INFO  c.n.d.s.r.aws.ConfigClusterResolver - Resolving eureka endpoints via configuration
05:27:42.413 logback [AsyncResolver-bootstrap-executor-0] INFO  c.n.d.s.r.aws.ConfigClusterResolver - Resolving eureka endpoints via configuration
05:32:42.414 logback [AsyncResolver-bootstrap-executor-0] INFO  c.n.d.s.r.aws.ConfigClusterResolver - Resolving eureka endpoints via configuration
05:37:42.415 logback [AsyncResolver-bootstrap-executor-0] INFO  c.n.d.s.r.aws.ConfigClusterResolver - Resolving eureka endpoints via configuration
05:42:42.416 logback [AsyncResolver-bootstrap-executor-0] INFO  c.n.d.s.r.aws.ConfigClusterResolver - Resolving eureka endpoints via configuration
05:47:42.417 logback [AsyncResolver-bootstrap-executor-0] INFO  c.n.d.s.r.aws.ConfigClusterResolver - Resolving eureka endpoints via configuration
05:52:42.419 logback [AsyncResolver-bootstrap-executor-0] INFO  c.n.d.s.r.aws.ConfigClusterResolver - Resolving eureka endpoints via configuration
05:57:42.420 logback [AsyncResolver-bootstrap-executor-0] INFO  c.n.d.s.r.aws.ConfigClusterResolver - Resolving eureka endpoints via configuration
06:02:42.421 logback [AsyncResolver-bootstrap-executor-0] INFO  c.n.d.s.r.aws.ConfigClusterResolver - Resolving eureka endpoints via configuration
06:07:42.422 logback [AsyncResolver-bootstrap-executor-0] INFO  c.n.d.s.r.aws.ConfigClusterResolver - Resolving eureka endpoints via configuration
06:12:42.424 logback [AsyncResolver-bootstrap-executor-0] INFO  c.n.d.s.r.aws.ConfigClusterResolver - Resolving eureka endpoints via configuration
06:17:42.425 logback [AsyncResolver-bootstrap-executor-0] INFO  c.n.d.s.r.aws.ConfigClusterResolver - Resolving eureka endpoints via configuration
06:22:42.426 logback [AsyncResolver-bootstrap-executor-0] INFO  c.n.d.s.r.aws.ConfigClusterResolver - Resolving eureka endpoints via configuration
06:27:42.428 logback [AsyncResolver-bootstrap-executor-0] INFO  c.n.d.s.r.aws.ConfigClusterResolver - Resolving eureka endpoints via configuration
06:32:42.429 logback [AsyncResolver-bootstrap-executor-0] INFO  c.n.d.s.r.aws.ConfigClusterResolver - Resolving eureka endpoints via configuration
06:37:42.429 logback [AsyncResolver-bootstrap-executor-0] INFO  c.n.d.s.r.aws.ConfigClusterResolver - Resolving eureka endpoints via configuration
06:42:42.430 logback [AsyncResolver-bootstrap-executor-0] INFO  c.n.d.s.r.aws.ConfigClusterResolver - Resolving eureka endpoints via configuration
06:47:42.430 logback [AsyncResolver-bootstrap-executor-0] INFO  c.n.d.s.r.aws.ConfigClusterResolver - Resolving eureka endpoints via configuration
06:52:42.431 logback [AsyncResolver-bootstrap-executor-0] INFO  c.n.d.s.r.aws.ConfigClusterResolver - Resolving eureka endpoints via configuration
06:57:42.433 logback [AsyncResolver-bootstrap-executor-0] INFO  c.n.d.s.r.aws.ConfigClusterResolver - Resolving eureka endpoints via configuration
07:02:42.435 logback [AsyncResolver-bootstrap-executor-0] INFO  c.n.d.s.r.aws.ConfigClusterResolver - Resolving eureka endpoints via configuration
07:07:42.436 logback [AsyncResolver-bootstrap-executor-0] INFO  c.n.d.s.r.aws.ConfigClusterResolver - Resolving eureka endpoints via configuration
07:12:42.436 logback [AsyncResolver-bootstrap-executor-0] INFO  c.n.d.s.r.aws.ConfigClusterResolver - Resolving eureka endpoints via configuration
07:17:42.438 logback [AsyncResolver-bootstrap-executor-0] INFO  c.n.d.s.r.aws.ConfigClusterResolver - Resolving eureka endpoints via configuration
07:22:42.439 logback [AsyncResolver-bootstrap-executor-0] INFO  c.n.d.s.r.aws.ConfigClusterResolver - Resolving eureka endpoints via configuration
07:27:42.441 logback [AsyncResolver-bootstrap-executor-0] INFO  c.n.d.s.r.aws.ConfigClusterResolver - Resolving eureka endpoints via configuration
07:32:42.443 logback [AsyncResolver-bootstrap-executor-0] INFO  c.n.d.s.r.aws.ConfigClusterResolver - Resolving eureka endpoints via configuration
07:37:42.444 logback [AsyncResolver-bootstrap-executor-0] INFO  c.n.d.s.r.aws.ConfigClusterResolver - Resolving eureka endpoints via configuration
07:42:42.446 logback [AsyncResolver-bootstrap-executor-0] INFO  c.n.d.s.r.aws.ConfigClusterResolver - Resolving eureka endpoints via configuration
07:47:42.447 logback [AsyncResolver-bootstrap-executor-0] INFO  c.n.d.s.r.aws.ConfigClusterResolver - Resolving eureka endpoints via configuration
07:52:42.448 logback [AsyncResolver-bootstrap-executor-0] INFO  c.n.d.s.r.aws.ConfigClusterResolver - Resolving eureka endpoints via configuration
07:57:42.449 logback [AsyncResolver-bootstrap-executor-0] INFO  c.n.d.s.r.aws.ConfigClusterResolver - Resolving eureka endpoints via configuration
08:02:42.450 logback [AsyncResolver-bootstrap-executor-0] INFO  c.n.d.s.r.aws.ConfigClusterResolver - Resolving eureka endpoints via configuration
08:07:42.451 logback [AsyncResolver-bootstrap-executor-0] INFO  c.n.d.s.r.aws.ConfigClusterResolver - Resolving eureka endpoints via configuration
08:12:42.452 logback [AsyncResolver-bootstrap-executor-0] INFO  c.n.d.s.r.aws.ConfigClusterResolver - Resolving eureka endpoints via configuration
08:17:42.454 logback [AsyncResolver-bootstrap-executor-0] INFO  c.n.d.s.r.aws.ConfigClusterResolver - Resolving eureka endpoints via configuration
08:22:42.456 logback [AsyncResolver-bootstrap-executor-0] INFO  c.n.d.s.r.aws.ConfigClusterResolver - Resolving eureka endpoints via configuration
08:27:42.457 logback [AsyncResolver-bootstrap-executor-0] INFO  c.n.d.s.r.aws.ConfigClusterResolver - Resolving eureka endpoints via configuration
08:32:42.458 logback [AsyncResolver-bootstrap-executor-0] INFO  c.n.d.s.r.aws.ConfigClusterResolver - Resolving eureka endpoints via configuration
08:37:42.459 logback [AsyncResolver-bootstrap-executor-0] INFO  c.n.d.s.r.aws.ConfigClusterResolver - Resolving eureka endpoints via configuration
08:42:42.459 logback [AsyncResolver-bootstrap-executor-0] INFO  c.n.d.s.r.aws.ConfigClusterResolver - Resolving eureka endpoints via configuration
08:47:42.460 logback [AsyncResolver-bootstrap-executor-0] INFO  c.n.d.s.r.aws.ConfigClusterResolver - Resolving eureka endpoints via configuration
08:52:42.460 logback [AsyncResolver-bootstrap-executor-0] INFO  c.n.d.s.r.aws.ConfigClusterResolver - Resolving eureka endpoints via configuration
08:57:42.461 logback [AsyncResolver-bootstrap-executor-0] INFO  c.n.d.s.r.aws.ConfigClusterResolver - Resolving eureka endpoints via configuration
09:02:42.462 logback [AsyncResolver-bootstrap-executor-0] INFO  c.n.d.s.r.aws.ConfigClusterResolver - Resolving eureka endpoints via configuration
09:07:42.464 logback [AsyncResolver-bootstrap-executor-0] INFO  c.n.d.s.r.aws.ConfigClusterResolver - Resolving eureka endpoints via configuration
09:12:42.466 logback [AsyncResolver-bootstrap-executor-0] INFO  c.n.d.s.r.aws.ConfigClusterResolver - Resolving eureka endpoints via configuration
09:17:42.466 logback [AsyncResolver-bootstrap-executor-0] INFO  c.n.d.s.r.aws.ConfigClusterResolver - Resolving eureka endpoints via configuration
09:22:42.467 logback [AsyncResolver-bootstrap-executor-0] INFO  c.n.d.s.r.aws.ConfigClusterResolver - Resolving eureka endpoints via configuration
09:27:42.468 logback [AsyncResolver-bootstrap-executor-0] INFO  c.n.d.s.r.aws.ConfigClusterResolver - Resolving eureka endpoints via configuration
09:32:42.469 logback [AsyncResolver-bootstrap-executor-0] INFO  c.n.d.s.r.aws.ConfigClusterResolver - Resolving eureka endpoints via configuration
09:37:42.470 logback [AsyncResolver-bootstrap-executor-0] INFO  c.n.d.s.r.aws.ConfigClusterResolver - Resolving eureka endpoints via configuration
09:42:42.470 logback [AsyncResolver-bootstrap-executor-0] INFO  c.n.d.s.r.aws.ConfigClusterResolver - Resolving eureka endpoints via configuration
09:47:42.471 logback [AsyncResolver-bootstrap-executor-0] INFO  c.n.d.s.r.aws.ConfigClusterResolver - Resolving eureka endpoints via configuration
09:52:42.472 logback [AsyncResolver-bootstrap-executor-0] INFO  c.n.d.s.r.aws.ConfigClusterResolver - Resolving eureka endpoints via configuration
09:57:42.473 logback [AsyncResolver-bootstrap-executor-0] INFO  c.n.d.s.r.aws.ConfigClusterResolver - Resolving eureka endpoints via configuration
10:02:42.474 logback [AsyncResolver-bootstrap-executor-0] INFO  c.n.d.s.r.aws.ConfigClusterResolver - Resolving eureka endpoints via configuration
10:07:42.475 logback [AsyncResolver-bootstrap-executor-0] INFO  c.n.d.s.r.aws.ConfigClusterResolver - Resolving eureka endpoints via configuration
10:12:42.476 logback [AsyncResolver-bootstrap-executor-0] INFO  c.n.d.s.r.aws.ConfigClusterResolver - Resolving eureka endpoints via configuration
10:17:42.477 logback [AsyncResolver-bootstrap-executor-0] INFO  c.n.d.s.r.aws.ConfigClusterResolver - Resolving eureka endpoints via configuration
10:22:42.479 logback [AsyncResolver-bootstrap-executor-0] INFO  c.n.d.s.r.aws.ConfigClusterResolver - Resolving eureka endpoints via configuration
10:27:42.481 logback [AsyncResolver-bootstrap-executor-0] INFO  c.n.d.s.r.aws.ConfigClusterResolver - Resolving eureka endpoints via configuration
10:32:42.483 logback [AsyncResolver-bootstrap-executor-0] INFO  c.n.d.s.r.aws.ConfigClusterResolver - Resolving eureka endpoints via configuration
10:37:42.483 logback [AsyncResolver-bootstrap-executor-0] INFO  c.n.d.s.r.aws.ConfigClusterResolver - Resolving eureka endpoints via configuration
10:42:42.484 logback [AsyncResolver-bootstrap-executor-0] INFO  c.n.d.s.r.aws.ConfigClusterResolver - Resolving eureka endpoints via configuration
10:47:42.485 logback [AsyncResolver-bootstrap-executor-0] INFO  c.n.d.s.r.aws.ConfigClusterResolver - Resolving eureka endpoints via configuration
10:52:42.486 logback [AsyncResolver-bootstrap-executor-0] INFO  c.n.d.s.r.aws.ConfigClusterResolver - Resolving eureka endpoints via configuration
10:57:42.506 logback [AsyncResolver-bootstrap-executor-0] INFO  c.n.d.s.r.aws.ConfigClusterResolver - Resolving eureka endpoints via configuration
11:02:42.513 logback [AsyncResolver-bootstrap-executor-0] INFO  c.n.d.s.r.aws.ConfigClusterResolver - Resolving eureka endpoints via configuration
11:07:42.515 logback [AsyncResolver-bootstrap-executor-0] INFO  c.n.d.s.r.aws.ConfigClusterResolver - Resolving eureka endpoints via configuration
11:12:42.516 logback [AsyncResolver-bootstrap-executor-0] INFO  c.n.d.s.r.aws.ConfigClusterResolver - Resolving eureka endpoints via configuration
11:17:42.518 logback [AsyncResolver-bootstrap-executor-0] INFO  c.n.d.s.r.aws.ConfigClusterResolver - Resolving eureka endpoints via configuration
11:22:42.519 logback [AsyncResolver-bootstrap-executor-0] INFO  c.n.d.s.r.aws.ConfigClusterResolver - Resolving eureka endpoints via configuration
11:27:42.520 logback [AsyncResolver-bootstrap-executor-0] INFO  c.n.d.s.r.aws.ConfigClusterResolver - Resolving eureka endpoints via configuration
11:32:42.521 logback [AsyncResolver-bootstrap-executor-0] INFO  c.n.d.s.r.aws.ConfigClusterResolver - Resolving eureka endpoints via configuration
11:37:42.522 logback [AsyncResolver-bootstrap-executor-0] INFO  c.n.d.s.r.aws.ConfigClusterResolver - Resolving eureka endpoints via configuration
11:42:42.523 logback [AsyncResolver-bootstrap-executor-0] INFO  c.n.d.s.r.aws.ConfigClusterResolver - Resolving eureka endpoints via configuration
11:47:42.525 logback [AsyncResolver-bootstrap-executor-0] INFO  c.n.d.s.r.aws.ConfigClusterResolver - Resolving eureka endpoints via configuration
11:52:42.527 logback [AsyncResolver-bootstrap-executor-0] INFO  c.n.d.s.r.aws.ConfigClusterResolver - Resolving eureka endpoints via configuration
11:57:42.529 logback [AsyncResolver-bootstrap-executor-0] INFO  c.n.d.s.r.aws.ConfigClusterResolver - Resolving eureka endpoints via configuration
11:59:03.747 logback [restartedMain] INFO  o.s.c.a.AnnotationConfigApplicationContext - Refreshing org.springframework.context.annotation.AnnotationConfigApplicationContext@58aeda12: startup date [Fri Mar 30 11:59:03 CST 2018]; root of context hierarchy
11:59:03.940 logback [background-preinit] INFO  o.h.validator.internal.util.Version - HV000001: Hibernate Validator 5.2.4.Final
11:59:04.235 logback [restartedMain] INFO  o.s.b.f.a.AutowiredAnnotationBeanPostProcessor - JSR-330 'javax.inject.Inject' annotation found and supported for autowiring
11:59:04.291 logback [restartedMain] INFO  o.s.c.s.PostProcessorRegistrationDelegate$BeanPostProcessorChecker - Bean 'configurationPropertiesRebinderAutoConfiguration' of type [class org.springframework.cloud.autoconfigure.ConfigurationPropertiesRebinderAutoConfiguration$$EnhancerBySpringCGLIB$$8e608e92] is not eligible for getting processed by all BeanPostProcessors (for example: not eligible for auto-proxying)
11:59:05.514 logback [restartedMain] INFO  s.jiayibilin.wechat.WxMsApplication - No active profile set, falling back to default profiles: default
11:59:05.544 logback [restartedMain] INFO  o.s.b.c.e.AnnotationConfigEmbeddedWebApplicationContext - Refreshing org.springframework.boot.context.embedded.AnnotationConfigEmbeddedWebApplicationContext@68050c54: startup date [Fri Mar 30 11:59:05 CST 2018]; parent: org.springframework.context.annotation.AnnotationConfigApplicationContext@58aeda12
11:59:11.822 logback [restartedMain] INFO  o.s.cloud.context.scope.GenericScope - BeanFactory id=dc21b156-8927-3490-ae4b-8e1344e85e05
11:59:11.838 logback [restartedMain] INFO  o.s.b.f.a.AutowiredAnnotationBeanPostProcessor - JSR-330 'javax.inject.Inject' annotation found and supported for autowiring
11:59:11.899 logback [restartedMain] INFO  o.s.c.s.PostProcessorRegistrationDelegate$BeanPostProcessorChecker - Bean 'org.springframework.cloud.netflix.metrics.MetricsInterceptorConfiguration$MetricsRestTemplateConfiguration' of type [class org.springframework.cloud.netflix.metrics.MetricsInterceptorConfiguration$MetricsRestTemplateConfiguration$$EnhancerBySpringCGLIB$$a47331d6] is not eligible for getting processed by all BeanPostProcessors (for example: not eligible for auto-proxying)
11:59:11.911 logback [restartedMain] INFO  o.s.c.s.PostProcessorRegistrationDelegate$BeanPostProcessorChecker - Bean 'org.springframework.cloud.autoconfigure.ConfigurationPropertiesRebinderAutoConfiguration' of type [class org.springframework.cloud.autoconfigure.ConfigurationPropertiesRebinderAutoConfiguration$$EnhancerBySpringCGLIB$$8e608e92] is not eligible for getting processed by all BeanPostProcessors (for example: not eligible for auto-proxying)
11:59:12.797 logback [restartedMain] INFO  o.s.b.c.e.t.TomcatEmbeddedServletContainer - Tomcat initialized with port(s): 1701 (http)
11:59:12.816 logback [restartedMain] INFO  o.a.catalina.core.StandardService - Starting service Tomcat
11:59:12.818 logback [restartedMain] INFO  o.a.catalina.core.StandardEngine - Starting Servlet Engine: Apache Tomcat/8.5.5
11:59:13.086 logback [localhost-startStop-1] INFO  o.a.c.c.C.[Tomcat].[localhost].[/] - Initializing Spring embedded WebApplicationContext
11:59:13.087 logback [localhost-startStop-1] INFO  o.s.web.context.ContextLoader - Root WebApplicationContext: initialization completed in 7543 ms
11:59:13.780 logback [localhost-startStop-1] INFO  o.s.b.w.s.ServletRegistrationBean - Mapping servlet: 'dispatcherServlet' to [/]
11:59:13.790 logback [localhost-startStop-1] INFO  o.s.b.w.s.FilterRegistrationBean - Mapping filter: 'metricsFilter' to: [/*]
11:59:13.791 logback [localhost-startStop-1] INFO  o.s.b.w.s.FilterRegistrationBean - Mapping filter: 'characterEncodingFilter' to: [/*]
11:59:13.791 logback [localhost-startStop-1] INFO  o.s.b.w.s.FilterRegistrationBean - Mapping filter: 'hiddenHttpMethodFilter' to: [/*]
11:59:13.792 logback [localhost-startStop-1] INFO  o.s.b.w.s.FilterRegistrationBean - Mapping filter: 'httpPutFormContentFilter' to: [/*]
11:59:13.792 logback [localhost-startStop-1] INFO  o.s.b.w.s.FilterRegistrationBean - Mapping filter: 'requestContextFilter' to: [/*]
11:59:13.792 logback [localhost-startStop-1] INFO  o.s.b.w.s.FilterRegistrationBean - Mapping filter: 'webRequestLoggingFilter' to: [/*]
11:59:13.792 logback [localhost-startStop-1] INFO  o.s.b.w.s.FilterRegistrationBean - Mapping filter: 'applicationContextIdFilter' to: [/*]
11:59:14.036 logback [restartedMain] INFO  o.s.c.a.AnnotationConfigApplicationContext - Refreshing org.springframework.context.annotation.AnnotationConfigApplicationContext@3f8d0760: startup date [Fri Mar 30 11:59:14 GMT+08:00 2018]; parent: org.springframework.boot.context.embedded.AnnotationConfigEmbeddedWebApplicationContext@68050c54
11:59:14.093 logback [restartedMain] INFO  o.s.b.f.a.AutowiredAnnotationBeanPostProcessor - JSR-330 'javax.inject.Inject' annotation found and supported for autowiring
11:59:16.823 logback [restartedMain] INFO  o.s.w.s.m.m.a.RequestMappingHandlerAdapter - Looking for @ControllerAdvice: org.springframework.boot.context.embedded.AnnotationConfigEmbeddedWebApplicationContext@68050c54: startup date [Fri Mar 30 11:59:05 GMT+08:00 2018]; parent: org.springframework.context.annotation.AnnotationConfigApplicationContext@58aeda12
11:59:17.006 logback [restartedMain] INFO  o.s.w.s.m.m.a.RequestMappingHandlerMapping - Mapped "{[/doctor/groupsending],methods=[POST]}" onto public scut.jiayibilin.wechat.entity.JsonResult scut.jiayibilin.wechat.controller.feign.mysql.doctor.DoctorInfoController.doctorGroupSending(scut.jiayibilin.wechat.entity.DoctorGroupSendingEntity)
11:59:17.009 logback [restartedMain] INFO  o.s.w.s.m.m.a.RequestMappingHandlerMapping - Mapped "{[/doctor/getlist],methods=[GET]}" onto public scut.jiayibilin.wechat.entity.JsonResult scut.jiayibilin.wechat.controller.feign.mysql.doctor.DoctorInfoController.GetDoctorList()
11:59:17.009 logback [restartedMain] INFO  o.s.w.s.m.m.a.RequestMappingHandlerMapping - Mapped "{[/doctor/get],methods=[GET]}" onto public scut.jiayibilin.wechat.entity.JsonResult scut.jiayibilin.wechat.controller.feign.mysql.doctor.DoctorInfoController.GetDoctor(java.lang.String)
11:59:17.009 logback [restartedMain] INFO  o.s.w.s.m.m.a.RequestMappingHandlerMapping - Mapped "{[/doctor/service/get],methods=[GET]}" onto public scut.jiayibilin.wechat.entity.JsonResult scut.jiayibilin.wechat.controller.feign.mysql.doctor.DoctorInfoController.GetService(java.lang.String)
11:59:17.015 logback [restartedMain] INFO  o.s.w.s.m.m.a.RequestMappingHandlerMapping - Mapped "{[/healthmanage/definemessage/unread/getnumber],methods=[GET]}" onto public scut.jiayibilin.wechat.entity.JsonResult scut.jiayibilin.wechat.controller.feign.mysql.healthmanage.HealthManageController.getDefineMsgNumber(java.lang.String)
11:59:17.017 logback [restartedMain] INFO  o.s.w.s.m.m.a.RequestMappingHandlerMapping - Mapped "{[/healthmanage/healthcheck/get],methods=[GET]}" onto public scut.jiayibilin.wechat.entity.JsonResult scut.jiayibilin.wechat.controller.feign.mysql.healthmanage.HealthManageController.GetHealthCheckTable(java.lang.String)
11:59:17.017 logback [restartedMain] INFO  o.s.w.s.m.m.a.RequestMappingHandlerMapping - Mapped "{[/healthmanage/definemessage/setread],methods=[POST]}" onto public scut.jiayibilin.wechat.entity.JsonResult scut.jiayibilin.wechat.controller.feign.mysql.healthmanage.HealthManageController.setDefineMsgReaded(int)
11:59:17.017 logback [restartedMain] INFO  o.s.w.s.m.m.a.RequestMappingHandlerMapping - Mapped "{[/healthmanage/report/getbycount],methods=[GET]}" onto public scut.jiayibilin.wechat.entity.JsonResult scut.jiayibilin.wechat.controller.feign.mysql.healthmanage.HealthManageController.GetReportBycount(java.lang.String,int)
11:59:17.018 logback [restartedMain] INFO  o.s.w.s.m.m.a.RequestMappingHandlerMapping - Mapped "{[/healthmanage/definemessage],methods=[POST]}" onto public scut.jiayibilin.wechat.entity.JsonResult scut.jiayibilin.wechat.controller.feign.mysql.healthmanage.HealthManageController.defineMessage(scut.jiayibilin.wechat.entity.DefinitionMessageEntity)
11:59:17.019 logback [restartedMain] INFO  o.s.w.s.m.m.a.RequestMappingHandlerMapping - Mapped "{[/healthmanage/definemessage/delete],methods=[POST]}" onto public scut.jiayibilin.wechat.entity.JsonResult scut.jiayibilin.wechat.controller.feign.mysql.healthmanage.HealthManageController.deleteDefineMsg(int)
11:59:17.019 logback [restartedMain] INFO  o.s.w.s.m.m.a.RequestMappingHandlerMapping - Mapped "{[/healthmanage/definemessage/getbyid],methods=[GET]}" onto public scut.jiayibilin.wechat.entity.JsonResult scut.jiayibilin.wechat.controller.feign.mysql.healthmanage.HealthManageController.getDefineMsgById(int)
11:59:17.019 logback [restartedMain] INFO  o.s.w.s.m.m.a.RequestMappingHandlerMapping - Mapped "{[/healthmanage/messageremind],methods=[POST]}" onto public scut.jiayibilin.wechat.entity.JsonResult scut.jiayibilin.wechat.controller.feign.mysql.healthmanage.HealthManageController.messageRemind(scut.jiayibilin.wechat.entity.MessageRemindEntity)
11:59:17.020 logback [restartedMain] INFO  o.s.w.s.m.m.a.RequestMappingHandlerMapping - Mapped "{[/healthmanage/bloodcheck/find],methods=[GET]}" onto public scut.jiayibilin.wechat.entity.JsonResult scut.jiayibilin.wechat.controller.feign.mysql.healthmanage.HealthManageController.Findblood(java.lang.String)
11:59:17.020 logback [restartedMain] INFO  o.s.w.s.m.m.a.RequestMappingHandlerMapping - Mapped "{[/healthmanage/messageremind/getbyid],methods=[GET]}" onto public scut.jiayibilin.wechat.entity.JsonResult scut.jiayibilin.wechat.controller.feign.mysql.healthmanage.HealthManageController.GetMessagebyid(int)
11:59:17.021 logback [restartedMain] INFO  o.s.w.s.m.m.a.RequestMappingHandlerMapping - Mapped "{[/healthmanage/report/getall],methods=[GET]}" onto public scut.jiayibilin.wechat.entity.JsonResult scut.jiayibilin.wechat.controller.feign.mysql.healthmanage.HealthManageController.GetAllReport(java.lang.String)
11:59:17.021 logback [restartedMain] INFO  o.s.w.s.m.m.a.RequestMappingHandlerMapping - Mapped "{[/healthmanage/report/generate],methods=[POST]}" onto public scut.jiayibilin.wechat.entity.JsonResult scut.jiayibilin.wechat.controller.feign.mysql.healthmanage.HealthManageController.GenerateReport(java.lang.String)
11:59:17.024 logback [restartedMain] INFO  o.s.w.s.m.m.a.RequestMappingHandlerMapping - Mapped "{[/healthmanage/biologycheck/saveorupdate],methods=[POST]}" onto public scut.jiayibilin.wechat.entity.JsonResult scut.jiayibilin.wechat.controller.feign.mysql.healthmanage.HealthManageController.SaveBiologyCheck(javax.servlet.http.HttpServletRequest)
11:59:17.025 logback [restartedMain] INFO  o.s.w.s.m.m.a.RequestMappingHandlerMapping - Mapped "{[/healthmanage/bloodcheck/saveorupdate],methods=[POST]}" onto public scut.jiayibilin.wechat.entity.JsonResult scut.jiayibilin.wechat.controller.feign.mysql.healthmanage.HealthManageController.SaveBloodCheck(javax.servlet.http.HttpServletRequest)
11:59:17.025 logback [restartedMain] INFO  o.s.w.s.m.m.a.RequestMappingHandlerMapping - Mapped "{[/healthmanage/cardiograph/delete],methods=[POST]}" onto public scut.jiayibilin.wechat.entity.JsonResult scut.jiayibilin.wechat.controller.feign.mysql.healthmanage.HealthManageController.deleteCardiogram(java.lang.Integer)
11:59:17.025 logback [restartedMain] INFO  o.s.w.s.m.m.a.RequestMappingHandlerMapping - Mapped "{[/healthmanage/biologycheck/get],methods=[GET]}" onto public scut.jiayibilin.wechat.entity.JsonResult scut.jiayibilin.wechat.controller.feign.mysql.healthmanage.HealthManageController.GetBiologyCheck(java.lang.String)
11:59:17.025 logback [restartedMain] INFO  o.s.w.s.m.m.a.RequestMappingHandlerMapping - Mapped "{[/healthmanage/cardiogram/save],methods=[POST]}" onto public scut.jiayibilin.wechat.entity.JsonResult scut.jiayibilin.wechat.controller.feign.mysql.healthmanage.HealthManageController.SaveCardiogram(javax.servlet.http.HttpServletRequest)
11:59:17.026 logback [restartedMain] INFO  o.s.w.s.m.m.a.RequestMappingHandlerMapping - Mapped "{[/healthmanage/report/getnewest],methods=[GET]}" onto public scut.jiayibilin.wechat.entity.JsonResult scut.jiayibilin.wechat.controller.feign.mysql.healthmanage.HealthManageController.GetNewestReport(java.lang.String)
11:59:17.027 logback [restartedMain] INFO  o.s.w.s.m.m.a.RequestMappingHandlerMapping - Mapped "{[/healthmanage/bloodcheck/get],methods=[GET]}" onto public scut.jiayibilin.wechat.entity.JsonResult scut.jiayibilin.wechat.controller.feign.mysql.healthmanage.HealthManageController.FindBloodHistory(java.lang.String,java.lang.String,java.lang.String)
11:59:17.027 logback [restartedMain] INFO  o.s.w.s.m.m.a.RequestMappingHandlerMapping - Mapped "{[/healthmanage/healthcheck/saveorupdate],methods=[POST]}" onto public scut.jiayibilin.wechat.entity.JsonResult scut.jiayibilin.wechat.controller.feign.mysql.healthmanage.HealthManageController.SaveHealthCheck(javax.servlet.http.HttpServletRequest)
11:59:17.027 logback [restartedMain] INFO  o.s.w.s.m.m.a.RequestMappingHandlerMapping - Mapped "{[/healthmanage/cardiograph/get],methods=[GET]}" onto public scut.jiayibilin.wechat.entity.JsonResult scut.jiayibilin.wechat.controller.feign.mysql.healthmanage.HealthManageController.GetCardiograph(java.lang.String)
11:59:17.028 logback [restartedMain] INFO  o.s.w.s.m.m.a.RequestMappingHandlerMapping - Mapped "{[/healthmanage/report/getnumber],methods=[GET]}" onto public scut.jiayibilin.wechat.entity.JsonResult scut.jiayibilin.wechat.controller.feign.mysql.healthmanage.HealthManageController.GetReportNumber()
11:59:17.028 logback [restartedMain] INFO  o.s.w.s.m.m.a.RequestMappingHandlerMapping - Mapped "{[/healthmanage/messageremind/getunread],methods=[GET]}" onto public scut.jiayibilin.wechat.entity.JsonResult scut.jiayibilin.wechat.controller.feign.mysql.healthmanage.HealthManageController.GetMessage(java.lang.String)
11:59:17.029 logback [restartedMain] INFO  o.s.w.s.m.m.a.RequestMappingHandlerMapping - Mapped "{[/healthmanage/definemessage/get],methods=[GET]}" onto public scut.jiayibilin.wechat.entity.JsonResult scut.jiayibilin.wechat.controller.feign.mysql.healthmanage.HealthManageController.getDefineMsg(java.lang.String)
11:59:17.029 logback [restartedMain] INFO  o.s.w.s.m.m.a.RequestMappingHandlerMapping - Mapped "{[/healthmanage/messageremind/setread],methods=[POST]}" onto public scut.jiayibilin.wechat.entity.JsonResult scut.jiayibilin.wechat.controller.feign.mysql.healthmanage.HealthManageController.setMessageReaded(int)
11:59:17.029 logback [restartedMain] INFO  o.s.w.s.m.m.a.RequestMappingHandlerMapping - Mapped "{[/healthmanage/messageremind/unread/getnumber],methods=[GET]}" onto public scut.jiayibilin.wechat.entity.JsonResult scut.jiayibilin.wechat.controller.feign.mysql.healthmanage.HealthManageController.GetMessageNumber(java.lang.String)
11:59:17.033 logback [restartedMain] INFO  o.s.w.s.m.m.a.RequestMappingHandlerMapping - Mapped "{[/patientinfo/evaluate],methods=[POST]}" onto public scut.jiayibilin.wechat.entity.JsonResult scut.jiayibilin.wechat.controller.feign.mysql.patient.PatientInfoController.evaluate(scut.jiayibilin.wechat.entity.EvaluationEntity)
11:59:17.033 logback [restartedMain] INFO  o.s.w.s.m.m.a.RequestMappingHandlerMapping - Mapped "{[/patientinfo/groupreceiving/list],methods=[GET]}" onto public scut.jiayibilin.wechat.entity.JsonResult scut.jiayibilin.wechat.controller.feign.mysql.patient.PatientInfoController.getPatientGroupReceiving(java.lang.String)
11:59:17.034 logback [restartedMain] INFO  o.s.w.s.m.m.a.RequestMappingHandlerMapping - Mapped "{[/patientinfo/groupreceiving/get],methods=[GET]}" onto public scut.jiayibilin.wechat.entity.JsonResult scut.jiayibilin.wechat.controller.feign.mysql.patient.PatientInfoController.getPatientGroupReceiving(int)
11:59:17.034 logback [restartedMain] INFO  o.s.w.s.m.m.a.RequestMappingHandlerMapping - Mapped "{[/patientinfo/messageboard/getone],methods=[GET]}" onto public scut.jiayibilin.wechat.entity.JsonResult scut.jiayibilin.wechat.controller.feign.mysql.patient.PatientInfoController.getOneMessageBoard(int)
11:59:17.034 logback [restartedMain] INFO  o.s.w.s.m.m.a.RequestMappingHandlerMapping - Mapped "{[/patientinfo/groupreceiving/delete],methods=[POST]}" onto public scut.jiayibilin.wechat.entity.JsonResult scut.jiayibilin.wechat.controller.feign.mysql.patient.PatientInfoController.deletePatientGroupReceiving(int)
11:59:17.035 logback [restartedMain] INFO  o.s.w.s.m.m.a.RequestMappingHandlerMapping - Mapped "{[/patientinfo/groupreceiving/unread],methods=[GET]}" onto public scut.jiayibilin.wechat.entity.JsonResult scut.jiayibilin.wechat.controller.feign.mysql.patient.PatientInfoController.getGroupReceivingUnread(java.lang.String)
11:59:17.035 logback [restartedMain] INFO  o.s.w.s.m.m.a.RequestMappingHandlerMapping - Mapped "{[/patientinfo/messageboard/patientdelete],methods=[POST]}" onto public scut.jiayibilin.wechat.entity.JsonResult scut.jiayibilin.wechat.controller.feign.mysql.patient.PatientInfoController.deleteOneMessageBoard(int)
11:59:17.036 logback [restartedMain] INFO  o.s.w.s.m.m.a.RequestMappingHandlerMapping - Mapped "{[/patientinfo/groupreceiving/setread],methods=[POST]}" onto public scut.jiayibilin.wechat.entity.JsonResult scut.jiayibilin.wechat.controller.feign.mysql.patient.PatientInfoController.setPatientGroupReceivingRead(int)
11:59:17.036 logback [restartedMain] INFO  o.s.w.s.m.m.a.RequestMappingHandlerMapping - Mapped "{[/patientinfo/messageboard/getnewestmessagwe],methods=[GET]}" onto public scut.jiayibilin.wechat.entity.JsonResult scut.jiayibilin.wechat.controller.feign.mysql.patient.PatientInfoController.getMessageBoardNewest(java.lang.String)
11:59:17.036 logback [restartedMain] INFO  o.s.w.s.m.m.a.RequestMappingHandlerMapping - Mapped "{[/patientinfo/update],methods=[POST]}" onto public scut.jiayibilin.wechat.entity.JsonResult scut.jiayibilin.wechat.controller.feign.mysql.patient.PatientInfoController.patientupdate(javax.servlet.http.HttpServletRequest)
11:59:17.036 logback [restartedMain] INFO  o.s.w.s.m.m.a.RequestMappingHandlerMapping - Mapped "{[/patientinfo/service/buy],methods=[POST]}" onto public scut.jiayibilin.wechat.entity.JsonResult scut.jiayibilin.wechat.controller.feign.mysql.patient.PatientInfoController.buyservice(java.lang.String,java.lang.String,java.lang.String)
11:59:17.037 logback [restartedMain] INFO  o.s.w.s.m.m.a.RequestMappingHandlerMapping - Mapped "{[/patientinfo/save],methods=[POST]}" onto public scut.jiayibilin.wechat.entity.JsonResult scut.jiayibilin.wechat.controller.feign.mysql.patient.PatientInfoController.patientsave(javax.servlet.http.HttpServletRequest)
11:59:17.037 logback [restartedMain] INFO  o.s.w.s.m.m.a.RequestMappingHandlerMapping - Mapped "{[/patientinfo/get],methods=[GET]}" onto public scut.jiayibilin.wechat.entity.JsonResult scut.jiayibilin.wechat.controller.feign.mysql.patient.PatientInfoController.patientinfo(java.lang.String)
11:59:17.037 logback [restartedMain] INFO  o.s.w.s.m.m.a.RequestMappingHandlerMapping - Mapped "{[/patientinfo/doctor/get],methods=[GET]}" onto public scut.jiayibilin.wechat.entity.JsonResult scut.jiayibilin.wechat.controller.feign.mysql.patient.PatientInfoController.getmydoctor(java.lang.String)
11:59:17.038 logback [restartedMain] INFO  o.s.w.s.m.m.a.RequestMappingHandlerMapping - Mapped "{[/patientinfo/service/get],methods=[GET]}" onto public scut.jiayibilin.wechat.entity.JsonResult scut.jiayibilin.wechat.controller.feign.mysql.patient.PatientInfoController.getmyservice(java.lang.String)
11:59:17.038 logback [restartedMain] INFO  o.s.w.s.m.m.a.RequestMappingHandlerMapping - Mapped "{[/patientinfo/service/getbylist],methods=[GET]}" onto public scut.jiayibilin.wechat.entity.JsonResult scut.jiayibilin.wechat.controller.feign.mysql.patient.PatientInfoController.getservice(java.lang.String)
11:59:17.039 logback [restartedMain] INFO  o.s.w.s.m.m.a.RequestMappingHandlerMapping - Mapped "{[/patientinfo/service/buyagain],methods=[POST]}" onto public scut.jiayibilin.wechat.entity.JsonResult scut.jiayibilin.wechat.controller.feign.mysql.patient.PatientInfoController.buyserviceagain(java.lang.String,java.lang.String,java.lang.String)
11:59:17.039 logback [restartedMain] INFO  o.s.w.s.m.m.a.RequestMappingHandlerMapping - Mapped "{[/patientinfo/messageboard/set],methods=[POST]}" onto public scut.jiayibilin.wechat.entity.JsonResult scut.jiayibilin.wechat.controller.feign.mysql.patient.PatientInfoController.setMessageBoard(scut.jiayibilin.wechat.entity.MessageBoardEntity)
11:59:17.039 logback [restartedMain] INFO  o.s.w.s.m.m.a.RequestMappingHandlerMapping - Mapped "{[/patientinfo/contact/suggest],methods=[POST]}" onto public scut.jiayibilin.wechat.entity.JsonResult scut.jiayibilin.wechat.controller.feign.mysql.patient.PatientInfoController.contact_sug(scut.jiayibilin.wechat.entity.SuggestionEntity)
11:59:17.039 logback [restartedMain] INFO  o.s.w.s.m.m.a.RequestMappingHandlerMapping - Mapped "{[/patientinfo/messageremind/getunread],methods=[GET]}" onto public scut.jiayibilin.wechat.entity.JsonResult scut.jiayibilin.wechat.controller.feign.mysql.patient.PatientInfoController.GetMessage(java.lang.String)
11:59:17.041 logback [restartedMain] INFO  o.s.w.s.m.m.a.RequestMappingHandlerMapping - Mapped "{[/aliyun/qrcode/get],methods=[GET]}" onto public scut.jiayibilin.wechat.entity.JsonResult scut.jiayibilin.wechat.controller.feign.mysql.qrcode.AliyunOssController.getdoctorqrcodeurl(java.lang.String)
11:59:17.041 logback [restartedMain] INFO  o.s.w.s.m.m.a.RequestMappingHandlerMapping - Mapped "{[/aliyun/qrcode/create]}" onto public scut.jiayibilin.wechat.entity.JsonResult scut.jiayibilin.wechat.controller.feign.mysql.qrcode.AliyunOssController.qrCodeCreateLogo(java.lang.String) throws me.chanjar.weixin.common.exception.WxErrorException,scut.jiayibilin.wechat.entity.QRParamsException,java.io.IOException
11:59:17.042 logback [restartedMain] INFO  o.s.w.s.m.m.a.RequestMappingHandlerMapping - Mapped "{[/qrcode/doctor/{phone}]}" onto public java.lang.String scut.jiayibilin.wechat.controller.view.DoctorViewController.qrcode(javax.servlet.http.HttpServletRequest,java.lang.String)
11:59:17.042 logback [restartedMain] INFO  o.s.w.s.m.m.a.RequestMappingHandlerMapping - Mapped "{[/mydoctor]}" onto public java.lang.String scut.jiayibilin.wechat.controller.view.DoctorViewController.mydoctor(javax.servlet.http.HttpServletRequest,org.springframework.ui.Model)
11:59:17.043 logback [restartedMain] INFO  o.s.w.s.m.m.a.RequestMappingHandlerMapping - Mapped "{[/view/patient]}" onto public java.lang.String scut.jiayibilin.wechat.controller.view.MainViewController.patientinfo(javax.servlet.http.HttpServletRequest)
11:59:17.044 logback [restartedMain] INFO  o.s.w.s.m.m.a.RequestMappingHandlerMapping - Mapped "{[/view/healthmanage]}" onto public java.lang.String scut.jiayibilin.wechat.controller.view.MainViewController.healthservice(javax.servlet.http.HttpServletRequest)
11:59:17.044 logback [restartedMain] INFO  o.s.w.s.m.m.a.RequestMappingHandlerMapping - Mapped "{[/view/about]}" onto public java.lang.String scut.jiayibilin.wechat.controller.view.MainViewController.about()
11:59:17.044 logback [restartedMain] INFO  o.s.w.s.m.m.a.RequestMappingHandlerMapping - Mapped "{[/view/contactus]}" onto public java.lang.String scut.jiayibilin.wechat.controller.view.MainViewController.contactus(javax.servlet.http.HttpServletRequest)
11:59:17.044 logback [restartedMain] INFO  o.s.w.s.m.m.a.RequestMappingHandlerMapping - Mapped "{[/view/doctorlist]}" onto public java.lang.String scut.jiayibilin.wechat.controller.view.MainViewController.doctorlist(javax.servlet.http.HttpServletRequest)
11:59:17.048 logback [restartedMain] INFO  o.s.w.s.m.m.a.RequestMappingHandlerMapping - Mapped "{[/wechat/main],methods=[POST],produces=[application/xml;charset=UTF-8]}" onto public java.lang.String scut.jiayibilin.wechat.controller.wechat.WechatController.post(java.lang.String,java.lang.String,java.lang.String,java.lang.String,java.lang.String,java.lang.String)
11:59:17.048 logback [restartedMain] INFO  o.s.w.s.m.m.a.RequestMappingHandlerMapping - Mapped "{[/wechat/main],methods=[GET],produces=[text/plain;charset=utf-8]}" onto public java.lang.String scut.jiayibilin.wechat.controller.wechat.WechatController.authGet(java.lang.String,java.lang.String,java.lang.String,java.lang.String)
11:59:17.049 logback [restartedMain] INFO  o.s.w.s.m.m.a.RequestMappingHandlerMapping - Mapped "{[/error],produces=[text/html]}" onto public java.lang.String scut.jiayibilin.wechat.controller.wechat.WxErrorController.errorHtml(javax.servlet.http.HttpServletRequest)
11:59:17.053 logback [restartedMain] INFO  o.s.w.s.m.m.a.RequestMappingHandlerMapping - Mapped "{[/wechat/menu/menuTryMatch/{userid}],methods=[GET]}" onto public me.chanjar.weixin.common.bean.menu.WxMenu scut.jiayibilin.wechat.controller.wechat.WxMenuController.menuTryMatch(java.lang.String) throws me.chanjar.weixin.common.exception.WxErrorException
11:59:17.053 logback [restartedMain] INFO  o.s.w.s.m.m.a.RequestMappingHandlerMapping - Mapped "{[/wechat/menu/getSelfMenuInfo],methods=[GET]}" onto public me.chanjar.weixin.mp.bean.menu.WxMpGetSelfMenuInfoResult scut.jiayibilin.wechat.controller.wechat.WxMenuController.getSelfMenuInfo() throws me.chanjar.weixin.common.exception.WxErrorException
11:59:17.054 logback [restartedMain] INFO  o.s.w.s.m.m.a.RequestMappingHandlerMapping - Mapped "{[/wechat/menu/get],methods=[GET]}" onto public me.chanjar.weixin.mp.bean.menu.WxMpMenu scut.jiayibilin.wechat.controller.wechat.WxMenuController.menuGet() throws me.chanjar.weixin.common.exception.WxErrorException
11:59:17.054 logback [restartedMain] INFO  o.s.w.s.m.m.a.RequestMappingHandlerMapping - Mapped "{[/wechat/menu/create],methods=[POST]}" onto public java.lang.String scut.jiayibilin.wechat.controller.wechat.WxMenuController.menuCreate(me.chanjar.weixin.common.bean.menu.WxMenu) throws me.chanjar.weixin.common.exception.WxErrorException
11:59:17.054 logback [restartedMain] INFO  o.s.w.s.m.m.a.RequestMappingHandlerMapping - Mapped "{[/wechat/menu/create/{json}],methods=[GET]}" onto public java.lang.String scut.jiayibilin.wechat.controller.wechat.WxMenuController.menuCreate(java.lang.String) throws me.chanjar.weixin.common.exception.WxErrorException
11:59:17.055 logback [restartedMain] INFO  o.s.w.s.m.m.a.RequestMappingHandlerMapping - Mapped "{[/wechat/menu/create],methods=[GET]}" onto public java.lang.String scut.jiayibilin.wechat.controller.wechat.WxMenuController.menuCreateSample() throws me.chanjar.weixin.common.exception.WxErrorException
11:59:17.055 logback [restartedMain] INFO  o.s.w.s.m.m.a.RequestMappingHandlerMapping - Mapped "{[/wechat/menu/delete/{menuId}],methods=[GET]}" onto public void scut.jiayibilin.wechat.controller.wechat.WxMenuController.menuDelete(java.lang.String) throws me.chanjar.weixin.common.exception.WxErrorException
11:59:17.055 logback [restartedMain] INFO  o.s.w.s.m.m.a.RequestMappingHandlerMapping - Mapped "{[/wechat/menu/delete],methods=[GET]}" onto public void scut.jiayibilin.wechat.controller.wechat.WxMenuController.menuDelete() throws me.chanjar.weixin.common.exception.WxErrorException
11:59:17.063 logback [restartedMain] INFO  o.s.w.s.m.m.a.RequestMappingHandlerMapping - Mapped "{[/wechat/templatemsg/getindustry],methods=[GET]}" onto public me.chanjar.weixin.mp.bean.template.WxMpTemplateIndustry scut.jiayibilin.wechat.controller.wechat.WxMpTemplateMsgController.getIndustry() throws me.chanjar.weixin.common.exception.WxErrorException
11:59:17.063 logback [restartedMain] INFO  o.s.w.s.m.m.a.RequestMappingHandlerMapping - Mapped "{[/wechat/templatemsg/setindusttry],methods=[POST]}" onto public boolean scut.jiayibilin.wechat.controller.wechat.WxMpTemplateMsgController.setIndustry(me.chanjar.weixin.mp.bean.template.WxMpTemplateIndustry) throws me.chanjar.weixin.common.exception.WxErrorException
11:59:17.063 logback [restartedMain] INFO  o.s.w.s.m.m.a.RequestMappingHandlerMapping - Mapped "{[/wechat/templatemsg/sendtemplatemsg],methods=[POST]}" onto public java.lang.String scut.jiayibilin.wechat.controller.wechat.WxMpTemplateMsgController.sendTemplateMsg(me.chanjar.weixin.mp.bean.template.WxMpTemplateMessage) throws me.chanjar.weixin.common.exception.WxErrorException
11:59:17.064 logback [restartedMain] INFO  o.s.w.s.m.m.a.RequestMappingHandlerMapping - Mapped "{[/wechat/templatemsg/addtemplate],methods=[POST]}" onto public java.lang.String scut.jiayibilin.wechat.controller.wechat.WxMpTemplateMsgController.addTemplate(java.lang.String) throws me.chanjar.weixin.common.exception.WxErrorException
11:59:17.064 logback [restartedMain] INFO  o.s.w.s.m.m.a.RequestMappingHandlerMapping - Mapped "{[/wechat/templatemsg/delprivatetemplate],methods=[POST]}" onto public boolean scut.jiayibilin.wechat.controller.wechat.WxMpTemplateMsgController.delPrivateTemplate(java.lang.String) throws me.chanjar.weixin.common.exception.WxErrorException
11:59:17.064 logback [restartedMain] INFO  o.s.w.s.m.m.a.RequestMappingHandlerMapping - Mapped "{[/wechat/templatemsg/getallprivatetemplate],methods=[GET]}" onto public java.util.List<me.chanjar.weixin.mp.bean.template.WxMpTemplate> scut.jiayibilin.wechat.controller.wechat.WxMpTemplateMsgController.getAllPrivateTemplate() throws me.chanjar.weixin.common.exception.WxErrorException
11:59:17.067 logback [restartedMain] INFO  o.s.w.s.m.m.a.RequestMappingHandlerMapping - Mapped "{[/wechat/auth/gettoken],methods=[GET]}" onto me.chanjar.weixin.mp.bean.result.WxMpOAuth2AccessToken scut.jiayibilin.wechat.controller.wechat.WxOAuth2Controller.oauth2getAccessToken(java.lang.String) throws me.chanjar.weixin.common.exception.WxErrorException
11:59:17.067 logback [restartedMain] INFO  o.s.w.s.m.m.a.RequestMappingHandlerMapping - Mapped "{[/wechat/auth/refreshtoken],methods=[POST]}" onto me.chanjar.weixin.mp.bean.result.WxMpOAuth2AccessToken scut.jiayibilin.wechat.controller.wechat.WxOAuth2Controller.oauth2refreshAccessToken(java.lang.String) throws me.chanjar.weixin.common.exception.WxErrorException
11:59:17.067 logback [restartedMain] INFO  o.s.w.s.m.m.a.RequestMappingHandlerMapping - Mapped "{[/wechat/auth/validatetoken],methods=[GET]}" onto boolean scut.jiayibilin.wechat.controller.wechat.WxOAuth2Controller.oauth2validateAccessToken(me.chanjar.weixin.mp.bean.result.WxMpOAuth2AccessToken)
11:59:17.067 logback [restartedMain] INFO  o.s.w.s.m.m.a.RequestMappingHandlerMapping - Mapped "{[/wechat/auth/buildurl],methods=[GET]}" onto java.lang.String scut.jiayibilin.wechat.controller.wechat.WxOAuth2Controller.buildQrConnectUrl(java.lang.String,java.lang.String,java.lang.String)
11:59:17.067 logback [restartedMain] INFO  o.s.w.s.m.m.a.RequestMappingHandlerMapping - Mapped "{[/wechat/auth/buildo2url],methods=[GET]}" onto java.lang.String scut.jiayibilin.wechat.controller.wechat.WxOAuth2Controller.oauth2buildAuthorizationUrl(java.lang.String,java.lang.String,java.lang.String)
11:59:17.067 logback [restartedMain] INFO  o.s.w.s.m.m.a.RequestMappingHandlerMapping - Mapped "{[/wechat/auth/getinfo],methods=[GET]}" onto me.chanjar.weixin.mp.bean.result.WxMpUser scut.jiayibilin.wechat.controller.wechat.WxOAuth2Controller.oauth2getUserInfo(me.chanjar.weixin.mp.bean.result.WxMpOAuth2AccessToken,java.lang.String) throws me.chanjar.weixin.common.exception.WxErrorException
11:59:17.071 logback [restartedMain] INFO  o.s.w.s.m.m.a.RequestMappingHandlerMapping - Mapped "{[/wechat/user/getbyidandlan],methods=[GET]}" onto public me.chanjar.weixin.mp.bean.result.WxMpUser scut.jiayibilin.wechat.controller.wechat.WxUserController.userInfo(java.lang.String,java.lang.String) throws me.chanjar.weixin.common.exception.WxErrorException
11:59:17.071 logback [restartedMain] INFO  o.s.w.s.m.m.a.RequestMappingHandlerMapping - Mapped "{[/wechat/user/getbyid],methods=[GET]}" onto public me.chanjar.weixin.mp.bean.result.WxMpUser scut.jiayibilin.wechat.controller.wechat.WxUserController.userInfo(java.lang.String) throws me.chanjar.weixin.common.exception.WxErrorException
11:59:17.071 logback [restartedMain] INFO  o.s.w.s.m.m.a.RequestMappingHandlerMapping - Mapped "{[/wechat/user/getbynextid],methods=[GET]}" onto public me.chanjar.weixin.mp.bean.result.WxMpUserList scut.jiayibilin.wechat.controller.wechat.WxUserController.userList(java.lang.String) throws me.chanjar.weixin.common.exception.WxErrorException
11:59:17.072 logback [restartedMain] INFO  o.s.w.s.m.m.a.RequestMappingHandlerMapping - Mapped "{[/wechat/user/getlistbyquery],methods=[GET]}" onto public java.util.List<me.chanjar.weixin.mp.bean.result.WxMpUser> scut.jiayibilin.wechat.controller.wechat.WxUserController.userInfoList(me.chanjar.weixin.mp.bean.WxMpUserQuery) throws me.chanjar.weixin.common.exception.WxErrorException
11:59:17.072 logback [restartedMain] INFO  o.s.w.s.m.m.a.RequestMappingHandlerMapping - Mapped "{[/wechat/user/getlist],methods=[GET]}" onto public java.util.List<me.chanjar.weixin.mp.bean.result.WxMpUser> scut.jiayibilin.wechat.controller.wechat.WxUserController.userInfoList(java.util.List<java.lang.String>) throws me.chanjar.weixin.common.exception.WxErrorException
11:59:17.072 logback [restartedMain] INFO  o.s.w.s.m.m.a.RequestMappingHandlerMapping - Mapped "{[/wechat/user/updateremark],methods=[POST]}" onto public void scut.jiayibilin.wechat.controller.wechat.WxUserController.userUpdateRemark(java.lang.String,java.lang.String) throws me.chanjar.weixin.common.exception.WxErrorException
11:59:17.173 logback [restartedMain] INFO  o.s.w.s.h.SimpleUrlHandlerMapping - Mapped URL path [/webjars/**] onto handler of type [class org.springframework.web.servlet.resource.ResourceHttpRequestHandler]
11:59:17.174 logback [restartedMain] INFO  o.s.w.s.h.SimpleUrlHandlerMapping - Mapped URL path [/**] onto handler of type [class org.springframework.web.servlet.resource.ResourceHttpRequestHandler]
11:59:17.276 logback [restartedMain] INFO  o.s.w.s.h.SimpleUrlHandlerMapping - Mapped URL path [/**/favicon.ico] onto handler of type [class org.springframework.web.servlet.resource.ResourceHttpRequestHandler]
11:59:18.536 logback [restartedMain] INFO  o.s.b.a.e.mvc.EndpointHandlerMapping - Mapped "{[/autoconfig || /autoconfig.json],methods=[GET],produces=[application/json]}" onto public java.lang.Object org.springframework.boot.actuate.endpoint.mvc.EndpointMvcAdapter.invoke()
11:59:18.537 logback [restartedMain] INFO  o.s.b.a.e.mvc.EndpointHandlerMapping - Mapped "{[/archaius || /archaius.json],methods=[GET],produces=[application/json]}" onto public java.lang.Object org.springframework.boot.actuate.endpoint.mvc.EndpointMvcAdapter.invoke()
11:59:18.538 logback [restartedMain] INFO  o.s.b.a.e.mvc.EndpointHandlerMapping - Mapped "{[/features || /features.json],methods=[GET],produces=[application/json]}" onto public java.lang.Object org.springframework.boot.actuate.endpoint.mvc.EndpointMvcAdapter.invoke()
11:59:18.538 logback [restartedMain] INFO  o.s.b.a.e.mvc.EndpointHandlerMapping - Mapped "{[/mappings || /mappings.json],methods=[GET],produces=[application/json]}" onto public java.lang.Object org.springframework.boot.actuate.endpoint.mvc.EndpointMvcAdapter.invoke()
11:59:18.539 logback [restartedMain] INFO  o.s.b.a.e.mvc.EndpointHandlerMapping - Mapped "{[/dump || /dump.json],methods=[GET],produces=[application/json]}" onto public java.lang.Object org.springframework.boot.actuate.endpoint.mvc.EndpointMvcAdapter.invoke()
11:59:18.539 logback [restartedMain] INFO  o.s.b.a.e.mvc.EndpointHandlerMapping - Mapped "{[/configprops || /configprops.json],methods=[GET],produces=[application/json]}" onto public java.lang.Object org.springframework.boot.actuate.endpoint.mvc.EndpointMvcAdapter.invoke()
11:59:18.540 logback [restartedMain] INFO  o.s.b.a.e.mvc.EndpointHandlerMapping - Mapped "{[/refresh || /refresh.json],methods=[POST]}" onto public java.lang.Object org.springframework.cloud.endpoint.GenericPostableMvcEndpoint.invoke()
11:59:18.540 logback [restartedMain] INFO  o.s.b.a.e.mvc.EndpointHandlerMapping - Mapped "{[/resume || /resume.json],methods=[POST]}" onto public java.lang.Object org.springframework.cloud.endpoint.GenericPostableMvcEndpoint.invoke()
11:59:18.541 logback [restartedMain] INFO  o.s.b.a.e.mvc.EndpointHandlerMapping - Mapped "{[/info || /info.json],methods=[GET],produces=[application/json]}" onto public java.lang.Object org.springframework.boot.actuate.endpoint.mvc.EndpointMvcAdapter.invoke()
11:59:18.541 logback [restartedMain] INFO  o.s.b.a.e.mvc.EndpointHandlerMapping - Mapped "{[/heapdump || /heapdump.json],methods=[GET],produces=[application/octet-stream]}" onto public void org.springframework.boot.actuate.endpoint.mvc.HeapdumpMvcEndpoint.invoke(boolean,javax.servlet.http.HttpServletRequest,javax.servlet.http.HttpServletResponse) throws java.io.IOException,javax.servlet.ServletException
11:59:18.542 logback [restartedMain] INFO  o.s.b.a.e.mvc.EndpointHandlerMapping - Mapped "{[/trace || /trace.json],methods=[GET],produces=[application/json]}" onto public java.lang.Object org.springframework.boot.actuate.endpoint.mvc.EndpointMvcAdapter.invoke()
11:59:18.543 logback [restartedMain] INFO  o.s.b.a.e.mvc.EndpointHandlerMapping - Mapped "{[/env/{name:.*}],methods=[GET],produces=[application/json]}" onto public java.lang.Object org.springframework.boot.actuate.endpoint.mvc.EnvironmentMvcEndpoint.value(java.lang.String)
11:59:18.543 logback [restartedMain] INFO  o.s.b.a.e.mvc.EndpointHandlerMapping - Mapped "{[/env || /env.json],methods=[GET],produces=[application/json]}" onto public java.lang.Object org.springframework.boot.actuate.endpoint.mvc.EndpointMvcAdapter.invoke()
11:59:18.544 logback [restartedMain] INFO  o.s.b.a.e.mvc.EndpointHandlerMapping - Mapped "{[/metrics/{name:.*}],methods=[GET],produces=[application/json]}" onto public java.lang.Object org.springframework.boot.actuate.endpoint.mvc.MetricsMvcEndpoint.value(java.lang.String)
11:59:18.544 logback [restartedMain] INFO  o.s.b.a.e.mvc.EndpointHandlerMapping - Mapped "{[/metrics || /metrics.json],methods=[GET],produces=[application/json]}" onto public java.lang.Object org.springframework.boot.actuate.endpoint.mvc.EndpointMvcAdapter.invoke()
11:59:18.544 logback [restartedMain] INFO  o.s.b.a.e.mvc.EndpointHandlerMapping - Mapped "{[/env],methods=[POST]}" onto public java.lang.Object org.springframework.cloud.context.environment.EnvironmentManagerMvcEndpoint.value(java.util.Map<java.lang.String, java.lang.String>)
11:59:18.545 logback [restartedMain] INFO  o.s.b.a.e.mvc.EndpointHandlerMapping - Mapped "{[/env/reset],methods=[POST]}" onto public java.util.Map<java.lang.String, java.lang.Object> org.springframework.cloud.context.environment.EnvironmentManagerMvcEndpoint.reset()
11:59:18.545 logback [restartedMain] INFO  o.s.b.a.e.mvc.EndpointHandlerMapping - Mapped "{[/restart || /restart.json],methods=[POST]}" onto public java.lang.Object org.springframework.cloud.context.restart.RestartMvcEndpoint.invoke()
11:59:18.546 logback [restartedMain] INFO  o.s.b.a.e.mvc.EndpointHandlerMapping - Mapped "{[/beans || /beans.json],methods=[GET],produces=[application/json]}" onto public java.lang.Object org.springframework.boot.actuate.endpoint.mvc.EndpointMvcAdapter.invoke()
11:59:18.547 logback [restartedMain] INFO  o.s.b.a.e.mvc.EndpointHandlerMapping - Mapped "{[/health || /health.json],produces=[application/json]}" onto public java.lang.Object org.springframework.boot.actuate.endpoint.mvc.HealthMvcEndpoint.invoke(java.security.Principal)
11:59:18.547 logback [restartedMain] INFO  o.s.b.a.e.mvc.EndpointHandlerMapping - Mapped "{[/service-registry/instance-status],methods=[GET]}" onto public org.springframework.http.ResponseEntity org.springframework.cloud.client.serviceregistry.endpoint.ServiceRegistryEndpoint.getStatus()
11:59:18.548 logback [restartedMain] INFO  o.s.b.a.e.mvc.EndpointHandlerMapping - Mapped "{[/service-registry/instance-status],methods=[POST]}" onto public org.springframework.http.ResponseEntity<?> org.springframework.cloud.client.serviceregistry.endpoint.ServiceRegistryEndpoint.setStatus(java.lang.String)
11:59:18.548 logback [restartedMain] INFO  o.s.b.a.e.mvc.EndpointHandlerMapping - Mapped "{[/pause || /pause.json],methods=[POST]}" onto public java.lang.Object org.springframework.cloud.endpoint.GenericPostableMvcEndpoint.invoke()
11:59:19.235 logback [restartedMain] INFO  o.s.b.d.a.OptionalLiveReloadServer - LiveReload server is running on port 35729
11:59:19.403 logback [restartedMain] WARN  c.n.c.sources.URLConfigurationSource - No URLs will be polled as dynamic configuration sources.
11:59:19.404 logback [restartedMain] INFO  c.n.c.sources.URLConfigurationSource - To enable URLs as dynamic configuration sources, define System property archaius.configurationSource.additionalUrls or make config.properties available on classpath.
11:59:19.413 logback [restartedMain] WARN  c.n.c.sources.URLConfigurationSource - No URLs will be polled as dynamic configuration sources.
11:59:19.414 logback [restartedMain] INFO  c.n.c.sources.URLConfigurationSource - To enable URLs as dynamic configuration sources, define System property archaius.configurationSource.additionalUrls or make config.properties available on classpath.
11:59:19.565 logback [restartedMain] INFO  o.s.j.e.a.AnnotationMBeanExporter - Registering beans for JMX exposure on startup
11:59:19.580 logback [restartedMain] INFO  o.s.j.e.a.AnnotationMBeanExporter - Bean with name 'environmentManager' has been autodetected for JMX exposure
11:59:19.583 logback [restartedMain] INFO  o.s.j.e.a.AnnotationMBeanExporter - Bean with name 'configurationPropertiesRebinder' has been autodetected for JMX exposure
11:59:19.584 logback [restartedMain] INFO  o.s.j.e.a.AnnotationMBeanExporter - Bean with name 'refreshEndpoint' has been autodetected for JMX exposure
11:59:19.584 logback [restartedMain] INFO  o.s.j.e.a.AnnotationMBeanExporter - Bean with name 'restartEndpoint' has been autodetected for JMX exposure
11:59:19.585 logback [restartedMain] INFO  o.s.j.e.a.AnnotationMBeanExporter - Bean with name 'serviceRegistryEndpoint' has been autodetected for JMX exposure
11:59:19.586 logback [restartedMain] INFO  o.s.j.e.a.AnnotationMBeanExporter - Bean with name 'refreshScope' has been autodetected for JMX exposure
11:59:19.589 logback [restartedMain] INFO  o.s.j.e.a.AnnotationMBeanExporter - Located managed bean 'environmentManager': registering with JMX server as MBean [org.springframework.cloud.context.environment:name=environmentManager,type=EnvironmentManager]
11:59:19.613 logback [restartedMain] INFO  o.s.j.e.a.AnnotationMBeanExporter - Located managed bean 'restartEndpoint': registering with JMX server as MBean [org.springframework.cloud.context.restart:name=restartEndpoint,type=RestartEndpoint]
11:59:19.637 logback [restartedMain] INFO  o.s.j.e.a.AnnotationMBeanExporter - Located managed bean 'serviceRegistryEndpoint': registering with JMX server as MBean [org.springframework.cloud.client.serviceregistry.endpoint:name=serviceRegistryEndpoint,type=ServiceRegistryEndpoint]
11:59:19.647 logback [restartedMain] INFO  o.s.j.e.a.AnnotationMBeanExporter - Located managed bean 'refreshScope': registering with JMX server as MBean [org.springframework.cloud.context.scope.refresh:name=refreshScope,type=RefreshScope]
11:59:19.674 logback [restartedMain] INFO  o.s.j.e.a.AnnotationMBeanExporter - Located managed bean 'configurationPropertiesRebinder': registering with JMX server as MBean [org.springframework.cloud.context.properties:name=configurationPropertiesRebinder,context=68050c54,type=ConfigurationPropertiesRebinder]
11:59:19.680 logback [restartedMain] INFO  o.s.j.e.a.AnnotationMBeanExporter - Located managed bean 'refreshEndpoint': registering with JMX server as MBean [org.springframework.cloud.endpoint:name=refreshEndpoint,type=RefreshEndpoint]
11:59:19.682 logback [restartedMain] INFO  o.s.b.a.e.jmx.EndpointMBeanExporter - Registering beans for JMX exposure on startup
11:59:20.196 logback [restartedMain] INFO  o.s.c.s.DefaultLifecycleProcessor - Starting beans in phase 0
11:59:20.209 logback [restartedMain] INFO  o.s.c.n.eureka.InstanceInfoFactory - Setting initial instance status as: STARTING
11:59:20.351 logback [restartedMain] INFO  c.netflix.discovery.DiscoveryClient - Initializing Eureka in region us-east-1
11:59:20.476 logback [restartedMain] INFO  c.n.d.p.DiscoveryJerseyProvider - Using JSON encoding codec LegacyJacksonJson
11:59:20.476 logback [restartedMain] INFO  c.n.d.p.DiscoveryJerseyProvider - Using JSON decoding codec LegacyJacksonJson
11:59:20.698 logback [restartedMain] INFO  c.n.d.p.DiscoveryJerseyProvider - Using XML encoding codec XStreamXml
11:59:20.698 logback [restartedMain] INFO  c.n.d.p.DiscoveryJerseyProvider - Using XML decoding codec XStreamXml
11:59:21.245 logback [restartedMain] INFO  c.n.d.s.r.aws.ConfigClusterResolver - Resolving eureka endpoints via configuration
11:59:21.477 logback [restartedMain] INFO  c.netflix.discovery.DiscoveryClient - Disable delta property : false
11:59:21.477 logback [restartedMain] INFO  c.netflix.discovery.DiscoveryClient - Single vip registry refresh property : null
11:59:21.477 logback [restartedMain] INFO  c.netflix.discovery.DiscoveryClient - Force full registry fetch : false
11:59:21.477 logback [restartedMain] INFO  c.netflix.discovery.DiscoveryClient - Application is null : false
11:59:21.477 logback [restartedMain] INFO  c.netflix.discovery.DiscoveryClient - Registered Applications size is zero : true
11:59:21.477 logback [restartedMain] INFO  c.netflix.discovery.DiscoveryClient - Application version is -1: true
11:59:21.477 logback [restartedMain] INFO  c.netflix.discovery.DiscoveryClient - Getting all instance registry info from the eureka server
11:59:21.846 logback [restartedMain] INFO  c.netflix.discovery.DiscoveryClient - The response status is 200
11:59:21.851 logback [restartedMain] INFO  c.netflix.discovery.DiscoveryClient - Starting heartbeat executor: renew interval is: 10
11:59:21.855 logback [restartedMain] INFO  c.n.discovery.InstanceInfoReplicator - InstanceInfoReplicator onDemand update allowed rate per min is 4
11:59:21.861 logback [restartedMain] INFO  c.netflix.discovery.DiscoveryClient - Discovery Client initialized at timestamp 1522382361861 with initial instances count: 4
11:59:21.903 logback [restartedMain] INFO  o.s.c.n.e.s.EurekaServiceRegistry - Registering application microservice-jiayibilin-weChat with eureka with status UP
11:59:21.903 logback [restartedMain] INFO  c.netflix.discovery.DiscoveryClient - Saw local status change event StatusChangeEvent [timestamp=1522382361903, current=UP, previous=STARTING]
11:59:21.913 logback [restartedMain] INFO  o.s.b.a.e.jmx.EndpointMBeanExporter - Located managed bean 'featuresEndpoint': registering with JMX server as MBean [org.springframework.boot:type=Endpoint,name=featuresEndpoint]
11:59:21.920 logback [DiscoveryClient-InstanceInfoReplicator-0] INFO  c.netflix.discovery.DiscoveryClient - DiscoveryClient_MICROSERVICE-JIAYIBILIN-WECHAT/125.216.243.89:1701: registering service...
11:59:21.929 logback [restartedMain] INFO  o.s.b.a.e.jmx.EndpointMBeanExporter - Located managed bean 'requestMappingEndpoint': registering with JMX server as MBean [org.springframework.boot:type=Endpoint,name=requestMappingEndpoint]
11:59:21.933 logback [restartedMain] INFO  o.s.b.a.e.jmx.EndpointMBeanExporter - Located managed bean 'environmentEndpoint': registering with JMX server as MBean [org.springframework.boot:type=Endpoint,name=environmentEndpoint]
11:59:21.937 logback [restartedMain] INFO  o.s.b.a.e.jmx.EndpointMBeanExporter - Located managed bean 'healthEndpoint': registering with JMX server as MBean [org.springframework.boot:type=Endpoint,name=healthEndpoint]
11:59:21.941 logback [restartedMain] INFO  o.s.b.a.e.jmx.EndpointMBeanExporter - Located managed bean 'beansEndpoint': registering with JMX server as MBean [org.springframework.boot:type=Endpoint,name=beansEndpoint]
11:59:21.943 logback [restartedMain] INFO  o.s.b.a.e.jmx.EndpointMBeanExporter - Located managed bean 'infoEndpoint': registering with JMX server as MBean [org.springframework.boot:type=Endpoint,name=infoEndpoint]
11:59:21.947 logback [restartedMain] INFO  o.s.b.a.e.jmx.EndpointMBeanExporter - Located managed bean 'metricsEndpoint': registering with JMX server as MBean [org.springframework.boot:type=Endpoint,name=metricsEndpoint]
11:59:21.951 logback [restartedMain] INFO  o.s.b.a.e.jmx.EndpointMBeanExporter - Located managed bean 'traceEndpoint': registering with JMX server as MBean [org.springframework.boot:type=Endpoint,name=traceEndpoint]
11:59:21.954 logback [restartedMain] INFO  o.s.b.a.e.jmx.EndpointMBeanExporter - Located managed bean 'dumpEndpoint': registering with JMX server as MBean [org.springframework.boot:type=Endpoint,name=dumpEndpoint]
11:59:21.956 logback [restartedMain] INFO  o.s.b.a.e.jmx.EndpointMBeanExporter - Located managed bean 'autoConfigurationReportEndpoint': registering with JMX server as MBean [org.springframework.boot:type=Endpoint,name=autoConfigurationReportEndpoint]
11:59:21.958 logback [restartedMain] INFO  o.s.b.a.e.jmx.EndpointMBeanExporter - Located managed bean 'configurationPropertiesReportEndpoint': registering with JMX server as MBean [org.springframework.boot:type=Endpoint,name=configurationPropertiesReportEndpoint]
11:59:21.960 logback [restartedMain] INFO  o.s.b.a.e.jmx.EndpointMBeanExporter - Located managed bean 'archaiusEndpoint': registering with JMX server as MBean [org.springframework.boot:type=Endpoint,name=archaiusEndpoint]
11:59:21.978 logback [DiscoveryClient-InstanceInfoReplicator-0] INFO  c.netflix.discovery.DiscoveryClient - DiscoveryClient_MICROSERVICE-JIAYIBILIN-WECHAT/125.216.243.89:1701 - registration status: 204
11:59:21.993 logback [restartedMain] INFO  o.a.coyote.http11.Http11NioProtocol - Initializing ProtocolHandler ["http-nio-1701"]
11:59:22.013 logback [restartedMain] INFO  o.a.coyote.http11.Http11NioProtocol - Starting ProtocolHandler [http-nio-1701]
11:59:22.033 logback [restartedMain] INFO  o.a.tomcat.util.net.NioSelectorPool - Using a shared selector for servlet write/read
11:59:22.066 logback [restartedMain] INFO  o.s.b.c.e.t.TomcatEmbeddedServletContainer - Tomcat started on port(s): 1701 (http)
11:59:22.067 logback [restartedMain] INFO  o.s.c.n.e.s.EurekaAutoServiceRegistration - Updating port to 1701
11:59:22.072 logback [restartedMain] INFO  s.jiayibilin.wechat.WxMsApplication - Started WxMsApplication in 20.877 seconds (JVM running for 25.496)
12:04:21.484 logback [AsyncResolver-bootstrap-executor-0] INFO  c.n.d.s.r.aws.ConfigClusterResolver - Resolving eureka endpoints via configuration
12:09:21.486 logback [AsyncResolver-bootstrap-executor-0] INFO  c.n.d.s.r.aws.ConfigClusterResolver - Resolving eureka endpoints via configuration
12:14:21.489 logback [AsyncResolver-bootstrap-executor-0] INFO  c.n.d.s.r.aws.ConfigClusterResolver - Resolving eureka endpoints via configuration
12:19:21.490 logback [AsyncResolver-bootstrap-executor-0] INFO  c.n.d.s.r.aws.ConfigClusterResolver - Resolving eureka endpoints via configuration
12:24:21.492 logback [AsyncResolver-bootstrap-executor-0] INFO  c.n.d.s.r.aws.ConfigClusterResolver - Resolving eureka endpoints via configuration
12:29:21.493 logback [AsyncResolver-bootstrap-executor-0] INFO  c.n.d.s.r.aws.ConfigClusterResolver - Resolving eureka endpoints via configuration
12:34:21.495 logback [AsyncResolver-bootstrap-executor-0] INFO  c.n.d.s.r.aws.ConfigClusterResolver - Resolving eureka endpoints via configuration
12:39:21.496 logback [AsyncResolver-bootstrap-executor-0] INFO  c.n.d.s.r.aws.ConfigClusterResolver - Resolving eureka endpoints via configuration
12:44:21.497 logback [AsyncResolver-bootstrap-executor-0] INFO  c.n.d.s.r.aws.ConfigClusterResolver - Resolving eureka endpoints via configuration
12:49:21.499 logback [AsyncResolver-bootstrap-executor-0] INFO  c.n.d.s.r.aws.ConfigClusterResolver - Resolving eureka endpoints via configuration
12:54:21.500 logback [AsyncResolver-bootstrap-executor-0] INFO  c.n.d.s.r.aws.ConfigClusterResolver - Resolving eureka endpoints via configuration
12:59:21.501 logback [AsyncResolver-bootstrap-executor-0] INFO  c.n.d.s.r.aws.ConfigClusterResolver - Resolving eureka endpoints via configuration
13:04:21.502 logback [AsyncResolver-bootstrap-executor-0] INFO  c.n.d.s.r.aws.ConfigClusterResolver - Resolving eureka endpoints via configuration
13:09:21.503 logback [AsyncResolver-bootstrap-executor-0] INFO  c.n.d.s.r.aws.ConfigClusterResolver - Resolving eureka endpoints via configuration
13:14:21.504 logback [AsyncResolver-bootstrap-executor-0] INFO  c.n.d.s.r.aws.ConfigClusterResolver - Resolving eureka endpoints via configuration
13:19:21.506 logback [AsyncResolver-bootstrap-executor-0] INFO  c.n.d.s.r.aws.ConfigClusterResolver - Resolving eureka endpoints via configuration
13:24:21.507 logback [AsyncResolver-bootstrap-executor-0] INFO  c.n.d.s.r.aws.ConfigClusterResolver - Resolving eureka endpoints via configuration
13:29:21.508 logback [AsyncResolver-bootstrap-executor-0] INFO  c.n.d.s.r.aws.ConfigClusterResolver - Resolving eureka endpoints via configuration
13:34:21.509 logback [AsyncResolver-bootstrap-executor-0] INFO  c.n.d.s.r.aws.ConfigClusterResolver - Resolving eureka endpoints via configuration
13:39:21.511 logback [AsyncResolver-bootstrap-executor-0] INFO  c.n.d.s.r.aws.ConfigClusterResolver - Resolving eureka endpoints via configuration
13:44:21.512 logback [AsyncResolver-bootstrap-executor-0] INFO  c.n.d.s.r.aws.ConfigClusterResolver - Resolving eureka endpoints via configuration
13:49:21.513 logback [AsyncResolver-bootstrap-executor-0] INFO  c.n.d.s.r.aws.ConfigClusterResolver - Resolving eureka endpoints via configuration
13:54:21.515 logback [AsyncResolver-bootstrap-executor-0] INFO  c.n.d.s.r.aws.ConfigClusterResolver - Resolving eureka endpoints via configuration
13:59:21.516 logback [AsyncResolver-bootstrap-executor-0] INFO  c.n.d.s.r.aws.ConfigClusterResolver - Resolving eureka endpoints via configuration
14:04:21.517 logback [AsyncResolver-bootstrap-executor-0] INFO  c.n.d.s.r.aws.ConfigClusterResolver - Resolving eureka endpoints via configuration
14:09:21.518 logback [AsyncResolver-bootstrap-executor-0] INFO  c.n.d.s.r.aws.ConfigClusterResolver - Resolving eureka endpoints via configuration
14:14:21.519 logback [AsyncResolver-bootstrap-executor-0] INFO  c.n.d.s.r.aws.ConfigClusterResolver - Resolving eureka endpoints via configuration
14:19:21.520 logback [AsyncResolver-bootstrap-executor-0] INFO  c.n.d.s.r.aws.ConfigClusterResolver - Resolving eureka endpoints via configuration
14:24:21.521 logback [AsyncResolver-bootstrap-executor-0] INFO  c.n.d.s.r.aws.ConfigClusterResolver - Resolving eureka endpoints via configuration
14:29:21.522 logback [AsyncResolver-bootstrap-executor-0] INFO  c.n.d.s.r.aws.ConfigClusterResolver - Resolving eureka endpoints via configuration
14:34:21.522 logback [AsyncResolver-bootstrap-executor-0] INFO  c.n.d.s.r.aws.ConfigClusterResolver - Resolving eureka endpoints via configuration
14:39:21.523 logback [AsyncResolver-bootstrap-executor-0] INFO  c.n.d.s.r.aws.ConfigClusterResolver - Resolving eureka endpoints via configuration
14:44:21.525 logback [AsyncResolver-bootstrap-executor-0] INFO  c.n.d.s.r.aws.ConfigClusterResolver - Resolving eureka endpoints via configuration
14:49:21.528 logback [AsyncResolver-bootstrap-executor-0] INFO  c.n.d.s.r.aws.ConfigClusterResolver - Resolving eureka endpoints via configuration
14:54:21.536 logback [AsyncResolver-bootstrap-executor-0] INFO  c.n.d.s.r.aws.ConfigClusterResolver - Resolving eureka endpoints via configuration
14:59:21.537 logback [AsyncResolver-bootstrap-executor-0] INFO  c.n.d.s.r.aws.ConfigClusterResolver - Resolving eureka endpoints via configuration
15:04:21.538 logback [AsyncResolver-bootstrap-executor-0] INFO  c.n.d.s.r.aws.ConfigClusterResolver - Resolving eureka endpoints via configuration
15:09:21.539 logback [AsyncResolver-bootstrap-executor-0] INFO  c.n.d.s.r.aws.ConfigClusterResolver - Resolving eureka endpoints via configuration
15:14:21.541 logback [AsyncResolver-bootstrap-executor-0] INFO  c.n.d.s.r.aws.ConfigClusterResolver - Resolving eureka endpoints via configuration
15:19:21.542 logback [AsyncResolver-bootstrap-executor-0] INFO  c.n.d.s.r.aws.ConfigClusterResolver - Resolving eureka endpoints via configuration
15:24:21.544 logback [AsyncResolver-bootstrap-executor-0] INFO  c.n.d.s.r.aws.ConfigClusterResolver - Resolving eureka endpoints via configuration
15:29:21.545 logback [AsyncResolver-bootstrap-executor-0] INFO  c.n.d.s.r.aws.ConfigClusterResolver - Resolving eureka endpoints via configuration
15:34:21.546 logback [AsyncResolver-bootstrap-executor-0] INFO  c.n.d.s.r.aws.ConfigClusterResolver - Resolving eureka endpoints via configuration
15:39:21.547 logback [AsyncResolver-bootstrap-executor-0] INFO  c.n.d.s.r.aws.ConfigClusterResolver - Resolving eureka endpoints via configuration
15:44:21.548 logback [AsyncResolver-bootstrap-executor-0] INFO  c.n.d.s.r.aws.ConfigClusterResolver - Resolving eureka endpoints via configuration
15:49:21.550 logback [AsyncResolver-bootstrap-executor-0] INFO  c.n.d.s.r.aws.ConfigClusterResolver - Resolving eureka endpoints via configuration
15:54:21.552 logback [AsyncResolver-bootstrap-executor-0] INFO  c.n.d.s.r.aws.ConfigClusterResolver - Resolving eureka endpoints via configuration
15:59:21.554 logback [AsyncResolver-bootstrap-executor-0] INFO  c.n.d.s.r.aws.ConfigClusterResolver - Resolving eureka endpoints via configuration
16:04:21.555 logback [AsyncResolver-bootstrap-executor-0] INFO  c.n.d.s.r.aws.ConfigClusterResolver - Resolving eureka endpoints via configuration
16:09:21.557 logback [AsyncResolver-bootstrap-executor-0] INFO  c.n.d.s.r.aws.ConfigClusterResolver - Resolving eureka endpoints via configuration
16:14:21.558 logback [AsyncResolver-bootstrap-executor-0] INFO  c.n.d.s.r.aws.ConfigClusterResolver - Resolving eureka endpoints via configuration
16:19:21.559 logback [AsyncResolver-bootstrap-executor-0] INFO  c.n.d.s.r.aws.ConfigClusterResolver - Resolving eureka endpoints via configuration
16:24:21.561 logback [AsyncResolver-bootstrap-executor-0] INFO  c.n.d.s.r.aws.ConfigClusterResolver - Resolving eureka endpoints via configuration
16:29:21.562 logback [AsyncResolver-bootstrap-executor-0] INFO  c.n.d.s.r.aws.ConfigClusterResolver - Resolving eureka endpoints via configuration
16:34:21.567 logback [AsyncResolver-bootstrap-executor-0] INFO  c.n.d.s.r.aws.ConfigClusterResolver - Resolving eureka endpoints via configuration
16:39:21.582 logback [AsyncResolver-bootstrap-executor-0] INFO  c.n.d.s.r.aws.ConfigClusterResolver - Resolving eureka endpoints via configuration
16:44:21.585 logback [AsyncResolver-bootstrap-executor-0] INFO  c.n.d.s.r.aws.ConfigClusterResolver - Resolving eureka endpoints via configuration
16:49:21.587 logback [AsyncResolver-bootstrap-executor-0] INFO  c.n.d.s.r.aws.ConfigClusterResolver - Resolving eureka endpoints via configuration
16:54:21.589 logback [AsyncResolver-bootstrap-executor-0] INFO  c.n.d.s.r.aws.ConfigClusterResolver - Resolving eureka endpoints via configuration
16:59:21.591 logback [AsyncResolver-bootstrap-executor-0] INFO  c.n.d.s.r.aws.ConfigClusterResolver - Resolving eureka endpoints via configuration
17:04:21.592 logback [AsyncResolver-bootstrap-executor-0] INFO  c.n.d.s.r.aws.ConfigClusterResolver - Resolving eureka endpoints via configuration
17:09:21.593 logback [AsyncResolver-bootstrap-executor-0] INFO  c.n.d.s.r.aws.ConfigClusterResolver - Resolving eureka endpoints via configuration
17:14:21.594 logback [AsyncResolver-bootstrap-executor-0] INFO  c.n.d.s.r.aws.ConfigClusterResolver - Resolving eureka endpoints via configuration
17:19:21.596 logback [AsyncResolver-bootstrap-executor-0] INFO  c.n.d.s.r.aws.ConfigClusterResolver - Resolving eureka endpoints via configuration
17:24:21.598 logback [AsyncResolver-bootstrap-executor-0] INFO  c.n.d.s.r.aws.ConfigClusterResolver - Resolving eureka endpoints via configuration
17:29:21.599 logback [AsyncResolver-bootstrap-executor-0] INFO  c.n.d.s.r.aws.ConfigClusterResolver - Resolving eureka endpoints via configuration
17:34:21.601 logback [AsyncResolver-bootstrap-executor-0] INFO  c.n.d.s.r.aws.ConfigClusterResolver - Resolving eureka endpoints via configuration
17:39:21.602 logback [AsyncResolver-bootstrap-executor-0] INFO  c.n.d.s.r.aws.ConfigClusterResolver - Resolving eureka endpoints via configuration
17:44:21.604 logback [AsyncResolver-bootstrap-executor-0] INFO  c.n.d.s.r.aws.ConfigClusterResolver - Resolving eureka endpoints via configuration
17:49:21.605 logback [AsyncResolver-bootstrap-executor-0] INFO  c.n.d.s.r.aws.ConfigClusterResolver - Resolving eureka endpoints via configuration
17:54:21.606 logback [AsyncResolver-bootstrap-executor-0] INFO  c.n.d.s.r.aws.ConfigClusterResolver - Resolving eureka endpoints via configuration
17:59:21.608 logback [AsyncResolver-bootstrap-executor-0] INFO  c.n.d.s.r.aws.ConfigClusterResolver - Resolving eureka endpoints via configuration
18:04:21.609 logback [AsyncResolver-bootstrap-executor-0] INFO  c.n.d.s.r.aws.ConfigClusterResolver - Resolving eureka endpoints via configuration
18:08:26.794 logback [http-nio-1701-exec-1] INFO  o.a.c.c.C.[Tomcat].[localhost].[/] - Initializing Spring FrameworkServlet 'dispatcherServlet'
18:08:26.794 logback [http-nio-1701-exec-1] INFO  o.s.web.servlet.DispatcherServlet - FrameworkServlet 'dispatcherServlet': initialization started
18:08:26.882 logback [http-nio-1701-exec-1] INFO  o.s.web.servlet.DispatcherServlet - FrameworkServlet 'dispatcherServlet': initialization completed in 88 ms
18:08:37.207 logback [http-nio-1701-exec-3] INFO  s.j.w.c.f.m.p.PatientInfoController - 
18:08:37.207 logback [http-nio-1701-exec-5] INFO  s.j.w.c.f.m.h.HealthManageController - 
18:08:37.326 logback [http-nio-1701-exec-6] INFO  s.j.w.c.f.m.p.PatientInfoController - 
18:08:37.522 logback [http-nio-1701-exec-2] INFO  s.j.w.c.f.m.p.PatientInfoController - 
18:08:37.975 logback [http-nio-1701-exec-7] INFO  s.j.w.c.f.m.h.HealthManageController - 
18:08:38.481 logback [http-nio-1701-exec-8] INFO  s.j.w.c.f.m.h.HealthManageController - 
18:09:21.609 logback [AsyncResolver-bootstrap-executor-0] INFO  c.n.d.s.r.aws.ConfigClusterResolver - Resolving eureka endpoints via configuration
18:14:21.611 logback [AsyncResolver-bootstrap-executor-0] INFO  c.n.d.s.r.aws.ConfigClusterResolver - Resolving eureka endpoints via configuration
18:19:21.613 logback [AsyncResolver-bootstrap-executor-0] INFO  c.n.d.s.r.aws.ConfigClusterResolver - Resolving eureka endpoints via configuration
18:24:21.615 logback [AsyncResolver-bootstrap-executor-0] INFO  c.n.d.s.r.aws.ConfigClusterResolver - Resolving eureka endpoints via configuration
18:24:49.481 logback [http-nio-1701-exec-3] INFO  s.j.w.c.f.m.p.PatientInfoController - 
18:24:49.500 logback [http-nio-1701-exec-7] INFO  s.j.w.c.f.m.p.PatientInfoController - 
18:24:49.549 logback [http-nio-1701-exec-4] INFO  s.j.w.c.f.m.h.HealthManageController - 
18:24:49.556 logback [http-nio-1701-exec-6] INFO  s.j.w.c.f.m.p.PatientInfoController - 
18:24:50.263 logback [http-nio-1701-exec-10] INFO  s.j.w.c.f.m.h.HealthManageController - 
18:24:50.777 logback [http-nio-1701-exec-8] INFO  s.j.w.c.f.m.h.HealthManageController - 
18:24:54.817 logback [http-nio-1701-exec-5] INFO  s.j.w.c.f.m.p.PatientInfoController - 
18:24:55.484 logback [http-nio-1701-exec-3] INFO  s.j.w.c.f.m.h.HealthManageController - 
18:24:56.292 logback [http-nio-1701-exec-4] INFO  s.j.w.c.f.m.h.HealthManageController - 
18:25:07.010 logback [http-nio-1701-exec-10] INFO  s.j.w.c.f.m.h.HealthManageController - 
18:25:08.224 logback [http-nio-1701-exec-10] INFO  s.j.w.c.f.m.h.HealthManageController - 
18:25:08.381 logback [http-nio-1701-exec-9] INFO  s.j.w.c.f.m.p.PatientInfoController - 
18:25:08.416 logback [http-nio-1701-exec-6] INFO  s.j.w.c.f.m.p.PatientInfoController - 
18:25:08.436 logback [http-nio-1701-exec-8] INFO  s.j.w.c.f.m.p.PatientInfoController - 
18:25:08.818 logback [http-nio-1701-exec-2] INFO  s.j.w.c.f.m.h.HealthManageController - 
18:25:09.381 logback [http-nio-1701-exec-3] INFO  s.j.w.c.f.m.h.HealthManageController - 
18:25:16.125 logback [http-nio-1701-exec-8] INFO  s.j.w.c.f.m.h.HealthManageController - 
18:25:50.511 logback [http-nio-1701-exec-10] INFO  s.j.w.c.f.m.h.HealthManageController - 
18:25:56.364 logback [http-nio-1701-exec-8] INFO  s.j.w.c.f.m.h.HealthManageController - 
18:27:11.551 logback [http-nio-1701-exec-9] INFO  s.j.w.c.f.m.p.PatientInfoController - 
18:27:11.552 logback [http-nio-1701-exec-7] INFO  s.j.w.c.f.m.p.PatientInfoController - 
18:27:11.683 logback [http-nio-1701-exec-4] INFO  s.j.w.c.f.m.h.HealthManageController - 
18:27:11.685 logback [http-nio-1701-exec-5] INFO  s.j.w.c.f.m.p.PatientInfoController - 
18:27:12.028 logback [http-nio-1701-exec-10] INFO  s.j.w.c.f.m.h.HealthManageController - 
18:27:12.488 logback [http-nio-1701-exec-8] INFO  s.j.w.c.f.m.h.HealthManageController - 
18:29:21.616 logback [AsyncResolver-bootstrap-executor-0] INFO  c.n.d.s.r.aws.ConfigClusterResolver - Resolving eureka endpoints via configuration
18:29:48.453 logback [http-nio-1701-exec-1] INFO  s.j.w.c.f.m.h.HealthManageController - 
18:29:48.454 logback [http-nio-1701-exec-8] INFO  s.j.w.c.f.m.p.PatientInfoController - 
18:29:48.455 logback [http-nio-1701-exec-9] INFO  s.j.w.c.f.m.p.PatientInfoController - 
18:29:48.615 logback [http-nio-1701-exec-6] INFO  s.j.w.c.f.m.p.PatientInfoController - 
18:29:49.005 logback [http-nio-1701-exec-3] INFO  s.j.w.c.f.m.h.HealthManageController - 
18:29:49.554 logback [http-nio-1701-exec-2] INFO  s.j.w.c.f.m.h.HealthManageController - 
18:29:56.116 logback [http-nio-1701-exec-9] INFO  s.j.w.c.f.m.d.DoctorInfoController - 
18:29:56.314 logback [http-nio-1701-exec-6] INFO  s.j.w.c.f.m.p.PatientInfoController - 
18:29:56.571 logback [http-nio-1701-exec-10] INFO  s.j.w.c.f.m.p.PatientInfoController - 
18:30:00.908 logback [http-nio-1701-exec-1] INFO  s.j.w.c.f.m.h.HealthManageController - 
18:30:03.413 logback [http-nio-1701-exec-7] INFO  s.j.w.c.f.m.d.DoctorInfoController - 
18:30:03.604 logback [http-nio-1701-exec-3] INFO  s.j.w.c.f.m.p.PatientInfoController - 
18:30:04.076 logback [http-nio-1701-exec-1] INFO  s.j.w.c.f.m.p.PatientInfoController - 
18:30:23.976 logback [http-nio-1701-exec-5] INFO  s.j.w.c.f.m.p.PatientInfoController - 
18:30:23.980 logback [http-nio-1701-exec-7] INFO  s.j.w.c.f.m.p.PatientInfoController - 
18:30:23.984 logback [http-nio-1701-exec-8] INFO  s.j.w.c.f.m.p.PatientInfoController - 
18:30:24.147 logback [http-nio-1701-exec-10] INFO  s.j.w.c.f.m.h.HealthManageController - 
18:30:24.654 logback [http-nio-1701-exec-3] INFO  s.j.w.c.f.m.h.HealthManageController - 
18:30:25.157 logback [http-nio-1701-exec-4] INFO  s.j.w.c.f.m.h.HealthManageController - 
18:30:31.234 logback [http-nio-1701-exec-10] INFO  s.j.w.c.f.m.d.DoctorInfoController - 
18:30:31.288 logback [http-nio-1701-exec-8] INFO  s.j.w.c.f.m.p.PatientInfoController - 
18:30:31.701 logback [http-nio-1701-exec-3] INFO  s.j.w.c.f.m.p.PatientInfoController - 
18:30:34.857 logback [http-nio-1701-exec-6] INFO  s.j.w.c.f.m.h.HealthManageController - 
18:30:37.405 logback [http-nio-1701-exec-4] INFO  s.j.w.c.f.m.d.DoctorInfoController - 
18:30:37.619 logback [http-nio-1701-exec-1] INFO  s.j.w.c.f.m.p.PatientInfoController - 
18:30:37.856 logback [http-nio-1701-exec-6] INFO  s.j.w.c.f.m.p.PatientInfoController - 
18:30:53.012 logback [http-nio-1701-exec-3] INFO  s.j.w.c.f.m.p.PatientInfoController - 
18:31:27.093 logback [http-nio-1701-exec-10] INFO  s.j.w.c.f.m.p.PatientInfoController - 
18:31:27.099 logback [http-nio-1701-exec-5] INFO  s.j.w.c.f.m.h.HealthManageController - 
18:31:27.106 logback [http-nio-1701-exec-1] INFO  s.j.w.c.f.m.p.PatientInfoController - 
18:31:27.108 logback [http-nio-1701-exec-9] INFO  s.j.w.c.f.m.p.PatientInfoController - 
18:31:27.595 logback [http-nio-1701-exec-2] INFO  s.j.w.c.f.m.h.HealthManageController - 
18:31:28.107 logback [http-nio-1701-exec-6] INFO  s.j.w.c.f.m.h.HealthManageController - 
18:31:30.693 logback [http-nio-1701-exec-7] INFO  s.j.w.c.f.m.p.PatientInfoController - 
18:34:21.618 logback [AsyncResolver-bootstrap-executor-0] INFO  c.n.d.s.r.aws.ConfigClusterResolver - Resolving eureka endpoints via configuration
18:39:21.619 logback [AsyncResolver-bootstrap-executor-0] INFO  c.n.d.s.r.aws.ConfigClusterResolver - Resolving eureka endpoints via configuration
18:44:21.621 logback [AsyncResolver-bootstrap-executor-0] INFO  c.n.d.s.r.aws.ConfigClusterResolver - Resolving eureka endpoints via configuration
18:49:21.622 logback [AsyncResolver-bootstrap-executor-0] INFO  c.n.d.s.r.aws.ConfigClusterResolver - Resolving eureka endpoints via configuration
18:54:21.624 logback [AsyncResolver-bootstrap-executor-0] INFO  c.n.d.s.r.aws.ConfigClusterResolver - Resolving eureka endpoints via configuration
18:59:21.625 logback [AsyncResolver-bootstrap-executor-0] INFO  c.n.d.s.r.aws.ConfigClusterResolver - Resolving eureka endpoints via configuration
19:04:21.626 logback [AsyncResolver-bootstrap-executor-0] INFO  c.n.d.s.r.aws.ConfigClusterResolver - Resolving eureka endpoints via configuration
19:09:21.628 logback [AsyncResolver-bootstrap-executor-0] INFO  c.n.d.s.r.aws.ConfigClusterResolver - Resolving eureka endpoints via configuration
19:14:21.630 logback [AsyncResolver-bootstrap-executor-0] INFO  c.n.d.s.r.aws.ConfigClusterResolver - Resolving eureka endpoints via configuration
19:19:21.630 logback [AsyncResolver-bootstrap-executor-0] INFO  c.n.d.s.r.aws.ConfigClusterResolver - Resolving eureka endpoints via configuration
19:24:21.633 logback [AsyncResolver-bootstrap-executor-0] INFO  c.n.d.s.r.aws.ConfigClusterResolver - Resolving eureka endpoints via configuration
19:29:21.634 logback [AsyncResolver-bootstrap-executor-0] INFO  c.n.d.s.r.aws.ConfigClusterResolver - Resolving eureka endpoints via configuration
19:34:21.635 logback [AsyncResolver-bootstrap-executor-0] INFO  c.n.d.s.r.aws.ConfigClusterResolver - Resolving eureka endpoints via configuration
19:39:21.636 logback [AsyncResolver-bootstrap-executor-0] INFO  c.n.d.s.r.aws.ConfigClusterResolver - Resolving eureka endpoints via configuration
19:44:21.638 logback [AsyncResolver-bootstrap-executor-0] INFO  c.n.d.s.r.aws.ConfigClusterResolver - Resolving eureka endpoints via configuration
19:49:21.640 logback [AsyncResolver-bootstrap-executor-0] INFO  c.n.d.s.r.aws.ConfigClusterResolver - Resolving eureka endpoints via configuration
19:54:21.641 logback [AsyncResolver-bootstrap-executor-0] INFO  c.n.d.s.r.aws.ConfigClusterResolver - Resolving eureka endpoints via configuration
19:59:21.643 logback [AsyncResolver-bootstrap-executor-0] INFO  c.n.d.s.r.aws.ConfigClusterResolver - Resolving eureka endpoints via configuration
20:04:21.644 logback [AsyncResolver-bootstrap-executor-0] INFO  c.n.d.s.r.aws.ConfigClusterResolver - Resolving eureka endpoints via configuration
20:09:21.645 logback [AsyncResolver-bootstrap-executor-0] INFO  c.n.d.s.r.aws.ConfigClusterResolver - Resolving eureka endpoints via configuration
20:14:21.646 logback [AsyncResolver-bootstrap-executor-0] INFO  c.n.d.s.r.aws.ConfigClusterResolver - Resolving eureka endpoints via configuration
20:19:21.648 logback [AsyncResolver-bootstrap-executor-0] INFO  c.n.d.s.r.aws.ConfigClusterResolver - Resolving eureka endpoints via configuration
20:24:21.650 logback [AsyncResolver-bootstrap-executor-0] INFO  c.n.d.s.r.aws.ConfigClusterResolver - Resolving eureka endpoints via configuration
20:29:21.653 logback [AsyncResolver-bootstrap-executor-0] INFO  c.n.d.s.r.aws.ConfigClusterResolver - Resolving eureka endpoints via configuration
20:34:21.654 logback [AsyncResolver-bootstrap-executor-0] INFO  c.n.d.s.r.aws.ConfigClusterResolver - Resolving eureka endpoints via configuration
20:39:21.655 logback [AsyncResolver-bootstrap-executor-0] INFO  c.n.d.s.r.aws.ConfigClusterResolver - Resolving eureka endpoints via configuration
20:44:21.656 logback [AsyncResolver-bootstrap-executor-0] INFO  c.n.d.s.r.aws.ConfigClusterResolver - Resolving eureka endpoints via configuration
20:49:21.657 logback [AsyncResolver-bootstrap-executor-0] INFO  c.n.d.s.r.aws.ConfigClusterResolver - Resolving eureka endpoints via configuration
20:54:21.660 logback [AsyncResolver-bootstrap-executor-0] INFO  c.n.d.s.r.aws.ConfigClusterResolver - Resolving eureka endpoints via configuration
20:59:21.661 logback [AsyncResolver-bootstrap-executor-0] INFO  c.n.d.s.r.aws.ConfigClusterResolver - Resolving eureka endpoints via configuration
21:04:21.661 logback [AsyncResolver-bootstrap-executor-0] INFO  c.n.d.s.r.aws.ConfigClusterResolver - Resolving eureka endpoints via configuration
21:09:21.662 logback [AsyncResolver-bootstrap-executor-0] INFO  c.n.d.s.r.aws.ConfigClusterResolver - Resolving eureka endpoints via configuration
21:14:21.663 logback [AsyncResolver-bootstrap-executor-0] INFO  c.n.d.s.r.aws.ConfigClusterResolver - Resolving eureka endpoints via configuration
21:19:21.665 logback [AsyncResolver-bootstrap-executor-0] INFO  c.n.d.s.r.aws.ConfigClusterResolver - Resolving eureka endpoints via configuration
21:24:21.666 logback [AsyncResolver-bootstrap-executor-0] INFO  c.n.d.s.r.aws.ConfigClusterResolver - Resolving eureka endpoints via configuration
21:29:21.668 logback [AsyncResolver-bootstrap-executor-0] INFO  c.n.d.s.r.aws.ConfigClusterResolver - Resolving eureka endpoints via configuration
21:34:21.669 logback [AsyncResolver-bootstrap-executor-0] INFO  c.n.d.s.r.aws.ConfigClusterResolver - Resolving eureka endpoints via configuration
21:39:21.670 logback [AsyncResolver-bootstrap-executor-0] INFO  c.n.d.s.r.aws.ConfigClusterResolver - Resolving eureka endpoints via configuration
21:44:21.672 logback [AsyncResolver-bootstrap-executor-0] INFO  c.n.d.s.r.aws.ConfigClusterResolver - Resolving eureka endpoints via configuration
21:49:21.673 logback [AsyncResolver-bootstrap-executor-0] INFO  c.n.d.s.r.aws.ConfigClusterResolver - Resolving eureka endpoints via configuration
21:54:21.675 logback [AsyncResolver-bootstrap-executor-0] INFO  c.n.d.s.r.aws.ConfigClusterResolver - Resolving eureka endpoints via configuration
21:59:21.676 logback [AsyncResolver-bootstrap-executor-0] INFO  c.n.d.s.r.aws.ConfigClusterResolver - Resolving eureka endpoints via configuration
22:04:21.678 logback [AsyncResolver-bootstrap-executor-0] INFO  c.n.d.s.r.aws.ConfigClusterResolver - Resolving eureka endpoints via configuration
22:09:21.679 logback [AsyncResolver-bootstrap-executor-0] INFO  c.n.d.s.r.aws.ConfigClusterResolver - Resolving eureka endpoints via configuration
22:14:21.680 logback [AsyncResolver-bootstrap-executor-0] INFO  c.n.d.s.r.aws.ConfigClusterResolver - Resolving eureka endpoints via configuration
22:19:21.681 logback [AsyncResolver-bootstrap-executor-0] INFO  c.n.d.s.r.aws.ConfigClusterResolver - Resolving eureka endpoints via configuration
22:24:21.681 logback [AsyncResolver-bootstrap-executor-0] INFO  c.n.d.s.r.aws.ConfigClusterResolver - Resolving eureka endpoints via configuration
22:29:21.684 logback [AsyncResolver-bootstrap-executor-0] INFO  c.n.d.s.r.aws.ConfigClusterResolver - Resolving eureka endpoints via configuration
22:34:21.686 logback [AsyncResolver-bootstrap-executor-0] INFO  c.n.d.s.r.aws.ConfigClusterResolver - Resolving eureka endpoints via configuration
22:39:21.687 logback [AsyncResolver-bootstrap-executor-0] INFO  c.n.d.s.r.aws.ConfigClusterResolver - Resolving eureka endpoints via configuration
22:44:21.688 logback [AsyncResolver-bootstrap-executor-0] INFO  c.n.d.s.r.aws.ConfigClusterResolver - Resolving eureka endpoints via configuration
22:49:21.690 logback [AsyncResolver-bootstrap-executor-0] INFO  c.n.d.s.r.aws.ConfigClusterResolver - Resolving eureka endpoints via configuration
22:54:21.691 logback [AsyncResolver-bootstrap-executor-0] INFO  c.n.d.s.r.aws.ConfigClusterResolver - Resolving eureka endpoints via configuration
22:59:21.693 logback [AsyncResolver-bootstrap-executor-0] INFO  c.n.d.s.r.aws.ConfigClusterResolver - Resolving eureka endpoints via configuration
23:04:21.695 logback [AsyncResolver-bootstrap-executor-0] INFO  c.n.d.s.r.aws.ConfigClusterResolver - Resolving eureka endpoints via configuration
23:09:21.697 logback [AsyncResolver-bootstrap-executor-0] INFO  c.n.d.s.r.aws.ConfigClusterResolver - Resolving eureka endpoints via configuration
23:14:21.698 logback [AsyncResolver-bootstrap-executor-0] INFO  c.n.d.s.r.aws.ConfigClusterResolver - Resolving eureka endpoints via configuration
23:19:21.700 logback [AsyncResolver-bootstrap-executor-0] INFO  c.n.d.s.r.aws.ConfigClusterResolver - Resolving eureka endpoints via configuration
23:24:21.701 logback [AsyncResolver-bootstrap-executor-0] INFO  c.n.d.s.r.aws.ConfigClusterResolver - Resolving eureka endpoints via configuration
23:29:21.702 logback [AsyncResolver-bootstrap-executor-0] INFO  c.n.d.s.r.aws.ConfigClusterResolver - Resolving eureka endpoints via configuration
23:34:21.703 logback [AsyncResolver-bootstrap-executor-0] INFO  c.n.d.s.r.aws.ConfigClusterResolver - Resolving eureka endpoints via configuration
23:39:21.706 logback [AsyncResolver-bootstrap-executor-0] INFO  c.n.d.s.r.aws.ConfigClusterResolver - Resolving eureka endpoints via configuration
23:44:21.707 logback [AsyncResolver-bootstrap-executor-0] INFO  c.n.d.s.r.aws.ConfigClusterResolver - Resolving eureka endpoints via configuration
23:49:21.711 logback [AsyncResolver-bootstrap-executor-0] INFO  c.n.d.s.r.aws.ConfigClusterResolver - Resolving eureka endpoints via configuration
23:54:21.712 logback [AsyncResolver-bootstrap-executor-0] INFO  c.n.d.s.r.aws.ConfigClusterResolver - Resolving eureka endpoints via configuration
23:59:21.714 logback [AsyncResolver-bootstrap-executor-0] INFO  c.n.d.s.r.aws.ConfigClusterResolver - Resolving eureka endpoints via configuration
