17:19:24.362 logback [restartedMain] INFO  o.s.c.a.AnnotationConfigApplicationContext - Refreshing org.springframework.context.annotation.AnnotationConfigApplicationContext@33624751: startup date [Tue Dec 12 17:19:24 CST 2017]; root of context hierarchy
17:19:24.507 logback [background-preinit] INFO  o.h.validator.internal.util.Version - HV000001: Hibernate Validator 5.2.4.Final
17:19:24.979 logback [restartedMain] INFO  o.s.b.f.a.AutowiredAnnotationBeanPostProcessor - JSR-330 'javax.inject.Inject' annotation found and supported for autowiring
17:19:25.047 logback [restartedMain] INFO  o.s.c.s.PostProcessorRegistrationDelegate$BeanPostProcessorChecker - Bean 'configurationPropertiesRebinderAutoConfiguration' of type [class org.springframework.cloud.autoconfigure.ConfigurationPropertiesRebinderAutoConfiguration$$EnhancerBySpringCGLIB$$62824968] is not eligible for getting processed by all BeanPostProcessors (for example: not eligible for auto-proxying)
17:19:27.145 logback [restartedMain] INFO  s.jiayibilin.wechat.WxMsApplication - No active profile set, falling back to default profiles: default
17:19:27.182 logback [restartedMain] INFO  o.s.b.c.e.AnnotationConfigEmbeddedWebApplicationContext - Refreshing org.springframework.boot.context.embedded.AnnotationConfigEmbeddedWebApplicationContext@1d6d6995: startup date [Tue Dec 12 17:19:27 CST 2017]; parent: org.springframework.context.annotation.AnnotationConfigApplicationContext@33624751
17:19:36.249 logback [restartedMain] INFO  o.s.cloud.context.scope.GenericScope - BeanFactory id=8947bbf6-4bca-333e-8970-972bfda276fc
17:19:36.266 logback [restartedMain] INFO  o.s.b.f.a.AutowiredAnnotationBeanPostProcessor - JSR-330 'javax.inject.Inject' annotation found and supported for autowiring
17:19:36.359 logback [restartedMain] INFO  o.s.c.s.PostProcessorRegistrationDelegate$BeanPostProcessorChecker - Bean 'org.springframework.cloud.netflix.metrics.MetricsInterceptorConfiguration$MetricsRestTemplateConfiguration' of type [class org.springframework.cloud.netflix.metrics.MetricsInterceptorConfiguration$MetricsRestTemplateConfiguration$$EnhancerBySpringCGLIB$$7894ecac] is not eligible for getting processed by all BeanPostProcessors (for example: not eligible for auto-proxying)
17:19:36.373 logback [restartedMain] INFO  o.s.c.s.PostProcessorRegistrationDelegate$BeanPostProcessorChecker - Bean 'org.springframework.cloud.autoconfigure.ConfigurationPropertiesRebinderAutoConfiguration' of type [class org.springframework.cloud.autoconfigure.ConfigurationPropertiesRebinderAutoConfiguration$$EnhancerBySpringCGLIB$$62824968] is not eligible for getting processed by all BeanPostProcessors (for example: not eligible for auto-proxying)
17:19:37.379 logback [restartedMain] INFO  o.s.b.c.e.t.TomcatEmbeddedServletContainer - Tomcat initialized with port(s): 1701 (http)
17:19:37.399 logback [restartedMain] INFO  o.a.catalina.core.StandardService - Starting service Tomcat
17:19:37.401 logback [restartedMain] INFO  o.a.catalina.core.StandardEngine - Starting Servlet Engine: Apache Tomcat/8.5.5
17:19:37.747 logback [localhost-startStop-1] INFO  o.a.c.c.C.[Tomcat].[localhost].[/] - Initializing Spring embedded WebApplicationContext
17:19:37.747 logback [localhost-startStop-1] INFO  o.s.web.context.ContextLoader - Root WebApplicationContext: initialization completed in 10565 ms
17:19:38.604 logback [localhost-startStop-1] INFO  o.s.b.w.s.ServletRegistrationBean - Mapping servlet: 'dispatcherServlet' to [/]
17:19:38.618 logback [localhost-startStop-1] INFO  o.s.b.w.s.FilterRegistrationBean - Mapping filter: 'metricsFilter' to: [/*]
17:19:38.619 logback [localhost-startStop-1] INFO  o.s.b.w.s.FilterRegistrationBean - Mapping filter: 'characterEncodingFilter' to: [/*]
17:19:38.619 logback [localhost-startStop-1] INFO  o.s.b.w.s.FilterRegistrationBean - Mapping filter: 'hiddenHttpMethodFilter' to: [/*]
17:19:38.619 logback [localhost-startStop-1] INFO  o.s.b.w.s.FilterRegistrationBean - Mapping filter: 'httpPutFormContentFilter' to: [/*]
17:19:38.619 logback [localhost-startStop-1] INFO  o.s.b.w.s.FilterRegistrationBean - Mapping filter: 'requestContextFilter' to: [/*]
17:19:38.619 logback [localhost-startStop-1] INFO  o.s.b.w.s.FilterRegistrationBean - Mapping filter: 'webRequestLoggingFilter' to: [/*]
17:19:38.619 logback [localhost-startStop-1] INFO  o.s.b.w.s.FilterRegistrationBean - Mapping filter: 'applicationContextIdFilter' to: [/*]
17:19:38.916 logback [restartedMain] INFO  o.s.c.a.AnnotationConfigApplicationContext - Refreshing org.springframework.context.annotation.AnnotationConfigApplicationContext@ce0afb8: startup date [Tue Dec 12 17:19:38 CST 2017]; parent: org.springframework.boot.context.embedded.AnnotationConfigEmbeddedWebApplicationContext@1d6d6995
17:19:38.970 logback [restartedMain] INFO  o.s.b.f.a.AutowiredAnnotationBeanPostProcessor - JSR-330 'javax.inject.Inject' annotation found and supported for autowiring
17:19:42.283 logback [restartedMain] INFO  o.s.w.s.m.m.a.RequestMappingHandlerAdapter - Looking for @ControllerAdvice: org.springframework.boot.context.embedded.AnnotationConfigEmbeddedWebApplicationContext@1d6d6995: startup date [Tue Dec 12 17:19:27 CST 2017]; parent: org.springframework.context.annotation.AnnotationConfigApplicationContext@33624751
17:19:42.651 logback [restartedMain] INFO  o.s.w.s.m.m.a.RequestMappingHandlerMapping - Mapped "{[/doctor/get],methods=[GET]}" onto public scut.jiayibilin.wechat.entity.JsonResult scut.jiayibilin.wechat.controller.feign.mysql.doctor.DoctorInfoController.GetDoctor(java.lang.String)
17:19:42.654 logback [restartedMain] INFO  o.s.w.s.m.m.a.RequestMappingHandlerMapping - Mapped "{[/doctor/getlist],methods=[GET]}" onto public scut.jiayibilin.wechat.entity.JsonResult scut.jiayibilin.wechat.controller.feign.mysql.doctor.DoctorInfoController.GetDoctorList()
17:19:42.655 logback [restartedMain] INFO  o.s.w.s.m.m.a.RequestMappingHandlerMapping - Mapped "{[/doctor/service/get],methods=[GET]}" onto public scut.jiayibilin.wechat.entity.JsonResult scut.jiayibilin.wechat.controller.feign.mysql.doctor.DoctorInfoController.GetService()
17:19:42.659 logback [restartedMain] INFO  o.s.w.s.m.m.a.RequestMappingHandlerMapping - Mapped "{[/healthmanage/healthcheck/get],methods=[GET]}" onto public scut.jiayibilin.wechat.entity.JsonResult scut.jiayibilin.wechat.controller.feign.mysql.healthmanage.HealthManageController.GetHealthCheckTable(java.lang.String)
17:19:42.659 logback [restartedMain] INFO  o.s.w.s.m.m.a.RequestMappingHandlerMapping - Mapped "{[/healthmanage/report/getnewest],methods=[GET]}" onto public scut.jiayibilin.wechat.entity.JsonResult scut.jiayibilin.wechat.controller.feign.mysql.healthmanage.HealthManageController.GetNewestReport(java.lang.String)
17:19:42.659 logback [restartedMain] INFO  o.s.w.s.m.m.a.RequestMappingHandlerMapping - Mapped "{[/healthmanage/messageremind/setread],methods=[POST]}" onto public scut.jiayibilin.wechat.entity.JsonResult scut.jiayibilin.wechat.controller.feign.mysql.healthmanage.HealthManageController.SetMessage(int)
17:19:42.660 logback [restartedMain] INFO  o.s.w.s.m.m.a.RequestMappingHandlerMapping - Mapped "{[/healthmanage/bloodcheck/find],methods=[GET]}" onto public scut.jiayibilin.wechat.entity.JsonResult scut.jiayibilin.wechat.controller.feign.mysql.healthmanage.HealthManageController.Findblood(java.lang.String)
17:19:42.660 logback [restartedMain] INFO  o.s.w.s.m.m.a.RequestMappingHandlerMapping - Mapped "{[/healthmanage/bloodcheck/saveorupdate],methods=[POST]}" onto public scut.jiayibilin.wechat.entity.JsonResult scut.jiayibilin.wechat.controller.feign.mysql.healthmanage.HealthManageController.SaveBloodCheck(javax.servlet.http.HttpServletRequest)
17:19:42.661 logback [restartedMain] INFO  o.s.w.s.m.m.a.RequestMappingHandlerMapping - Mapped "{[/healthmanage/bloodcheck/get],methods=[GET]}" onto public scut.jiayibilin.wechat.entity.JsonResult scut.jiayibilin.wechat.controller.feign.mysql.healthmanage.HealthManageController.FindBloodHistory(java.lang.String,java.lang.String,java.lang.String)
17:19:42.661 logback [restartedMain] INFO  o.s.w.s.m.m.a.RequestMappingHandlerMapping - Mapped "{[/healthmanage/biologycheck/saveorupdate],methods=[POST]}" onto public scut.jiayibilin.wechat.entity.JsonResult scut.jiayibilin.wechat.controller.feign.mysql.healthmanage.HealthManageController.SaveBiologyCheck(javax.servlet.http.HttpServletRequest)
17:19:42.662 logback [restartedMain] INFO  o.s.w.s.m.m.a.RequestMappingHandlerMapping - Mapped "{[/healthmanage/report/generate],methods=[POST]}" onto public scut.jiayibilin.wechat.entity.JsonResult scut.jiayibilin.wechat.controller.feign.mysql.healthmanage.HealthManageController.GenerateReport(java.lang.String)
17:19:42.662 logback [restartedMain] INFO  o.s.w.s.m.m.a.RequestMappingHandlerMapping - Mapped "{[/healthmanage/report/getall],methods=[GET]}" onto public scut.jiayibilin.wechat.entity.JsonResult scut.jiayibilin.wechat.controller.feign.mysql.healthmanage.HealthManageController.GetAllReport(java.lang.String)
17:19:42.662 logback [restartedMain] INFO  o.s.w.s.m.m.a.RequestMappingHandlerMapping - Mapped "{[/healthmanage/report/getnumber],methods=[GET]}" onto public scut.jiayibilin.wechat.entity.JsonResult scut.jiayibilin.wechat.controller.feign.mysql.healthmanage.HealthManageController.GetReportNumber()
17:19:42.663 logback [restartedMain] INFO  o.s.w.s.m.m.a.RequestMappingHandlerMapping - Mapped "{[/healthmanage/cardiogram/save],methods=[POST]}" onto public scut.jiayibilin.wechat.entity.JsonResult scut.jiayibilin.wechat.controller.feign.mysql.healthmanage.HealthManageController.SaveCardiogram(javax.servlet.http.HttpServletRequest)
17:19:42.663 logback [restartedMain] INFO  o.s.w.s.m.m.a.RequestMappingHandlerMapping - Mapped "{[/healthmanage/messageremind/getunread],methods=[GET]}" onto public scut.jiayibilin.wechat.entity.JsonResult scut.jiayibilin.wechat.controller.feign.mysql.healthmanage.HealthManageController.GetMessage(java.lang.String)
17:19:42.664 logback [restartedMain] INFO  o.s.w.s.m.m.a.RequestMappingHandlerMapping - Mapped "{[/healthmanage/healthcheck/saveorupdate],methods=[POST]}" onto public scut.jiayibilin.wechat.entity.JsonResult scut.jiayibilin.wechat.controller.feign.mysql.healthmanage.HealthManageController.SaveHealthCheck(javax.servlet.http.HttpServletRequest)
17:19:42.667 logback [restartedMain] INFO  o.s.w.s.m.m.a.RequestMappingHandlerMapping - Mapped "{[/healthmanage/report/getbycount],methods=[GET]}" onto public scut.jiayibilin.wechat.entity.JsonResult scut.jiayibilin.wechat.controller.feign.mysql.healthmanage.HealthManageController.GetReportBycount(java.lang.String,int)
17:19:42.667 logback [restartedMain] INFO  o.s.w.s.m.m.a.RequestMappingHandlerMapping - Mapped "{[/healthmanage/messageremind/unread/getnumber],methods=[GET]}" onto public scut.jiayibilin.wechat.entity.JsonResult scut.jiayibilin.wechat.controller.feign.mysql.healthmanage.HealthManageController.GetMessageNumber(java.lang.String)
17:19:42.668 logback [restartedMain] INFO  o.s.w.s.m.m.a.RequestMappingHandlerMapping - Mapped "{[/healthmanage/messageremind/getbyid],methods=[GET]}" onto public scut.jiayibilin.wechat.entity.JsonResult scut.jiayibilin.wechat.controller.feign.mysql.healthmanage.HealthManageController.GetMessagebyid(int)
17:19:42.672 logback [restartedMain] INFO  o.s.w.s.m.m.a.RequestMappingHandlerMapping - Mapped "{[/patientinfo/messageboard/getone],methods=[GET]}" onto public scut.jiayibilin.wechat.entity.JsonResult scut.jiayibilin.wechat.controller.feign.mysql.patient.PatientInfoController.getOneMessageBoard(int)
17:19:42.672 logback [restartedMain] INFO  o.s.w.s.m.m.a.RequestMappingHandlerMapping - Mapped "{[/patientinfo/messageboard/patientdelete],methods=[POST]}" onto public scut.jiayibilin.wechat.entity.JsonResult scut.jiayibilin.wechat.controller.feign.mysql.patient.PatientInfoController.deleteOneMessageBoard(int)
17:19:42.672 logback [restartedMain] INFO  o.s.w.s.m.m.a.RequestMappingHandlerMapping - Mapped "{[/patientinfo/messageboard/getnewestmessagwe],methods=[GET]}" onto public scut.jiayibilin.wechat.entity.JsonResult scut.jiayibilin.wechat.controller.feign.mysql.patient.PatientInfoController.getMessageBoardNewest(java.lang.String)
17:19:42.673 logback [restartedMain] INFO  o.s.w.s.m.m.a.RequestMappingHandlerMapping - Mapped "{[/patientinfo/messageremind/getunread],methods=[GET]}" onto public scut.jiayibilin.wechat.entity.JsonResult scut.jiayibilin.wechat.controller.feign.mysql.patient.PatientInfoController.GetMessage(java.lang.String)
17:19:42.673 logback [restartedMain] INFO  o.s.w.s.m.m.a.RequestMappingHandlerMapping - Mapped "{[/patientinfo/update],methods=[POST]}" onto public scut.jiayibilin.wechat.entity.JsonResult scut.jiayibilin.wechat.controller.feign.mysql.patient.PatientInfoController.patientupdate(javax.servlet.http.HttpServletRequest)
17:19:42.673 logback [restartedMain] INFO  o.s.w.s.m.m.a.RequestMappingHandlerMapping - Mapped "{[/patientinfo/doctor/get],methods=[GET]}" onto public scut.jiayibilin.wechat.entity.JsonResult scut.jiayibilin.wechat.controller.feign.mysql.patient.PatientInfoController.getmydoctor(java.lang.String)
17:19:42.674 logback [restartedMain] INFO  o.s.w.s.m.m.a.RequestMappingHandlerMapping - Mapped "{[/patientinfo/service/get],methods=[GET]}" onto public scut.jiayibilin.wechat.entity.JsonResult scut.jiayibilin.wechat.controller.feign.mysql.patient.PatientInfoController.getmyservice(java.lang.String)
17:19:42.674 logback [restartedMain] INFO  o.s.w.s.m.m.a.RequestMappingHandlerMapping - Mapped "{[/patientinfo/service/buy],methods=[POST]}" onto public scut.jiayibilin.wechat.entity.JsonResult scut.jiayibilin.wechat.controller.feign.mysql.patient.PatientInfoController.buyservice(java.lang.String,java.lang.String,java.lang.String)
17:19:42.675 logback [restartedMain] INFO  o.s.w.s.m.m.a.RequestMappingHandlerMapping - Mapped "{[/patientinfo/service/buyagain],methods=[POST]}" onto public scut.jiayibilin.wechat.entity.JsonResult scut.jiayibilin.wechat.controller.feign.mysql.patient.PatientInfoController.buyserviceagain(java.lang.String,java.lang.String,java.lang.String)
17:19:42.675 logback [restartedMain] INFO  o.s.w.s.m.m.a.RequestMappingHandlerMapping - Mapped "{[/patientinfo/contact/suggest],methods=[POST]}" onto public scut.jiayibilin.wechat.entity.JsonResult scut.jiayibilin.wechat.controller.feign.mysql.patient.PatientInfoController.contact_sug(scut.jiayibilin.wechat.entity.SuggestionEntity)
17:19:42.680 logback [restartedMain] INFO  o.s.w.s.m.m.a.RequestMappingHandlerMapping - Mapped "{[/patientinfo/messageboard/set],methods=[POST]}" onto public scut.jiayibilin.wechat.entity.JsonResult scut.jiayibilin.wechat.controller.feign.mysql.patient.PatientInfoController.setMessageBoard(scut.jiayibilin.wechat.entity.MessageBoardEntity)
17:19:42.681 logback [restartedMain] INFO  o.s.w.s.m.m.a.RequestMappingHandlerMapping - Mapped "{[/patientinfo/save],methods=[POST]}" onto public scut.jiayibilin.wechat.entity.JsonResult scut.jiayibilin.wechat.controller.feign.mysql.patient.PatientInfoController.patientsave(javax.servlet.http.HttpServletRequest)
17:19:42.682 logback [restartedMain] INFO  o.s.w.s.m.m.a.RequestMappingHandlerMapping - Mapped "{[/patientinfo/get],methods=[GET]}" onto public scut.jiayibilin.wechat.entity.JsonResult scut.jiayibilin.wechat.controller.feign.mysql.patient.PatientInfoController.patientinfo(java.lang.String)
17:19:42.684 logback [restartedMain] INFO  o.s.w.s.m.m.a.RequestMappingHandlerMapping - Mapped "{[/patientinfo/service/getbylist],methods=[GET]}" onto public scut.jiayibilin.wechat.entity.JsonResult scut.jiayibilin.wechat.controller.feign.mysql.patient.PatientInfoController.getservice(java.lang.String)
17:19:42.684 logback [restartedMain] INFO  o.s.w.s.m.m.a.RequestMappingHandlerMapping - Mapped "{[/patientinfo/evaluate],methods=[POST]}" onto public scut.jiayibilin.wechat.entity.JsonResult scut.jiayibilin.wechat.controller.feign.mysql.patient.PatientInfoController.evaluate(scut.jiayibilin.wechat.entity.EvaluationEntity)
17:19:42.684 logback [restartedMain] INFO  o.s.w.s.m.m.a.RequestMappingHandlerMapping - Mapped "{[/patientinfo/groupreceiving/list],methods=[GET]}" onto public scut.jiayibilin.wechat.entity.JsonResult scut.jiayibilin.wechat.controller.feign.mysql.patient.PatientInfoController.getPatientGroupReceiving(java.lang.String)
17:19:42.686 logback [restartedMain] INFO  o.s.w.s.m.m.a.RequestMappingHandlerMapping - Mapped "{[/patientinfo/groupreceiving/get],methods=[GET]}" onto public scut.jiayibilin.wechat.entity.JsonResult scut.jiayibilin.wechat.controller.feign.mysql.patient.PatientInfoController.getPatientGroupReceiving(int)
17:19:42.686 logback [restartedMain] INFO  o.s.w.s.m.m.a.RequestMappingHandlerMapping - Mapped "{[/patientinfo/groupreceiving/setread],methods=[POST]}" onto public scut.jiayibilin.wechat.entity.JsonResult scut.jiayibilin.wechat.controller.feign.mysql.patient.PatientInfoController.setPatientGroupReceivingRead(int)
17:19:42.687 logback [restartedMain] INFO  o.s.w.s.m.m.a.RequestMappingHandlerMapping - Mapped "{[/patientinfo/groupreceiving/delete],methods=[POST]}" onto public scut.jiayibilin.wechat.entity.JsonResult scut.jiayibilin.wechat.controller.feign.mysql.patient.PatientInfoController.deletePatientGroupReceiving(int)
17:19:42.687 logback [restartedMain] INFO  o.s.w.s.m.m.a.RequestMappingHandlerMapping - Mapped "{[/patientinfo/groupreceiving/unread],methods=[GET]}" onto public scut.jiayibilin.wechat.entity.JsonResult scut.jiayibilin.wechat.controller.feign.mysql.patient.PatientInfoController.getGroupReceivingUnread(java.lang.String)
17:19:42.689 logback [restartedMain] INFO  o.s.w.s.m.m.a.RequestMappingHandlerMapping - Mapped "{[/aliyun/qrcode/create]}" onto public scut.jiayibilin.wechat.entity.JsonResult scut.jiayibilin.wechat.controller.feign.mysql.qrcode.AliyunOssController.qrCodeCreateLogo(java.lang.String) throws me.chanjar.weixin.common.exception.WxErrorException,scut.jiayibilin.wechat.entity.QRParamsException,java.io.IOException
17:19:42.689 logback [restartedMain] INFO  o.s.w.s.m.m.a.RequestMappingHandlerMapping - Mapped "{[/aliyun/qrcode/get],methods=[GET]}" onto public scut.jiayibilin.wechat.entity.JsonResult scut.jiayibilin.wechat.controller.feign.mysql.qrcode.AliyunOssController.getdoctorqrcodeurl(java.lang.String)
17:19:42.690 logback [restartedMain] INFO  o.s.w.s.m.m.a.RequestMappingHandlerMapping - Mapped "{[/mydoctor]}" onto public java.lang.String scut.jiayibilin.wechat.controller.view.DoctorViewController.mydoctor(javax.servlet.http.HttpServletRequest,org.springframework.ui.Model)
17:19:42.690 logback [restartedMain] INFO  o.s.w.s.m.m.a.RequestMappingHandlerMapping - Mapped "{[/qrcode/doctor/{phone}]}" onto public java.lang.String scut.jiayibilin.wechat.controller.view.DoctorViewController.qrcode(javax.servlet.http.HttpServletRequest,java.lang.String)
17:19:42.691 logback [restartedMain] INFO  o.s.w.s.m.m.a.RequestMappingHandlerMapping - Mapped "{[/view/doctorlist]}" onto public java.lang.String scut.jiayibilin.wechat.controller.view.MainViewController.doctorlist(javax.servlet.http.HttpServletRequest)
17:19:42.691 logback [restartedMain] INFO  o.s.w.s.m.m.a.RequestMappingHandlerMapping - Mapped "{[/view/patient]}" onto public java.lang.String scut.jiayibilin.wechat.controller.view.MainViewController.patientinfo(javax.servlet.http.HttpServletRequest)
17:19:42.691 logback [restartedMain] INFO  o.s.w.s.m.m.a.RequestMappingHandlerMapping - Mapped "{[/view/about]}" onto public java.lang.String scut.jiayibilin.wechat.controller.view.MainViewController.about()
17:19:42.692 logback [restartedMain] INFO  o.s.w.s.m.m.a.RequestMappingHandlerMapping - Mapped "{[/view/contactus]}" onto public java.lang.String scut.jiayibilin.wechat.controller.view.MainViewController.contactus(javax.servlet.http.HttpServletRequest)
17:19:42.692 logback [restartedMain] INFO  o.s.w.s.m.m.a.RequestMappingHandlerMapping - Mapped "{[/view/healthmanage]}" onto public java.lang.String scut.jiayibilin.wechat.controller.view.MainViewController.healthservice(javax.servlet.http.HttpServletRequest)
17:19:42.695 logback [restartedMain] INFO  o.s.w.s.m.m.a.RequestMappingHandlerMapping - Mapped "{[/wechat/main],methods=[GET],produces=[text/plain;charset=utf-8]}" onto public java.lang.String scut.jiayibilin.wechat.controller.wechat.WechatController.authGet(java.lang.String,java.lang.String,java.lang.String,java.lang.String)
17:19:42.696 logback [restartedMain] INFO  o.s.w.s.m.m.a.RequestMappingHandlerMapping - Mapped "{[/wechat/main],methods=[POST],produces=[application/xml;charset=UTF-8]}" onto public java.lang.String scut.jiayibilin.wechat.controller.wechat.WechatController.post(java.lang.String,java.lang.String,java.lang.String,java.lang.String,java.lang.String,java.lang.String)
17:19:42.696 logback [restartedMain] INFO  o.s.w.s.m.m.a.RequestMappingHandlerMapping - Mapped "{[/error],produces=[text/html]}" onto public java.lang.String scut.jiayibilin.wechat.controller.wechat.WxErrorController.errorHtml(javax.servlet.http.HttpServletRequest)
17:19:42.701 logback [restartedMain] INFO  o.s.w.s.m.m.a.RequestMappingHandlerMapping - Mapped "{[/wechat/menu/menuTryMatch/{userid}],methods=[GET]}" onto public me.chanjar.weixin.common.bean.menu.WxMenu scut.jiayibilin.wechat.controller.wechat.WxMenuController.menuTryMatch(java.lang.String) throws me.chanjar.weixin.common.exception.WxErrorException
17:19:42.701 logback [restartedMain] INFO  o.s.w.s.m.m.a.RequestMappingHandlerMapping - Mapped "{[/wechat/menu/getSelfMenuInfo],methods=[GET]}" onto public me.chanjar.weixin.mp.bean.menu.WxMpGetSelfMenuInfoResult scut.jiayibilin.wechat.controller.wechat.WxMenuController.getSelfMenuInfo() throws me.chanjar.weixin.common.exception.WxErrorException
17:19:42.701 logback [restartedMain] INFO  o.s.w.s.m.m.a.RequestMappingHandlerMapping - Mapped "{[/wechat/menu/create/{json}],methods=[GET]}" onto public java.lang.String scut.jiayibilin.wechat.controller.wechat.WxMenuController.menuCreate(java.lang.String) throws me.chanjar.weixin.common.exception.WxErrorException
17:19:42.701 logback [restartedMain] INFO  o.s.w.s.m.m.a.RequestMappingHandlerMapping - Mapped "{[/wechat/menu/create],methods=[POST]}" onto public java.lang.String scut.jiayibilin.wechat.controller.wechat.WxMenuController.menuCreate(me.chanjar.weixin.common.bean.menu.WxMenu) throws me.chanjar.weixin.common.exception.WxErrorException
17:19:42.702 logback [restartedMain] INFO  o.s.w.s.m.m.a.RequestMappingHandlerMapping - Mapped "{[/wechat/menu/get],methods=[GET]}" onto public me.chanjar.weixin.mp.bean.menu.WxMpMenu scut.jiayibilin.wechat.controller.wechat.WxMenuController.menuGet() throws me.chanjar.weixin.common.exception.WxErrorException
17:19:42.702 logback [restartedMain] INFO  o.s.w.s.m.m.a.RequestMappingHandlerMapping - Mapped "{[/wechat/menu/delete/{menuId}],methods=[GET]}" onto public void scut.jiayibilin.wechat.controller.wechat.WxMenuController.menuDelete(java.lang.String) throws me.chanjar.weixin.common.exception.WxErrorException
17:19:42.702 logback [restartedMain] INFO  o.s.w.s.m.m.a.RequestMappingHandlerMapping - Mapped "{[/wechat/menu/delete],methods=[GET]}" onto public void scut.jiayibilin.wechat.controller.wechat.WxMenuController.menuDelete() throws me.chanjar.weixin.common.exception.WxErrorException
17:19:42.702 logback [restartedMain] INFO  o.s.w.s.m.m.a.RequestMappingHandlerMapping - Mapped "{[/wechat/menu/create],methods=[GET]}" onto public java.lang.String scut.jiayibilin.wechat.controller.wechat.WxMenuController.menuCreateSample() throws me.chanjar.weixin.common.exception.WxErrorException
17:19:42.706 logback [restartedMain] INFO  o.s.w.s.m.m.a.RequestMappingHandlerMapping - Mapped "{[/wechat/auth/buildo2url],methods=[GET]}" onto java.lang.String scut.jiayibilin.wechat.controller.wechat.WxOAuth2Controller.oauth2buildAuthorizationUrl(java.lang.String,java.lang.String,java.lang.String)
17:19:42.706 logback [restartedMain] INFO  o.s.w.s.m.m.a.RequestMappingHandlerMapping - Mapped "{[/wechat/auth/refreshtoken],methods=[POST]}" onto me.chanjar.weixin.mp.bean.result.WxMpOAuth2AccessToken scut.jiayibilin.wechat.controller.wechat.WxOAuth2Controller.oauth2refreshAccessToken(java.lang.String) throws me.chanjar.weixin.common.exception.WxErrorException
17:19:42.707 logback [restartedMain] INFO  o.s.w.s.m.m.a.RequestMappingHandlerMapping - Mapped "{[/wechat/auth/gettoken],methods=[GET]}" onto me.chanjar.weixin.mp.bean.result.WxMpOAuth2AccessToken scut.jiayibilin.wechat.controller.wechat.WxOAuth2Controller.oauth2getAccessToken(java.lang.String) throws me.chanjar.weixin.common.exception.WxErrorException
17:19:42.707 logback [restartedMain] INFO  o.s.w.s.m.m.a.RequestMappingHandlerMapping - Mapped "{[/wechat/auth/getinfo],methods=[GET]}" onto me.chanjar.weixin.mp.bean.result.WxMpUser scut.jiayibilin.wechat.controller.wechat.WxOAuth2Controller.oauth2getUserInfo(me.chanjar.weixin.mp.bean.result.WxMpOAuth2AccessToken,java.lang.String) throws me.chanjar.weixin.common.exception.WxErrorException
17:19:42.707 logback [restartedMain] INFO  o.s.w.s.m.m.a.RequestMappingHandlerMapping - Mapped "{[/wechat/auth/validatetoken],methods=[GET]}" onto boolean scut.jiayibilin.wechat.controller.wechat.WxOAuth2Controller.oauth2validateAccessToken(me.chanjar.weixin.mp.bean.result.WxMpOAuth2AccessToken)
17:19:42.707 logback [restartedMain] INFO  o.s.w.s.m.m.a.RequestMappingHandlerMapping - Mapped "{[/wechat/auth/buildurl],methods=[GET]}" onto java.lang.String scut.jiayibilin.wechat.controller.wechat.WxOAuth2Controller.buildQrConnectUrl(java.lang.String,java.lang.String,java.lang.String)
17:19:42.711 logback [restartedMain] INFO  o.s.w.s.m.m.a.RequestMappingHandlerMapping - Mapped "{[/wechat/user/getbyidandlan],methods=[GET]}" onto public me.chanjar.weixin.mp.bean.result.WxMpUser scut.jiayibilin.wechat.controller.wechat.WxUserController.userInfo(java.lang.String,java.lang.String) throws me.chanjar.weixin.common.exception.WxErrorException
17:19:42.711 logback [restartedMain] INFO  o.s.w.s.m.m.a.RequestMappingHandlerMapping - Mapped "{[/wechat/user/getbyid],methods=[GET]}" onto public me.chanjar.weixin.mp.bean.result.WxMpUser scut.jiayibilin.wechat.controller.wechat.WxUserController.userInfo(java.lang.String) throws me.chanjar.weixin.common.exception.WxErrorException
17:19:42.712 logback [restartedMain] INFO  o.s.w.s.m.m.a.RequestMappingHandlerMapping - Mapped "{[/wechat/user/updateremark],methods=[POST]}" onto public void scut.jiayibilin.wechat.controller.wechat.WxUserController.userUpdateRemark(java.lang.String,java.lang.String) throws me.chanjar.weixin.common.exception.WxErrorException
17:19:42.712 logback [restartedMain] INFO  o.s.w.s.m.m.a.RequestMappingHandlerMapping - Mapped "{[/wechat/user/getlistbyquery],methods=[GET]}" onto public java.util.List<me.chanjar.weixin.mp.bean.result.WxMpUser> scut.jiayibilin.wechat.controller.wechat.WxUserController.userInfoList(me.chanjar.weixin.mp.bean.WxMpUserQuery) throws me.chanjar.weixin.common.exception.WxErrorException
17:19:42.712 logback [restartedMain] INFO  o.s.w.s.m.m.a.RequestMappingHandlerMapping - Mapped "{[/wechat/user/getlist],methods=[GET]}" onto public java.util.List<me.chanjar.weixin.mp.bean.result.WxMpUser> scut.jiayibilin.wechat.controller.wechat.WxUserController.userInfoList(java.util.List<java.lang.String>) throws me.chanjar.weixin.common.exception.WxErrorException
17:19:42.712 logback [restartedMain] INFO  o.s.w.s.m.m.a.RequestMappingHandlerMapping - Mapped "{[/wechat/user/getbynextid],methods=[GET]}" onto public me.chanjar.weixin.mp.bean.result.WxMpUserList scut.jiayibilin.wechat.controller.wechat.WxUserController.userList(java.lang.String) throws me.chanjar.weixin.common.exception.WxErrorException
17:19:42.826 logback [restartedMain] INFO  o.s.w.s.h.SimpleUrlHandlerMapping - Mapped URL path [/webjars/**] onto handler of type [class org.springframework.web.servlet.resource.ResourceHttpRequestHandler]
17:19:42.826 logback [restartedMain] INFO  o.s.w.s.h.SimpleUrlHandlerMapping - Mapped URL path [/**] onto handler of type [class org.springframework.web.servlet.resource.ResourceHttpRequestHandler]
17:19:42.955 logback [restartedMain] INFO  o.s.w.s.h.SimpleUrlHandlerMapping - Mapped URL path [/**/favicon.ico] onto handler of type [class org.springframework.web.servlet.resource.ResourceHttpRequestHandler]
17:19:44.902 logback [restartedMain] INFO  o.s.b.a.e.mvc.EndpointHandlerMapping - Mapped "{[/refresh || /refresh.json],methods=[POST]}" onto public java.lang.Object org.springframework.cloud.endpoint.GenericPostableMvcEndpoint.invoke()
17:19:44.902 logback [restartedMain] INFO  o.s.b.a.e.mvc.EndpointHandlerMapping - Mapped "{[/info || /info.json],methods=[GET],produces=[application/json]}" onto public java.lang.Object org.springframework.boot.actuate.endpoint.mvc.EndpointMvcAdapter.invoke()
17:19:44.903 logback [restartedMain] INFO  o.s.b.a.e.mvc.EndpointHandlerMapping - Mapped "{[/configprops || /configprops.json],methods=[GET],produces=[application/json]}" onto public java.lang.Object org.springframework.boot.actuate.endpoint.mvc.EndpointMvcAdapter.invoke()
17:19:44.903 logback [restartedMain] INFO  o.s.b.a.e.mvc.EndpointHandlerMapping - Mapped "{[/resume || /resume.json],methods=[POST]}" onto public java.lang.Object org.springframework.cloud.endpoint.GenericPostableMvcEndpoint.invoke()
17:19:44.904 logback [restartedMain] INFO  o.s.b.a.e.mvc.EndpointHandlerMapping - Mapped "{[/metrics/{name:.*}],methods=[GET],produces=[application/json]}" onto public java.lang.Object org.springframework.boot.actuate.endpoint.mvc.MetricsMvcEndpoint.value(java.lang.String)
17:19:44.904 logback [restartedMain] INFO  o.s.b.a.e.mvc.EndpointHandlerMapping - Mapped "{[/metrics || /metrics.json],methods=[GET],produces=[application/json]}" onto public java.lang.Object org.springframework.boot.actuate.endpoint.mvc.EndpointMvcAdapter.invoke()
17:19:44.905 logback [restartedMain] INFO  o.s.b.a.e.mvc.EndpointHandlerMapping - Mapped "{[/heapdump || /heapdump.json],methods=[GET],produces=[application/octet-stream]}" onto public void org.springframework.boot.actuate.endpoint.mvc.HeapdumpMvcEndpoint.invoke(boolean,javax.servlet.http.HttpServletRequest,javax.servlet.http.HttpServletResponse) throws java.io.IOException,javax.servlet.ServletException
17:19:44.905 logback [restartedMain] INFO  o.s.b.a.e.mvc.EndpointHandlerMapping - Mapped "{[/service-registry/instance-status],methods=[GET]}" onto public org.springframework.http.ResponseEntity org.springframework.cloud.client.serviceregistry.endpoint.ServiceRegistryEndpoint.getStatus()
17:19:44.906 logback [restartedMain] INFO  o.s.b.a.e.mvc.EndpointHandlerMapping - Mapped "{[/service-registry/instance-status],methods=[POST]}" onto public org.springframework.http.ResponseEntity<?> org.springframework.cloud.client.serviceregistry.endpoint.ServiceRegistryEndpoint.setStatus(java.lang.String)
17:19:44.906 logback [restartedMain] INFO  o.s.b.a.e.mvc.EndpointHandlerMapping - Mapped "{[/env],methods=[POST]}" onto public java.lang.Object org.springframework.cloud.context.environment.EnvironmentManagerMvcEndpoint.value(java.util.Map<java.lang.String, java.lang.String>)
17:19:44.906 logback [restartedMain] INFO  o.s.b.a.e.mvc.EndpointHandlerMapping - Mapped "{[/env/reset],methods=[POST]}" onto public java.util.Map<java.lang.String, java.lang.Object> org.springframework.cloud.context.environment.EnvironmentManagerMvcEndpoint.reset()
17:19:44.907 logback [restartedMain] INFO  o.s.b.a.e.mvc.EndpointHandlerMapping - Mapped "{[/health || /health.json],produces=[application/json]}" onto public java.lang.Object org.springframework.boot.actuate.endpoint.mvc.HealthMvcEndpoint.invoke(java.security.Principal)
17:19:44.907 logback [restartedMain] INFO  o.s.b.a.e.mvc.EndpointHandlerMapping - Mapped "{[/restart || /restart.json],methods=[POST]}" onto public java.lang.Object org.springframework.cloud.context.restart.RestartMvcEndpoint.invoke()
17:19:44.908 logback [restartedMain] INFO  o.s.b.a.e.mvc.EndpointHandlerMapping - Mapped "{[/archaius || /archaius.json],methods=[GET],produces=[application/json]}" onto public java.lang.Object org.springframework.boot.actuate.endpoint.mvc.EndpointMvcAdapter.invoke()
17:19:44.908 logback [restartedMain] INFO  o.s.b.a.e.mvc.EndpointHandlerMapping - Mapped "{[/autoconfig || /autoconfig.json],methods=[GET],produces=[application/json]}" onto public java.lang.Object org.springframework.boot.actuate.endpoint.mvc.EndpointMvcAdapter.invoke()
17:19:44.910 logback [restartedMain] INFO  o.s.b.a.e.mvc.EndpointHandlerMapping - Mapped "{[/mappings || /mappings.json],methods=[GET],produces=[application/json]}" onto public java.lang.Object org.springframework.boot.actuate.endpoint.mvc.EndpointMvcAdapter.invoke()
17:19:44.910 logback [restartedMain] INFO  o.s.b.a.e.mvc.EndpointHandlerMapping - Mapped "{[/dump || /dump.json],methods=[GET],produces=[application/json]}" onto public java.lang.Object org.springframework.boot.actuate.endpoint.mvc.EndpointMvcAdapter.invoke()
17:19:44.911 logback [restartedMain] INFO  o.s.b.a.e.mvc.EndpointHandlerMapping - Mapped "{[/beans || /beans.json],methods=[GET],produces=[application/json]}" onto public java.lang.Object org.springframework.boot.actuate.endpoint.mvc.EndpointMvcAdapter.invoke()
17:19:44.912 logback [restartedMain] INFO  o.s.b.a.e.mvc.EndpointHandlerMapping - Mapped "{[/pause || /pause.json],methods=[POST]}" onto public java.lang.Object org.springframework.cloud.endpoint.GenericPostableMvcEndpoint.invoke()
17:19:44.913 logback [restartedMain] INFO  o.s.b.a.e.mvc.EndpointHandlerMapping - Mapped "{[/trace || /trace.json],methods=[GET],produces=[application/json]}" onto public java.lang.Object org.springframework.boot.actuate.endpoint.mvc.EndpointMvcAdapter.invoke()
17:19:44.913 logback [restartedMain] INFO  o.s.b.a.e.mvc.EndpointHandlerMapping - Mapped "{[/features || /features.json],methods=[GET],produces=[application/json]}" onto public java.lang.Object org.springframework.boot.actuate.endpoint.mvc.EndpointMvcAdapter.invoke()
17:19:44.914 logback [restartedMain] INFO  o.s.b.a.e.mvc.EndpointHandlerMapping - Mapped "{[/env/{name:.*}],methods=[GET],produces=[application/json]}" onto public java.lang.Object org.springframework.boot.actuate.endpoint.mvc.EnvironmentMvcEndpoint.value(java.lang.String)
17:19:44.915 logback [restartedMain] INFO  o.s.b.a.e.mvc.EndpointHandlerMapping - Mapped "{[/env || /env.json],methods=[GET],produces=[application/json]}" onto public java.lang.Object org.springframework.boot.actuate.endpoint.mvc.EndpointMvcAdapter.invoke()
17:19:46.422 logback [restartedMain] WARN  o.s.b.d.a.OptionalLiveReloadServer - Unable to start LiveReload server
17:19:46.647 logback [restartedMain] WARN  c.n.c.sources.URLConfigurationSource - No URLs will be polled as dynamic configuration sources.
17:19:46.647 logback [restartedMain] INFO  c.n.c.sources.URLConfigurationSource - To enable URLs as dynamic configuration sources, define System property archaius.configurationSource.additionalUrls or make config.properties available on classpath.
17:19:46.658 logback [restartedMain] WARN  c.n.c.sources.URLConfigurationSource - No URLs will be polled as dynamic configuration sources.
17:19:46.659 logback [restartedMain] INFO  c.n.c.sources.URLConfigurationSource - To enable URLs as dynamic configuration sources, define System property archaius.configurationSource.additionalUrls or make config.properties available on classpath.
17:19:46.819 logback [restartedMain] INFO  o.s.j.e.a.AnnotationMBeanExporter - Registering beans for JMX exposure on startup
17:19:46.838 logback [restartedMain] INFO  o.s.j.e.a.AnnotationMBeanExporter - Bean with name 'environmentManager' has been autodetected for JMX exposure
17:19:46.841 logback [restartedMain] INFO  o.s.j.e.a.AnnotationMBeanExporter - Bean with name 'configurationPropertiesRebinder' has been autodetected for JMX exposure
17:19:46.841 logback [restartedMain] INFO  o.s.j.e.a.AnnotationMBeanExporter - Bean with name 'refreshEndpoint' has been autodetected for JMX exposure
17:19:46.842 logback [restartedMain] INFO  o.s.j.e.a.AnnotationMBeanExporter - Bean with name 'restartEndpoint' has been autodetected for JMX exposure
17:19:46.843 logback [restartedMain] INFO  o.s.j.e.a.AnnotationMBeanExporter - Bean with name 'serviceRegistryEndpoint' has been autodetected for JMX exposure
17:19:46.845 logback [restartedMain] INFO  o.s.j.e.a.AnnotationMBeanExporter - Bean with name 'refreshScope' has been autodetected for JMX exposure
17:19:46.849 logback [restartedMain] INFO  o.s.j.e.a.AnnotationMBeanExporter - Located managed bean 'environmentManager': registering with JMX server as MBean [org.springframework.cloud.context.environment:name=environmentManager,type=EnvironmentManager]
17:19:46.878 logback [restartedMain] INFO  o.s.j.e.a.AnnotationMBeanExporter - Located managed bean 'restartEndpoint': registering with JMX server as MBean [org.springframework.cloud.context.restart:name=restartEndpoint,type=RestartEndpoint]
17:19:46.905 logback [restartedMain] INFO  o.s.j.e.a.AnnotationMBeanExporter - Located managed bean 'serviceRegistryEndpoint': registering with JMX server as MBean [org.springframework.cloud.client.serviceregistry.endpoint:name=serviceRegistryEndpoint,type=ServiceRegistryEndpoint]
17:19:46.924 logback [restartedMain] INFO  o.s.j.e.a.AnnotationMBeanExporter - Located managed bean 'refreshScope': registering with JMX server as MBean [org.springframework.cloud.context.scope.refresh:name=refreshScope,type=RefreshScope]
17:19:46.961 logback [restartedMain] INFO  o.s.j.e.a.AnnotationMBeanExporter - Located managed bean 'configurationPropertiesRebinder': registering with JMX server as MBean [org.springframework.cloud.context.properties:name=configurationPropertiesRebinder,context=1d6d6995,type=ConfigurationPropertiesRebinder]
17:19:46.966 logback [restartedMain] INFO  o.s.j.e.a.AnnotationMBeanExporter - Located managed bean 'refreshEndpoint': registering with JMX server as MBean [org.springframework.cloud.endpoint:name=refreshEndpoint,type=RefreshEndpoint]
17:19:46.967 logback [restartedMain] INFO  o.s.b.a.e.jmx.EndpointMBeanExporter - Registering beans for JMX exposure on startup
17:19:47.467 logback [restartedMain] INFO  o.s.c.s.DefaultLifecycleProcessor - Starting beans in phase 0
17:19:47.482 logback [restartedMain] INFO  o.s.c.n.eureka.InstanceInfoFactory - Setting initial instance status as: STARTING
17:19:47.580 logback [restartedMain] INFO  c.netflix.discovery.DiscoveryClient - Initializing Eureka in region us-east-1
17:19:47.970 logback [restartedMain] INFO  c.n.d.p.DiscoveryJerseyProvider - Using JSON encoding codec LegacyJacksonJson
17:19:47.970 logback [restartedMain] INFO  c.n.d.p.DiscoveryJerseyProvider - Using JSON decoding codec LegacyJacksonJson
17:19:48.223 logback [restartedMain] INFO  c.n.d.p.DiscoveryJerseyProvider - Using XML encoding codec XStreamXml
17:19:48.223 logback [restartedMain] INFO  c.n.d.p.DiscoveryJerseyProvider - Using XML decoding codec XStreamXml
17:19:48.842 logback [restartedMain] INFO  c.n.d.s.r.aws.ConfigClusterResolver - Resolving eureka endpoints via configuration
17:19:49.179 logback [restartedMain] INFO  c.netflix.discovery.DiscoveryClient - Disable delta property : false
17:19:49.180 logback [restartedMain] INFO  c.netflix.discovery.DiscoveryClient - Single vip registry refresh property : null
17:19:49.180 logback [restartedMain] INFO  c.netflix.discovery.DiscoveryClient - Force full registry fetch : false
17:19:49.180 logback [restartedMain] INFO  c.netflix.discovery.DiscoveryClient - Application is null : false
17:19:49.180 logback [restartedMain] INFO  c.netflix.discovery.DiscoveryClient - Registered Applications size is zero : true
17:19:49.180 logback [restartedMain] INFO  c.netflix.discovery.DiscoveryClient - Application version is -1: true
17:19:49.180 logback [restartedMain] INFO  c.netflix.discovery.DiscoveryClient - Getting all instance registry info from the eureka server
17:19:49.689 logback [restartedMain] INFO  c.netflix.discovery.DiscoveryClient - The response status is 200
17:19:49.692 logback [restartedMain] INFO  c.netflix.discovery.DiscoveryClient - Starting heartbeat executor: renew interval is: 10
17:19:49.696 logback [restartedMain] INFO  c.n.discovery.InstanceInfoReplicator - InstanceInfoReplicator onDemand update allowed rate per min is 4
17:19:49.702 logback [restartedMain] INFO  c.netflix.discovery.DiscoveryClient - Discovery Client initialized at timestamp 1513070389702 with initial instances count: 4
17:19:49.746 logback [restartedMain] INFO  o.s.c.n.e.s.EurekaServiceRegistry - Registering application microservice-jiayibilin-weChat with eureka with status UP
17:19:49.748 logback [restartedMain] INFO  c.netflix.discovery.DiscoveryClient - Saw local status change event StatusChangeEvent [timestamp=1513070389748, current=UP, previous=STARTING]
17:19:49.759 logback [restartedMain] INFO  o.s.b.a.e.jmx.EndpointMBeanExporter - Located managed bean 'featuresEndpoint': registering with JMX server as MBean [org.springframework.boot:type=Endpoint,name=featuresEndpoint]
17:19:49.769 logback [DiscoveryClient-InstanceInfoReplicator-0] INFO  c.netflix.discovery.DiscoveryClient - DiscoveryClient_MICROSERVICE-JIAYIBILIN-WECHAT/125.216.243.89:1701: registering service...
17:19:49.774 logback [restartedMain] INFO  o.s.b.a.e.jmx.EndpointMBeanExporter - Located managed bean 'requestMappingEndpoint': registering with JMX server as MBean [org.springframework.boot:type=Endpoint,name=requestMappingEndpoint]
17:19:49.776 logback [restartedMain] INFO  o.s.b.a.e.jmx.EndpointMBeanExporter - Located managed bean 'environmentEndpoint': registering with JMX server as MBean [org.springframework.boot:type=Endpoint,name=environmentEndpoint]
17:19:49.779 logback [restartedMain] INFO  o.s.b.a.e.jmx.EndpointMBeanExporter - Located managed bean 'healthEndpoint': registering with JMX server as MBean [org.springframework.boot:type=Endpoint,name=healthEndpoint]
17:19:49.781 logback [restartedMain] INFO  o.s.b.a.e.jmx.EndpointMBeanExporter - Located managed bean 'beansEndpoint': registering with JMX server as MBean [org.springframework.boot:type=Endpoint,name=beansEndpoint]
17:19:49.783 logback [restartedMain] INFO  o.s.b.a.e.jmx.EndpointMBeanExporter - Located managed bean 'infoEndpoint': registering with JMX server as MBean [org.springframework.boot:type=Endpoint,name=infoEndpoint]
17:19:49.785 logback [restartedMain] INFO  o.s.b.a.e.jmx.EndpointMBeanExporter - Located managed bean 'metricsEndpoint': registering with JMX server as MBean [org.springframework.boot:type=Endpoint,name=metricsEndpoint]
17:19:49.787 logback [restartedMain] INFO  o.s.b.a.e.jmx.EndpointMBeanExporter - Located managed bean 'traceEndpoint': registering with JMX server as MBean [org.springframework.boot:type=Endpoint,name=traceEndpoint]
17:19:49.790 logback [restartedMain] INFO  o.s.b.a.e.jmx.EndpointMBeanExporter - Located managed bean 'dumpEndpoint': registering with JMX server as MBean [org.springframework.boot:type=Endpoint,name=dumpEndpoint]
17:19:49.792 logback [restartedMain] INFO  o.s.b.a.e.jmx.EndpointMBeanExporter - Located managed bean 'autoConfigurationReportEndpoint': registering with JMX server as MBean [org.springframework.boot:type=Endpoint,name=autoConfigurationReportEndpoint]
17:19:49.794 logback [restartedMain] INFO  o.s.b.a.e.jmx.EndpointMBeanExporter - Located managed bean 'configurationPropertiesReportEndpoint': registering with JMX server as MBean [org.springframework.boot:type=Endpoint,name=configurationPropertiesReportEndpoint]
17:19:49.796 logback [restartedMain] INFO  o.s.b.a.e.jmx.EndpointMBeanExporter - Located managed bean 'archaiusEndpoint': registering with JMX server as MBean [org.springframework.boot:type=Endpoint,name=archaiusEndpoint]
17:19:49.839 logback [restartedMain] INFO  o.a.coyote.http11.Http11NioProtocol - Initializing ProtocolHandler ["http-nio-1701"]
17:19:49.883 logback [DiscoveryClient-InstanceInfoReplicator-0] INFO  c.netflix.discovery.DiscoveryClient - DiscoveryClient_MICROSERVICE-JIAYIBILIN-WECHAT/125.216.243.89:1701 - registration status: 204
17:19:49.951 logback [restartedMain] INFO  o.a.coyote.http11.Http11NioProtocol - Starting ProtocolHandler [http-nio-1701]
17:19:50.099 logback [restartedMain] INFO  o.a.tomcat.util.net.NioSelectorPool - Using a shared selector for servlet write/read
17:19:50.145 logback [restartedMain] INFO  o.s.b.c.e.t.TomcatEmbeddedServletContainer - Tomcat started on port(s): 1701 (http)
17:19:50.146 logback [restartedMain] INFO  o.s.c.n.e.s.EurekaAutoServiceRegistration - Updating port to 1701
17:19:50.153 logback [restartedMain] INFO  s.jiayibilin.wechat.WxMsApplication - Started WxMsApplication in 29.388 seconds (JVM running for 34.784)
17:24:49.184 logback [AsyncResolver-bootstrap-executor-0] INFO  c.n.d.s.r.aws.ConfigClusterResolver - Resolving eureka endpoints via configuration
17:29:49.189 logback [AsyncResolver-bootstrap-executor-0] INFO  c.n.d.s.r.aws.ConfigClusterResolver - Resolving eureka endpoints via configuration
17:34:49.205 logback [AsyncResolver-bootstrap-executor-0] INFO  c.n.d.s.r.aws.ConfigClusterResolver - Resolving eureka endpoints via configuration
17:39:49.206 logback [AsyncResolver-bootstrap-executor-0] INFO  c.n.d.s.r.aws.ConfigClusterResolver - Resolving eureka endpoints via configuration
17:44:49.210 logback [AsyncResolver-bootstrap-executor-0] INFO  c.n.d.s.r.aws.ConfigClusterResolver - Resolving eureka endpoints via configuration
17:49:49.211 logback [AsyncResolver-bootstrap-executor-0] INFO  c.n.d.s.r.aws.ConfigClusterResolver - Resolving eureka endpoints via configuration
17:54:49.212 logback [AsyncResolver-bootstrap-executor-0] INFO  c.n.d.s.r.aws.ConfigClusterResolver - Resolving eureka endpoints via configuration
