11:10:31.259 logback [restartedMain] INFO  o.s.c.a.AnnotationConfigApplicationContext - Refreshing org.springframework.context.annotation.AnnotationConfigApplicationContext@60548146: startup date [Mon Apr 02 11:10:31 CST 2018]; root of context hierarchy
11:10:31.579 logback [background-preinit] INFO  o.h.validator.internal.util.Version - HV000001: Hibernate Validator 5.2.4.Final
11:10:32.109 logback [restartedMain] INFO  o.s.b.f.a.AutowiredAnnotationBeanPostProcessor - JSR-330 'javax.inject.Inject' annotation found and supported for autowiring
11:10:32.189 logback [restartedMain] INFO  o.s.c.s.PostProcessorRegistrationDelegate$BeanPostProcessorChecker - Bean 'configurationPropertiesRebinderAutoConfiguration' of type [class org.springframework.cloud.autoconfigure.ConfigurationPropertiesRebinderAutoConfiguration$$EnhancerBySpringCGLIB$$d64ed100] is not eligible for getting processed by all BeanPostProcessors (for example: not eligible for auto-proxying)
11:10:34.614 logback [restartedMain] INFO  s.jiayibilin.wechat.WxMsApplication - No active profile set, falling back to default profiles: default
11:10:34.654 logback [restartedMain] INFO  o.s.b.c.e.AnnotationConfigEmbeddedWebApplicationContext - Refreshing org.springframework.boot.context.embedded.AnnotationConfigEmbeddedWebApplicationContext@c9a4053: startup date [Mon Apr 02 11:10:34 CST 2018]; parent: org.springframework.context.annotation.AnnotationConfigApplicationContext@60548146
11:10:39.511 logback [restartedMain] INFO  o.s.cloud.context.scope.GenericScope - BeanFactory id=dc21b156-8927-3490-ae4b-8e1344e85e05
11:10:39.541 logback [restartedMain] INFO  o.s.b.f.a.AutowiredAnnotationBeanPostProcessor - JSR-330 'javax.inject.Inject' annotation found and supported for autowiring
11:10:39.601 logback [restartedMain] INFO  o.s.c.s.PostProcessorRegistrationDelegate$BeanPostProcessorChecker - Bean 'org.springframework.cloud.netflix.metrics.MetricsInterceptorConfiguration$MetricsRestTemplateConfiguration' of type [class org.springframework.cloud.netflix.metrics.MetricsInterceptorConfiguration$MetricsRestTemplateConfiguration$$EnhancerBySpringCGLIB$$ec617444] is not eligible for getting processed by all BeanPostProcessors (for example: not eligible for auto-proxying)
11:10:39.621 logback [restartedMain] INFO  o.s.c.s.PostProcessorRegistrationDelegate$BeanPostProcessorChecker - Bean 'org.springframework.cloud.autoconfigure.ConfigurationPropertiesRebinderAutoConfiguration' of type [class org.springframework.cloud.autoconfigure.ConfigurationPropertiesRebinderAutoConfiguration$$EnhancerBySpringCGLIB$$d64ed100] is not eligible for getting processed by all BeanPostProcessors (for example: not eligible for auto-proxying)
11:10:41.422 logback [restartedMain] INFO  o.s.b.c.e.t.TomcatEmbeddedServletContainer - Tomcat initialized with port(s): 1701 (http)
11:10:41.452 logback [restartedMain] INFO  o.a.catalina.core.StandardService - Starting service Tomcat
11:10:41.452 logback [restartedMain] INFO  o.a.catalina.core.StandardEngine - Starting Servlet Engine: Apache Tomcat/8.5.5
11:10:41.942 logback [localhost-startStop-1] INFO  o.a.c.c.C.[Tomcat].[localhost].[/] - Initializing Spring embedded WebApplicationContext
11:10:41.942 logback [localhost-startStop-1] INFO  o.s.web.context.ContextLoader - Root WebApplicationContext: initialization completed in 7288 ms
11:10:42.840 logback [localhost-startStop-1] INFO  o.s.b.w.s.ServletRegistrationBean - Mapping servlet: 'dispatcherServlet' to [/]
11:10:42.850 logback [localhost-startStop-1] INFO  o.s.b.w.s.FilterRegistrationBean - Mapping filter: 'metricsFilter' to: [/*]
11:10:42.850 logback [localhost-startStop-1] INFO  o.s.b.w.s.FilterRegistrationBean - Mapping filter: 'characterEncodingFilter' to: [/*]
11:10:42.850 logback [localhost-startStop-1] INFO  o.s.b.w.s.FilterRegistrationBean - Mapping filter: 'hiddenHttpMethodFilter' to: [/*]
11:10:42.850 logback [localhost-startStop-1] INFO  o.s.b.w.s.FilterRegistrationBean - Mapping filter: 'httpPutFormContentFilter' to: [/*]
11:10:42.850 logback [localhost-startStop-1] INFO  o.s.b.w.s.FilterRegistrationBean - Mapping filter: 'requestContextFilter' to: [/*]
11:10:42.850 logback [localhost-startStop-1] INFO  o.s.b.w.s.FilterRegistrationBean - Mapping filter: 'webRequestLoggingFilter' to: [/*]
11:10:42.850 logback [localhost-startStop-1] INFO  o.s.b.w.s.FilterRegistrationBean - Mapping filter: 'applicationContextIdFilter' to: [/*]
11:10:43.211 logback [restartedMain] INFO  o.s.c.a.AnnotationConfigApplicationContext - Refreshing org.springframework.context.annotation.AnnotationConfigApplicationContext@73c335fd: startup date [Mon Apr 02 11:10:43 GMT+08:00 2018]; parent: org.springframework.boot.context.embedded.AnnotationConfigEmbeddedWebApplicationContext@c9a4053
11:10:43.311 logback [restartedMain] INFO  o.s.b.f.a.AutowiredAnnotationBeanPostProcessor - JSR-330 'javax.inject.Inject' annotation found and supported for autowiring
11:10:46.300 logback [restartedMain] INFO  o.s.w.s.m.m.a.RequestMappingHandlerAdapter - Looking for @ControllerAdvice: org.springframework.boot.context.embedded.AnnotationConfigEmbeddedWebApplicationContext@c9a4053: startup date [Mon Apr 02 11:10:34 GMT+08:00 2018]; parent: org.springframework.context.annotation.AnnotationConfigApplicationContext@60548146
11:10:46.464 logback [restartedMain] INFO  o.s.w.s.m.m.a.RequestMappingHandlerMapping - Mapped "{[/doctor/groupsending],methods=[POST]}" onto public scut.jiayibilin.wechat.entity.JsonResult scut.jiayibilin.wechat.controller.feign.mysql.doctor.DoctorInfoController.doctorGroupSending(scut.jiayibilin.wechat.entity.DoctorGroupSendingEntity)
11:10:46.464 logback [restartedMain] INFO  o.s.w.s.m.m.a.RequestMappingHandlerMapping - Mapped "{[/doctor/get],methods=[GET]}" onto public scut.jiayibilin.wechat.entity.JsonResult scut.jiayibilin.wechat.controller.feign.mysql.doctor.DoctorInfoController.GetDoctor(java.lang.String)
11:10:46.464 logback [restartedMain] INFO  o.s.w.s.m.m.a.RequestMappingHandlerMapping - Mapped "{[/doctor/getlist],methods=[GET]}" onto public scut.jiayibilin.wechat.entity.JsonResult scut.jiayibilin.wechat.controller.feign.mysql.doctor.DoctorInfoController.GetDoctorList()
11:10:46.464 logback [restartedMain] INFO  o.s.w.s.m.m.a.RequestMappingHandlerMapping - Mapped "{[/doctor/service/get],methods=[GET]}" onto public scut.jiayibilin.wechat.entity.JsonResult scut.jiayibilin.wechat.controller.feign.mysql.doctor.DoctorInfoController.GetService(java.lang.String)
11:10:46.474 logback [restartedMain] INFO  o.s.w.s.m.m.a.RequestMappingHandlerMapping - Mapped "{[/healthmanage/definemessage/unread/getnumber],methods=[GET]}" onto public scut.jiayibilin.wechat.entity.JsonResult scut.jiayibilin.wechat.controller.feign.mysql.healthmanage.HealthManageController.getDefineMsgNumber(java.lang.String)
11:10:46.474 logback [restartedMain] INFO  o.s.w.s.m.m.a.RequestMappingHandlerMapping - Mapped "{[/healthmanage/definemessage/setread],methods=[POST]}" onto public scut.jiayibilin.wechat.entity.JsonResult scut.jiayibilin.wechat.controller.feign.mysql.healthmanage.HealthManageController.setDefineMsgReaded(int)
11:10:46.474 logback [restartedMain] INFO  o.s.w.s.m.m.a.RequestMappingHandlerMapping - Mapped "{[/healthmanage/healthcheck/get],methods=[GET]}" onto public scut.jiayibilin.wechat.entity.JsonResult scut.jiayibilin.wechat.controller.feign.mysql.healthmanage.HealthManageController.GetHealthCheckTable(java.lang.String)
11:10:46.474 logback [restartedMain] INFO  o.s.w.s.m.m.a.RequestMappingHandlerMapping - Mapped "{[/healthmanage/messageremind/getunread],methods=[GET]}" onto public scut.jiayibilin.wechat.entity.JsonResult scut.jiayibilin.wechat.controller.feign.mysql.healthmanage.HealthManageController.GetMessage(java.lang.String)
11:10:46.474 logback [restartedMain] INFO  o.s.w.s.m.m.a.RequestMappingHandlerMapping - Mapped "{[/healthmanage/messageremind/unread/getnumber],methods=[GET]}" onto public scut.jiayibilin.wechat.entity.JsonResult scut.jiayibilin.wechat.controller.feign.mysql.healthmanage.HealthManageController.GetMessageNumber(java.lang.String)
11:10:46.474 logback [restartedMain] INFO  o.s.w.s.m.m.a.RequestMappingHandlerMapping - Mapped "{[/healthmanage/definemessage/get],methods=[GET]}" onto public scut.jiayibilin.wechat.entity.JsonResult scut.jiayibilin.wechat.controller.feign.mysql.healthmanage.HealthManageController.getDefineMsg(java.lang.String)
11:10:46.474 logback [restartedMain] INFO  o.s.w.s.m.m.a.RequestMappingHandlerMapping - Mapped "{[/healthmanage/messageremind/setread],methods=[POST]}" onto public scut.jiayibilin.wechat.entity.JsonResult scut.jiayibilin.wechat.controller.feign.mysql.healthmanage.HealthManageController.setMessageReaded(int)
11:10:46.474 logback [restartedMain] INFO  o.s.w.s.m.m.a.RequestMappingHandlerMapping - Mapped "{[/healthmanage/report/getnewest],methods=[GET]}" onto public scut.jiayibilin.wechat.entity.JsonResult scut.jiayibilin.wechat.controller.feign.mysql.healthmanage.HealthManageController.GetNewestReport(java.lang.String)
11:10:46.474 logback [restartedMain] INFO  o.s.w.s.m.m.a.RequestMappingHandlerMapping - Mapped "{[/healthmanage/cardiograph/get],methods=[GET]}" onto public scut.jiayibilin.wechat.entity.JsonResult scut.jiayibilin.wechat.controller.feign.mysql.healthmanage.HealthManageController.GetCardiograph(java.lang.String)
11:10:46.484 logback [restartedMain] INFO  o.s.w.s.m.m.a.RequestMappingHandlerMapping - Mapped "{[/healthmanage/report/generate],methods=[POST]}" onto public scut.jiayibilin.wechat.entity.JsonResult scut.jiayibilin.wechat.controller.feign.mysql.healthmanage.HealthManageController.GenerateReport(java.lang.String)
11:10:46.484 logback [restartedMain] INFO  o.s.w.s.m.m.a.RequestMappingHandlerMapping - Mapped "{[/healthmanage/report/getnumber],methods=[GET]}" onto public scut.jiayibilin.wechat.entity.JsonResult scut.jiayibilin.wechat.controller.feign.mysql.healthmanage.HealthManageController.GetReportNumber()
11:10:46.484 logback [restartedMain] INFO  o.s.w.s.m.m.a.RequestMappingHandlerMapping - Mapped "{[/healthmanage/cardiograph/delete],methods=[POST]}" onto public scut.jiayibilin.wechat.entity.JsonResult scut.jiayibilin.wechat.controller.feign.mysql.healthmanage.HealthManageController.deleteCardiogram(java.lang.Integer)
11:10:46.484 logback [restartedMain] INFO  o.s.w.s.m.m.a.RequestMappingHandlerMapping - Mapped "{[/healthmanage/report/getall],methods=[GET]}" onto public scut.jiayibilin.wechat.entity.JsonResult scut.jiayibilin.wechat.controller.feign.mysql.healthmanage.HealthManageController.GetAllReport(java.lang.String)
11:10:46.484 logback [restartedMain] INFO  o.s.w.s.m.m.a.RequestMappingHandlerMapping - Mapped "{[/healthmanage/biologycheck/get],methods=[GET]}" onto public scut.jiayibilin.wechat.entity.JsonResult scut.jiayibilin.wechat.controller.feign.mysql.healthmanage.HealthManageController.GetBiologyCheck(java.lang.String)
11:10:46.484 logback [restartedMain] INFO  o.s.w.s.m.m.a.RequestMappingHandlerMapping - Mapped "{[/healthmanage/bloodcheck/saveorupdate],methods=[POST]}" onto public scut.jiayibilin.wechat.entity.JsonResult scut.jiayibilin.wechat.controller.feign.mysql.healthmanage.HealthManageController.SaveBloodCheck(javax.servlet.http.HttpServletRequest)
11:10:46.484 logback [restartedMain] INFO  o.s.w.s.m.m.a.RequestMappingHandlerMapping - Mapped "{[/healthmanage/bloodcheck/get],methods=[GET]}" onto public scut.jiayibilin.wechat.entity.JsonResult scut.jiayibilin.wechat.controller.feign.mysql.healthmanage.HealthManageController.FindBloodHistory(java.lang.String,java.lang.String,java.lang.String)
11:10:46.484 logback [restartedMain] INFO  o.s.w.s.m.m.a.RequestMappingHandlerMapping - Mapped "{[/healthmanage/cardiogram/save],methods=[POST]}" onto public scut.jiayibilin.wechat.entity.JsonResult scut.jiayibilin.wechat.controller.feign.mysql.healthmanage.HealthManageController.SaveCardiogram(javax.servlet.http.HttpServletRequest)
11:10:46.484 logback [restartedMain] INFO  o.s.w.s.m.m.a.RequestMappingHandlerMapping - Mapped "{[/healthmanage/healthcheck/saveorupdate],methods=[POST]}" onto public scut.jiayibilin.wechat.entity.JsonResult scut.jiayibilin.wechat.controller.feign.mysql.healthmanage.HealthManageController.SaveHealthCheck(javax.servlet.http.HttpServletRequest)
11:10:46.484 logback [restartedMain] INFO  o.s.w.s.m.m.a.RequestMappingHandlerMapping - Mapped "{[/healthmanage/biologycheck/saveorupdate],methods=[POST]}" onto public scut.jiayibilin.wechat.entity.JsonResult scut.jiayibilin.wechat.controller.feign.mysql.healthmanage.HealthManageController.SaveBiologyCheck(javax.servlet.http.HttpServletRequest)
11:10:46.484 logback [restartedMain] INFO  o.s.w.s.m.m.a.RequestMappingHandlerMapping - Mapped "{[/healthmanage/messageremind/getbyid],methods=[GET]}" onto public scut.jiayibilin.wechat.entity.JsonResult scut.jiayibilin.wechat.controller.feign.mysql.healthmanage.HealthManageController.GetMessagebyid(int)
11:10:46.484 logback [restartedMain] INFO  o.s.w.s.m.m.a.RequestMappingHandlerMapping - Mapped "{[/healthmanage/messageremind],methods=[POST]}" onto public scut.jiayibilin.wechat.entity.JsonResult scut.jiayibilin.wechat.controller.feign.mysql.healthmanage.HealthManageController.messageRemind(scut.jiayibilin.wechat.entity.MessageRemindEntity)
11:10:46.484 logback [restartedMain] INFO  o.s.w.s.m.m.a.RequestMappingHandlerMapping - Mapped "{[/healthmanage/definemessage/getbyid],methods=[GET]}" onto public scut.jiayibilin.wechat.entity.JsonResult scut.jiayibilin.wechat.controller.feign.mysql.healthmanage.HealthManageController.getDefineMsgById(int)
11:10:46.484 logback [restartedMain] INFO  o.s.w.s.m.m.a.RequestMappingHandlerMapping - Mapped "{[/healthmanage/definemessage/delete],methods=[POST]}" onto public scut.jiayibilin.wechat.entity.JsonResult scut.jiayibilin.wechat.controller.feign.mysql.healthmanage.HealthManageController.deleteDefineMsg(int)
11:10:46.494 logback [restartedMain] INFO  o.s.w.s.m.m.a.RequestMappingHandlerMapping - Mapped "{[/healthmanage/definemessage],methods=[POST]}" onto public scut.jiayibilin.wechat.entity.JsonResult scut.jiayibilin.wechat.controller.feign.mysql.healthmanage.HealthManageController.defineMessage(scut.jiayibilin.wechat.entity.DefinitionMessageEntity)
11:10:46.494 logback [restartedMain] INFO  o.s.w.s.m.m.a.RequestMappingHandlerMapping - Mapped "{[/healthmanage/bloodcheck/find],methods=[GET]}" onto public scut.jiayibilin.wechat.entity.JsonResult scut.jiayibilin.wechat.controller.feign.mysql.healthmanage.HealthManageController.Findblood(java.lang.String)
11:10:46.494 logback [restartedMain] INFO  o.s.w.s.m.m.a.RequestMappingHandlerMapping - Mapped "{[/healthmanage/report/getbycount],methods=[GET]}" onto public scut.jiayibilin.wechat.entity.JsonResult scut.jiayibilin.wechat.controller.feign.mysql.healthmanage.HealthManageController.GetReportBycount(java.lang.String,int)
11:10:46.494 logback [restartedMain] INFO  o.s.w.s.m.m.a.RequestMappingHandlerMapping - Mapped "{[/patientinfo/evaluate],methods=[POST]}" onto public scut.jiayibilin.wechat.entity.JsonResult scut.jiayibilin.wechat.controller.feign.mysql.patient.PatientInfoController.evaluate(scut.jiayibilin.wechat.entity.EvaluationEntity)
11:10:46.494 logback [restartedMain] INFO  o.s.w.s.m.m.a.RequestMappingHandlerMapping - Mapped "{[/patientinfo/messageboard/getnewestmessagwe],methods=[GET]}" onto public scut.jiayibilin.wechat.entity.JsonResult scut.jiayibilin.wechat.controller.feign.mysql.patient.PatientInfoController.getMessageBoardNewest(java.lang.String)
11:10:46.494 logback [restartedMain] INFO  o.s.w.s.m.m.a.RequestMappingHandlerMapping - Mapped "{[/patientinfo/groupreceiving/unread],methods=[GET]}" onto public scut.jiayibilin.wechat.entity.JsonResult scut.jiayibilin.wechat.controller.feign.mysql.patient.PatientInfoController.getGroupReceivingUnread(java.lang.String)
11:10:46.494 logback [restartedMain] INFO  o.s.w.s.m.m.a.RequestMappingHandlerMapping - Mapped "{[/patientinfo/messageboard/getone],methods=[GET]}" onto public scut.jiayibilin.wechat.entity.JsonResult scut.jiayibilin.wechat.controller.feign.mysql.patient.PatientInfoController.getOneMessageBoard(int)
11:10:46.494 logback [restartedMain] INFO  o.s.w.s.m.m.a.RequestMappingHandlerMapping - Mapped "{[/patientinfo/groupreceiving/list],methods=[GET]}" onto public scut.jiayibilin.wechat.entity.JsonResult scut.jiayibilin.wechat.controller.feign.mysql.patient.PatientInfoController.getPatientGroupReceiving(java.lang.String)
11:10:46.494 logback [restartedMain] INFO  o.s.w.s.m.m.a.RequestMappingHandlerMapping - Mapped "{[/patientinfo/groupreceiving/get],methods=[GET]}" onto public scut.jiayibilin.wechat.entity.JsonResult scut.jiayibilin.wechat.controller.feign.mysql.patient.PatientInfoController.getPatientGroupReceiving(int)
11:10:46.494 logback [restartedMain] INFO  o.s.w.s.m.m.a.RequestMappingHandlerMapping - Mapped "{[/patientinfo/messageboard/patientdelete],methods=[POST]}" onto public scut.jiayibilin.wechat.entity.JsonResult scut.jiayibilin.wechat.controller.feign.mysql.patient.PatientInfoController.deleteOneMessageBoard(int)
11:10:46.494 logback [restartedMain] INFO  o.s.w.s.m.m.a.RequestMappingHandlerMapping - Mapped "{[/patientinfo/service/getboughtbyid],methods=[GET]}" onto public scut.jiayibilin.wechat.entity.JsonResult scut.jiayibilin.wechat.controller.feign.mysql.patient.PatientInfoController.getBoughtServiceById(java.lang.Integer)
11:10:46.494 logback [restartedMain] INFO  o.s.w.s.m.m.a.RequestMappingHandlerMapping - Mapped "{[/patientinfo/groupreceiving/delete],methods=[POST]}" onto public scut.jiayibilin.wechat.entity.JsonResult scut.jiayibilin.wechat.controller.feign.mysql.patient.PatientInfoController.deletePatientGroupReceiving(int)
11:10:46.504 logback [restartedMain] INFO  o.s.w.s.m.m.a.RequestMappingHandlerMapping - Mapped "{[/patientinfo/groupreceiving/setread],methods=[POST]}" onto public scut.jiayibilin.wechat.entity.JsonResult scut.jiayibilin.wechat.controller.feign.mysql.patient.PatientInfoController.setPatientGroupReceivingRead(int)
11:10:46.504 logback [restartedMain] INFO  o.s.w.s.m.m.a.RequestMappingHandlerMapping - Mapped "{[/patientinfo/messageremind/getunread],methods=[GET]}" onto public scut.jiayibilin.wechat.entity.JsonResult scut.jiayibilin.wechat.controller.feign.mysql.patient.PatientInfoController.GetMessage(java.lang.String)
11:10:46.504 logback [restartedMain] INFO  o.s.w.s.m.m.a.RequestMappingHandlerMapping - Mapped "{[/patientinfo/service/get],methods=[GET]}" onto public scut.jiayibilin.wechat.entity.JsonResult scut.jiayibilin.wechat.controller.feign.mysql.patient.PatientInfoController.getmyservice(java.lang.String)
11:10:46.504 logback [restartedMain] INFO  o.s.w.s.m.m.a.RequestMappingHandlerMapping - Mapped "{[/patientinfo/messageboard/set],methods=[POST]}" onto public scut.jiayibilin.wechat.entity.JsonResult scut.jiayibilin.wechat.controller.feign.mysql.patient.PatientInfoController.setMessageBoard(scut.jiayibilin.wechat.entity.MessageBoardEntity)
11:10:46.504 logback [restartedMain] INFO  o.s.w.s.m.m.a.RequestMappingHandlerMapping - Mapped "{[/patientinfo/service/buyagain],methods=[POST]}" onto public scut.jiayibilin.wechat.entity.JsonResult scut.jiayibilin.wechat.controller.feign.mysql.patient.PatientInfoController.buyserviceagain(java.lang.String,java.lang.String,java.lang.String)
11:10:46.504 logback [restartedMain] INFO  o.s.w.s.m.m.a.RequestMappingHandlerMapping - Mapped "{[/patientinfo/service/getbyid],methods=[GET]}" onto public scut.jiayibilin.wechat.entity.JsonResult scut.jiayibilin.wechat.controller.feign.mysql.patient.PatientInfoController.getServiceById(java.lang.Integer)
11:10:46.504 logback [restartedMain] INFO  o.s.w.s.m.m.a.RequestMappingHandlerMapping - Mapped "{[/patientinfo/service/buy],methods=[POST]}" onto public scut.jiayibilin.wechat.entity.JsonResult scut.jiayibilin.wechat.controller.feign.mysql.patient.PatientInfoController.buyservice(java.lang.String,java.lang.String,java.lang.String)
11:10:46.504 logback [restartedMain] INFO  o.s.w.s.m.m.a.RequestMappingHandlerMapping - Mapped "{[/patientinfo/contact/suggest],methods=[POST]}" onto public scut.jiayibilin.wechat.entity.JsonResult scut.jiayibilin.wechat.controller.feign.mysql.patient.PatientInfoController.contact_sug(scut.jiayibilin.wechat.entity.SuggestionEntity)
11:10:46.504 logback [restartedMain] INFO  o.s.w.s.m.m.a.RequestMappingHandlerMapping - Mapped "{[/patientinfo/save],methods=[POST]}" onto public scut.jiayibilin.wechat.entity.JsonResult scut.jiayibilin.wechat.controller.feign.mysql.patient.PatientInfoController.patientsave(javax.servlet.http.HttpServletRequest)
11:10:46.504 logback [restartedMain] INFO  o.s.w.s.m.m.a.RequestMappingHandlerMapping - Mapped "{[/patientinfo/get],methods=[GET]}" onto public scut.jiayibilin.wechat.entity.JsonResult scut.jiayibilin.wechat.controller.feign.mysql.patient.PatientInfoController.patientinfo(java.lang.String)
11:10:46.504 logback [restartedMain] INFO  o.s.w.s.m.m.a.RequestMappingHandlerMapping - Mapped "{[/patientinfo/update],methods=[POST]}" onto public scut.jiayibilin.wechat.entity.JsonResult scut.jiayibilin.wechat.controller.feign.mysql.patient.PatientInfoController.patientupdate(javax.servlet.http.HttpServletRequest)
11:10:46.504 logback [restartedMain] INFO  o.s.w.s.m.m.a.RequestMappingHandlerMapping - Mapped "{[/patientinfo/doctor/get],methods=[GET]}" onto public scut.jiayibilin.wechat.entity.JsonResult scut.jiayibilin.wechat.controller.feign.mysql.patient.PatientInfoController.getmydoctor(java.lang.String)
11:10:46.504 logback [restartedMain] INFO  o.s.w.s.m.m.a.RequestMappingHandlerMapping - Mapped "{[/patientinfo/service/getbylist],methods=[GET]}" onto public scut.jiayibilin.wechat.entity.JsonResult scut.jiayibilin.wechat.controller.feign.mysql.patient.PatientInfoController.getservice(java.lang.String)
11:10:46.504 logback [restartedMain] INFO  o.s.w.s.m.m.a.RequestMappingHandlerMapping - Mapped "{[/aliyun/qrcode/get],methods=[GET]}" onto public scut.jiayibilin.wechat.entity.JsonResult scut.jiayibilin.wechat.controller.feign.mysql.qrcode.AliyunOssController.getdoctorqrcodeurl(java.lang.String)
11:10:46.504 logback [restartedMain] INFO  o.s.w.s.m.m.a.RequestMappingHandlerMapping - Mapped "{[/aliyun/qrcode/create]}" onto public scut.jiayibilin.wechat.entity.JsonResult scut.jiayibilin.wechat.controller.feign.mysql.qrcode.AliyunOssController.qrCodeCreateLogo(java.lang.String) throws me.chanjar.weixin.common.exception.WxErrorException,scut.jiayibilin.wechat.entity.QRParamsException,java.io.IOException
11:10:46.504 logback [restartedMain] INFO  o.s.w.s.m.m.a.RequestMappingHandlerMapping - Mapped "{[/mydoctor]}" onto public java.lang.String scut.jiayibilin.wechat.controller.view.DoctorViewController.mydoctor(javax.servlet.http.HttpServletRequest,org.springframework.ui.Model)
11:10:46.514 logback [restartedMain] INFO  o.s.w.s.m.m.a.RequestMappingHandlerMapping - Mapped "{[/qrcode/doctor/{phone}]}" onto public java.lang.String scut.jiayibilin.wechat.controller.view.DoctorViewController.qrcode(javax.servlet.http.HttpServletRequest,java.lang.String)
11:10:46.514 logback [restartedMain] INFO  o.s.w.s.m.m.a.RequestMappingHandlerMapping - Mapped "{[/view/doctorlist]}" onto public java.lang.String scut.jiayibilin.wechat.controller.view.MainViewController.doctorlist(javax.servlet.http.HttpServletRequest)
11:10:46.514 logback [restartedMain] INFO  o.s.w.s.m.m.a.RequestMappingHandlerMapping - Mapped "{[/view/healthmanage]}" onto public java.lang.String scut.jiayibilin.wechat.controller.view.MainViewController.healthservice(javax.servlet.http.HttpServletRequest)
11:10:46.514 logback [restartedMain] INFO  o.s.w.s.m.m.a.RequestMappingHandlerMapping - Mapped "{[/view/contactus]}" onto public java.lang.String scut.jiayibilin.wechat.controller.view.MainViewController.contactus(javax.servlet.http.HttpServletRequest)
11:10:46.514 logback [restartedMain] INFO  o.s.w.s.m.m.a.RequestMappingHandlerMapping - Mapped "{[/view/about]}" onto public java.lang.String scut.jiayibilin.wechat.controller.view.MainViewController.about()
11:10:46.514 logback [restartedMain] INFO  o.s.w.s.m.m.a.RequestMappingHandlerMapping - Mapped "{[/view/patient]}" onto public java.lang.String scut.jiayibilin.wechat.controller.view.MainViewController.patientinfo(javax.servlet.http.HttpServletRequest)
11:10:46.514 logback [restartedMain] INFO  o.s.w.s.m.m.a.RequestMappingHandlerMapping - Mapped "{[/wechat/main],methods=[POST],produces=[application/xml;charset=UTF-8]}" onto public java.lang.String scut.jiayibilin.wechat.controller.wechat.WechatController.post(java.lang.String,java.lang.String,java.lang.String,java.lang.String,java.lang.String,java.lang.String)
11:10:46.514 logback [restartedMain] INFO  o.s.w.s.m.m.a.RequestMappingHandlerMapping - Mapped "{[/wechat/main],methods=[GET],produces=[text/plain;charset=utf-8]}" onto public java.lang.String scut.jiayibilin.wechat.controller.wechat.WechatController.authGet(java.lang.String,java.lang.String,java.lang.String,java.lang.String)
11:10:46.514 logback [restartedMain] INFO  o.s.w.s.m.m.a.RequestMappingHandlerMapping - Mapped "{[/error],produces=[text/html]}" onto public java.lang.String scut.jiayibilin.wechat.controller.wechat.WxErrorController.errorHtml(javax.servlet.http.HttpServletRequest)
11:10:46.524 logback [restartedMain] INFO  o.s.w.s.m.m.a.RequestMappingHandlerMapping - Mapped "{[/wechat/menu/create],methods=[POST]}" onto public java.lang.String scut.jiayibilin.wechat.controller.wechat.WxMenuController.menuCreate(me.chanjar.weixin.common.bean.menu.WxMenu) throws me.chanjar.weixin.common.exception.WxErrorException
11:10:46.524 logback [restartedMain] INFO  o.s.w.s.m.m.a.RequestMappingHandlerMapping - Mapped "{[/wechat/menu/create/{json}],methods=[GET]}" onto public java.lang.String scut.jiayibilin.wechat.controller.wechat.WxMenuController.menuCreate(java.lang.String) throws me.chanjar.weixin.common.exception.WxErrorException
11:10:46.524 logback [restartedMain] INFO  o.s.w.s.m.m.a.RequestMappingHandlerMapping - Mapped "{[/wechat/menu/create],methods=[GET]}" onto public java.lang.String scut.jiayibilin.wechat.controller.wechat.WxMenuController.menuCreateSample() throws me.chanjar.weixin.common.exception.WxErrorException
11:10:46.524 logback [restartedMain] INFO  o.s.w.s.m.m.a.RequestMappingHandlerMapping - Mapped "{[/wechat/menu/delete/{menuId}],methods=[GET]}" onto public void scut.jiayibilin.wechat.controller.wechat.WxMenuController.menuDelete(java.lang.String) throws me.chanjar.weixin.common.exception.WxErrorException
11:10:46.524 logback [restartedMain] INFO  o.s.w.s.m.m.a.RequestMappingHandlerMapping - Mapped "{[/wechat/menu/delete],methods=[GET]}" onto public void scut.jiayibilin.wechat.controller.wechat.WxMenuController.menuDelete() throws me.chanjar.weixin.common.exception.WxErrorException
11:10:46.524 logback [restartedMain] INFO  o.s.w.s.m.m.a.RequestMappingHandlerMapping - Mapped "{[/wechat/menu/get],methods=[GET]}" onto public me.chanjar.weixin.mp.bean.menu.WxMpMenu scut.jiayibilin.wechat.controller.wechat.WxMenuController.menuGet() throws me.chanjar.weixin.common.exception.WxErrorException
11:10:46.524 logback [restartedMain] INFO  o.s.w.s.m.m.a.RequestMappingHandlerMapping - Mapped "{[/wechat/menu/menuTryMatch/{userid}],methods=[GET]}" onto public me.chanjar.weixin.common.bean.menu.WxMenu scut.jiayibilin.wechat.controller.wechat.WxMenuController.menuTryMatch(java.lang.String) throws me.chanjar.weixin.common.exception.WxErrorException
11:10:46.574 logback [restartedMain] INFO  o.s.w.s.m.m.a.RequestMappingHandlerMapping - Mapped "{[/wechat/menu/getSelfMenuInfo],methods=[GET]}" onto public me.chanjar.weixin.mp.bean.menu.WxMpGetSelfMenuInfoResult scut.jiayibilin.wechat.controller.wechat.WxMenuController.getSelfMenuInfo() throws me.chanjar.weixin.common.exception.WxErrorException
11:10:46.584 logback [restartedMain] INFO  o.s.w.s.m.m.a.RequestMappingHandlerMapping - Mapped "{[/wechat/templatemsg/delprivatetemplate],methods=[POST]}" onto public boolean scut.jiayibilin.wechat.controller.wechat.WxMpTemplateMsgController.delPrivateTemplate(java.lang.String) throws me.chanjar.weixin.common.exception.WxErrorException
11:10:46.584 logback [restartedMain] INFO  o.s.w.s.m.m.a.RequestMappingHandlerMapping - Mapped "{[/wechat/templatemsg/getallprivatetemplate],methods=[GET]}" onto public java.util.List<me.chanjar.weixin.mp.bean.template.WxMpTemplate> scut.jiayibilin.wechat.controller.wechat.WxMpTemplateMsgController.getAllPrivateTemplate() throws me.chanjar.weixin.common.exception.WxErrorException
11:10:46.584 logback [restartedMain] INFO  o.s.w.s.m.m.a.RequestMappingHandlerMapping - Mapped "{[/wechat/templatemsg/addtemplate],methods=[POST]}" onto public java.lang.String scut.jiayibilin.wechat.controller.wechat.WxMpTemplateMsgController.addTemplate(java.lang.String) throws me.chanjar.weixin.common.exception.WxErrorException
11:10:46.584 logback [restartedMain] INFO  o.s.w.s.m.m.a.RequestMappingHandlerMapping - Mapped "{[/wechat/templatemsg/getindustry],methods=[GET]}" onto public me.chanjar.weixin.mp.bean.template.WxMpTemplateIndustry scut.jiayibilin.wechat.controller.wechat.WxMpTemplateMsgController.getIndustry() throws me.chanjar.weixin.common.exception.WxErrorException
11:10:46.584 logback [restartedMain] INFO  o.s.w.s.m.m.a.RequestMappingHandlerMapping - Mapped "{[/wechat/templatemsg/sendtemplatemsg],methods=[POST]}" onto public java.lang.String scut.jiayibilin.wechat.controller.wechat.WxMpTemplateMsgController.sendTemplateMsg(me.chanjar.weixin.mp.bean.template.WxMpTemplateMessage) throws me.chanjar.weixin.common.exception.WxErrorException
11:10:46.584 logback [restartedMain] INFO  o.s.w.s.m.m.a.RequestMappingHandlerMapping - Mapped "{[/wechat/templatemsg/setindusttry],methods=[POST]}" onto public boolean scut.jiayibilin.wechat.controller.wechat.WxMpTemplateMsgController.setIndustry(me.chanjar.weixin.mp.bean.template.WxMpTemplateIndustry) throws me.chanjar.weixin.common.exception.WxErrorException
11:10:46.584 logback [restartedMain] INFO  o.s.w.s.m.m.a.RequestMappingHandlerMapping - Mapped "{[/wechat/auth/getinfo],methods=[GET]}" onto me.chanjar.weixin.mp.bean.result.WxMpUser scut.jiayibilin.wechat.controller.wechat.WxOAuth2Controller.oauth2getUserInfo(me.chanjar.weixin.mp.bean.result.WxMpOAuth2AccessToken,java.lang.String) throws me.chanjar.weixin.common.exception.WxErrorException
11:10:46.584 logback [restartedMain] INFO  o.s.w.s.m.m.a.RequestMappingHandlerMapping - Mapped "{[/wechat/auth/refreshtoken],methods=[POST]}" onto me.chanjar.weixin.mp.bean.result.WxMpOAuth2AccessToken scut.jiayibilin.wechat.controller.wechat.WxOAuth2Controller.oauth2refreshAccessToken(java.lang.String) throws me.chanjar.weixin.common.exception.WxErrorException
11:10:46.584 logback [restartedMain] INFO  o.s.w.s.m.m.a.RequestMappingHandlerMapping - Mapped "{[/wechat/auth/buildo2url],methods=[GET]}" onto java.lang.String scut.jiayibilin.wechat.controller.wechat.WxOAuth2Controller.oauth2buildAuthorizationUrl(java.lang.String,java.lang.String,java.lang.String)
11:10:46.584 logback [restartedMain] INFO  o.s.w.s.m.m.a.RequestMappingHandlerMapping - Mapped "{[/wechat/auth/gettoken],methods=[GET]}" onto me.chanjar.weixin.mp.bean.result.WxMpOAuth2AccessToken scut.jiayibilin.wechat.controller.wechat.WxOAuth2Controller.oauth2getAccessToken(java.lang.String) throws me.chanjar.weixin.common.exception.WxErrorException
11:10:46.584 logback [restartedMain] INFO  o.s.w.s.m.m.a.RequestMappingHandlerMapping - Mapped "{[/wechat/auth/buildurl],methods=[GET]}" onto java.lang.String scut.jiayibilin.wechat.controller.wechat.WxOAuth2Controller.buildQrConnectUrl(java.lang.String,java.lang.String,java.lang.String)
11:10:46.584 logback [restartedMain] INFO  o.s.w.s.m.m.a.RequestMappingHandlerMapping - Mapped "{[/wechat/auth/validatetoken],methods=[GET]}" onto boolean scut.jiayibilin.wechat.controller.wechat.WxOAuth2Controller.oauth2validateAccessToken(me.chanjar.weixin.mp.bean.result.WxMpOAuth2AccessToken)
11:10:46.644 logback [restartedMain] INFO  o.s.w.s.m.m.a.RequestMappingHandlerMapping - Mapped "{[/wechat/user/getbyidandlan],methods=[GET]}" onto public me.chanjar.weixin.mp.bean.result.WxMpUser scut.jiayibilin.wechat.controller.wechat.WxUserController.userInfo(java.lang.String,java.lang.String) throws me.chanjar.weixin.common.exception.WxErrorException
11:10:46.644 logback [restartedMain] INFO  o.s.w.s.m.m.a.RequestMappingHandlerMapping - Mapped "{[/wechat/user/getbyid],methods=[GET]}" onto public me.chanjar.weixin.mp.bean.result.WxMpUser scut.jiayibilin.wechat.controller.wechat.WxUserController.userInfo(java.lang.String) throws me.chanjar.weixin.common.exception.WxErrorException
11:10:46.644 logback [restartedMain] INFO  o.s.w.s.m.m.a.RequestMappingHandlerMapping - Mapped "{[/wechat/user/getbynextid],methods=[GET]}" onto public me.chanjar.weixin.mp.bean.result.WxMpUserList scut.jiayibilin.wechat.controller.wechat.WxUserController.userList(java.lang.String) throws me.chanjar.weixin.common.exception.WxErrorException
11:10:46.644 logback [restartedMain] INFO  o.s.w.s.m.m.a.RequestMappingHandlerMapping - Mapped "{[/wechat/user/updateremark],methods=[POST]}" onto public void scut.jiayibilin.wechat.controller.wechat.WxUserController.userUpdateRemark(java.lang.String,java.lang.String) throws me.chanjar.weixin.common.exception.WxErrorException
11:10:46.644 logback [restartedMain] INFO  o.s.w.s.m.m.a.RequestMappingHandlerMapping - Mapped "{[/wechat/user/getlist],methods=[GET]}" onto public java.util.List<me.chanjar.weixin.mp.bean.result.WxMpUser> scut.jiayibilin.wechat.controller.wechat.WxUserController.userInfoList(java.util.List<java.lang.String>) throws me.chanjar.weixin.common.exception.WxErrorException
11:10:46.644 logback [restartedMain] INFO  o.s.w.s.m.m.a.RequestMappingHandlerMapping - Mapped "{[/wechat/user/getlistbyquery],methods=[GET]}" onto public java.util.List<me.chanjar.weixin.mp.bean.result.WxMpUser> scut.jiayibilin.wechat.controller.wechat.WxUserController.userInfoList(me.chanjar.weixin.mp.bean.WxMpUserQuery) throws me.chanjar.weixin.common.exception.WxErrorException
11:10:46.714 logback [restartedMain] INFO  o.s.w.s.h.SimpleUrlHandlerMapping - Mapped URL path [/webjars/**] onto handler of type [class org.springframework.web.servlet.resource.ResourceHttpRequestHandler]
11:10:46.714 logback [restartedMain] INFO  o.s.w.s.h.SimpleUrlHandlerMapping - Mapped URL path [/**] onto handler of type [class org.springframework.web.servlet.resource.ResourceHttpRequestHandler]
11:10:46.904 logback [restartedMain] INFO  o.s.w.s.h.SimpleUrlHandlerMapping - Mapped URL path [/**/favicon.ico] onto handler of type [class org.springframework.web.servlet.resource.ResourceHttpRequestHandler]
11:10:48.764 logback [restartedMain] INFO  o.s.b.a.e.mvc.EndpointHandlerMapping - Mapped "{[/beans || /beans.json],methods=[GET],produces=[application/json]}" onto public java.lang.Object org.springframework.boot.actuate.endpoint.mvc.EndpointMvcAdapter.invoke()
11:10:48.764 logback [restartedMain] INFO  o.s.b.a.e.mvc.EndpointHandlerMapping - Mapped "{[/trace || /trace.json],methods=[GET],produces=[application/json]}" onto public java.lang.Object org.springframework.boot.actuate.endpoint.mvc.EndpointMvcAdapter.invoke()
11:10:48.764 logback [restartedMain] INFO  o.s.b.a.e.mvc.EndpointHandlerMapping - Mapped "{[/archaius || /archaius.json],methods=[GET],produces=[application/json]}" onto public java.lang.Object org.springframework.boot.actuate.endpoint.mvc.EndpointMvcAdapter.invoke()
11:10:48.764 logback [restartedMain] INFO  o.s.b.a.e.mvc.EndpointHandlerMapping - Mapped "{[/features || /features.json],methods=[GET],produces=[application/json]}" onto public java.lang.Object org.springframework.boot.actuate.endpoint.mvc.EndpointMvcAdapter.invoke()
11:10:48.774 logback [restartedMain] INFO  o.s.b.a.e.mvc.EndpointHandlerMapping - Mapped "{[/pause || /pause.json],methods=[POST]}" onto public java.lang.Object org.springframework.cloud.endpoint.GenericPostableMvcEndpoint.invoke()
11:10:48.774 logback [restartedMain] INFO  o.s.b.a.e.mvc.EndpointHandlerMapping - Mapped "{[/restart || /restart.json],methods=[POST]}" onto public java.lang.Object org.springframework.cloud.context.restart.RestartMvcEndpoint.invoke()
11:10:48.774 logback [restartedMain] INFO  o.s.b.a.e.mvc.EndpointHandlerMapping - Mapped "{[/env],methods=[POST]}" onto public java.lang.Object org.springframework.cloud.context.environment.EnvironmentManagerMvcEndpoint.value(java.util.Map<java.lang.String, java.lang.String>)
11:10:48.774 logback [restartedMain] INFO  o.s.b.a.e.mvc.EndpointHandlerMapping - Mapped "{[/env/reset],methods=[POST]}" onto public java.util.Map<java.lang.String, java.lang.Object> org.springframework.cloud.context.environment.EnvironmentManagerMvcEndpoint.reset()
11:10:48.774 logback [restartedMain] INFO  o.s.b.a.e.mvc.EndpointHandlerMapping - Mapped "{[/resume || /resume.json],methods=[POST]}" onto public java.lang.Object org.springframework.cloud.endpoint.GenericPostableMvcEndpoint.invoke()
11:10:48.774 logback [restartedMain] INFO  o.s.b.a.e.mvc.EndpointHandlerMapping - Mapped "{[/mappings || /mappings.json],methods=[GET],produces=[application/json]}" onto public java.lang.Object org.springframework.boot.actuate.endpoint.mvc.EndpointMvcAdapter.invoke()
11:10:48.784 logback [restartedMain] INFO  o.s.b.a.e.mvc.EndpointHandlerMapping - Mapped "{[/dump || /dump.json],methods=[GET],produces=[application/json]}" onto public java.lang.Object org.springframework.boot.actuate.endpoint.mvc.EndpointMvcAdapter.invoke()
11:10:48.784 logback [restartedMain] INFO  o.s.b.a.e.mvc.EndpointHandlerMapping - Mapped "{[/refresh || /refresh.json],methods=[POST]}" onto public java.lang.Object org.springframework.cloud.endpoint.GenericPostableMvcEndpoint.invoke()
11:10:48.784 logback [restartedMain] INFO  o.s.b.a.e.mvc.EndpointHandlerMapping - Mapped "{[/env/{name:.*}],methods=[GET],produces=[application/json]}" onto public java.lang.Object org.springframework.boot.actuate.endpoint.mvc.EnvironmentMvcEndpoint.value(java.lang.String)
11:10:48.784 logback [restartedMain] INFO  o.s.b.a.e.mvc.EndpointHandlerMapping - Mapped "{[/env || /env.json],methods=[GET],produces=[application/json]}" onto public java.lang.Object org.springframework.boot.actuate.endpoint.mvc.EndpointMvcAdapter.invoke()
11:10:48.784 logback [restartedMain] INFO  o.s.b.a.e.mvc.EndpointHandlerMapping - Mapped "{[/info || /info.json],methods=[GET],produces=[application/json]}" onto public java.lang.Object org.springframework.boot.actuate.endpoint.mvc.EndpointMvcAdapter.invoke()
11:10:48.784 logback [restartedMain] INFO  o.s.b.a.e.mvc.EndpointHandlerMapping - Mapped "{[/configprops || /configprops.json],methods=[GET],produces=[application/json]}" onto public java.lang.Object org.springframework.boot.actuate.endpoint.mvc.EndpointMvcAdapter.invoke()
11:10:48.784 logback [restartedMain] INFO  o.s.b.a.e.mvc.EndpointHandlerMapping - Mapped "{[/service-registry/instance-status],methods=[POST]}" onto public org.springframework.http.ResponseEntity<?> org.springframework.cloud.client.serviceregistry.endpoint.ServiceRegistryEndpoint.setStatus(java.lang.String)
11:10:48.784 logback [restartedMain] INFO  o.s.b.a.e.mvc.EndpointHandlerMapping - Mapped "{[/service-registry/instance-status],methods=[GET]}" onto public org.springframework.http.ResponseEntity org.springframework.cloud.client.serviceregistry.endpoint.ServiceRegistryEndpoint.getStatus()
11:10:48.784 logback [restartedMain] INFO  o.s.b.a.e.mvc.EndpointHandlerMapping - Mapped "{[/health || /health.json],produces=[application/json]}" onto public java.lang.Object org.springframework.boot.actuate.endpoint.mvc.HealthMvcEndpoint.invoke(java.security.Principal)
11:10:48.784 logback [restartedMain] INFO  o.s.b.a.e.mvc.EndpointHandlerMapping - Mapped "{[/heapdump || /heapdump.json],methods=[GET],produces=[application/octet-stream]}" onto public void org.springframework.boot.actuate.endpoint.mvc.HeapdumpMvcEndpoint.invoke(boolean,javax.servlet.http.HttpServletRequest,javax.servlet.http.HttpServletResponse) throws java.io.IOException,javax.servlet.ServletException
11:10:48.794 logback [restartedMain] INFO  o.s.b.a.e.mvc.EndpointHandlerMapping - Mapped "{[/metrics/{name:.*}],methods=[GET],produces=[application/json]}" onto public java.lang.Object org.springframework.boot.actuate.endpoint.mvc.MetricsMvcEndpoint.value(java.lang.String)
11:10:48.794 logback [restartedMain] INFO  o.s.b.a.e.mvc.EndpointHandlerMapping - Mapped "{[/metrics || /metrics.json],methods=[GET],produces=[application/json]}" onto public java.lang.Object org.springframework.boot.actuate.endpoint.mvc.EndpointMvcAdapter.invoke()
11:10:48.794 logback [restartedMain] INFO  o.s.b.a.e.mvc.EndpointHandlerMapping - Mapped "{[/autoconfig || /autoconfig.json],methods=[GET],produces=[application/json]}" onto public java.lang.Object org.springframework.boot.actuate.endpoint.mvc.EndpointMvcAdapter.invoke()
11:10:49.314 logback [restartedMain] INFO  o.s.b.d.a.OptionalLiveReloadServer - LiveReload server is running on port 35729
11:10:49.454 logback [restartedMain] WARN  c.n.c.sources.URLConfigurationSource - No URLs will be polled as dynamic configuration sources.
11:10:49.454 logback [restartedMain] INFO  c.n.c.sources.URLConfigurationSource - To enable URLs as dynamic configuration sources, define System property archaius.configurationSource.additionalUrls or make config.properties available on classpath.
11:10:49.484 logback [restartedMain] WARN  c.n.c.sources.URLConfigurationSource - No URLs will be polled as dynamic configuration sources.
11:10:49.484 logback [restartedMain] INFO  c.n.c.sources.URLConfigurationSource - To enable URLs as dynamic configuration sources, define System property archaius.configurationSource.additionalUrls or make config.properties available on classpath.
11:10:49.609 logback [restartedMain] INFO  o.s.j.e.a.AnnotationMBeanExporter - Registering beans for JMX exposure on startup
11:10:49.619 logback [restartedMain] INFO  o.s.j.e.a.AnnotationMBeanExporter - Bean with name 'environmentManager' has been autodetected for JMX exposure
11:10:49.619 logback [restartedMain] INFO  o.s.j.e.a.AnnotationMBeanExporter - Bean with name 'configurationPropertiesRebinder' has been autodetected for JMX exposure
11:10:49.629 logback [restartedMain] INFO  o.s.j.e.a.AnnotationMBeanExporter - Bean with name 'refreshEndpoint' has been autodetected for JMX exposure
11:10:49.629 logback [restartedMain] INFO  o.s.j.e.a.AnnotationMBeanExporter - Bean with name 'restartEndpoint' has been autodetected for JMX exposure
11:10:49.629 logback [restartedMain] INFO  o.s.j.e.a.AnnotationMBeanExporter - Bean with name 'serviceRegistryEndpoint' has been autodetected for JMX exposure
11:10:49.629 logback [restartedMain] INFO  o.s.j.e.a.AnnotationMBeanExporter - Bean with name 'refreshScope' has been autodetected for JMX exposure
11:10:49.629 logback [restartedMain] INFO  o.s.j.e.a.AnnotationMBeanExporter - Located managed bean 'environmentManager': registering with JMX server as MBean [org.springframework.cloud.context.environment:name=environmentManager,type=EnvironmentManager]
11:10:49.649 logback [restartedMain] INFO  o.s.j.e.a.AnnotationMBeanExporter - Located managed bean 'restartEndpoint': registering with JMX server as MBean [org.springframework.cloud.context.restart:name=restartEndpoint,type=RestartEndpoint]
11:10:49.669 logback [restartedMain] INFO  o.s.j.e.a.AnnotationMBeanExporter - Located managed bean 'serviceRegistryEndpoint': registering with JMX server as MBean [org.springframework.cloud.client.serviceregistry.endpoint:name=serviceRegistryEndpoint,type=ServiceRegistryEndpoint]
11:10:49.669 logback [restartedMain] INFO  o.s.j.e.a.AnnotationMBeanExporter - Located managed bean 'refreshScope': registering with JMX server as MBean [org.springframework.cloud.context.scope.refresh:name=refreshScope,type=RefreshScope]
11:10:49.689 logback [restartedMain] INFO  o.s.j.e.a.AnnotationMBeanExporter - Located managed bean 'configurationPropertiesRebinder': registering with JMX server as MBean [org.springframework.cloud.context.properties:name=configurationPropertiesRebinder,context=c9a4053,type=ConfigurationPropertiesRebinder]
11:10:49.699 logback [restartedMain] INFO  o.s.j.e.a.AnnotationMBeanExporter - Located managed bean 'refreshEndpoint': registering with JMX server as MBean [org.springframework.cloud.endpoint:name=refreshEndpoint,type=RefreshEndpoint]
11:10:49.699 logback [restartedMain] INFO  o.s.b.a.e.jmx.EndpointMBeanExporter - Registering beans for JMX exposure on startup
11:10:50.274 logback [restartedMain] INFO  o.s.c.s.DefaultLifecycleProcessor - Starting beans in phase 0
11:10:50.284 logback [restartedMain] INFO  o.s.c.n.eureka.InstanceInfoFactory - Setting initial instance status as: STARTING
11:10:50.364 logback [restartedMain] INFO  c.netflix.discovery.DiscoveryClient - Initializing Eureka in region us-east-1
11:10:50.604 logback [restartedMain] INFO  c.n.d.p.DiscoveryJerseyProvider - Using JSON encoding codec LegacyJacksonJson
11:10:50.604 logback [restartedMain] INFO  c.n.d.p.DiscoveryJerseyProvider - Using JSON decoding codec LegacyJacksonJson
11:10:50.944 logback [restartedMain] INFO  c.n.d.p.DiscoveryJerseyProvider - Using XML encoding codec XStreamXml
11:10:50.954 logback [restartedMain] INFO  c.n.d.p.DiscoveryJerseyProvider - Using XML decoding codec XStreamXml
11:10:51.406 logback [restartedMain] INFO  c.n.d.s.r.aws.ConfigClusterResolver - Resolving eureka endpoints via configuration
11:10:51.676 logback [restartedMain] INFO  c.netflix.discovery.DiscoveryClient - Disable delta property : false
11:10:51.686 logback [restartedMain] INFO  c.netflix.discovery.DiscoveryClient - Single vip registry refresh property : null
11:10:51.686 logback [restartedMain] INFO  c.netflix.discovery.DiscoveryClient - Force full registry fetch : false
11:10:51.686 logback [restartedMain] INFO  c.netflix.discovery.DiscoveryClient - Application is null : false
11:10:51.686 logback [restartedMain] INFO  c.netflix.discovery.DiscoveryClient - Registered Applications size is zero : true
11:10:51.686 logback [restartedMain] INFO  c.netflix.discovery.DiscoveryClient - Application version is -1: true
11:10:51.686 logback [restartedMain] INFO  c.netflix.discovery.DiscoveryClient - Getting all instance registry info from the eureka server
11:10:51.966 logback [restartedMain] INFO  c.netflix.discovery.DiscoveryClient - The response status is 200
11:10:51.966 logback [restartedMain] INFO  c.netflix.discovery.DiscoveryClient - Starting heartbeat executor: renew interval is: 10
11:10:51.966 logback [restartedMain] INFO  c.n.discovery.InstanceInfoReplicator - InstanceInfoReplicator onDemand update allowed rate per min is 4
11:10:51.976 logback [restartedMain] INFO  c.netflix.discovery.DiscoveryClient - Discovery Client initialized at timestamp 1522638651976 with initial instances count: 1
11:10:52.016 logback [restartedMain] INFO  o.s.c.n.e.s.EurekaServiceRegistry - Registering application microservice-jiayibilin-weChat with eureka with status UP
11:10:52.016 logback [restartedMain] INFO  c.netflix.discovery.DiscoveryClient - Saw local status change event StatusChangeEvent [timestamp=1522638652016, current=UP, previous=STARTING]
11:10:52.026 logback [DiscoveryClient-InstanceInfoReplicator-0] INFO  c.netflix.discovery.DiscoveryClient - DiscoveryClient_MICROSERVICE-JIAYIBILIN-WECHAT/125.216.243.89:1701: registering service...
11:10:52.026 logback [restartedMain] INFO  o.s.b.a.e.jmx.EndpointMBeanExporter - Located managed bean 'featuresEndpoint': registering with JMX server as MBean [org.springframework.boot:type=Endpoint,name=featuresEndpoint]
11:10:52.036 logback [restartedMain] INFO  o.s.b.a.e.jmx.EndpointMBeanExporter - Located managed bean 'requestMappingEndpoint': registering with JMX server as MBean [org.springframework.boot:type=Endpoint,name=requestMappingEndpoint]
11:10:52.036 logback [restartedMain] INFO  o.s.b.a.e.jmx.EndpointMBeanExporter - Located managed bean 'environmentEndpoint': registering with JMX server as MBean [org.springframework.boot:type=Endpoint,name=environmentEndpoint]
11:10:52.046 logback [restartedMain] INFO  o.s.b.a.e.jmx.EndpointMBeanExporter - Located managed bean 'healthEndpoint': registering with JMX server as MBean [org.springframework.boot:type=Endpoint,name=healthEndpoint]
11:10:52.046 logback [restartedMain] INFO  o.s.b.a.e.jmx.EndpointMBeanExporter - Located managed bean 'beansEndpoint': registering with JMX server as MBean [org.springframework.boot:type=Endpoint,name=beansEndpoint]
11:10:52.046 logback [restartedMain] INFO  o.s.b.a.e.jmx.EndpointMBeanExporter - Located managed bean 'infoEndpoint': registering with JMX server as MBean [org.springframework.boot:type=Endpoint,name=infoEndpoint]
11:10:52.046 logback [restartedMain] INFO  o.s.b.a.e.jmx.EndpointMBeanExporter - Located managed bean 'metricsEndpoint': registering with JMX server as MBean [org.springframework.boot:type=Endpoint,name=metricsEndpoint]
11:10:52.056 logback [restartedMain] INFO  o.s.b.a.e.jmx.EndpointMBeanExporter - Located managed bean 'traceEndpoint': registering with JMX server as MBean [org.springframework.boot:type=Endpoint,name=traceEndpoint]
11:10:52.056 logback [restartedMain] INFO  o.s.b.a.e.jmx.EndpointMBeanExporter - Located managed bean 'dumpEndpoint': registering with JMX server as MBean [org.springframework.boot:type=Endpoint,name=dumpEndpoint]
11:10:52.056 logback [restartedMain] INFO  o.s.b.a.e.jmx.EndpointMBeanExporter - Located managed bean 'autoConfigurationReportEndpoint': registering with JMX server as MBean [org.springframework.boot:type=Endpoint,name=autoConfigurationReportEndpoint]
11:10:52.066 logback [restartedMain] INFO  o.s.b.a.e.jmx.EndpointMBeanExporter - Located managed bean 'configurationPropertiesReportEndpoint': registering with JMX server as MBean [org.springframework.boot:type=Endpoint,name=configurationPropertiesReportEndpoint]
11:10:52.066 logback [restartedMain] INFO  o.s.b.a.e.jmx.EndpointMBeanExporter - Located managed bean 'archaiusEndpoint': registering with JMX server as MBean [org.springframework.boot:type=Endpoint,name=archaiusEndpoint]
11:10:52.076 logback [DiscoveryClient-InstanceInfoReplicator-0] INFO  c.netflix.discovery.DiscoveryClient - DiscoveryClient_MICROSERVICE-JIAYIBILIN-WECHAT/125.216.243.89:1701 - registration status: 204
11:10:52.096 logback [restartedMain] INFO  o.a.coyote.http11.Http11NioProtocol - Initializing ProtocolHandler ["http-nio-1701"]
11:10:52.116 logback [restartedMain] INFO  o.a.coyote.http11.Http11NioProtocol - Starting ProtocolHandler [http-nio-1701]
11:10:52.136 logback [restartedMain] INFO  o.a.tomcat.util.net.NioSelectorPool - Using a shared selector for servlet write/read
11:10:52.164 logback [restartedMain] INFO  o.s.b.c.e.t.TomcatEmbeddedServletContainer - Tomcat started on port(s): 1701 (http)
11:10:52.164 logback [restartedMain] INFO  o.s.c.n.e.s.EurekaAutoServiceRegistration - Updating port to 1701
11:10:52.164 logback [restartedMain] INFO  s.jiayibilin.wechat.WxMsApplication - Started WxMsApplication in 22.941 seconds (JVM running for 27.122)
11:15:51.691 logback [AsyncResolver-bootstrap-executor-0] INFO  c.n.d.s.r.aws.ConfigClusterResolver - Resolving eureka endpoints via configuration
11:20:51.694 logback [AsyncResolver-bootstrap-executor-0] INFO  c.n.d.s.r.aws.ConfigClusterResolver - Resolving eureka endpoints via configuration
11:25:51.696 logback [AsyncResolver-bootstrap-executor-0] INFO  c.n.d.s.r.aws.ConfigClusterResolver - Resolving eureka endpoints via configuration
11:30:51.698 logback [AsyncResolver-bootstrap-executor-0] INFO  c.n.d.s.r.aws.ConfigClusterResolver - Resolving eureka endpoints via configuration
11:35:51.699 logback [AsyncResolver-bootstrap-executor-0] INFO  c.n.d.s.r.aws.ConfigClusterResolver - Resolving eureka endpoints via configuration
11:37:15.136 logback [http-nio-1701-exec-1] INFO  o.a.c.c.C.[Tomcat].[localhost].[/] - Initializing Spring FrameworkServlet 'dispatcherServlet'
11:37:15.136 logback [http-nio-1701-exec-1] INFO  o.s.web.servlet.DispatcherServlet - FrameworkServlet 'dispatcherServlet': initialization started
11:37:15.180 logback [http-nio-1701-exec-1] INFO  o.s.web.servlet.DispatcherServlet - FrameworkServlet 'dispatcherServlet': initialization completed in 44 ms
11:37:16.676 logback [http-nio-1701-exec-1] INFO  s.j.w.c.f.m.q.AliyunOssController - 
11:40:51.701 logback [AsyncResolver-bootstrap-executor-0] INFO  c.n.d.s.r.aws.ConfigClusterResolver - Resolving eureka endpoints via configuration
11:45:51.702 logback [AsyncResolver-bootstrap-executor-0] INFO  c.n.d.s.r.aws.ConfigClusterResolver - Resolving eureka endpoints via configuration
11:50:16.233 logback [http-nio-1701-exec-3] INFO  s.j.w.c.f.m.q.AliyunOssController - 
11:50:51.704 logback [AsyncResolver-bootstrap-executor-0] INFO  c.n.d.s.r.aws.ConfigClusterResolver - Resolving eureka endpoints via configuration
11:55:51.705 logback [AsyncResolver-bootstrap-executor-0] INFO  c.n.d.s.r.aws.ConfigClusterResolver - Resolving eureka endpoints via configuration
12:00:51.707 logback [AsyncResolver-bootstrap-executor-0] INFO  c.n.d.s.r.aws.ConfigClusterResolver - Resolving eureka endpoints via configuration
12:00:57.243 logback [http-nio-1701-exec-5] INFO  s.j.w.c.f.m.q.AliyunOssController - 
12:00:57.422 logback [http-nio-1701-exec-6] INFO  s.j.w.c.f.m.q.AliyunOssController - 
12:04:40.997 logback [http-nio-1701-exec-8] INFO  s.j.w.c.f.m.q.AliyunOssController - 
12:04:41.243 logback [http-nio-1701-exec-9] INFO  s.j.w.c.f.m.q.AliyunOssController - 
12:04:41.348 logback [http-nio-1701-exec-10] INFO  s.j.w.c.f.m.q.AliyunOssController - 
12:04:41.436 logback [http-nio-1701-exec-1] INFO  s.j.w.c.f.m.q.AliyunOssController - 
12:05:51.708 logback [AsyncResolver-bootstrap-executor-0] INFO  c.n.d.s.r.aws.ConfigClusterResolver - Resolving eureka endpoints via configuration
12:09:48.133 logback [http-nio-1701-exec-3] INFO  s.j.w.c.f.m.q.AliyunOssController - 
12:09:48.296 logback [http-nio-1701-exec-4] INFO  s.j.w.c.f.m.q.AliyunOssController - 
12:10:51.712 logback [AsyncResolver-bootstrap-executor-0] INFO  c.n.d.s.r.aws.ConfigClusterResolver - Resolving eureka endpoints via configuration
12:15:51.712 logback [AsyncResolver-bootstrap-executor-0] INFO  c.n.d.s.r.aws.ConfigClusterResolver - Resolving eureka endpoints via configuration
12:17:51.080 logback [http-nio-1701-exec-6] INFO  s.j.w.c.f.m.q.AliyunOssController - 
12:17:51.184 logback [http-nio-1701-exec-7] INFO  s.j.w.c.f.m.q.AliyunOssController - 
12:20:24.462 logback [http-nio-1701-exec-9] INFO  s.j.w.c.f.m.q.AliyunOssController - 
12:20:24.613 logback [http-nio-1701-exec-10] INFO  s.j.w.c.f.m.q.AliyunOssController - 
12:20:51.715 logback [AsyncResolver-bootstrap-executor-0] INFO  c.n.d.s.r.aws.ConfigClusterResolver - Resolving eureka endpoints via configuration
12:25:51.716 logback [AsyncResolver-bootstrap-executor-0] INFO  c.n.d.s.r.aws.ConfigClusterResolver - Resolving eureka endpoints via configuration
12:30:51.716 logback [AsyncResolver-bootstrap-executor-0] INFO  c.n.d.s.r.aws.ConfigClusterResolver - Resolving eureka endpoints via configuration
12:35:51.717 logback [AsyncResolver-bootstrap-executor-0] INFO  c.n.d.s.r.aws.ConfigClusterResolver - Resolving eureka endpoints via configuration
12:40:51.719 logback [AsyncResolver-bootstrap-executor-0] INFO  c.n.d.s.r.aws.ConfigClusterResolver - Resolving eureka endpoints via configuration
12:45:51.719 logback [AsyncResolver-bootstrap-executor-0] INFO  c.n.d.s.r.aws.ConfigClusterResolver - Resolving eureka endpoints via configuration
12:50:51.720 logback [AsyncResolver-bootstrap-executor-0] INFO  c.n.d.s.r.aws.ConfigClusterResolver - Resolving eureka endpoints via configuration
12:55:51.722 logback [AsyncResolver-bootstrap-executor-0] INFO  c.n.d.s.r.aws.ConfigClusterResolver - Resolving eureka endpoints via configuration
13:00:51.724 logback [AsyncResolver-bootstrap-executor-0] INFO  c.n.d.s.r.aws.ConfigClusterResolver - Resolving eureka endpoints via configuration
13:05:51.729 logback [AsyncResolver-bootstrap-executor-0] INFO  c.n.d.s.r.aws.ConfigClusterResolver - Resolving eureka endpoints via configuration
13:10:51.731 logback [AsyncResolver-bootstrap-executor-0] INFO  c.n.d.s.r.aws.ConfigClusterResolver - Resolving eureka endpoints via configuration
13:15:51.732 logback [AsyncResolver-bootstrap-executor-0] INFO  c.n.d.s.r.aws.ConfigClusterResolver - Resolving eureka endpoints via configuration
13:20:51.734 logback [AsyncResolver-bootstrap-executor-0] INFO  c.n.d.s.r.aws.ConfigClusterResolver - Resolving eureka endpoints via configuration
13:25:51.736 logback [AsyncResolver-bootstrap-executor-0] INFO  c.n.d.s.r.aws.ConfigClusterResolver - Resolving eureka endpoints via configuration
13:30:51.736 logback [AsyncResolver-bootstrap-executor-0] INFO  c.n.d.s.r.aws.ConfigClusterResolver - Resolving eureka endpoints via configuration
13:35:51.739 logback [AsyncResolver-bootstrap-executor-0] INFO  c.n.d.s.r.aws.ConfigClusterResolver - Resolving eureka endpoints via configuration
13:40:51.740 logback [AsyncResolver-bootstrap-executor-0] INFO  c.n.d.s.r.aws.ConfigClusterResolver - Resolving eureka endpoints via configuration
13:45:51.741 logback [AsyncResolver-bootstrap-executor-0] INFO  c.n.d.s.r.aws.ConfigClusterResolver - Resolving eureka endpoints via configuration
13:50:51.743 logback [AsyncResolver-bootstrap-executor-0] INFO  c.n.d.s.r.aws.ConfigClusterResolver - Resolving eureka endpoints via configuration
13:55:51.744 logback [AsyncResolver-bootstrap-executor-0] INFO  c.n.d.s.r.aws.ConfigClusterResolver - Resolving eureka endpoints via configuration
14:00:51.746 logback [AsyncResolver-bootstrap-executor-0] INFO  c.n.d.s.r.aws.ConfigClusterResolver - Resolving eureka endpoints via configuration
14:05:51.757 logback [AsyncResolver-bootstrap-executor-0] INFO  c.n.d.s.r.aws.ConfigClusterResolver - Resolving eureka endpoints via configuration
14:10:51.761 logback [AsyncResolver-bootstrap-executor-0] INFO  c.n.d.s.r.aws.ConfigClusterResolver - Resolving eureka endpoints via configuration
14:15:51.762 logback [AsyncResolver-bootstrap-executor-0] INFO  c.n.d.s.r.aws.ConfigClusterResolver - Resolving eureka endpoints via configuration
14:20:51.764 logback [AsyncResolver-bootstrap-executor-0] INFO  c.n.d.s.r.aws.ConfigClusterResolver - Resolving eureka endpoints via configuration
14:25:51.766 logback [AsyncResolver-bootstrap-executor-0] INFO  c.n.d.s.r.aws.ConfigClusterResolver - Resolving eureka endpoints via configuration
14:30:51.768 logback [AsyncResolver-bootstrap-executor-0] INFO  c.n.d.s.r.aws.ConfigClusterResolver - Resolving eureka endpoints via configuration
14:35:51.770 logback [AsyncResolver-bootstrap-executor-0] INFO  c.n.d.s.r.aws.ConfigClusterResolver - Resolving eureka endpoints via configuration
14:40:51.771 logback [AsyncResolver-bootstrap-executor-0] INFO  c.n.d.s.r.aws.ConfigClusterResolver - Resolving eureka endpoints via configuration
14:45:51.772 logback [AsyncResolver-bootstrap-executor-0] INFO  c.n.d.s.r.aws.ConfigClusterResolver - Resolving eureka endpoints via configuration
14:50:51.775 logback [AsyncResolver-bootstrap-executor-0] INFO  c.n.d.s.r.aws.ConfigClusterResolver - Resolving eureka endpoints via configuration
14:55:51.776 logback [AsyncResolver-bootstrap-executor-0] INFO  c.n.d.s.r.aws.ConfigClusterResolver - Resolving eureka endpoints via configuration
15:00:51.778 logback [AsyncResolver-bootstrap-executor-0] INFO  c.n.d.s.r.aws.ConfigClusterResolver - Resolving eureka endpoints via configuration
15:05:51.781 logback [AsyncResolver-bootstrap-executor-0] INFO  c.n.d.s.r.aws.ConfigClusterResolver - Resolving eureka endpoints via configuration
15:10:51.783 logback [AsyncResolver-bootstrap-executor-0] INFO  c.n.d.s.r.aws.ConfigClusterResolver - Resolving eureka endpoints via configuration
15:15:51.786 logback [AsyncResolver-bootstrap-executor-0] INFO  c.n.d.s.r.aws.ConfigClusterResolver - Resolving eureka endpoints via configuration
15:20:51.787 logback [AsyncResolver-bootstrap-executor-0] INFO  c.n.d.s.r.aws.ConfigClusterResolver - Resolving eureka endpoints via configuration
15:25:51.790 logback [AsyncResolver-bootstrap-executor-0] INFO  c.n.d.s.r.aws.ConfigClusterResolver - Resolving eureka endpoints via configuration
15:30:51.791 logback [AsyncResolver-bootstrap-executor-0] INFO  c.n.d.s.r.aws.ConfigClusterResolver - Resolving eureka endpoints via configuration
15:35:51.792 logback [AsyncResolver-bootstrap-executor-0] INFO  c.n.d.s.r.aws.ConfigClusterResolver - Resolving eureka endpoints via configuration
15:40:51.795 logback [AsyncResolver-bootstrap-executor-0] INFO  c.n.d.s.r.aws.ConfigClusterResolver - Resolving eureka endpoints via configuration
15:45:51.796 logback [AsyncResolver-bootstrap-executor-0] INFO  c.n.d.s.r.aws.ConfigClusterResolver - Resolving eureka endpoints via configuration
15:50:51.797 logback [AsyncResolver-bootstrap-executor-0] INFO  c.n.d.s.r.aws.ConfigClusterResolver - Resolving eureka endpoints via configuration
15:55:51.799 logback [AsyncResolver-bootstrap-executor-0] INFO  c.n.d.s.r.aws.ConfigClusterResolver - Resolving eureka endpoints via configuration
16:00:51.800 logback [AsyncResolver-bootstrap-executor-0] INFO  c.n.d.s.r.aws.ConfigClusterResolver - Resolving eureka endpoints via configuration
16:05:51.802 logback [AsyncResolver-bootstrap-executor-0] INFO  c.n.d.s.r.aws.ConfigClusterResolver - Resolving eureka endpoints via configuration
16:10:51.803 logback [AsyncResolver-bootstrap-executor-0] INFO  c.n.d.s.r.aws.ConfigClusterResolver - Resolving eureka endpoints via configuration
16:15:51.803 logback [AsyncResolver-bootstrap-executor-0] INFO  c.n.d.s.r.aws.ConfigClusterResolver - Resolving eureka endpoints via configuration
16:20:51.805 logback [AsyncResolver-bootstrap-executor-0] INFO  c.n.d.s.r.aws.ConfigClusterResolver - Resolving eureka endpoints via configuration
16:24:20.217 logback [http-nio-1701-exec-4] INFO  s.j.w.c.f.m.p.PatientInfoController - 
16:24:20.219 logback [http-nio-1701-exec-6] INFO  s.j.w.c.f.m.h.HealthManageController - 
16:24:20.224 logback [http-nio-1701-exec-1] INFO  s.j.w.c.f.m.p.PatientInfoController - 
16:24:20.275 logback [http-nio-1701-exec-5] INFO  s.j.w.c.f.m.p.PatientInfoController - 
16:24:20.918 logback [http-nio-1701-exec-10] INFO  s.j.w.c.f.m.h.HealthManageController - 
16:24:21.265 logback [http-nio-1701-exec-9] INFO  s.j.w.c.f.m.h.HealthManageController - 
16:25:51.807 logback [AsyncResolver-bootstrap-executor-0] INFO  c.n.d.s.r.aws.ConfigClusterResolver - Resolving eureka endpoints via configuration
16:30:51.808 logback [AsyncResolver-bootstrap-executor-0] INFO  c.n.d.s.r.aws.ConfigClusterResolver - Resolving eureka endpoints via configuration
16:35:51.809 logback [AsyncResolver-bootstrap-executor-0] INFO  c.n.d.s.r.aws.ConfigClusterResolver - Resolving eureka endpoints via configuration
16:36:49.573 logback [http-nio-1701-exec-8] INFO  s.j.w.c.f.m.p.PatientInfoController - 
16:36:49.701 logback [http-nio-1701-exec-5] INFO  s.j.w.c.f.m.p.PatientInfoController - 
16:36:49.718 logback [http-nio-1701-exec-10] INFO  s.j.w.c.f.m.h.HealthManageController - 
16:36:49.727 logback [http-nio-1701-exec-9] INFO  s.j.w.c.f.m.p.PatientInfoController - 
16:36:49.945 logback [http-nio-1701-exec-7] INFO  s.j.w.c.f.m.h.HealthManageController - 
16:36:50.291 logback [http-nio-1701-exec-3] INFO  s.j.w.c.f.m.h.HealthManageController - 
16:36:53.899 logback [http-nio-1701-exec-5] INFO  s.j.w.c.f.m.h.HealthManageController - 
16:37:09.747 logback [http-nio-1701-exec-2] INFO  s.j.w.c.f.m.h.HealthManageController - 
16:37:27.768 logback [http-nio-1701-exec-5] INFO  s.j.w.c.f.m.h.HealthManageController - 
16:37:32.193 logback [http-nio-1701-exec-8] INFO  s.j.w.c.f.m.h.HealthManageController - 
16:40:51.810 logback [AsyncResolver-bootstrap-executor-0] INFO  c.n.d.s.r.aws.ConfigClusterResolver - Resolving eureka endpoints via configuration
16:45:51.812 logback [AsyncResolver-bootstrap-executor-0] INFO  c.n.d.s.r.aws.ConfigClusterResolver - Resolving eureka endpoints via configuration
16:50:51.813 logback [AsyncResolver-bootstrap-executor-0] INFO  c.n.d.s.r.aws.ConfigClusterResolver - Resolving eureka endpoints via configuration
16:55:51.816 logback [AsyncResolver-bootstrap-executor-0] INFO  c.n.d.s.r.aws.ConfigClusterResolver - Resolving eureka endpoints via configuration
17:00:51.817 logback [AsyncResolver-bootstrap-executor-0] INFO  c.n.d.s.r.aws.ConfigClusterResolver - Resolving eureka endpoints via configuration
17:05:51.819 logback [AsyncResolver-bootstrap-executor-0] INFO  c.n.d.s.r.aws.ConfigClusterResolver - Resolving eureka endpoints via configuration
17:08:49.208 logback [http-nio-1701-exec-8] INFO  s.j.w.c.f.m.p.PatientInfoController - 
17:08:49.260 logback [http-nio-1701-exec-3] INFO  s.j.w.c.f.m.p.PatientInfoController - 
17:08:49.300 logback [http-nio-1701-exec-9] INFO  s.j.w.c.f.m.h.HealthManageController - 
17:08:49.317 logback [http-nio-1701-exec-2] INFO  s.j.w.c.f.m.p.PatientInfoController - 
17:08:49.563 logback [http-nio-1701-exec-7] INFO  s.j.w.c.f.m.h.HealthManageController - 
17:08:49.907 logback [http-nio-1701-exec-5] INFO  s.j.w.c.f.m.h.HealthManageController - 
17:10:51.821 logback [AsyncResolver-bootstrap-executor-0] INFO  c.n.d.s.r.aws.ConfigClusterResolver - Resolving eureka endpoints via configuration
17:15:51.822 logback [AsyncResolver-bootstrap-executor-0] INFO  c.n.d.s.r.aws.ConfigClusterResolver - Resolving eureka endpoints via configuration
17:20:51.822 logback [AsyncResolver-bootstrap-executor-0] INFO  c.n.d.s.r.aws.ConfigClusterResolver - Resolving eureka endpoints via configuration
17:24:14.006 logback [http-nio-1701-exec-8] ERROR s.j.w.c.f.m.p.PatientInfoController - Could not read document: Unrecognized token 'mysql': was expecting ('true', 'false' or 'null')
 at [Source: java.io.PushbackInputStream@63bfa97c; line: 1, column: 27]; nested exception is com.fasterxml.jackson.core.JsonParseException: Unrecognized token 'mysql': was expecting ('true', 'false' or 'null')
 at [Source: java.io.PushbackInputStream@63bfa97c; line: 1, column: 27]
17:24:14.538 logback [http-nio-1701-exec-3] INFO  s.j.w.c.f.m.p.PatientInfoController - 
17:24:14.539 logback [http-nio-1701-exec-1] INFO  s.j.w.c.f.m.p.PatientInfoController - 
17:24:14.541 logback [http-nio-1701-exec-7] INFO  s.j.w.c.f.m.h.HealthManageController - 
17:24:14.799 logback [http-nio-1701-exec-5] INFO  s.j.w.c.f.m.h.HealthManageController - 
17:24:15.141 logback [http-nio-1701-exec-10] INFO  s.j.w.c.f.m.h.HealthManageController - 
17:25:51.823 logback [AsyncResolver-bootstrap-executor-0] INFO  c.n.d.s.r.aws.ConfigClusterResolver - Resolving eureka endpoints via configuration
17:30:51.824 logback [AsyncResolver-bootstrap-executor-0] INFO  c.n.d.s.r.aws.ConfigClusterResolver - Resolving eureka endpoints via configuration
17:35:51.825 logback [AsyncResolver-bootstrap-executor-0] INFO  c.n.d.s.r.aws.ConfigClusterResolver - Resolving eureka endpoints via configuration
17:39:30.134 logback [http-nio-1701-exec-1] INFO  s.j.w.c.f.m.p.PatientInfoController - 
17:39:30.182 logback [http-nio-1701-exec-4] INFO  s.j.w.c.f.m.p.PatientInfoController - 
17:39:30.191 logback [http-nio-1701-exec-9] INFO  s.j.w.c.f.m.h.HealthManageController - 
17:39:30.268 logback [http-nio-1701-exec-3] INFO  s.j.w.c.f.m.p.PatientInfoController - 
17:39:30.494 logback [http-nio-1701-exec-8] INFO  s.j.w.c.f.m.h.HealthManageController - 
17:39:30.839 logback [http-nio-1701-exec-7] INFO  s.j.w.c.f.m.h.HealthManageController - 
17:39:37.731 logback [http-nio-1701-exec-3] INFO  s.j.w.c.f.m.d.DoctorInfoController - 
17:39:37.878 logback [http-nio-1701-exec-9] INFO  s.j.w.c.f.m.p.PatientInfoController - 
17:39:38.110 logback [http-nio-1701-exec-7] INFO  s.j.w.c.f.m.p.PatientInfoController - 
17:39:41.767 logback [http-nio-1701-exec-2] INFO  s.j.w.c.f.m.p.PatientInfoController - 
17:39:48.426 logback [http-nio-1701-exec-5] INFO  s.j.wechat.utils.JiguangPush - phone:13760832339
17:39:48.979 logback [http-nio-1701-exec-5] INFO  s.j.wechat.utils.JiguangPush - phone:13760832339
17:39:48.979 logback [http-nio-1701-exec-5] INFO  s.j.w.c.f.m.p.PatientInfoController - success
17:39:51.444 logback [http-nio-1701-exec-1] INFO  s.j.w.c.f.m.d.DoctorInfoController - 
17:39:51.565 logback [http-nio-1701-exec-8] INFO  s.j.w.c.f.m.p.PatientInfoController - 
17:39:51.806 logback [http-nio-1701-exec-2] INFO  s.j.w.c.f.m.p.PatientInfoController - 
17:39:54.884 logback [http-nio-1701-exec-7] INFO  s.j.w.c.f.m.p.PatientInfoController - 
17:39:54.889 logback [http-nio-1701-exec-10] INFO  s.j.w.c.f.m.p.PatientInfoController - 
17:39:54.945 logback [http-nio-1701-exec-9] INFO  s.j.w.c.f.m.h.HealthManageController - 
17:39:55.013 logback [http-nio-1701-exec-1] INFO  s.j.w.c.f.m.p.PatientInfoController - 
17:39:55.237 logback [http-nio-1701-exec-8] INFO  s.j.w.c.f.m.h.HealthManageController - 
17:39:55.582 logback [http-nio-1701-exec-5] INFO  s.j.w.c.f.m.h.HealthManageController - 
17:40:51.826 logback [AsyncResolver-bootstrap-executor-0] INFO  c.n.d.s.r.aws.ConfigClusterResolver - Resolving eureka endpoints via configuration
17:45:51.828 logback [AsyncResolver-bootstrap-executor-0] INFO  c.n.d.s.r.aws.ConfigClusterResolver - Resolving eureka endpoints via configuration
17:50:51.830 logback [AsyncResolver-bootstrap-executor-0] INFO  c.n.d.s.r.aws.ConfigClusterResolver - Resolving eureka endpoints via configuration
17:55:51.832 logback [AsyncResolver-bootstrap-executor-0] INFO  c.n.d.s.r.aws.ConfigClusterResolver - Resolving eureka endpoints via configuration
18:00:51.836 logback [AsyncResolver-bootstrap-executor-0] INFO  c.n.d.s.r.aws.ConfigClusterResolver - Resolving eureka endpoints via configuration
18:05:51.837 logback [AsyncResolver-bootstrap-executor-0] INFO  c.n.d.s.r.aws.ConfigClusterResolver - Resolving eureka endpoints via configuration
18:10:51.839 logback [AsyncResolver-bootstrap-executor-0] INFO  c.n.d.s.r.aws.ConfigClusterResolver - Resolving eureka endpoints via configuration
18:15:51.840 logback [AsyncResolver-bootstrap-executor-0] INFO  c.n.d.s.r.aws.ConfigClusterResolver - Resolving eureka endpoints via configuration
18:20:51.842 logback [AsyncResolver-bootstrap-executor-0] INFO  c.n.d.s.r.aws.ConfigClusterResolver - Resolving eureka endpoints via configuration
18:25:51.842 logback [AsyncResolver-bootstrap-executor-0] INFO  c.n.d.s.r.aws.ConfigClusterResolver - Resolving eureka endpoints via configuration
18:28:03.344 logback [http-nio-1701-exec-1] INFO  s.j.w.c.f.m.p.PatientInfoController - 
18:28:03.347 logback [http-nio-1701-exec-5] INFO  s.j.w.c.f.m.p.PatientInfoController - 
18:28:03.392 logback [http-nio-1701-exec-8] INFO  s.j.w.c.f.m.h.HealthManageController - 
18:28:03.425 logback [http-nio-1701-exec-2] INFO  s.j.w.c.f.m.p.PatientInfoController - 
18:28:04.000 logback [http-nio-1701-exec-3] INFO  s.j.w.c.f.m.h.HealthManageController - 
18:28:04.338 logback [http-nio-1701-exec-7] INFO  s.j.w.c.f.m.h.HealthManageController - 
18:28:50.829 logback [http-nio-1701-exec-7] INFO  s.j.w.c.f.m.p.PatientInfoController - 
18:28:51.216 logback [http-nio-1701-exec-3] INFO  s.j.w.c.f.m.p.PatientInfoController - 
18:28:51.216 logback [http-nio-1701-exec-6] INFO  s.j.w.c.f.m.p.PatientInfoController - 
18:28:51.221 logback [http-nio-1701-exec-2] INFO  s.j.w.c.f.m.h.HealthManageController - 
18:28:51.372 logback [http-nio-1701-exec-4] INFO  s.j.w.c.f.m.h.HealthManageController - 
18:28:51.716 logback [http-nio-1701-exec-1] INFO  s.j.w.c.f.m.h.HealthManageController - 
18:30:51.844 logback [AsyncResolver-bootstrap-executor-0] INFO  c.n.d.s.r.aws.ConfigClusterResolver - Resolving eureka endpoints via configuration
18:31:36.434 logback [http-nio-1701-exec-9] INFO  s.j.w.c.f.m.h.HealthManageController - 
18:31:36.439 logback [http-nio-1701-exec-8] INFO  s.j.w.c.f.m.p.PatientInfoController - 
18:31:36.443 logback [http-nio-1701-exec-1] INFO  s.j.w.c.f.m.p.PatientInfoController - 
18:31:36.465 logback [http-nio-1701-exec-5] INFO  s.j.w.c.f.m.p.PatientInfoController - 
18:31:36.837 logback [http-nio-1701-exec-10] INFO  s.j.w.c.f.m.h.HealthManageController - 
18:31:37.194 logback [http-nio-1701-exec-7] INFO  s.j.w.c.f.m.h.HealthManageController - 
18:33:36.280 logback [http-nio-1701-exec-4] INFO  s.j.w.c.f.m.p.PatientInfoController - 
18:33:36.290 logback [http-nio-1701-exec-10] INFO  s.j.w.c.f.m.p.PatientInfoController - 
18:33:36.340 logback [http-nio-1701-exec-7] INFO  s.j.w.c.f.m.h.HealthManageController - 
18:33:36.341 logback [http-nio-1701-exec-6] INFO  s.j.w.c.f.m.p.PatientInfoController - 
18:33:36.619 logback [http-nio-1701-exec-1] INFO  s.j.w.c.f.m.h.HealthManageController - 
18:33:37.259 logback [http-nio-1701-exec-9] INFO  s.j.w.c.f.m.h.HealthManageController - 
18:35:51.845 logback [AsyncResolver-bootstrap-executor-0] INFO  c.n.d.s.r.aws.ConfigClusterResolver - Resolving eureka endpoints via configuration
18:36:39.986 logback [http-nio-1701-exec-9] INFO  s.j.w.c.f.m.p.PatientInfoController - 
18:36:40.350 logback [http-nio-1701-exec-10] INFO  s.j.w.c.f.m.p.PatientInfoController - 
18:36:40.424 logback [http-nio-1701-exec-2] INFO  s.j.w.c.f.m.h.HealthManageController - 
18:36:40.433 logback [http-nio-1701-exec-8] INFO  s.j.w.c.f.m.p.PatientInfoController - 
18:36:40.558 logback [http-nio-1701-exec-4] INFO  s.j.w.c.f.m.h.HealthManageController - 
18:36:40.894 logback [http-nio-1701-exec-7] INFO  s.j.w.c.f.m.h.HealthManageController - 
18:37:18.369 logback [http-nio-1701-exec-4] INFO  s.j.w.c.f.m.d.DoctorInfoController - 
18:37:18.526 logback [http-nio-1701-exec-8] INFO  s.j.w.c.f.m.p.PatientInfoController - 
18:37:18.728 logback [http-nio-1701-exec-7] INFO  s.j.w.c.f.m.p.PatientInfoController - 
18:37:24.152 logback [http-nio-1701-exec-9] INFO  s.j.w.c.f.m.p.PatientInfoController - 
18:37:24.162 logback [http-nio-1701-exec-5] INFO  s.j.w.c.f.m.p.PatientInfoController - 
18:37:24.209 logback [http-nio-1701-exec-2] INFO  s.j.w.c.f.m.h.HealthManageController - 
18:37:24.214 logback [http-nio-1701-exec-4] INFO  s.j.w.c.f.m.p.PatientInfoController - 
18:37:24.776 logback [http-nio-1701-exec-8] INFO  s.j.w.c.f.m.h.HealthManageController - 
18:37:25.138 logback [http-nio-1701-exec-7] INFO  s.j.w.c.f.m.h.HealthManageController - 
18:37:28.133 logback [http-nio-1701-exec-7] INFO  s.j.w.c.f.m.d.DoctorInfoController - 
18:37:28.262 logback [http-nio-1701-exec-6] INFO  s.j.w.c.f.m.p.PatientInfoController - 
18:37:28.502 logback [http-nio-1701-exec-4] INFO  s.j.w.c.f.m.p.PatientInfoController - 
18:39:44.978 logback [http-nio-1701-exec-3] INFO  s.j.w.c.f.m.d.DoctorInfoController - 
18:39:45.126 logback [http-nio-1701-exec-9] INFO  s.j.w.c.f.m.p.PatientInfoController - 
18:39:45.349 logback [http-nio-1701-exec-2] INFO  s.j.w.c.f.m.p.PatientInfoController - 
18:40:51.847 logback [AsyncResolver-bootstrap-executor-0] INFO  c.n.d.s.r.aws.ConfigClusterResolver - Resolving eureka endpoints via configuration
18:44:28.401 logback [http-nio-1701-exec-2] INFO  s.j.w.c.f.m.d.DoctorInfoController - 
18:44:28.562 logback [http-nio-1701-exec-7] INFO  s.j.w.c.f.m.p.PatientInfoController - 
18:44:28.757 logback [http-nio-1701-exec-1] INFO  s.j.w.c.f.m.p.PatientInfoController - 
18:44:31.732 logback [http-nio-1701-exec-3] INFO  s.j.w.c.f.m.p.PatientInfoController - 
18:44:31.744 logback [http-nio-1701-exec-9] INFO  s.j.w.c.f.m.p.PatientInfoController - 
18:44:31.828 logback [http-nio-1701-exec-6] INFO  s.j.w.c.f.m.p.PatientInfoController - 
18:44:32.169 logback [http-nio-1701-exec-2] INFO  s.j.w.c.f.m.h.HealthManageController - 
18:44:32.300 logback [http-nio-1701-exec-7] INFO  s.j.w.c.f.m.h.HealthManageController - 
18:44:32.643 logback [http-nio-1701-exec-1] INFO  s.j.w.c.f.m.h.HealthManageController - 
18:44:35.114 logback [http-nio-1701-exec-6] INFO  s.j.w.c.f.m.p.PatientInfoController - 
18:45:51.848 logback [AsyncResolver-bootstrap-executor-0] INFO  c.n.d.s.r.aws.ConfigClusterResolver - Resolving eureka endpoints via configuration
18:48:52.816 logback [http-nio-1701-exec-3] INFO  s.j.w.c.f.m.p.PatientInfoController - 
18:50:51.860 logback [AsyncResolver-bootstrap-executor-0] INFO  c.n.d.s.r.aws.ConfigClusterResolver - Resolving eureka endpoints via configuration
18:55:51.861 logback [AsyncResolver-bootstrap-executor-0] INFO  c.n.d.s.r.aws.ConfigClusterResolver - Resolving eureka endpoints via configuration
19:00:51.863 logback [AsyncResolver-bootstrap-executor-0] INFO  c.n.d.s.r.aws.ConfigClusterResolver - Resolving eureka endpoints via configuration
19:05:51.864 logback [AsyncResolver-bootstrap-executor-0] INFO  c.n.d.s.r.aws.ConfigClusterResolver - Resolving eureka endpoints via configuration
19:09:15.258 logback [http-nio-1701-exec-8] INFO  s.j.w.c.f.m.p.PatientInfoController - 
19:09:15.325 logback [http-nio-1701-exec-7] INFO  s.j.w.c.f.m.p.PatientInfoController - 
19:09:15.386 logback [http-nio-1701-exec-10] INFO  s.j.w.c.f.m.h.HealthManageController - 
19:09:15.430 logback [http-nio-1701-exec-6] INFO  s.j.w.c.f.m.p.PatientInfoController - 
19:09:16.723 logback [http-nio-1701-exec-6] INFO  s.j.w.c.f.m.p.PatientInfoController - 
19:09:16.727 logback [http-nio-1701-exec-10] INFO  s.j.w.c.f.m.p.PatientInfoController - 
19:09:16.792 logback [http-nio-1701-exec-5] INFO  s.j.w.c.f.m.h.HealthManageController - 
19:09:16.831 logback [http-nio-1701-exec-8] INFO  s.j.w.c.f.m.p.PatientInfoController - 
19:09:17.073 logback [http-nio-1701-exec-3] INFO  s.j.w.c.f.m.h.HealthManageController - 
19:09:17.421 logback [http-nio-1701-exec-1] INFO  s.j.w.c.f.m.h.HealthManageController - 
19:09:20.236 logback [http-nio-1701-exec-7] INFO  s.j.w.c.f.m.d.DoctorInfoController - 
19:09:20.393 logback [http-nio-1701-exec-8] INFO  s.j.w.c.f.m.p.PatientInfoController - 
19:09:20.597 logback [http-nio-1701-exec-1] INFO  s.j.w.c.f.m.p.PatientInfoController - 
19:10:51.865 logback [AsyncResolver-bootstrap-executor-0] INFO  c.n.d.s.r.aws.ConfigClusterResolver - Resolving eureka endpoints via configuration
19:15:51.866 logback [AsyncResolver-bootstrap-executor-0] INFO  c.n.d.s.r.aws.ConfigClusterResolver - Resolving eureka endpoints via configuration
19:20:51.868 logback [AsyncResolver-bootstrap-executor-0] INFO  c.n.d.s.r.aws.ConfigClusterResolver - Resolving eureka endpoints via configuration
19:25:51.871 logback [AsyncResolver-bootstrap-executor-0] INFO  c.n.d.s.r.aws.ConfigClusterResolver - Resolving eureka endpoints via configuration
19:30:51.872 logback [AsyncResolver-bootstrap-executor-0] INFO  c.n.d.s.r.aws.ConfigClusterResolver - Resolving eureka endpoints via configuration
19:35:51.873 logback [AsyncResolver-bootstrap-executor-0] INFO  c.n.d.s.r.aws.ConfigClusterResolver - Resolving eureka endpoints via configuration
19:40:51.873 logback [AsyncResolver-bootstrap-executor-0] INFO  c.n.d.s.r.aws.ConfigClusterResolver - Resolving eureka endpoints via configuration
19:45:51.875 logback [AsyncResolver-bootstrap-executor-0] INFO  c.n.d.s.r.aws.ConfigClusterResolver - Resolving eureka endpoints via configuration
19:50:51.877 logback [AsyncResolver-bootstrap-executor-0] INFO  c.n.d.s.r.aws.ConfigClusterResolver - Resolving eureka endpoints via configuration
19:55:51.878 logback [AsyncResolver-bootstrap-executor-0] INFO  c.n.d.s.r.aws.ConfigClusterResolver - Resolving eureka endpoints via configuration
20:00:51.879 logback [AsyncResolver-bootstrap-executor-0] INFO  c.n.d.s.r.aws.ConfigClusterResolver - Resolving eureka endpoints via configuration
20:05:51.887 logback [AsyncResolver-bootstrap-executor-0] INFO  c.n.d.s.r.aws.ConfigClusterResolver - Resolving eureka endpoints via configuration
20:10:51.889 logback [AsyncResolver-bootstrap-executor-0] INFO  c.n.d.s.r.aws.ConfigClusterResolver - Resolving eureka endpoints via configuration
20:15:51.891 logback [AsyncResolver-bootstrap-executor-0] INFO  c.n.d.s.r.aws.ConfigClusterResolver - Resolving eureka endpoints via configuration
20:20:51.891 logback [AsyncResolver-bootstrap-executor-0] INFO  c.n.d.s.r.aws.ConfigClusterResolver - Resolving eureka endpoints via configuration
20:25:51.894 logback [AsyncResolver-bootstrap-executor-0] INFO  c.n.d.s.r.aws.ConfigClusterResolver - Resolving eureka endpoints via configuration
20:30:51.896 logback [AsyncResolver-bootstrap-executor-0] INFO  c.n.d.s.r.aws.ConfigClusterResolver - Resolving eureka endpoints via configuration
20:35:51.896 logback [AsyncResolver-bootstrap-executor-0] INFO  c.n.d.s.r.aws.ConfigClusterResolver - Resolving eureka endpoints via configuration
20:40:51.899 logback [AsyncResolver-bootstrap-executor-0] INFO  c.n.d.s.r.aws.ConfigClusterResolver - Resolving eureka endpoints via configuration
20:45:51.900 logback [AsyncResolver-bootstrap-executor-0] INFO  c.n.d.s.r.aws.ConfigClusterResolver - Resolving eureka endpoints via configuration
20:50:51.900 logback [AsyncResolver-bootstrap-executor-0] INFO  c.n.d.s.r.aws.ConfigClusterResolver - Resolving eureka endpoints via configuration
20:55:51.901 logback [AsyncResolver-bootstrap-executor-0] INFO  c.n.d.s.r.aws.ConfigClusterResolver - Resolving eureka endpoints via configuration
21:00:51.903 logback [AsyncResolver-bootstrap-executor-0] INFO  c.n.d.s.r.aws.ConfigClusterResolver - Resolving eureka endpoints via configuration
21:05:51.904 logback [AsyncResolver-bootstrap-executor-0] INFO  c.n.d.s.r.aws.ConfigClusterResolver - Resolving eureka endpoints via configuration
21:10:51.906 logback [AsyncResolver-bootstrap-executor-0] INFO  c.n.d.s.r.aws.ConfigClusterResolver - Resolving eureka endpoints via configuration
21:15:51.908 logback [AsyncResolver-bootstrap-executor-0] INFO  c.n.d.s.r.aws.ConfigClusterResolver - Resolving eureka endpoints via configuration
21:20:51.909 logback [AsyncResolver-bootstrap-executor-0] INFO  c.n.d.s.r.aws.ConfigClusterResolver - Resolving eureka endpoints via configuration
21:25:51.910 logback [AsyncResolver-bootstrap-executor-0] INFO  c.n.d.s.r.aws.ConfigClusterResolver - Resolving eureka endpoints via configuration
21:30:51.912 logback [AsyncResolver-bootstrap-executor-0] INFO  c.n.d.s.r.aws.ConfigClusterResolver - Resolving eureka endpoints via configuration
21:35:51.914 logback [AsyncResolver-bootstrap-executor-0] INFO  c.n.d.s.r.aws.ConfigClusterResolver - Resolving eureka endpoints via configuration
21:40:51.914 logback [AsyncResolver-bootstrap-executor-0] INFO  c.n.d.s.r.aws.ConfigClusterResolver - Resolving eureka endpoints via configuration
21:45:51.917 logback [AsyncResolver-bootstrap-executor-0] INFO  c.n.d.s.r.aws.ConfigClusterResolver - Resolving eureka endpoints via configuration
21:50:51.918 logback [AsyncResolver-bootstrap-executor-0] INFO  c.n.d.s.r.aws.ConfigClusterResolver - Resolving eureka endpoints via configuration
21:55:51.920 logback [AsyncResolver-bootstrap-executor-0] INFO  c.n.d.s.r.aws.ConfigClusterResolver - Resolving eureka endpoints via configuration
22:00:51.921 logback [AsyncResolver-bootstrap-executor-0] INFO  c.n.d.s.r.aws.ConfigClusterResolver - Resolving eureka endpoints via configuration
22:05:51.922 logback [AsyncResolver-bootstrap-executor-0] INFO  c.n.d.s.r.aws.ConfigClusterResolver - Resolving eureka endpoints via configuration
22:10:51.923 logback [AsyncResolver-bootstrap-executor-0] INFO  c.n.d.s.r.aws.ConfigClusterResolver - Resolving eureka endpoints via configuration
22:15:51.924 logback [AsyncResolver-bootstrap-executor-0] INFO  c.n.d.s.r.aws.ConfigClusterResolver - Resolving eureka endpoints via configuration
22:20:51.925 logback [AsyncResolver-bootstrap-executor-0] INFO  c.n.d.s.r.aws.ConfigClusterResolver - Resolving eureka endpoints via configuration
22:25:51.927 logback [AsyncResolver-bootstrap-executor-0] INFO  c.n.d.s.r.aws.ConfigClusterResolver - Resolving eureka endpoints via configuration
22:30:51.929 logback [AsyncResolver-bootstrap-executor-0] INFO  c.n.d.s.r.aws.ConfigClusterResolver - Resolving eureka endpoints via configuration
22:35:51.931 logback [AsyncResolver-bootstrap-executor-0] INFO  c.n.d.s.r.aws.ConfigClusterResolver - Resolving eureka endpoints via configuration
22:40:51.932 logback [AsyncResolver-bootstrap-executor-0] INFO  c.n.d.s.r.aws.ConfigClusterResolver - Resolving eureka endpoints via configuration
22:45:51.934 logback [AsyncResolver-bootstrap-executor-0] INFO  c.n.d.s.r.aws.ConfigClusterResolver - Resolving eureka endpoints via configuration
22:50:51.935 logback [AsyncResolver-bootstrap-executor-0] INFO  c.n.d.s.r.aws.ConfigClusterResolver - Resolving eureka endpoints via configuration
22:55:51.936 logback [AsyncResolver-bootstrap-executor-0] INFO  c.n.d.s.r.aws.ConfigClusterResolver - Resolving eureka endpoints via configuration
23:00:51.939 logback [AsyncResolver-bootstrap-executor-0] INFO  c.n.d.s.r.aws.ConfigClusterResolver - Resolving eureka endpoints via configuration
23:05:51.941 logback [AsyncResolver-bootstrap-executor-0] INFO  c.n.d.s.r.aws.ConfigClusterResolver - Resolving eureka endpoints via configuration
23:10:51.941 logback [AsyncResolver-bootstrap-executor-0] INFO  c.n.d.s.r.aws.ConfigClusterResolver - Resolving eureka endpoints via configuration
23:15:51.943 logback [AsyncResolver-bootstrap-executor-0] INFO  c.n.d.s.r.aws.ConfigClusterResolver - Resolving eureka endpoints via configuration
23:20:51.945 logback [AsyncResolver-bootstrap-executor-0] INFO  c.n.d.s.r.aws.ConfigClusterResolver - Resolving eureka endpoints via configuration
23:25:51.946 logback [AsyncResolver-bootstrap-executor-0] INFO  c.n.d.s.r.aws.ConfigClusterResolver - Resolving eureka endpoints via configuration
23:30:51.947 logback [AsyncResolver-bootstrap-executor-0] INFO  c.n.d.s.r.aws.ConfigClusterResolver - Resolving eureka endpoints via configuration
23:35:51.949 logback [AsyncResolver-bootstrap-executor-0] INFO  c.n.d.s.r.aws.ConfigClusterResolver - Resolving eureka endpoints via configuration
23:40:51.951 logback [AsyncResolver-bootstrap-executor-0] INFO  c.n.d.s.r.aws.ConfigClusterResolver - Resolving eureka endpoints via configuration
23:45:51.953 logback [AsyncResolver-bootstrap-executor-0] INFO  c.n.d.s.r.aws.ConfigClusterResolver - Resolving eureka endpoints via configuration
23:50:51.955 logback [AsyncResolver-bootstrap-executor-0] INFO  c.n.d.s.r.aws.ConfigClusterResolver - Resolving eureka endpoints via configuration
23:55:51.958 logback [AsyncResolver-bootstrap-executor-0] INFO  c.n.d.s.r.aws.ConfigClusterResolver - Resolving eureka endpoints via configuration
