16:26:48.302 logback [restartedMain] INFO  o.s.c.a.AnnotationConfigApplicationContext - Refreshing org.springframework.context.annotation.AnnotationConfigApplicationContext@60548146: startup date [Tue Feb 27 16:26:48 CST 2018]; root of context hierarchy
16:26:48.470 logback [background-preinit] INFO  o.h.validator.internal.util.Version - HV000001: Hibernate Validator 5.2.4.Final
16:26:48.623 logback [restartedMain] INFO  o.s.b.f.a.AutowiredAnnotationBeanPostProcessor - JSR-330 'javax.inject.Inject' annotation found and supported for autowiring
16:26:48.660 logback [restartedMain] INFO  o.s.c.s.PostProcessorRegistrationDelegate$BeanPostProcessorChecker - Bean 'configurationPropertiesRebinderAutoConfiguration' of type [class org.springframework.cloud.autoconfigure.ConfigurationPropertiesRebinderAutoConfiguration$$EnhancerBySpringCGLIB$$d64ed100] is not eligible for getting processed by all BeanPostProcessors (for example: not eligible for auto-proxying)
16:26:49.567 logback [restartedMain] INFO  s.jiayibilin.wechat.WxMsApplication - No active profile set, falling back to default profiles: default
16:26:49.590 logback [restartedMain] INFO  o.s.b.c.e.AnnotationConfigEmbeddedWebApplicationContext - Refreshing org.springframework.boot.context.embedded.AnnotationConfigEmbeddedWebApplicationContext@c9a4053: startup date [Tue Feb 27 16:26:49 CST 2018]; parent: org.springframework.context.annotation.AnnotationConfigApplicationContext@60548146
16:26:52.480 logback [restartedMain] INFO  o.s.cloud.context.scope.GenericScope - BeanFactory id=8947bbf6-4bca-333e-8970-972bfda276fc
16:26:52.493 logback [restartedMain] INFO  o.s.b.f.a.AutowiredAnnotationBeanPostProcessor - JSR-330 'javax.inject.Inject' annotation found and supported for autowiring
16:26:52.533 logback [restartedMain] INFO  o.s.c.s.PostProcessorRegistrationDelegate$BeanPostProcessorChecker - Bean 'org.springframework.cloud.netflix.metrics.MetricsInterceptorConfiguration$MetricsRestTemplateConfiguration' of type [class org.springframework.cloud.netflix.metrics.MetricsInterceptorConfiguration$MetricsRestTemplateConfiguration$$EnhancerBySpringCGLIB$$ec617444] is not eligible for getting processed by all BeanPostProcessors (for example: not eligible for auto-proxying)
16:26:52.541 logback [restartedMain] INFO  o.s.c.s.PostProcessorRegistrationDelegate$BeanPostProcessorChecker - Bean 'org.springframework.cloud.autoconfigure.ConfigurationPropertiesRebinderAutoConfiguration' of type [class org.springframework.cloud.autoconfigure.ConfigurationPropertiesRebinderAutoConfiguration$$EnhancerBySpringCGLIB$$d64ed100] is not eligible for getting processed by all BeanPostProcessors (for example: not eligible for auto-proxying)
16:26:53.206 logback [restartedMain] INFO  o.s.b.c.e.t.TomcatEmbeddedServletContainer - Tomcat initialized with port(s): 1701 (http)
16:26:53.219 logback [restartedMain] INFO  o.a.catalina.core.StandardService - Starting service Tomcat
16:26:53.220 logback [restartedMain] INFO  o.a.catalina.core.StandardEngine - Starting Servlet Engine: Apache Tomcat/8.5.5
16:26:53.402 logback [localhost-startStop-1] INFO  o.a.c.c.C.[Tomcat].[localhost].[/] - Initializing Spring embedded WebApplicationContext
16:26:53.402 logback [localhost-startStop-1] INFO  o.s.web.context.ContextLoader - Root WebApplicationContext: initialization completed in 3812 ms
16:26:53.840 logback [localhost-startStop-1] INFO  o.s.b.w.s.ServletRegistrationBean - Mapping servlet: 'dispatcherServlet' to [/]
16:26:53.847 logback [localhost-startStop-1] INFO  o.s.b.w.s.FilterRegistrationBean - Mapping filter: 'metricsFilter' to: [/*]
16:26:53.847 logback [localhost-startStop-1] INFO  o.s.b.w.s.FilterRegistrationBean - Mapping filter: 'characterEncodingFilter' to: [/*]
16:26:53.847 logback [localhost-startStop-1] INFO  o.s.b.w.s.FilterRegistrationBean - Mapping filter: 'hiddenHttpMethodFilter' to: [/*]
16:26:53.847 logback [localhost-startStop-1] INFO  o.s.b.w.s.FilterRegistrationBean - Mapping filter: 'httpPutFormContentFilter' to: [/*]
16:26:53.848 logback [localhost-startStop-1] INFO  o.s.b.w.s.FilterRegistrationBean - Mapping filter: 'requestContextFilter' to: [/*]
16:26:53.848 logback [localhost-startStop-1] INFO  o.s.b.w.s.FilterRegistrationBean - Mapping filter: 'webRequestLoggingFilter' to: [/*]
16:26:53.848 logback [localhost-startStop-1] INFO  o.s.b.w.s.FilterRegistrationBean - Mapping filter: 'applicationContextIdFilter' to: [/*]
16:26:54.015 logback [restartedMain] INFO  o.s.c.a.AnnotationConfigApplicationContext - Refreshing org.springframework.context.annotation.AnnotationConfigApplicationContext@62cd205e: startup date [Tue Feb 27 16:26:54 CST 2018]; parent: org.springframework.boot.context.embedded.AnnotationConfigEmbeddedWebApplicationContext@c9a4053
16:26:54.043 logback [restartedMain] INFO  o.s.b.f.a.AutowiredAnnotationBeanPostProcessor - JSR-330 'javax.inject.Inject' annotation found and supported for autowiring
16:26:55.983 logback [restartedMain] INFO  o.s.w.s.m.m.a.RequestMappingHandlerAdapter - Looking for @ControllerAdvice: org.springframework.boot.context.embedded.AnnotationConfigEmbeddedWebApplicationContext@c9a4053: startup date [Tue Feb 27 16:26:49 CST 2018]; parent: org.springframework.context.annotation.AnnotationConfigApplicationContext@60548146
16:26:56.113 logback [restartedMain] INFO  o.s.w.s.m.m.a.RequestMappingHandlerMapping - Mapped "{[/doctor/get],methods=[GET]}" onto public scut.jiayibilin.wechat.entity.JsonResult scut.jiayibilin.wechat.controller.feign.mysql.doctor.DoctorInfoController.GetDoctor(java.lang.String)
16:26:56.115 logback [restartedMain] INFO  o.s.w.s.m.m.a.RequestMappingHandlerMapping - Mapped "{[/doctor/service/get],methods=[GET]}" onto public scut.jiayibilin.wechat.entity.JsonResult scut.jiayibilin.wechat.controller.feign.mysql.doctor.DoctorInfoController.GetService()
16:26:56.115 logback [restartedMain] INFO  o.s.w.s.m.m.a.RequestMappingHandlerMapping - Mapped "{[/doctor/getlist],methods=[GET]}" onto public scut.jiayibilin.wechat.entity.JsonResult scut.jiayibilin.wechat.controller.feign.mysql.doctor.DoctorInfoController.GetDoctorList()
16:26:56.119 logback [restartedMain] INFO  o.s.w.s.m.m.a.RequestMappingHandlerMapping - Mapped "{[/healthmanage/messageremind/unread/getnumber],methods=[GET]}" onto public scut.jiayibilin.wechat.entity.JsonResult scut.jiayibilin.wechat.controller.feign.mysql.healthmanage.HealthManageController.GetMessageNumber(java.lang.String)
16:26:56.119 logback [restartedMain] INFO  o.s.w.s.m.m.a.RequestMappingHandlerMapping - Mapped "{[/healthmanage/biologycheck/saveorupdate],methods=[POST]}" onto public scut.jiayibilin.wechat.entity.JsonResult scut.jiayibilin.wechat.controller.feign.mysql.healthmanage.HealthManageController.SaveBiologyCheck(javax.servlet.http.HttpServletRequest)
16:26:56.120 logback [restartedMain] INFO  o.s.w.s.m.m.a.RequestMappingHandlerMapping - Mapped "{[/healthmanage/bloodcheck/saveorupdate],methods=[POST]}" onto public scut.jiayibilin.wechat.entity.JsonResult scut.jiayibilin.wechat.controller.feign.mysql.healthmanage.HealthManageController.SaveBloodCheck(javax.servlet.http.HttpServletRequest)
16:26:56.120 logback [restartedMain] INFO  o.s.w.s.m.m.a.RequestMappingHandlerMapping - Mapped "{[/healthmanage/healthcheck/saveorupdate],methods=[POST]}" onto public scut.jiayibilin.wechat.entity.JsonResult scut.jiayibilin.wechat.controller.feign.mysql.healthmanage.HealthManageController.SaveHealthCheck(javax.servlet.http.HttpServletRequest)
16:26:56.120 logback [restartedMain] INFO  o.s.w.s.m.m.a.RequestMappingHandlerMapping - Mapped "{[/healthmanage/cardiogram/save],methods=[POST]}" onto public scut.jiayibilin.wechat.entity.JsonResult scut.jiayibilin.wechat.controller.feign.mysql.healthmanage.HealthManageController.SaveCardiogram(javax.servlet.http.HttpServletRequest)
16:26:56.121 logback [restartedMain] INFO  o.s.w.s.m.m.a.RequestMappingHandlerMapping - Mapped "{[/healthmanage/report/getall],methods=[GET]}" onto public scut.jiayibilin.wechat.entity.JsonResult scut.jiayibilin.wechat.controller.feign.mysql.healthmanage.HealthManageController.GetAllReport(java.lang.String)
16:26:56.121 logback [restartedMain] INFO  o.s.w.s.m.m.a.RequestMappingHandlerMapping - Mapped "{[/healthmanage/bloodcheck/find],methods=[GET]}" onto public scut.jiayibilin.wechat.entity.JsonResult scut.jiayibilin.wechat.controller.feign.mysql.healthmanage.HealthManageController.Findblood(java.lang.String)
16:26:56.122 logback [restartedMain] INFO  o.s.w.s.m.m.a.RequestMappingHandlerMapping - Mapped "{[/healthmanage/bloodcheck/get],methods=[GET]}" onto public scut.jiayibilin.wechat.entity.JsonResult scut.jiayibilin.wechat.controller.feign.mysql.healthmanage.HealthManageController.FindBloodHistory(java.lang.String,java.lang.String,java.lang.String)
16:26:56.122 logback [restartedMain] INFO  o.s.w.s.m.m.a.RequestMappingHandlerMapping - Mapped "{[/healthmanage/report/getnewest],methods=[GET]}" onto public scut.jiayibilin.wechat.entity.JsonResult scut.jiayibilin.wechat.controller.feign.mysql.healthmanage.HealthManageController.GetNewestReport(java.lang.String)
16:26:56.123 logback [restartedMain] INFO  o.s.w.s.m.m.a.RequestMappingHandlerMapping - Mapped "{[/healthmanage/messageremind/getunread],methods=[GET]}" onto public scut.jiayibilin.wechat.entity.JsonResult scut.jiayibilin.wechat.controller.feign.mysql.healthmanage.HealthManageController.GetMessage(java.lang.String)
16:26:56.123 logback [restartedMain] INFO  o.s.w.s.m.m.a.RequestMappingHandlerMapping - Mapped "{[/healthmanage/messageremind/setread],methods=[POST]}" onto public scut.jiayibilin.wechat.entity.JsonResult scut.jiayibilin.wechat.controller.feign.mysql.healthmanage.HealthManageController.SetMessage(int)
16:26:56.123 logback [restartedMain] INFO  o.s.w.s.m.m.a.RequestMappingHandlerMapping - Mapped "{[/healthmanage/report/generate],methods=[POST]}" onto public scut.jiayibilin.wechat.entity.JsonResult scut.jiayibilin.wechat.controller.feign.mysql.healthmanage.HealthManageController.GenerateReport(java.lang.String)
16:26:56.124 logback [restartedMain] INFO  o.s.w.s.m.m.a.RequestMappingHandlerMapping - Mapped "{[/healthmanage/report/getbycount],methods=[GET]}" onto public scut.jiayibilin.wechat.entity.JsonResult scut.jiayibilin.wechat.controller.feign.mysql.healthmanage.HealthManageController.GetReportBycount(java.lang.String,int)
16:26:56.127 logback [restartedMain] INFO  o.s.w.s.m.m.a.RequestMappingHandlerMapping - Mapped "{[/healthmanage/report/getnumber],methods=[GET]}" onto public scut.jiayibilin.wechat.entity.JsonResult scut.jiayibilin.wechat.controller.feign.mysql.healthmanage.HealthManageController.GetReportNumber()
16:26:56.127 logback [restartedMain] INFO  o.s.w.s.m.m.a.RequestMappingHandlerMapping - Mapped "{[/healthmanage/messageremind/getbyid],methods=[GET]}" onto public scut.jiayibilin.wechat.entity.JsonResult scut.jiayibilin.wechat.controller.feign.mysql.healthmanage.HealthManageController.GetMessagebyid(int)
16:26:56.128 logback [restartedMain] INFO  o.s.w.s.m.m.a.RequestMappingHandlerMapping - Mapped "{[/healthmanage/healthcheck/get],methods=[GET]}" onto public scut.jiayibilin.wechat.entity.JsonResult scut.jiayibilin.wechat.controller.feign.mysql.healthmanage.HealthManageController.GetHealthCheckTable(java.lang.String)
16:26:56.131 logback [restartedMain] INFO  o.s.w.s.m.m.a.RequestMappingHandlerMapping - Mapped "{[/patientinfo/evaluate],methods=[POST]}" onto public scut.jiayibilin.wechat.entity.JsonResult scut.jiayibilin.wechat.controller.feign.mysql.patient.PatientInfoController.evaluate(scut.jiayibilin.wechat.entity.EvaluationEntity)
16:26:56.132 logback [restartedMain] INFO  o.s.w.s.m.m.a.RequestMappingHandlerMapping - Mapped "{[/patientinfo/messageremind/getunread],methods=[GET]}" onto public scut.jiayibilin.wechat.entity.JsonResult scut.jiayibilin.wechat.controller.feign.mysql.patient.PatientInfoController.GetMessage(java.lang.String)
16:26:56.132 logback [restartedMain] INFO  o.s.w.s.m.m.a.RequestMappingHandlerMapping - Mapped "{[/patientinfo/service/buy],methods=[POST]}" onto public scut.jiayibilin.wechat.entity.JsonResult scut.jiayibilin.wechat.controller.feign.mysql.patient.PatientInfoController.buyservice(java.lang.String,java.lang.String,java.lang.String)
16:26:56.132 logback [restartedMain] INFO  o.s.w.s.m.m.a.RequestMappingHandlerMapping - Mapped "{[/patientinfo/service/get],methods=[GET]}" onto public scut.jiayibilin.wechat.entity.JsonResult scut.jiayibilin.wechat.controller.feign.mysql.patient.PatientInfoController.getmyservice(java.lang.String)
16:26:56.133 logback [restartedMain] INFO  o.s.w.s.m.m.a.RequestMappingHandlerMapping - Mapped "{[/patientinfo/update],methods=[POST]}" onto public scut.jiayibilin.wechat.entity.JsonResult scut.jiayibilin.wechat.controller.feign.mysql.patient.PatientInfoController.patientupdate(javax.servlet.http.HttpServletRequest)
16:26:56.133 logback [restartedMain] INFO  o.s.w.s.m.m.a.RequestMappingHandlerMapping - Mapped "{[/patientinfo/service/getbylist],methods=[GET]}" onto public scut.jiayibilin.wechat.entity.JsonResult scut.jiayibilin.wechat.controller.feign.mysql.patient.PatientInfoController.getservice(java.lang.String)
16:26:56.133 logback [restartedMain] INFO  o.s.w.s.m.m.a.RequestMappingHandlerMapping - Mapped "{[/patientinfo/doctor/get],methods=[GET]}" onto public scut.jiayibilin.wechat.entity.JsonResult scut.jiayibilin.wechat.controller.feign.mysql.patient.PatientInfoController.getmydoctor(java.lang.String)
16:26:56.134 logback [restartedMain] INFO  o.s.w.s.m.m.a.RequestMappingHandlerMapping - Mapped "{[/patientinfo/service/buyagain],methods=[POST]}" onto public scut.jiayibilin.wechat.entity.JsonResult scut.jiayibilin.wechat.controller.feign.mysql.patient.PatientInfoController.buyserviceagain(java.lang.String,java.lang.String,java.lang.String)
16:26:56.134 logback [restartedMain] INFO  o.s.w.s.m.m.a.RequestMappingHandlerMapping - Mapped "{[/patientinfo/save],methods=[POST]}" onto public scut.jiayibilin.wechat.entity.JsonResult scut.jiayibilin.wechat.controller.feign.mysql.patient.PatientInfoController.patientsave(javax.servlet.http.HttpServletRequest)
16:26:56.134 logback [restartedMain] INFO  o.s.w.s.m.m.a.RequestMappingHandlerMapping - Mapped "{[/patientinfo/messageboard/set],methods=[POST]}" onto public scut.jiayibilin.wechat.entity.JsonResult scut.jiayibilin.wechat.controller.feign.mysql.patient.PatientInfoController.setMessageBoard(scut.jiayibilin.wechat.entity.MessageBoardEntity)
16:26:56.135 logback [restartedMain] INFO  o.s.w.s.m.m.a.RequestMappingHandlerMapping - Mapped "{[/patientinfo/get],methods=[GET]}" onto public scut.jiayibilin.wechat.entity.JsonResult scut.jiayibilin.wechat.controller.feign.mysql.patient.PatientInfoController.patientinfo(java.lang.String)
16:26:56.135 logback [restartedMain] INFO  o.s.w.s.m.m.a.RequestMappingHandlerMapping - Mapped "{[/patientinfo/contact/suggest],methods=[POST]}" onto public scut.jiayibilin.wechat.entity.JsonResult scut.jiayibilin.wechat.controller.feign.mysql.patient.PatientInfoController.contact_sug(scut.jiayibilin.wechat.entity.SuggestionEntity)
16:26:56.135 logback [restartedMain] INFO  o.s.w.s.m.m.a.RequestMappingHandlerMapping - Mapped "{[/patientinfo/groupreceiving/unread],methods=[GET]}" onto public scut.jiayibilin.wechat.entity.JsonResult scut.jiayibilin.wechat.controller.feign.mysql.patient.PatientInfoController.getGroupReceivingUnread(java.lang.String)
16:26:56.136 logback [restartedMain] INFO  o.s.w.s.m.m.a.RequestMappingHandlerMapping - Mapped "{[/patientinfo/groupreceiving/delete],methods=[POST]}" onto public scut.jiayibilin.wechat.entity.JsonResult scut.jiayibilin.wechat.controller.feign.mysql.patient.PatientInfoController.deletePatientGroupReceiving(int)
16:26:56.137 logback [restartedMain] INFO  o.s.w.s.m.m.a.RequestMappingHandlerMapping - Mapped "{[/patientinfo/messageboard/getnewestmessagwe],methods=[GET]}" onto public scut.jiayibilin.wechat.entity.JsonResult scut.jiayibilin.wechat.controller.feign.mysql.patient.PatientInfoController.getMessageBoardNewest(java.lang.String)
16:26:56.137 logback [restartedMain] INFO  o.s.w.s.m.m.a.RequestMappingHandlerMapping - Mapped "{[/patientinfo/messageboard/patientdelete],methods=[POST]}" onto public scut.jiayibilin.wechat.entity.JsonResult scut.jiayibilin.wechat.controller.feign.mysql.patient.PatientInfoController.deleteOneMessageBoard(int)
16:26:56.137 logback [restartedMain] INFO  o.s.w.s.m.m.a.RequestMappingHandlerMapping - Mapped "{[/patientinfo/groupreceiving/get],methods=[GET]}" onto public scut.jiayibilin.wechat.entity.JsonResult scut.jiayibilin.wechat.controller.feign.mysql.patient.PatientInfoController.getPatientGroupReceiving(int)
16:26:56.138 logback [restartedMain] INFO  o.s.w.s.m.m.a.RequestMappingHandlerMapping - Mapped "{[/patientinfo/groupreceiving/list],methods=[GET]}" onto public scut.jiayibilin.wechat.entity.JsonResult scut.jiayibilin.wechat.controller.feign.mysql.patient.PatientInfoController.getPatientGroupReceiving(java.lang.String)
16:26:56.138 logback [restartedMain] INFO  o.s.w.s.m.m.a.RequestMappingHandlerMapping - Mapped "{[/patientinfo/groupreceiving/setread],methods=[POST]}" onto public scut.jiayibilin.wechat.entity.JsonResult scut.jiayibilin.wechat.controller.feign.mysql.patient.PatientInfoController.setPatientGroupReceivingRead(int)
16:26:56.139 logback [restartedMain] INFO  o.s.w.s.m.m.a.RequestMappingHandlerMapping - Mapped "{[/patientinfo/messageboard/getone],methods=[GET]}" onto public scut.jiayibilin.wechat.entity.JsonResult scut.jiayibilin.wechat.controller.feign.mysql.patient.PatientInfoController.getOneMessageBoard(int)
16:26:56.139 logback [restartedMain] INFO  o.s.w.s.m.m.a.RequestMappingHandlerMapping - Mapped "{[/aliyun/qrcode/create]}" onto public scut.jiayibilin.wechat.entity.JsonResult scut.jiayibilin.wechat.controller.feign.mysql.qrcode.AliyunOssController.qrCodeCreateLogo(java.lang.String) throws me.chanjar.weixin.common.exception.WxErrorException,scut.jiayibilin.wechat.entity.QRParamsException,java.io.IOException
16:26:56.140 logback [restartedMain] INFO  o.s.w.s.m.m.a.RequestMappingHandlerMapping - Mapped "{[/aliyun/qrcode/get],methods=[GET]}" onto public scut.jiayibilin.wechat.entity.JsonResult scut.jiayibilin.wechat.controller.feign.mysql.qrcode.AliyunOssController.getdoctorqrcodeurl(java.lang.String)
16:26:56.140 logback [restartedMain] INFO  o.s.w.s.m.m.a.RequestMappingHandlerMapping - Mapped "{[/qrcode/doctor/{phone}]}" onto public java.lang.String scut.jiayibilin.wechat.controller.view.DoctorViewController.qrcode(javax.servlet.http.HttpServletRequest,java.lang.String)
16:26:56.140 logback [restartedMain] INFO  o.s.w.s.m.m.a.RequestMappingHandlerMapping - Mapped "{[/mydoctor]}" onto public java.lang.String scut.jiayibilin.wechat.controller.view.DoctorViewController.mydoctor(javax.servlet.http.HttpServletRequest,org.springframework.ui.Model)
16:26:56.141 logback [restartedMain] INFO  o.s.w.s.m.m.a.RequestMappingHandlerMapping - Mapped "{[/view/patient]}" onto public java.lang.String scut.jiayibilin.wechat.controller.view.MainViewController.patientinfo(javax.servlet.http.HttpServletRequest)
16:26:56.142 logback [restartedMain] INFO  o.s.w.s.m.m.a.RequestMappingHandlerMapping - Mapped "{[/view/doctorlist]}" onto public java.lang.String scut.jiayibilin.wechat.controller.view.MainViewController.doctorlist(javax.servlet.http.HttpServletRequest)
16:26:56.142 logback [restartedMain] INFO  o.s.w.s.m.m.a.RequestMappingHandlerMapping - Mapped "{[/view/healthmanage]}" onto public java.lang.String scut.jiayibilin.wechat.controller.view.MainViewController.healthservice(javax.servlet.http.HttpServletRequest)
16:26:56.142 logback [restartedMain] INFO  o.s.w.s.m.m.a.RequestMappingHandlerMapping - Mapped "{[/view/contactus]}" onto public java.lang.String scut.jiayibilin.wechat.controller.view.MainViewController.contactus(javax.servlet.http.HttpServletRequest)
16:26:56.142 logback [restartedMain] INFO  o.s.w.s.m.m.a.RequestMappingHandlerMapping - Mapped "{[/view/about]}" onto public java.lang.String scut.jiayibilin.wechat.controller.view.MainViewController.about()
16:26:56.145 logback [restartedMain] INFO  o.s.w.s.m.m.a.RequestMappingHandlerMapping - Mapped "{[/wechat/main],methods=[POST],produces=[application/xml;charset=UTF-8]}" onto public java.lang.String scut.jiayibilin.wechat.controller.wechat.WechatController.post(java.lang.String,java.lang.String,java.lang.String,java.lang.String,java.lang.String,java.lang.String)
16:26:56.146 logback [restartedMain] INFO  o.s.w.s.m.m.a.RequestMappingHandlerMapping - Mapped "{[/wechat/main],methods=[GET],produces=[text/plain;charset=utf-8]}" onto public java.lang.String scut.jiayibilin.wechat.controller.wechat.WechatController.authGet(java.lang.String,java.lang.String,java.lang.String,java.lang.String)
16:26:56.146 logback [restartedMain] INFO  o.s.w.s.m.m.a.RequestMappingHandlerMapping - Mapped "{[/error],produces=[text/html]}" onto public java.lang.String scut.jiayibilin.wechat.controller.wechat.WxErrorController.errorHtml(javax.servlet.http.HttpServletRequest)
16:26:56.152 logback [restartedMain] INFO  o.s.w.s.m.m.a.RequestMappingHandlerMapping - Mapped "{[/wechat/menu/getSelfMenuInfo],methods=[GET]}" onto public me.chanjar.weixin.mp.bean.menu.WxMpGetSelfMenuInfoResult scut.jiayibilin.wechat.controller.wechat.WxMenuController.getSelfMenuInfo() throws me.chanjar.weixin.common.exception.WxErrorException
16:26:56.152 logback [restartedMain] INFO  o.s.w.s.m.m.a.RequestMappingHandlerMapping - Mapped "{[/wechat/menu/delete],methods=[GET]}" onto public void scut.jiayibilin.wechat.controller.wechat.WxMenuController.menuDelete() throws me.chanjar.weixin.common.exception.WxErrorException
16:26:56.153 logback [restartedMain] INFO  o.s.w.s.m.m.a.RequestMappingHandlerMapping - Mapped "{[/wechat/menu/delete/{menuId}],methods=[GET]}" onto public void scut.jiayibilin.wechat.controller.wechat.WxMenuController.menuDelete(java.lang.String) throws me.chanjar.weixin.common.exception.WxErrorException
16:26:56.153 logback [restartedMain] INFO  o.s.w.s.m.m.a.RequestMappingHandlerMapping - Mapped "{[/wechat/menu/get],methods=[GET]}" onto public me.chanjar.weixin.mp.bean.menu.WxMpMenu scut.jiayibilin.wechat.controller.wechat.WxMenuController.menuGet() throws me.chanjar.weixin.common.exception.WxErrorException
16:26:56.153 logback [restartedMain] INFO  o.s.w.s.m.m.a.RequestMappingHandlerMapping - Mapped "{[/wechat/menu/menuTryMatch/{userid}],methods=[GET]}" onto public me.chanjar.weixin.common.bean.menu.WxMenu scut.jiayibilin.wechat.controller.wechat.WxMenuController.menuTryMatch(java.lang.String) throws me.chanjar.weixin.common.exception.WxErrorException
16:26:56.153 logback [restartedMain] INFO  o.s.w.s.m.m.a.RequestMappingHandlerMapping - Mapped "{[/wechat/menu/create/{json}],methods=[GET]}" onto public java.lang.String scut.jiayibilin.wechat.controller.wechat.WxMenuController.menuCreate(java.lang.String) throws me.chanjar.weixin.common.exception.WxErrorException
16:26:56.153 logback [restartedMain] INFO  o.s.w.s.m.m.a.RequestMappingHandlerMapping - Mapped "{[/wechat/menu/create],methods=[POST]}" onto public java.lang.String scut.jiayibilin.wechat.controller.wechat.WxMenuController.menuCreate(me.chanjar.weixin.common.bean.menu.WxMenu) throws me.chanjar.weixin.common.exception.WxErrorException
16:26:56.154 logback [restartedMain] INFO  o.s.w.s.m.m.a.RequestMappingHandlerMapping - Mapped "{[/wechat/menu/create],methods=[GET]}" onto public java.lang.String scut.jiayibilin.wechat.controller.wechat.WxMenuController.menuCreateSample() throws me.chanjar.weixin.common.exception.WxErrorException
16:26:56.158 logback [restartedMain] INFO  o.s.w.s.m.m.a.RequestMappingHandlerMapping - Mapped "{[/wechat/auth/gettoken],methods=[GET]}" onto me.chanjar.weixin.mp.bean.result.WxMpOAuth2AccessToken scut.jiayibilin.wechat.controller.wechat.WxOAuth2Controller.oauth2getAccessToken(java.lang.String) throws me.chanjar.weixin.common.exception.WxErrorException
16:26:56.158 logback [restartedMain] INFO  o.s.w.s.m.m.a.RequestMappingHandlerMapping - Mapped "{[/wechat/auth/buildurl],methods=[GET]}" onto java.lang.String scut.jiayibilin.wechat.controller.wechat.WxOAuth2Controller.buildQrConnectUrl(java.lang.String,java.lang.String,java.lang.String)
16:26:56.158 logback [restartedMain] INFO  o.s.w.s.m.m.a.RequestMappingHandlerMapping - Mapped "{[/wechat/auth/buildo2url],methods=[GET]}" onto java.lang.String scut.jiayibilin.wechat.controller.wechat.WxOAuth2Controller.oauth2buildAuthorizationUrl(java.lang.String,java.lang.String,java.lang.String)
16:26:56.158 logback [restartedMain] INFO  o.s.w.s.m.m.a.RequestMappingHandlerMapping - Mapped "{[/wechat/auth/refreshtoken],methods=[POST]}" onto me.chanjar.weixin.mp.bean.result.WxMpOAuth2AccessToken scut.jiayibilin.wechat.controller.wechat.WxOAuth2Controller.oauth2refreshAccessToken(java.lang.String) throws me.chanjar.weixin.common.exception.WxErrorException
16:26:56.159 logback [restartedMain] INFO  o.s.w.s.m.m.a.RequestMappingHandlerMapping - Mapped "{[/wechat/auth/getinfo],methods=[GET]}" onto me.chanjar.weixin.mp.bean.result.WxMpUser scut.jiayibilin.wechat.controller.wechat.WxOAuth2Controller.oauth2getUserInfo(me.chanjar.weixin.mp.bean.result.WxMpOAuth2AccessToken,java.lang.String) throws me.chanjar.weixin.common.exception.WxErrorException
16:26:56.159 logback [restartedMain] INFO  o.s.w.s.m.m.a.RequestMappingHandlerMapping - Mapped "{[/wechat/auth/validatetoken],methods=[GET]}" onto boolean scut.jiayibilin.wechat.controller.wechat.WxOAuth2Controller.oauth2validateAccessToken(me.chanjar.weixin.mp.bean.result.WxMpOAuth2AccessToken)
16:26:56.162 logback [restartedMain] INFO  o.s.w.s.m.m.a.RequestMappingHandlerMapping - Mapped "{[/wechat/user/getbyidandlan],methods=[GET]}" onto public me.chanjar.weixin.mp.bean.result.WxMpUser scut.jiayibilin.wechat.controller.wechat.WxUserController.userInfo(java.lang.String,java.lang.String) throws me.chanjar.weixin.common.exception.WxErrorException
16:26:56.162 logback [restartedMain] INFO  o.s.w.s.m.m.a.RequestMappingHandlerMapping - Mapped "{[/wechat/user/getbyid],methods=[GET]}" onto public me.chanjar.weixin.mp.bean.result.WxMpUser scut.jiayibilin.wechat.controller.wechat.WxUserController.userInfo(java.lang.String) throws me.chanjar.weixin.common.exception.WxErrorException
16:26:56.163 logback [restartedMain] INFO  o.s.w.s.m.m.a.RequestMappingHandlerMapping - Mapped "{[/wechat/user/getbynextid],methods=[GET]}" onto public me.chanjar.weixin.mp.bean.result.WxMpUserList scut.jiayibilin.wechat.controller.wechat.WxUserController.userList(java.lang.String) throws me.chanjar.weixin.common.exception.WxErrorException
16:26:56.163 logback [restartedMain] INFO  o.s.w.s.m.m.a.RequestMappingHandlerMapping - Mapped "{[/wechat/user/getlistbyquery],methods=[GET]}" onto public java.util.List<me.chanjar.weixin.mp.bean.result.WxMpUser> scut.jiayibilin.wechat.controller.wechat.WxUserController.userInfoList(me.chanjar.weixin.mp.bean.WxMpUserQuery) throws me.chanjar.weixin.common.exception.WxErrorException
16:26:56.163 logback [restartedMain] INFO  o.s.w.s.m.m.a.RequestMappingHandlerMapping - Mapped "{[/wechat/user/getlist],methods=[GET]}" onto public java.util.List<me.chanjar.weixin.mp.bean.result.WxMpUser> scut.jiayibilin.wechat.controller.wechat.WxUserController.userInfoList(java.util.List<java.lang.String>) throws me.chanjar.weixin.common.exception.WxErrorException
16:26:56.163 logback [restartedMain] INFO  o.s.w.s.m.m.a.RequestMappingHandlerMapping - Mapped "{[/wechat/user/updateremark],methods=[POST]}" onto public void scut.jiayibilin.wechat.controller.wechat.WxUserController.userUpdateRemark(java.lang.String,java.lang.String) throws me.chanjar.weixin.common.exception.WxErrorException
16:26:56.228 logback [restartedMain] INFO  o.s.w.s.h.SimpleUrlHandlerMapping - Mapped URL path [/webjars/**] onto handler of type [class org.springframework.web.servlet.resource.ResourceHttpRequestHandler]
16:26:56.228 logback [restartedMain] INFO  o.s.w.s.h.SimpleUrlHandlerMapping - Mapped URL path [/**] onto handler of type [class org.springframework.web.servlet.resource.ResourceHttpRequestHandler]
16:26:56.298 logback [restartedMain] INFO  o.s.w.s.h.SimpleUrlHandlerMapping - Mapped URL path [/**/favicon.ico] onto handler of type [class org.springframework.web.servlet.resource.ResourceHttpRequestHandler]
16:26:57.163 logback [restartedMain] INFO  o.s.b.a.e.mvc.EndpointHandlerMapping - Mapped "{[/service-registry/instance-status],methods=[GET]}" onto public org.springframework.http.ResponseEntity org.springframework.cloud.client.serviceregistry.endpoint.ServiceRegistryEndpoint.getStatus()
16:26:57.163 logback [restartedMain] INFO  o.s.b.a.e.mvc.EndpointHandlerMapping - Mapped "{[/service-registry/instance-status],methods=[POST]}" onto public org.springframework.http.ResponseEntity<?> org.springframework.cloud.client.serviceregistry.endpoint.ServiceRegistryEndpoint.setStatus(java.lang.String)
16:26:57.165 logback [restartedMain] INFO  o.s.b.a.e.mvc.EndpointHandlerMapping - Mapped "{[/info || /info.json],methods=[GET],produces=[application/json]}" onto public java.lang.Object org.springframework.boot.actuate.endpoint.mvc.EndpointMvcAdapter.invoke()
16:26:57.165 logback [restartedMain] INFO  o.s.b.a.e.mvc.EndpointHandlerMapping - Mapped "{[/heapdump || /heapdump.json],methods=[GET],produces=[application/octet-stream]}" onto public void org.springframework.boot.actuate.endpoint.mvc.HeapdumpMvcEndpoint.invoke(boolean,javax.servlet.http.HttpServletRequest,javax.servlet.http.HttpServletResponse) throws java.io.IOException,javax.servlet.ServletException
16:26:57.165 logback [restartedMain] INFO  o.s.b.a.e.mvc.EndpointHandlerMapping - Mapped "{[/refresh || /refresh.json],methods=[POST]}" onto public java.lang.Object org.springframework.cloud.endpoint.GenericPostableMvcEndpoint.invoke()
16:26:57.165 logback [restartedMain] INFO  o.s.b.a.e.mvc.EndpointHandlerMapping - Mapped "{[/restart || /restart.json],methods=[POST]}" onto public java.lang.Object org.springframework.cloud.context.restart.RestartMvcEndpoint.invoke()
16:26:57.167 logback [restartedMain] INFO  o.s.b.a.e.mvc.EndpointHandlerMapping - Mapped "{[/beans || /beans.json],methods=[GET],produces=[application/json]}" onto public java.lang.Object org.springframework.boot.actuate.endpoint.mvc.EndpointMvcAdapter.invoke()
16:26:57.167 logback [restartedMain] INFO  o.s.b.a.e.mvc.EndpointHandlerMapping - Mapped "{[/archaius || /archaius.json],methods=[GET],produces=[application/json]}" onto public java.lang.Object org.springframework.boot.actuate.endpoint.mvc.EndpointMvcAdapter.invoke()
16:26:57.167 logback [restartedMain] INFO  o.s.b.a.e.mvc.EndpointHandlerMapping - Mapped "{[/health || /health.json],produces=[application/json]}" onto public java.lang.Object org.springframework.boot.actuate.endpoint.mvc.HealthMvcEndpoint.invoke(java.security.Principal)
16:26:57.169 logback [restartedMain] INFO  o.s.b.a.e.mvc.EndpointHandlerMapping - Mapped "{[/features || /features.json],methods=[GET],produces=[application/json]}" onto public java.lang.Object org.springframework.boot.actuate.endpoint.mvc.EndpointMvcAdapter.invoke()
16:26:57.170 logback [restartedMain] INFO  o.s.b.a.e.mvc.EndpointHandlerMapping - Mapped "{[/configprops || /configprops.json],methods=[GET],produces=[application/json]}" onto public java.lang.Object org.springframework.boot.actuate.endpoint.mvc.EndpointMvcAdapter.invoke()
16:26:57.170 logback [restartedMain] INFO  o.s.b.a.e.mvc.EndpointHandlerMapping - Mapped "{[/mappings || /mappings.json],methods=[GET],produces=[application/json]}" onto public java.lang.Object org.springframework.boot.actuate.endpoint.mvc.EndpointMvcAdapter.invoke()
16:26:57.171 logback [restartedMain] INFO  o.s.b.a.e.mvc.EndpointHandlerMapping - Mapped "{[/trace || /trace.json],methods=[GET],produces=[application/json]}" onto public java.lang.Object org.springframework.boot.actuate.endpoint.mvc.EndpointMvcAdapter.invoke()
16:26:57.171 logback [restartedMain] INFO  o.s.b.a.e.mvc.EndpointHandlerMapping - Mapped "{[/env/{name:.*}],methods=[GET],produces=[application/json]}" onto public java.lang.Object org.springframework.boot.actuate.endpoint.mvc.EnvironmentMvcEndpoint.value(java.lang.String)
16:26:57.171 logback [restartedMain] INFO  o.s.b.a.e.mvc.EndpointHandlerMapping - Mapped "{[/env || /env.json],methods=[GET],produces=[application/json]}" onto public java.lang.Object org.springframework.boot.actuate.endpoint.mvc.EndpointMvcAdapter.invoke()
16:26:57.173 logback [restartedMain] INFO  o.s.b.a.e.mvc.EndpointHandlerMapping - Mapped "{[/pause || /pause.json],methods=[POST]}" onto public java.lang.Object org.springframework.cloud.endpoint.GenericPostableMvcEndpoint.invoke()
16:26:57.173 logback [restartedMain] INFO  o.s.b.a.e.mvc.EndpointHandlerMapping - Mapped "{[/metrics/{name:.*}],methods=[GET],produces=[application/json]}" onto public java.lang.Object org.springframework.boot.actuate.endpoint.mvc.MetricsMvcEndpoint.value(java.lang.String)
16:26:57.173 logback [restartedMain] INFO  o.s.b.a.e.mvc.EndpointHandlerMapping - Mapped "{[/metrics || /metrics.json],methods=[GET],produces=[application/json]}" onto public java.lang.Object org.springframework.boot.actuate.endpoint.mvc.EndpointMvcAdapter.invoke()
16:26:57.175 logback [restartedMain] INFO  o.s.b.a.e.mvc.EndpointHandlerMapping - Mapped "{[/env],methods=[POST]}" onto public java.lang.Object org.springframework.cloud.context.environment.EnvironmentManagerMvcEndpoint.value(java.util.Map<java.lang.String, java.lang.String>)
16:26:57.175 logback [restartedMain] INFO  o.s.b.a.e.mvc.EndpointHandlerMapping - Mapped "{[/env/reset],methods=[POST]}" onto public java.util.Map<java.lang.String, java.lang.Object> org.springframework.cloud.context.environment.EnvironmentManagerMvcEndpoint.reset()
16:26:57.176 logback [restartedMain] INFO  o.s.b.a.e.mvc.EndpointHandlerMapping - Mapped "{[/resume || /resume.json],methods=[POST]}" onto public java.lang.Object org.springframework.cloud.endpoint.GenericPostableMvcEndpoint.invoke()
16:26:57.177 logback [restartedMain] INFO  o.s.b.a.e.mvc.EndpointHandlerMapping - Mapped "{[/autoconfig || /autoconfig.json],methods=[GET],produces=[application/json]}" onto public java.lang.Object org.springframework.boot.actuate.endpoint.mvc.EndpointMvcAdapter.invoke()
16:26:57.177 logback [restartedMain] INFO  o.s.b.a.e.mvc.EndpointHandlerMapping - Mapped "{[/dump || /dump.json],methods=[GET],produces=[application/json]}" onto public java.lang.Object org.springframework.boot.actuate.endpoint.mvc.EndpointMvcAdapter.invoke()
16:26:57.485 logback [restartedMain] INFO  o.s.b.d.a.OptionalLiveReloadServer - LiveReload server is running on port 35729
16:26:57.596 logback [restartedMain] WARN  c.n.c.sources.URLConfigurationSource - No URLs will be polled as dynamic configuration sources.
16:26:57.597 logback [restartedMain] INFO  c.n.c.sources.URLConfigurationSource - To enable URLs as dynamic configuration sources, define System property archaius.configurationSource.additionalUrls or make config.properties available on classpath.
16:26:57.604 logback [restartedMain] WARN  c.n.c.sources.URLConfigurationSource - No URLs will be polled as dynamic configuration sources.
16:26:57.604 logback [restartedMain] INFO  c.n.c.sources.URLConfigurationSource - To enable URLs as dynamic configuration sources, define System property archaius.configurationSource.additionalUrls or make config.properties available on classpath.
16:26:57.722 logback [restartedMain] INFO  o.s.j.e.a.AnnotationMBeanExporter - Registering beans for JMX exposure on startup
16:26:57.734 logback [restartedMain] INFO  o.s.j.e.a.AnnotationMBeanExporter - Bean with name 'environmentManager' has been autodetected for JMX exposure
16:26:57.737 logback [restartedMain] INFO  o.s.j.e.a.AnnotationMBeanExporter - Bean with name 'configurationPropertiesRebinder' has been autodetected for JMX exposure
16:26:57.738 logback [restartedMain] INFO  o.s.j.e.a.AnnotationMBeanExporter - Bean with name 'refreshEndpoint' has been autodetected for JMX exposure
16:26:57.738 logback [restartedMain] INFO  o.s.j.e.a.AnnotationMBeanExporter - Bean with name 'restartEndpoint' has been autodetected for JMX exposure
16:26:57.739 logback [restartedMain] INFO  o.s.j.e.a.AnnotationMBeanExporter - Bean with name 'serviceRegistryEndpoint' has been autodetected for JMX exposure
16:26:57.740 logback [restartedMain] INFO  o.s.j.e.a.AnnotationMBeanExporter - Bean with name 'refreshScope' has been autodetected for JMX exposure
16:26:57.743 logback [restartedMain] INFO  o.s.j.e.a.AnnotationMBeanExporter - Located managed bean 'environmentManager': registering with JMX server as MBean [org.springframework.cloud.context.environment:name=environmentManager,type=EnvironmentManager]
16:26:57.762 logback [restartedMain] INFO  o.s.j.e.a.AnnotationMBeanExporter - Located managed bean 'restartEndpoint': registering with JMX server as MBean [org.springframework.cloud.context.restart:name=restartEndpoint,type=RestartEndpoint]
16:26:57.777 logback [restartedMain] INFO  o.s.j.e.a.AnnotationMBeanExporter - Located managed bean 'serviceRegistryEndpoint': registering with JMX server as MBean [org.springframework.cloud.client.serviceregistry.endpoint:name=serviceRegistryEndpoint,type=ServiceRegistryEndpoint]
16:26:57.785 logback [restartedMain] INFO  o.s.j.e.a.AnnotationMBeanExporter - Located managed bean 'refreshScope': registering with JMX server as MBean [org.springframework.cloud.context.scope.refresh:name=refreshScope,type=RefreshScope]
16:26:57.803 logback [restartedMain] INFO  o.s.j.e.a.AnnotationMBeanExporter - Located managed bean 'configurationPropertiesRebinder': registering with JMX server as MBean [org.springframework.cloud.context.properties:name=configurationPropertiesRebinder,context=c9a4053,type=ConfigurationPropertiesRebinder]
16:26:57.808 logback [restartedMain] INFO  o.s.j.e.a.AnnotationMBeanExporter - Located managed bean 'refreshEndpoint': registering with JMX server as MBean [org.springframework.cloud.endpoint:name=refreshEndpoint,type=RefreshEndpoint]
16:26:57.810 logback [restartedMain] INFO  o.s.b.a.e.jmx.EndpointMBeanExporter - Registering beans for JMX exposure on startup
16:26:58.247 logback [restartedMain] INFO  o.s.c.s.DefaultLifecycleProcessor - Starting beans in phase 0
16:26:58.256 logback [restartedMain] INFO  o.s.c.n.eureka.InstanceInfoFactory - Setting initial instance status as: STARTING
16:26:58.314 logback [restartedMain] INFO  c.netflix.discovery.DiscoveryClient - Initializing Eureka in region us-east-1
16:26:58.398 logback [restartedMain] INFO  c.n.d.p.DiscoveryJerseyProvider - Using JSON encoding codec LegacyJacksonJson
16:26:58.399 logback [restartedMain] INFO  c.n.d.p.DiscoveryJerseyProvider - Using JSON decoding codec LegacyJacksonJson
16:26:58.572 logback [restartedMain] INFO  c.n.d.p.DiscoveryJerseyProvider - Using XML encoding codec XStreamXml
16:26:58.572 logback [restartedMain] INFO  c.n.d.p.DiscoveryJerseyProvider - Using XML decoding codec XStreamXml
16:26:58.950 logback [restartedMain] INFO  c.n.d.s.r.aws.ConfigClusterResolver - Resolving eureka endpoints via configuration
16:26:59.160 logback [restartedMain] INFO  c.netflix.discovery.DiscoveryClient - Disable delta property : false
16:26:59.160 logback [restartedMain] INFO  c.netflix.discovery.DiscoveryClient - Single vip registry refresh property : null
16:26:59.160 logback [restartedMain] INFO  c.netflix.discovery.DiscoveryClient - Force full registry fetch : false
16:26:59.160 logback [restartedMain] INFO  c.netflix.discovery.DiscoveryClient - Application is null : false
16:26:59.160 logback [restartedMain] INFO  c.netflix.discovery.DiscoveryClient - Registered Applications size is zero : true
16:26:59.161 logback [restartedMain] INFO  c.netflix.discovery.DiscoveryClient - Application version is -1: true
16:26:59.161 logback [restartedMain] INFO  c.netflix.discovery.DiscoveryClient - Getting all instance registry info from the eureka server
16:26:59.565 logback [restartedMain] INFO  c.netflix.discovery.DiscoveryClient - The response status is 200
16:26:59.567 logback [restartedMain] INFO  c.netflix.discovery.DiscoveryClient - Starting heartbeat executor: renew interval is: 10
16:26:59.570 logback [restartedMain] INFO  c.n.discovery.InstanceInfoReplicator - InstanceInfoReplicator onDemand update allowed rate per min is 4
16:26:59.574 logback [restartedMain] INFO  c.netflix.discovery.DiscoveryClient - Discovery Client initialized at timestamp 1519720019574 with initial instances count: 1
16:26:59.605 logback [restartedMain] INFO  o.s.c.n.e.s.EurekaServiceRegistry - Registering application microservice-jiayibilin-weChat with eureka with status UP
16:26:59.606 logback [restartedMain] INFO  c.netflix.discovery.DiscoveryClient - Saw local status change event StatusChangeEvent [timestamp=1519720019606, current=UP, previous=STARTING]
16:26:59.614 logback [restartedMain] INFO  o.s.b.a.e.jmx.EndpointMBeanExporter - Located managed bean 'featuresEndpoint': registering with JMX server as MBean [org.springframework.boot:type=Endpoint,name=featuresEndpoint]
16:26:59.617 logback [DiscoveryClient-InstanceInfoReplicator-0] INFO  c.netflix.discovery.DiscoveryClient - DiscoveryClient_MICROSERVICE-JIAYIBILIN-WECHAT/125.216.243.89:1701: registering service...
16:26:59.625 logback [restartedMain] INFO  o.s.b.a.e.jmx.EndpointMBeanExporter - Located managed bean 'requestMappingEndpoint': registering with JMX server as MBean [org.springframework.boot:type=Endpoint,name=requestMappingEndpoint]
16:26:59.628 logback [restartedMain] INFO  o.s.b.a.e.jmx.EndpointMBeanExporter - Located managed bean 'environmentEndpoint': registering with JMX server as MBean [org.springframework.boot:type=Endpoint,name=environmentEndpoint]
16:26:59.631 logback [restartedMain] INFO  o.s.b.a.e.jmx.EndpointMBeanExporter - Located managed bean 'healthEndpoint': registering with JMX server as MBean [org.springframework.boot:type=Endpoint,name=healthEndpoint]
16:26:59.633 logback [restartedMain] INFO  o.s.b.a.e.jmx.EndpointMBeanExporter - Located managed bean 'beansEndpoint': registering with JMX server as MBean [org.springframework.boot:type=Endpoint,name=beansEndpoint]
16:26:59.635 logback [restartedMain] INFO  o.s.b.a.e.jmx.EndpointMBeanExporter - Located managed bean 'infoEndpoint': registering with JMX server as MBean [org.springframework.boot:type=Endpoint,name=infoEndpoint]
16:26:59.638 logback [restartedMain] INFO  o.s.b.a.e.jmx.EndpointMBeanExporter - Located managed bean 'metricsEndpoint': registering with JMX server as MBean [org.springframework.boot:type=Endpoint,name=metricsEndpoint]
16:26:59.640 logback [restartedMain] INFO  o.s.b.a.e.jmx.EndpointMBeanExporter - Located managed bean 'traceEndpoint': registering with JMX server as MBean [org.springframework.boot:type=Endpoint,name=traceEndpoint]
16:26:59.642 logback [restartedMain] INFO  o.s.b.a.e.jmx.EndpointMBeanExporter - Located managed bean 'dumpEndpoint': registering with JMX server as MBean [org.springframework.boot:type=Endpoint,name=dumpEndpoint]
16:26:59.644 logback [restartedMain] INFO  o.s.b.a.e.jmx.EndpointMBeanExporter - Located managed bean 'autoConfigurationReportEndpoint': registering with JMX server as MBean [org.springframework.boot:type=Endpoint,name=autoConfigurationReportEndpoint]
16:26:59.646 logback [restartedMain] INFO  o.s.b.a.e.jmx.EndpointMBeanExporter - Located managed bean 'configurationPropertiesReportEndpoint': registering with JMX server as MBean [org.springframework.boot:type=Endpoint,name=configurationPropertiesReportEndpoint]
16:26:59.648 logback [restartedMain] INFO  o.s.b.a.e.jmx.EndpointMBeanExporter - Located managed bean 'archaiusEndpoint': registering with JMX server as MBean [org.springframework.boot:type=Endpoint,name=archaiusEndpoint]
16:26:59.661 logback [DiscoveryClient-InstanceInfoReplicator-0] INFO  c.netflix.discovery.DiscoveryClient - DiscoveryClient_MICROSERVICE-JIAYIBILIN-WECHAT/125.216.243.89:1701 - registration status: 204
16:26:59.674 logback [restartedMain] INFO  o.a.coyote.http11.Http11NioProtocol - Initializing ProtocolHandler ["http-nio-1701"]
16:26:59.686 logback [restartedMain] INFO  o.a.coyote.http11.Http11NioProtocol - Starting ProtocolHandler [http-nio-1701]
16:26:59.703 logback [restartedMain] INFO  o.a.tomcat.util.net.NioSelectorPool - Using a shared selector for servlet write/read
16:26:59.727 logback [restartedMain] INFO  o.s.b.c.e.t.TomcatEmbeddedServletContainer - Tomcat started on port(s): 1701 (http)
16:26:59.728 logback [restartedMain] INFO  o.s.c.n.e.s.EurekaAutoServiceRegistration - Updating port to 1701
16:26:59.732 logback [restartedMain] INFO  s.jiayibilin.wechat.WxMsApplication - Started WxMsApplication in 12.906 seconds (JVM running for 15.586)
16:31:59.176 logback [AsyncResolver-bootstrap-executor-0] INFO  c.n.d.s.r.aws.ConfigClusterResolver - Resolving eureka endpoints via configuration
16:36:59.186 logback [AsyncResolver-bootstrap-executor-0] INFO  c.n.d.s.r.aws.ConfigClusterResolver - Resolving eureka endpoints via configuration
16:41:59.187 logback [AsyncResolver-bootstrap-executor-0] INFO  c.n.d.s.r.aws.ConfigClusterResolver - Resolving eureka endpoints via configuration
16:46:59.188 logback [AsyncResolver-bootstrap-executor-0] INFO  c.n.d.s.r.aws.ConfigClusterResolver - Resolving eureka endpoints via configuration
16:51:59.190 logback [AsyncResolver-bootstrap-executor-0] INFO  c.n.d.s.r.aws.ConfigClusterResolver - Resolving eureka endpoints via configuration
16:56:59.192 logback [AsyncResolver-bootstrap-executor-0] INFO  c.n.d.s.r.aws.ConfigClusterResolver - Resolving eureka endpoints via configuration
17:01:59.194 logback [AsyncResolver-bootstrap-executor-0] INFO  c.n.d.s.r.aws.ConfigClusterResolver - Resolving eureka endpoints via configuration
17:06:59.196 logback [AsyncResolver-bootstrap-executor-0] INFO  c.n.d.s.r.aws.ConfigClusterResolver - Resolving eureka endpoints via configuration
17:11:59.197 logback [AsyncResolver-bootstrap-executor-0] INFO  c.n.d.s.r.aws.ConfigClusterResolver - Resolving eureka endpoints via configuration
17:16:59.198 logback [AsyncResolver-bootstrap-executor-0] INFO  c.n.d.s.r.aws.ConfigClusterResolver - Resolving eureka endpoints via configuration
17:21:59.201 logback [AsyncResolver-bootstrap-executor-0] INFO  c.n.d.s.r.aws.ConfigClusterResolver - Resolving eureka endpoints via configuration
17:26:59.202 logback [AsyncResolver-bootstrap-executor-0] INFO  c.n.d.s.r.aws.ConfigClusterResolver - Resolving eureka endpoints via configuration
17:29:59.234 logback [http-nio-1701-exec-1] INFO  o.a.c.c.C.[Tomcat].[localhost].[/] - Initializing Spring FrameworkServlet 'dispatcherServlet'
17:29:59.235 logback [http-nio-1701-exec-1] INFO  o.s.web.servlet.DispatcherServlet - FrameworkServlet 'dispatcherServlet': initialization started
17:29:59.318 logback [http-nio-1701-exec-1] INFO  o.s.web.servlet.DispatcherServlet - FrameworkServlet 'dispatcherServlet': initialization completed in 83 ms
17:29:59.391 logback [http-nio-1701-exec-1] INFO  s.j.w.c.wechat.WechatController - 
接收到来自微信服务器的认证消息：[1b7c02c65e394a5df3ae25fa57fc4271e130e0d3, 1519723797, 933948422, 7454257763315560439]
17:30:22.216 logback [http-nio-1701-exec-2] INFO  s.j.w.c.wechat.WechatController - 
接收到来自微信服务器的认证消息：[ac115faaafb22edaed395cb893005bc97f1c1824, 1519723821, 1381712189, 12883554954022221119]
17:31:59.204 logback [AsyncResolver-bootstrap-executor-0] INFO  c.n.d.s.r.aws.ConfigClusterResolver - Resolving eureka endpoints via configuration
17:36:59.205 logback [AsyncResolver-bootstrap-executor-0] INFO  c.n.d.s.r.aws.ConfigClusterResolver - Resolving eureka endpoints via configuration
17:41:59.206 logback [AsyncResolver-bootstrap-executor-0] INFO  c.n.d.s.r.aws.ConfigClusterResolver - Resolving eureka endpoints via configuration
17:46:59.207 logback [AsyncResolver-bootstrap-executor-0] INFO  c.n.d.s.r.aws.ConfigClusterResolver - Resolving eureka endpoints via configuration
17:51:59.209 logback [AsyncResolver-bootstrap-executor-0] INFO  c.n.d.s.r.aws.ConfigClusterResolver - Resolving eureka endpoints via configuration
17:56:59.210 logback [AsyncResolver-bootstrap-executor-0] INFO  c.n.d.s.r.aws.ConfigClusterResolver - Resolving eureka endpoints via configuration
18:01:59.211 logback [AsyncResolver-bootstrap-executor-0] INFO  c.n.d.s.r.aws.ConfigClusterResolver - Resolving eureka endpoints via configuration
18:06:59.213 logback [AsyncResolver-bootstrap-executor-0] INFO  c.n.d.s.r.aws.ConfigClusterResolver - Resolving eureka endpoints via configuration
18:11:59.216 logback [AsyncResolver-bootstrap-executor-0] INFO  c.n.d.s.r.aws.ConfigClusterResolver - Resolving eureka endpoints via configuration
18:16:59.217 logback [AsyncResolver-bootstrap-executor-0] INFO  c.n.d.s.r.aws.ConfigClusterResolver - Resolving eureka endpoints via configuration
18:21:59.218 logback [AsyncResolver-bootstrap-executor-0] INFO  c.n.d.s.r.aws.ConfigClusterResolver - Resolving eureka endpoints via configuration
18:26:59.220 logback [AsyncResolver-bootstrap-executor-0] INFO  c.n.d.s.r.aws.ConfigClusterResolver - Resolving eureka endpoints via configuration
18:31:59.222 logback [AsyncResolver-bootstrap-executor-0] INFO  c.n.d.s.r.aws.ConfigClusterResolver - Resolving eureka endpoints via configuration
18:36:59.223 logback [AsyncResolver-bootstrap-executor-0] INFO  c.n.d.s.r.aws.ConfigClusterResolver - Resolving eureka endpoints via configuration
18:41:59.224 logback [AsyncResolver-bootstrap-executor-0] INFO  c.n.d.s.r.aws.ConfigClusterResolver - Resolving eureka endpoints via configuration
18:46:59.225 logback [AsyncResolver-bootstrap-executor-0] INFO  c.n.d.s.r.aws.ConfigClusterResolver - Resolving eureka endpoints via configuration
18:51:59.227 logback [AsyncResolver-bootstrap-executor-0] INFO  c.n.d.s.r.aws.ConfigClusterResolver - Resolving eureka endpoints via configuration
18:56:59.229 logback [AsyncResolver-bootstrap-executor-0] INFO  c.n.d.s.r.aws.ConfigClusterResolver - Resolving eureka endpoints via configuration
19:01:59.230 logback [AsyncResolver-bootstrap-executor-0] INFO  c.n.d.s.r.aws.ConfigClusterResolver - Resolving eureka endpoints via configuration
19:06:59.231 logback [AsyncResolver-bootstrap-executor-0] INFO  c.n.d.s.r.aws.ConfigClusterResolver - Resolving eureka endpoints via configuration
19:11:59.233 logback [AsyncResolver-bootstrap-executor-0] INFO  c.n.d.s.r.aws.ConfigClusterResolver - Resolving eureka endpoints via configuration
19:16:59.234 logback [AsyncResolver-bootstrap-executor-0] INFO  c.n.d.s.r.aws.ConfigClusterResolver - Resolving eureka endpoints via configuration
19:21:59.236 logback [AsyncResolver-bootstrap-executor-0] INFO  c.n.d.s.r.aws.ConfigClusterResolver - Resolving eureka endpoints via configuration
19:26:59.238 logback [AsyncResolver-bootstrap-executor-0] INFO  c.n.d.s.r.aws.ConfigClusterResolver - Resolving eureka endpoints via configuration
19:31:59.240 logback [AsyncResolver-bootstrap-executor-0] INFO  c.n.d.s.r.aws.ConfigClusterResolver - Resolving eureka endpoints via configuration
19:36:59.241 logback [AsyncResolver-bootstrap-executor-0] INFO  c.n.d.s.r.aws.ConfigClusterResolver - Resolving eureka endpoints via configuration
19:41:59.242 logback [AsyncResolver-bootstrap-executor-0] INFO  c.n.d.s.r.aws.ConfigClusterResolver - Resolving eureka endpoints via configuration
19:46:59.243 logback [AsyncResolver-bootstrap-executor-0] INFO  c.n.d.s.r.aws.ConfigClusterResolver - Resolving eureka endpoints via configuration
19:51:59.244 logback [AsyncResolver-bootstrap-executor-0] INFO  c.n.d.s.r.aws.ConfigClusterResolver - Resolving eureka endpoints via configuration
19:56:59.246 logback [AsyncResolver-bootstrap-executor-0] INFO  c.n.d.s.r.aws.ConfigClusterResolver - Resolving eureka endpoints via configuration
20:01:59.248 logback [AsyncResolver-bootstrap-executor-0] INFO  c.n.d.s.r.aws.ConfigClusterResolver - Resolving eureka endpoints via configuration
20:06:59.249 logback [AsyncResolver-bootstrap-executor-0] INFO  c.n.d.s.r.aws.ConfigClusterResolver - Resolving eureka endpoints via configuration
20:11:59.251 logback [AsyncResolver-bootstrap-executor-0] INFO  c.n.d.s.r.aws.ConfigClusterResolver - Resolving eureka endpoints via configuration
20:16:59.251 logback [AsyncResolver-bootstrap-executor-0] INFO  c.n.d.s.r.aws.ConfigClusterResolver - Resolving eureka endpoints via configuration
20:21:59.254 logback [AsyncResolver-bootstrap-executor-0] INFO  c.n.d.s.r.aws.ConfigClusterResolver - Resolving eureka endpoints via configuration
20:26:59.255 logback [AsyncResolver-bootstrap-executor-0] INFO  c.n.d.s.r.aws.ConfigClusterResolver - Resolving eureka endpoints via configuration
20:31:59.257 logback [AsyncResolver-bootstrap-executor-0] INFO  c.n.d.s.r.aws.ConfigClusterResolver - Resolving eureka endpoints via configuration
20:36:59.258 logback [AsyncResolver-bootstrap-executor-0] INFO  c.n.d.s.r.aws.ConfigClusterResolver - Resolving eureka endpoints via configuration
20:41:59.259 logback [AsyncResolver-bootstrap-executor-0] INFO  c.n.d.s.r.aws.ConfigClusterResolver - Resolving eureka endpoints via configuration
20:46:59.265 logback [AsyncResolver-bootstrap-executor-0] INFO  c.n.d.s.r.aws.ConfigClusterResolver - Resolving eureka endpoints via configuration
20:51:59.266 logback [AsyncResolver-bootstrap-executor-0] INFO  c.n.d.s.r.aws.ConfigClusterResolver - Resolving eureka endpoints via configuration
20:56:59.267 logback [AsyncResolver-bootstrap-executor-0] INFO  c.n.d.s.r.aws.ConfigClusterResolver - Resolving eureka endpoints via configuration
21:01:59.270 logback [AsyncResolver-bootstrap-executor-0] INFO  c.n.d.s.r.aws.ConfigClusterResolver - Resolving eureka endpoints via configuration
21:06:59.271 logback [AsyncResolver-bootstrap-executor-0] INFO  c.n.d.s.r.aws.ConfigClusterResolver - Resolving eureka endpoints via configuration
